2017-10-08 23:31:41 +0000  Initial pipeline context: <IDEDistributionProcessingPipelineContext: 0x7fb2835124d0; archive(resolved)='<IDEArchive: 0x7fb2822cac60>', distributionTask(resolved)='2', distributionMethod(resolved)='<IDEDistributionMethodiOSEnterprise: 0x7fb2930c5b30>', team(resolved)='<IDEProvisioningBasicTeam 0x7fb28276d610: teamID: FARWN7FEXX, teamName: MasterCard Worldwide>'>
	Chain (11, self inclusive):
	<IDEDistributionProcessingPipelineContext: 0x7fb2835124d0; archive = '<IDEArchive: 0x7fb2822cac60>', distributionMethod='<IDEDistributionMethodiOSEnterprise: 0x7fb2930c5b30>', team='<IDEProvisioningBasicTeam 0x7fb28276d610: teamID: FARWN7FEXX, teamName: MasterCard Worldwide>'>
	<IDEDistributionProcessingPipelineContext: 0x7fb283510730; archive = '<IDEArchive: 0x7fb2822cac60>', distributionMethod='<IDEDistributionMethodiOSEnterprise: 0x7fb2930c5b30>', team='<IDEProvisioningBasicTeam 0x7fb28276d610: teamID: FARWN7FEXX, teamName: MasterCard Worldwide>'>
	<IDEDistributionContext: 0x7fb2835e4770; archive = '<IDEArchive: 0x7fb2822cac60>', distributionMethod='<IDEDistributionMethodiOSEnterprise: 0x7fb2930c5b30>', team='<IDEProvisioningBasicTeam 0x7fb28276d610: teamID: FARWN7FEXX, teamName: MasterCard Worldwide>'>
	<IDEDistributionContext: 0x7fb28276efb0; archive = '<IDEArchive: 0x7fb2822cac60>', distributionMethod='<IDEDistributionMethodiOSEnterprise: 0x7fb2930c5b30>', team='<IDEProvisioningBasicTeam 0x7fb28276d610: teamID: FARWN7FEXX, teamName: MasterCard Worldwide>'>
	<IDEDistributionContext: 0x7fb27f6c3e80; archive = '<IDEArchive: 0x7fb2822cac60>', distributionMethod='<IDEDistributionMethodiOSEnterprise: 0x7fb2930c5b30>', team='<IDEProvisioningBasicTeam 0x7fb28276d610: teamID: FARWN7FEXX, teamName: MasterCard Worldwide>'>
	<IDEDistributionContext: 0x7fb2829a0480; archive = '<IDEArchive: 0x7fb2822cac60>', distributionMethod='<IDEDistributionMethodiOSEnterprise: 0x7fb2930c5b30>', team='<IDEProvisioningBasicTeam 0x7fb28276d610: teamID: FARWN7FEXX, teamName: MasterCard Worldwide>'>
	<IDEDistributionContext: 0x7fb280ff4bf0; archive = '<IDEArchive: 0x7fb2822cac60>', distributionMethod='<IDEDistributionMethodiOSEnterprise: 0x7fb2930c5b30>', team='<IDEProvisioningBasicTeam 0x7fb28276d610: teamID: FARWN7FEXX, teamName: MasterCard Worldwide>'>
	<IDEDistributionContext: 0x7fb2814cb610; archive = '<IDEArchive: 0x7fb2822cac60>', distributionMethod='<IDEDistributionMethodiOSEnterprise: 0x7fb2930c5b30>', team='<IDEProvisioningBasicTeam 0x7fb28276d610: teamID: FARWN7FEXX, teamName: MasterCard Worldwide>'>
	<IDEDistributionContext: 0x7fb2823ce3e0; archive = '<IDEArchive: 0x7fb2822cac60>', distributionMethod='<IDEDistributionMethodiOSEnterprise: 0x7fb2930c5b30>', team='<IDEProvisioningBasicTeam 0x7fb28276d610: teamID: FARWN7FEXX, teamName: MasterCard Worldwide>'>
	<IDEDistributionContext: 0x7fb282599340; archive = '<IDEArchive: 0x7fb2822cac60>', distributionMethod='<IDEDistributionMethodiOSEnterprise: 0x7fb2930c5b30>', team='(null)'>
	<IDEDistributionContext: 0x7fb282946cf0; archive = '<IDEArchive: 0x7fb2822cac60>', distributionMethod='(null)', team='(null)'>
</IDEDistributionProcessingPipelineContext: 0x7fb2835124d0>
2017-10-08 23:31:41 +0000  Processing step: IDEDistributionCreateDestRootStep
2017-10-08 23:31:41 +0000  Processing step: IDEDistributionCopyItemStep
2017-10-08 23:31:41 +0000  Running /usr/bin/ditto '-V' '/Users/amri/Library/Developer/Xcode/Archives/2017-10-09/MasterpassQR Demo 9-10-17, 7.29 AM.xcarchive/Products/Applications/MasterpassQR Demo.app' '/var/folders/9k/16d2bz8x33g22q2dn3nc7nyr0000gn/T/XcodeDistPipeline.7Vy/Root/Payload/MasterpassQR Demo.app'
2017-10-08 23:31:41 +0000  >>> Copying /Users/amri/Library/Developer/Xcode/Archives/2017-10-09/MasterpassQR Demo 9-10-17, 7.29 AM.xcarchive/Products/Applications/MasterpassQR Demo.app 
2017-10-08 23:31:41 +0000  
2017-10-08 23:31:41 +0000  copying file ./_CodeSignature/CodeResources ... 
2017-10-08 23:31:41 +0000  18823 bytes for ./_CodeSignature/CodeResources
2017-10-08 23:31:41 +0000  copying file ./AppIcon20x20@2x.png ... 
2017-10-08 23:31:41 +0000  3081 bytes for ./AppIcon20x20@2x.png
2017-10-08 23:31:41 +0000  copying file ./AppIcon20x20@3x.png ... 
2017-10-08 23:31:41 +0000  4429 bytes for ./AppIcon20x20@3x.png
copying file ./AppIcon29x29@2x.png ... 
2017-10-08 23:31:41 +0000  4241 bytes for ./AppIcon29x29@2x.png
copying file ./AppIcon29x29@3x.png ... 
2017-10-08 23:31:41 +0000  7561 bytes for ./AppIcon29x29@3x.png
2017-10-08 23:31:41 +0000  copying file ./AppIcon40x40@2x.png ... 
2017-10-08 23:31:41 +0000  6629 bytes for ./AppIcon40x40@2x.png
copying file ./AppIcon40x40@3x.png ... 
2017-10-08 23:31:41 +0000  9268 bytes for ./AppIcon40x40@3x.png
copying file ./AppIcon60x60@2x.png ... 
2017-10-08 23:31:41 +0000  6013 bytes for ./AppIcon60x60@2x.png
2017-10-08 23:31:41 +0000  copying file ./AppIcon60x60@3x.png ... 
2017-10-08 23:31:41 +0000  9349 bytes for ./AppIcon60x60@3x.png
copying file ./archived-expanded-entitlements.xcent ... 
2017-10-08 23:31:41 +0000  410 bytes for ./archived-expanded-entitlements.xcent
2017-10-08 23:31:41 +0000  copying file ./Assets.car ... 
2017-10-08 23:31:41 +0000  134008 bytes for ./Assets.car
2017-10-08 23:31:41 +0000  copying file ./Base.lproj/LaunchScreen.storyboardc/01J-lp-oVM-view-Ze5-6b-2t3.nib ... 
2017-10-08 23:31:41 +0000  1792 bytes for ./Base.lproj/LaunchScreen.storyboardc/01J-lp-oVM-view-Ze5-6b-2t3.nib
2017-10-08 23:31:41 +0000  copying file ./Base.lproj/LaunchScreen.storyboardc/Info.plist ... 
2017-10-08 23:31:41 +0000  258 bytes for ./Base.lproj/LaunchScreen.storyboardc/Info.plist
2017-10-08 23:31:41 +0000  copying file ./Base.lproj/LaunchScreen.storyboardc/UIViewController-01J-lp-oVM.nib ... 
2017-10-08 23:31:41 +0000  832 bytes for ./Base.lproj/LaunchScreen.storyboardc/UIViewController-01J-lp-oVM.nib
2017-10-08 23:31:41 +0000  copying file ./Base.lproj/Main.storyboardc/BYZ-38-t0r-view-9fZ-FA-6Q7.nib ... 
2017-10-08 23:31:41 +0000  7713 bytes for ./Base.lproj/Main.storyboardc/BYZ-38-t0r-view-9fZ-FA-6Q7.nib
copying file ./Base.lproj/Main.storyboardc/FLa-MJ-yeU-view-IX7-LA-49i.nib ... 
2017-10-08 23:31:41 +0000  5307 bytes for ./Base.lproj/Main.storyboardc/FLa-MJ-yeU-view-IX7-LA-49i.nib
copying file ./Base.lproj/Main.storyboardc/hUj-tm-X23-view-s5M-Bq-OPM.nib ... 
2017-10-08 23:31:41 +0000  3912 bytes for ./Base.lproj/Main.storyboardc/hUj-tm-X23-view-s5M-Bq-OPM.nib
copying file ./Base.lproj/Main.storyboardc/Info.plist ... 
2017-10-08 23:31:41 +0000  403 bytes for ./Base.lproj/Main.storyboardc/Info.plist
copying file ./Base.lproj/Main.storyboardc/ResultViewController.nib ... 
2017-10-08 23:31:41 +0000  1050 bytes for ./Base.lproj/Main.storyboardc/ResultViewController.nib
2017-10-08 23:31:41 +0000  copying file ./Base.lproj/Main.storyboardc/UINavigationController-if8-TP-3c4.nib ... 
2017-10-08 23:31:41 +0000  2044 bytes for ./Base.lproj/Main.storyboardc/UINavigationController-if8-TP-3c4.nib
2017-10-08 23:31:41 +0000  copying file ./Base.lproj/Main.storyboardc/UIViewController-hUj-tm-X23.nib ... 
2017-10-08 23:31:41 +0000  1485 bytes for ./Base.lproj/Main.storyboardc/UIViewController-hUj-tm-X23.nib
2017-10-08 23:31:41 +0000  copying file ./embedded.mobileprovision ... 
2017-10-08 23:31:41 +0000  236171 bytes for ./embedded.mobileprovision
2017-10-08 23:31:41 +0000  copying file ./Frameworks/libswiftAVFoundation.dylib ... 
2017-10-08 23:31:41 +0000  482064 bytes for ./Frameworks/libswiftAVFoundation.dylib
copying file ./Frameworks/libswiftCore.dylib ... 
2017-10-08 23:31:41 +0000  21045712 bytes for ./Frameworks/libswiftCore.dylib
copying file ./Frameworks/libswiftCoreAudio.dylib ... 
2017-10-08 23:31:41 +0000  353856 bytes for ./Frameworks/libswiftCoreAudio.dylib
copying file ./Frameworks/libswiftCoreData.dylib ... 
361584 bytes for ./Frameworks/libswiftCoreData.dylib
copying file ./Frameworks/libswiftCoreFoundation.dylib ... 
208288 bytes for ./Frameworks/libswiftCoreFoundation.dylib
copying file ./Frameworks/libswiftCoreGraphics.dylib ... 
577760 bytes for ./Frameworks/libswiftCoreGraphics.dylib
copying file ./Frameworks/libswiftCoreImage.dylib ... 
2017-10-08 23:31:41 +0000  208864 bytes for ./Frameworks/libswiftCoreImage.dylib
copying file ./Frameworks/libswiftCoreLocation.dylib ... 
253296 bytes for ./Frameworks/libswiftCoreLocation.dylib
copying file ./Frameworks/libswiftCoreMedia.dylib ... 
253648 bytes for ./Frameworks/libswiftCoreMedia.dylib
copying file ./Frameworks/libswiftDarwin.dylib ... 
303072 bytes for ./Frameworks/libswiftDarwin.dylib
copying file ./Frameworks/libswiftDispatch.dylib ... 
2017-10-08 23:31:41 +0000  1009248 bytes for ./Frameworks/libswiftDispatch.dylib
copying file ./Frameworks/libswiftFoundation.dylib ... 
2017-10-08 23:31:41 +0000  8525728 bytes for ./Frameworks/libswiftFoundation.dylib
copying file ./Frameworks/libswiftMetal.dylib ... 
2017-10-08 23:31:41 +0000  251248 bytes for ./Frameworks/libswiftMetal.dylib
copying file ./Frameworks/libswiftObjectiveC.dylib ... 
258944 bytes for ./Frameworks/libswiftObjectiveC.dylib
copying file ./Frameworks/libswiftos.dylib ... 
248912 bytes for ./Frameworks/libswiftos.dylib
copying file ./Frameworks/libswiftPhotos.dylib ... 
210640 bytes for ./Frameworks/libswiftPhotos.dylib
copying file ./Frameworks/libswiftQuartzCore.dylib ... 
212208 bytes for ./Frameworks/libswiftQuartzCore.dylib
copying file ./Frameworks/libswiftsimd.dylib ... 
2017-10-08 23:31:41 +0000  1361248 bytes for ./Frameworks/libswiftsimd.dylib
copying file ./Frameworks/libswiftUIKit.dylib ... 
2017-10-08 23:31:41 +0000  361488 bytes for ./Frameworks/libswiftUIKit.dylib
copying file ./Frameworks/MasterpassQRCoreSDK.framework/_CodeSignature/CodeResources ... 
2017-10-08 23:31:41 +0000  2506 bytes for ./Frameworks/MasterpassQRCoreSDK.framework/_CodeSignature/CodeResources
2017-10-08 23:31:41 +0000  copying file ./Frameworks/MasterpassQRCoreSDK.framework/Info.plist ... 
2017-10-08 23:31:41 +0000  735 bytes for ./Frameworks/MasterpassQRCoreSDK.framework/Info.plist
2017-10-08 23:31:41 +0000  copying file ./Frameworks/MasterpassQRCoreSDK.framework/MasterpassQRCoreSDK ... 
2017-10-08 23:31:41 +0000  583888 bytes for ./Frameworks/MasterpassQRCoreSDK.framework/MasterpassQRCoreSDK
2017-10-08 23:31:41 +0000  copying file ./Frameworks/MasterpassQRCoreSDK.framework/strip-frameworks.sh ... 
2017-10-08 23:31:41 +0000  3230 bytes for ./Frameworks/MasterpassQRCoreSDK.framework/strip-frameworks.sh
2017-10-08 23:31:41 +0000  copying file ./Frameworks/MasterpassQRScanSDK.framework/_CodeSignature/CodeResources ... 
2017-10-08 23:31:41 +0000  2784 bytes for ./Frameworks/MasterpassQRScanSDK.framework/_CodeSignature/CodeResources
2017-10-08 23:31:41 +0000  copying file ./Frameworks/MasterpassQRScanSDK.framework/Assets.car ... 
2017-10-08 23:31:41 +0000  82504 bytes for ./Frameworks/MasterpassQRScanSDK.framework/Assets.car
copying file ./Frameworks/MasterpassQRScanSDK.framework/Info.plist ... 
2017-10-08 23:31:41 +0000  735 bytes for ./Frameworks/MasterpassQRScanSDK.framework/Info.plist
copying file ./Frameworks/MasterpassQRScanSDK.framework/MasterpassQRScanSDK ... 
2017-10-08 23:31:41 +0000  404160 bytes for ./Frameworks/MasterpassQRScanSDK.framework/MasterpassQRScanSDK
2017-10-08 23:31:41 +0000  copying file ./Frameworks/MasterpassQRScanSDK.framework/strip-frameworks.sh ... 
2017-10-08 23:31:41 +0000  3230 bytes for ./Frameworks/MasterpassQRScanSDK.framework/strip-frameworks.sh
2017-10-08 23:31:41 +0000  copying file ./Info.plist ... 
2017-10-08 23:31:41 +0000  1289 bytes for ./Info.plist
copying file ./MasterpassQR Demo ... 
2017-10-08 23:31:41 +0000  414480 bytes for ./MasterpassQR Demo
2017-10-08 23:31:41 +0000  copying file ./PkgInfo ... 
2017-10-08 23:31:41 +0000  8 bytes for ./PkgInfo
2017-10-08 23:31:41 +0000  /usr/bin/ditto exited with 0
2017-10-08 23:31:41 +0000  Processing step: IDEDistributionEmbedProfileStep
2017-10-08 23:31:41 +0000  Skipping profile for item: <IDEDistributionItem: 0x7fb2829246f0 'com.mastercard.ios.MasterpassQRCoreSDK' '<DVTFilePath:0x7fb2824fb950:'/Users/amri/Library/Developer/Xcode/Archives/2017-10-09/MasterpassQR Demo 9-10-17, 7.29 AM.xcarchive/Products/Applications/MasterpassQR Demo.app/Frameworks/MasterpassQRCoreSDK.framework'>'>
2017-10-08 23:31:41 +0000  Skipping profile for item: <IDEDistributionItem: 0x7fb2a560fa60 'com.mastercard.ios.MasterpassQRScanSDK' '<DVTFilePath:0x7fb2826001b0:'/Users/amri/Library/Developer/Xcode/Archives/2017-10-09/MasterpassQR Demo 9-10-17, 7.29 AM.xcarchive/Products/Applications/MasterpassQR Demo.app/Frameworks/MasterpassQRScanSDK.framework'>'>
2017-10-08 23:31:41 +0000  Skipping profile for item: <IDEDistributionItem: 0x7fb2814a7b10 'com.apple.dt.runtime.swiftAVFoundation' '<DVTFilePath:0x7fb29d66a1d0:'/Users/amri/Library/Developer/Xcode/Archives/2017-10-09/MasterpassQR Demo 9-10-17, 7.29 AM.xcarchive/Products/Applications/MasterpassQR Demo.app/Frameworks/libswiftAVFoundation.dylib'>'>
2017-10-08 23:31:41 +0000  Skipping profile for item: <IDEDistributionItem: 0x7fb28276b530 'com.apple.dt.runtime.swiftCore' '<DVTFilePath:0x7fb29d25c4f0:'/Users/amri/Library/Developer/Xcode/Archives/2017-10-09/MasterpassQR Demo 9-10-17, 7.29 AM.xcarchive/Products/Applications/MasterpassQR Demo.app/Frameworks/libswiftCore.dylib'>'>
2017-10-08 23:31:41 +0000  Skipping profile for item: <IDEDistributionItem: 0x7fb282969800 'com.apple.dt.runtime.swiftCoreAudio' '<DVTFilePath:0x7fb282974950:'/Users/amri/Library/Developer/Xcode/Archives/2017-10-09/MasterpassQR Demo 9-10-17, 7.29 AM.xcarchive/Products/Applications/MasterpassQR Demo.app/Frameworks/libswiftCoreAudio.dylib'>'>
2017-10-08 23:31:41 +0000  Skipping profile for item: <IDEDistributionItem: 0x7fb27f679610 'com.apple.dt.runtime.swiftCoreData' '<DVTFilePath:0x7fb2829599e0:'/Users/amri/Library/Developer/Xcode/Archives/2017-10-09/MasterpassQR Demo 9-10-17, 7.29 AM.xcarchive/Products/Applications/MasterpassQR Demo.app/Frameworks/libswiftCoreData.dylib'>'>
2017-10-08 23:31:41 +0000  Skipping profile for item: <IDEDistributionItem: 0x7fb28291fc10 'com.apple.dt.runtime.swiftCoreFoundation' '<DVTFilePath:0x7fb29cbf9530:'/Users/amri/Library/Developer/Xcode/Archives/2017-10-09/MasterpassQR Demo 9-10-17, 7.29 AM.xcarchive/Products/Applications/MasterpassQR Demo.app/Frameworks/libswiftCoreFoundation.dylib'>'>
2017-10-08 23:31:41 +0000  Skipping profile for item: <IDEDistributionItem: 0x7fb28276d980 'com.apple.dt.runtime.swiftCoreGraphics' '<DVTFilePath:0x7fb282932c30:'/Users/amri/Library/Developer/Xcode/Archives/2017-10-09/MasterpassQR Demo 9-10-17, 7.29 AM.xcarchive/Products/Applications/MasterpassQR Demo.app/Frameworks/libswiftCoreGraphics.dylib'>'>
2017-10-08 23:31:41 +0000  Skipping profile for item: <IDEDistributionItem: 0x7fb28295a2b0 'com.apple.dt.runtime.swiftCoreImage' '<DVTFilePath:0x7fb2829480c0:'/Users/amri/Library/Developer/Xcode/Archives/2017-10-09/MasterpassQR Demo 9-10-17, 7.29 AM.xcarchive/Products/Applications/MasterpassQR Demo.app/Frameworks/libswiftCoreImage.dylib'>'>
2017-10-08 23:31:41 +0000  Skipping profile for item: <IDEDistributionItem: 0x7fb2809ec260 'com.apple.dt.runtime.swiftCoreLocation' '<DVTFilePath:0x7fb29d319db0:'/Users/amri/Library/Developer/Xcode/Archives/2017-10-09/MasterpassQR Demo 9-10-17, 7.29 AM.xcarchive/Products/Applications/MasterpassQR Demo.app/Frameworks/libswiftCoreLocation.dylib'>'>
2017-10-08 23:31:41 +0000  Skipping profile for item: <IDEDistributionItem: 0x7fb28107c0a0 'com.apple.dt.runtime.swiftCoreMedia' '<DVTFilePath:0x7fb2829485a0:'/Users/amri/Library/Developer/Xcode/Archives/2017-10-09/MasterpassQR Demo 9-10-17, 7.29 AM.xcarchive/Products/Applications/MasterpassQR Demo.app/Frameworks/libswiftCoreMedia.dylib'>'>
2017-10-08 23:31:41 +0000  Skipping profile for item: <IDEDistributionItem: 0x7fb29ebf1460 'com.apple.dt.runtime.swiftDarwin' '<DVTFilePath:0x7fb282362ca0:'/Users/amri/Library/Developer/Xcode/Archives/2017-10-09/MasterpassQR Demo 9-10-17, 7.29 AM.xcarchive/Products/Applications/MasterpassQR Demo.app/Frameworks/libswiftDarwin.dylib'>'>
2017-10-08 23:31:41 +0000  Skipping profile for item: <IDEDistributionItem: 0x7fb29e46cf50 'com.apple.dt.runtime.swiftDispatch' '<DVTFilePath:0x7fb281901ee0:'/Users/amri/Library/Developer/Xcode/Archives/2017-10-09/MasterpassQR Demo 9-10-17, 7.29 AM.xcarchive/Products/Applications/MasterpassQR Demo.app/Frameworks/libswiftDispatch.dylib'>'>
2017-10-08 23:31:41 +0000  Skipping profile for item: <IDEDistributionItem: 0x7fb2822b0030 'com.apple.dt.runtime.swiftFoundation' '<DVTFilePath:0x7fb29d51d190:'/Users/amri/Library/Developer/Xcode/Archives/2017-10-09/MasterpassQR Demo 9-10-17, 7.29 AM.xcarchive/Products/Applications/MasterpassQR Demo.app/Frameworks/libswiftFoundation.dylib'>'>
2017-10-08 23:31:41 +0000  Skipping profile for item: <IDEDistributionItem: 0x7fb2817b0550 'com.apple.dt.runtime.swiftMetal' '<DVTFilePath:0x7fb29d5bf300:'/Users/amri/Library/Developer/Xcode/Archives/2017-10-09/MasterpassQR Demo 9-10-17, 7.29 AM.xcarchive/Products/Applications/MasterpassQR Demo.app/Frameworks/libswiftMetal.dylib'>'>
2017-10-08 23:31:41 +0000  Skipping profile for item: <IDEDistributionItem: 0x7fb29e432150 'com.apple.dt.runtime.swiftObjectiveC' '<DVTFilePath:0x7fb28191a010:'/Users/amri/Library/Developer/Xcode/Archives/2017-10-09/MasterpassQR Demo 9-10-17, 7.29 AM.xcarchive/Products/Applications/MasterpassQR Demo.app/Frameworks/libswiftObjectiveC.dylib'>'>
2017-10-08 23:31:41 +0000  Skipping profile for item: <IDEDistributionItem: 0x7fb2829280e0 'com.apple.dt.runtime.swiftPhotos' '<DVTFilePath:0x7fb29d5e0920:'/Users/amri/Library/Developer/Xcode/Archives/2017-10-09/MasterpassQR Demo 9-10-17, 7.29 AM.xcarchive/Products/Applications/MasterpassQR Demo.app/Frameworks/libswiftPhotos.dylib'>'>
2017-10-08 23:31:41 +0000  Skipping profile for item: <IDEDistributionItem: 0x7fb28292c350 'com.apple.dt.runtime.swiftQuartzCore' '<DVTFilePath:0x7fb282752980:'/Users/amri/Library/Developer/Xcode/Archives/2017-10-09/MasterpassQR Demo 9-10-17, 7.29 AM.xcarchive/Products/Applications/MasterpassQR Demo.app/Frameworks/libswiftQuartzCore.dylib'>'>
2017-10-08 23:31:41 +0000  Skipping profile for item: <IDEDistributionItem: 0x7fb2817ae9d0 'com.apple.dt.runtime.swiftUIKit' '<DVTFilePath:0x7fb29e8ac320:'/Users/amri/Library/Developer/Xcode/Archives/2017-10-09/MasterpassQR Demo 9-10-17, 7.29 AM.xcarchive/Products/Applications/MasterpassQR Demo.app/Frameworks/libswiftUIKit.dylib'>'>
2017-10-08 23:31:41 +0000  Skipping profile for item: <IDEDistributionItem: 0x7fb28f7750b0 'com.apple.dt.runtime.swiftos' '<DVTFilePath:0x7fb27f41d560:'/Users/amri/Library/Developer/Xcode/Archives/2017-10-09/MasterpassQR Demo 9-10-17, 7.29 AM.xcarchive/Products/Applications/MasterpassQR Demo.app/Frameworks/libswiftos.dylib'>'>
2017-10-08 23:31:41 +0000  Skipping profile for item: <IDEDistributionItem: 0x7fb28274f490 'com.apple.dt.runtime.swiftsimd' '<DVTFilePath:0x7fb2817f7450:'/Users/amri/Library/Developer/Xcode/Archives/2017-10-09/MasterpassQR Demo 9-10-17, 7.29 AM.xcarchive/Products/Applications/MasterpassQR Demo.app/Frameworks/libswiftsimd.dylib'>'>
2017-10-08 23:31:41 +0000  Processing step: IDEDistributionAppThinningPlistStep
2017-10-08 23:31:41 +0000  Skipping step: IDEDistributionAppThinningPlistStep because it said so
2017-10-08 23:31:41 +0000  Processing step: IDEDistributionCompileBitcodeStep
2017-10-08 23:31:41 +0000  Skipping step: IDEDistributionCompileBitcodeStep because it said so
2017-10-08 23:31:41 +0000  Processing step: IDEDistributionCodeSlimmingStep
2017-10-08 23:31:41 +0000  Processing step: IDEDistributionCopyBCSymbolMapsStep
2017-10-08 23:31:41 +0000  Skipping step: IDEDistributionCopyBCSymbolMapsStep because it said so
2017-10-08 23:31:41 +0000  Skipping step: IDEDistributionCopyBCSymbolMapsStep because it said so
2017-10-08 23:31:41 +0000  Skipping step: IDEDistributionCopyBCSymbolMapsStep because it said so
2017-10-08 23:31:41 +0000  Skipping step: IDEDistributionCopyBCSymbolMapsStep because it said so
2017-10-08 23:31:41 +0000  Skipping step: IDEDistributionCopyBCSymbolMapsStep because it said so
2017-10-08 23:31:41 +0000  Skipping step: IDEDistributionCopyBCSymbolMapsStep because it said so
2017-10-08 23:31:41 +0000  Skipping step: IDEDistributionCopyBCSymbolMapsStep because it said so
2017-10-08 23:31:41 +0000  Skipping step: IDEDistributionCopyBCSymbolMapsStep because it said so
2017-10-08 23:31:41 +0000  Skipping step: IDEDistributionCopyBCSymbolMapsStep because it said so
2017-10-08 23:31:41 +0000  Skipping step: IDEDistributionCopyBCSymbolMapsStep because it said so
2017-10-08 23:31:41 +0000  Skipping step: IDEDistributionCopyBCSymbolMapsStep because it said so
2017-10-08 23:31:41 +0000  Skipping step: IDEDistributionCopyBCSymbolMapsStep because it said so
2017-10-08 23:31:41 +0000  Skipping step: IDEDistributionCopyBCSymbolMapsStep because it said so
2017-10-08 23:31:41 +0000  Skipping step: IDEDistributionCopyBCSymbolMapsStep because it said so
2017-10-08 23:31:41 +0000  Skipping step: IDEDistributionCopyBCSymbolMapsStep because it said so
2017-10-08 23:31:41 +0000  Skipping step: IDEDistributionCopyBCSymbolMapsStep because it said so
2017-10-08 23:31:41 +0000  Skipping step: IDEDistributionCopyBCSymbolMapsStep because it said so
2017-10-08 23:31:41 +0000  Skipping step: IDEDistributionCopyBCSymbolMapsStep because it said so
2017-10-08 23:31:41 +0000  Skipping step: IDEDistributionCopyBCSymbolMapsStep because it said so
2017-10-08 23:31:41 +0000  Skipping step: IDEDistributionCopyBCSymbolMapsStep because it said so
2017-10-08 23:31:41 +0000  Skipping step: IDEDistributionCopyBCSymbolMapsStep because it said so
2017-10-08 23:31:41 +0000  Skipping step: IDEDistributionCopyBCSymbolMapsStep because it said so
2017-10-08 23:31:41 +0000  Processing step: IDEDistributionSymbolsStep
2017-10-08 23:31:41 +0000  Skipping step: IDEDistributionSymbolsStep because it said so
2017-10-08 23:31:41 +0000  Skipping step: IDEDistributionSymbolsStep because it said so
2017-10-08 23:31:41 +0000  Skipping step: IDEDistributionSymbolsStep because it said so
2017-10-08 23:31:41 +0000  Skipping step: IDEDistributionSymbolsStep because it said so
2017-10-08 23:31:41 +0000  Skipping step: IDEDistributionSymbolsStep because it said so
2017-10-08 23:31:41 +0000  Skipping step: IDEDistributionSymbolsStep because it said so
2017-10-08 23:31:41 +0000  Skipping step: IDEDistributionSymbolsStep because it said so
2017-10-08 23:31:41 +0000  Skipping step: IDEDistributionSymbolsStep because it said so
2017-10-08 23:31:41 +0000  Skipping step: IDEDistributionSymbolsStep because it said so
2017-10-08 23:31:41 +0000  Skipping step: IDEDistributionSymbolsStep because it said so
2017-10-08 23:31:41 +0000  Skipping step: IDEDistributionSymbolsStep because it said so
2017-10-08 23:31:41 +0000  Skipping step: IDEDistributionSymbolsStep because it said so
2017-10-08 23:31:41 +0000  Skipping step: IDEDistributionSymbolsStep because it said so
2017-10-08 23:31:41 +0000  Skipping step: IDEDistributionSymbolsStep because it said so
2017-10-08 23:31:41 +0000  Skipping step: IDEDistributionSymbolsStep because it said so
2017-10-08 23:31:41 +0000  Skipping step: IDEDistributionSymbolsStep because it said so
2017-10-08 23:31:41 +0000  Skipping step: IDEDistributionSymbolsStep because it said so
2017-10-08 23:31:41 +0000  Skipping step: IDEDistributionSymbolsStep because it said so
2017-10-08 23:31:41 +0000  Skipping step: IDEDistributionSymbolsStep because it said so
2017-10-08 23:31:41 +0000  Skipping step: IDEDistributionSymbolsStep because it said so
2017-10-08 23:31:41 +0000  Skipping step: IDEDistributionSymbolsStep because it said so
2017-10-08 23:31:41 +0000  Skipping step: IDEDistributionSymbolsStep because it said so
2017-10-08 23:31:41 +0000  Processing step: IDEDistributionAppThinningStep
2017-10-08 23:31:41 +0000  Skipping step: IDEDistributionAppThinningStep because it said so
2017-10-08 23:31:41 +0000  Processing step: IDEDistributionODRStep
2017-10-08 23:31:41 +0000  Processing step: IDEDistributionStripXattrsStep
2017-10-08 23:31:41 +0000  Skipping stripping extended attributes of item: <IDEDistributionItem: 0x7fb2829246f0 'com.mastercard.ios.MasterpassQRCoreSDK' '<DVTFilePath:0x7fb2824fb950:'/Users/amri/Library/Developer/Xcode/Archives/2017-10-09/MasterpassQR Demo 9-10-17, 7.29 AM.xcarchive/Products/Applications/MasterpassQR Demo.app/Frameworks/MasterpassQRCoreSDK.framework'>'>
2017-10-08 23:31:41 +0000  Skipping stripping extended attributes of item: <IDEDistributionItem: 0x7fb2a560fa60 'com.mastercard.ios.MasterpassQRScanSDK' '<DVTFilePath:0x7fb2826001b0:'/Users/amri/Library/Developer/Xcode/Archives/2017-10-09/MasterpassQR Demo 9-10-17, 7.29 AM.xcarchive/Products/Applications/MasterpassQR Demo.app/Frameworks/MasterpassQRScanSDK.framework'>'>
2017-10-08 23:31:41 +0000  Skipping stripping extended attributes of item: <IDEDistributionItem: 0x7fb2814a7b10 'com.apple.dt.runtime.swiftAVFoundation' '<DVTFilePath:0x7fb29d66a1d0:'/Users/amri/Library/Developer/Xcode/Archives/2017-10-09/MasterpassQR Demo 9-10-17, 7.29 AM.xcarchive/Products/Applications/MasterpassQR Demo.app/Frameworks/libswiftAVFoundation.dylib'>'>
2017-10-08 23:31:41 +0000  Skipping stripping extended attributes of item: <IDEDistributionItem: 0x7fb28276b530 'com.apple.dt.runtime.swiftCore' '<DVTFilePath:0x7fb29d25c4f0:'/Users/amri/Library/Developer/Xcode/Archives/2017-10-09/MasterpassQR Demo 9-10-17, 7.29 AM.xcarchive/Products/Applications/MasterpassQR Demo.app/Frameworks/libswiftCore.dylib'>'>
2017-10-08 23:31:41 +0000  Skipping stripping extended attributes of item: <IDEDistributionItem: 0x7fb282969800 'com.apple.dt.runtime.swiftCoreAudio' '<DVTFilePath:0x7fb282974950:'/Users/amri/Library/Developer/Xcode/Archives/2017-10-09/MasterpassQR Demo 9-10-17, 7.29 AM.xcarchive/Products/Applications/MasterpassQR Demo.app/Frameworks/libswiftCoreAudio.dylib'>'>
2017-10-08 23:31:41 +0000  Skipping stripping extended attributes of item: <IDEDistributionItem: 0x7fb27f679610 'com.apple.dt.runtime.swiftCoreData' '<DVTFilePath:0x7fb2829599e0:'/Users/amri/Library/Developer/Xcode/Archives/2017-10-09/MasterpassQR Demo 9-10-17, 7.29 AM.xcarchive/Products/Applications/MasterpassQR Demo.app/Frameworks/libswiftCoreData.dylib'>'>
2017-10-08 23:31:41 +0000  Skipping stripping extended attributes of item: <IDEDistributionItem: 0x7fb28291fc10 'com.apple.dt.runtime.swiftCoreFoundation' '<DVTFilePath:0x7fb29cbf9530:'/Users/amri/Library/Developer/Xcode/Archives/2017-10-09/MasterpassQR Demo 9-10-17, 7.29 AM.xcarchive/Products/Applications/MasterpassQR Demo.app/Frameworks/libswiftCoreFoundation.dylib'>'>
2017-10-08 23:31:41 +0000  Skipping stripping extended attributes of item: <IDEDistributionItem: 0x7fb28276d980 'com.apple.dt.runtime.swiftCoreGraphics' '<DVTFilePath:0x7fb282932c30:'/Users/amri/Library/Developer/Xcode/Archives/2017-10-09/MasterpassQR Demo 9-10-17, 7.29 AM.xcarchive/Products/Applications/MasterpassQR Demo.app/Frameworks/libswiftCoreGraphics.dylib'>'>
2017-10-08 23:31:41 +0000  Skipping stripping extended attributes of item: <IDEDistributionItem: 0x7fb28295a2b0 'com.apple.dt.runtime.swiftCoreImage' '<DVTFilePath:0x7fb2829480c0:'/Users/amri/Library/Developer/Xcode/Archives/2017-10-09/MasterpassQR Demo 9-10-17, 7.29 AM.xcarchive/Products/Applications/MasterpassQR Demo.app/Frameworks/libswiftCoreImage.dylib'>'>
2017-10-08 23:31:41 +0000  Skipping stripping extended attributes of item: <IDEDistributionItem: 0x7fb2809ec260 'com.apple.dt.runtime.swiftCoreLocation' '<DVTFilePath:0x7fb29d319db0:'/Users/amri/Library/Developer/Xcode/Archives/2017-10-09/MasterpassQR Demo 9-10-17, 7.29 AM.xcarchive/Products/Applications/MasterpassQR Demo.app/Frameworks/libswiftCoreLocation.dylib'>'>
2017-10-08 23:31:41 +0000  Skipping stripping extended attributes of item: <IDEDistributionItem: 0x7fb28107c0a0 'com.apple.dt.runtime.swiftCoreMedia' '<DVTFilePath:0x7fb2829485a0:'/Users/amri/Library/Developer/Xcode/Archives/2017-10-09/MasterpassQR Demo 9-10-17, 7.29 AM.xcarchive/Products/Applications/MasterpassQR Demo.app/Frameworks/libswiftCoreMedia.dylib'>'>
2017-10-08 23:31:41 +0000  Skipping stripping extended attributes of item: <IDEDistributionItem: 0x7fb29ebf1460 'com.apple.dt.runtime.swiftDarwin' '<DVTFilePath:0x7fb282362ca0:'/Users/amri/Library/Developer/Xcode/Archives/2017-10-09/MasterpassQR Demo 9-10-17, 7.29 AM.xcarchive/Products/Applications/MasterpassQR Demo.app/Frameworks/libswiftDarwin.dylib'>'>
2017-10-08 23:31:41 +0000  Skipping stripping extended attributes of item: <IDEDistributionItem: 0x7fb29e46cf50 'com.apple.dt.runtime.swiftDispatch' '<DVTFilePath:0x7fb281901ee0:'/Users/amri/Library/Developer/Xcode/Archives/2017-10-09/MasterpassQR Demo 9-10-17, 7.29 AM.xcarchive/Products/Applications/MasterpassQR Demo.app/Frameworks/libswiftDispatch.dylib'>'>
2017-10-08 23:31:41 +0000  Skipping stripping extended attributes of item: <IDEDistributionItem: 0x7fb2822b0030 'com.apple.dt.runtime.swiftFoundation' '<DVTFilePath:0x7fb29d51d190:'/Users/amri/Library/Developer/Xcode/Archives/2017-10-09/MasterpassQR Demo 9-10-17, 7.29 AM.xcarchive/Products/Applications/MasterpassQR Demo.app/Frameworks/libswiftFoundation.dylib'>'>
2017-10-08 23:31:41 +0000  Skipping stripping extended attributes of item: <IDEDistributionItem: 0x7fb2817b0550 'com.apple.dt.runtime.swiftMetal' '<DVTFilePath:0x7fb29d5bf300:'/Users/amri/Library/Developer/Xcode/Archives/2017-10-09/MasterpassQR Demo 9-10-17, 7.29 AM.xcarchive/Products/Applications/MasterpassQR Demo.app/Frameworks/libswiftMetal.dylib'>'>
2017-10-08 23:31:41 +0000  Skipping stripping extended attributes of item: <IDEDistributionItem: 0x7fb29e432150 'com.apple.dt.runtime.swiftObjectiveC' '<DVTFilePath:0x7fb28191a010:'/Users/amri/Library/Developer/Xcode/Archives/2017-10-09/MasterpassQR Demo 9-10-17, 7.29 AM.xcarchive/Products/Applications/MasterpassQR Demo.app/Frameworks/libswiftObjectiveC.dylib'>'>
2017-10-08 23:31:41 +0000  Skipping stripping extended attributes of item: <IDEDistributionItem: 0x7fb2829280e0 'com.apple.dt.runtime.swiftPhotos' '<DVTFilePath:0x7fb29d5e0920:'/Users/amri/Library/Developer/Xcode/Archives/2017-10-09/MasterpassQR Demo 9-10-17, 7.29 AM.xcarchive/Products/Applications/MasterpassQR Demo.app/Frameworks/libswiftPhotos.dylib'>'>
2017-10-08 23:31:41 +0000  Skipping stripping extended attributes of item: <IDEDistributionItem: 0x7fb28292c350 'com.apple.dt.runtime.swiftQuartzCore' '<DVTFilePath:0x7fb282752980:'/Users/amri/Library/Developer/Xcode/Archives/2017-10-09/MasterpassQR Demo 9-10-17, 7.29 AM.xcarchive/Products/Applications/MasterpassQR Demo.app/Frameworks/libswiftQuartzCore.dylib'>'>
2017-10-08 23:31:41 +0000  Skipping stripping extended attributes of item: <IDEDistributionItem: 0x7fb2817ae9d0 'com.apple.dt.runtime.swiftUIKit' '<DVTFilePath:0x7fb29e8ac320:'/Users/amri/Library/Developer/Xcode/Archives/2017-10-09/MasterpassQR Demo 9-10-17, 7.29 AM.xcarchive/Products/Applications/MasterpassQR Demo.app/Frameworks/libswiftUIKit.dylib'>'>
2017-10-08 23:31:41 +0000  Skipping stripping extended attributes of item: <IDEDistributionItem: 0x7fb28f7750b0 'com.apple.dt.runtime.swiftos' '<DVTFilePath:0x7fb27f41d560:'/Users/amri/Library/Developer/Xcode/Archives/2017-10-09/MasterpassQR Demo 9-10-17, 7.29 AM.xcarchive/Products/Applications/MasterpassQR Demo.app/Frameworks/libswiftos.dylib'>'>
2017-10-08 23:31:41 +0000  Skipping stripping extended attributes of item: <IDEDistributionItem: 0x7fb28274f490 'com.apple.dt.runtime.swiftsimd' '<DVTFilePath:0x7fb2817f7450:'/Users/amri/Library/Developer/Xcode/Archives/2017-10-09/MasterpassQR Demo 9-10-17, 7.29 AM.xcarchive/Products/Applications/MasterpassQR Demo.app/Frameworks/libswiftsimd.dylib'>'>
2017-10-08 23:31:41 +0000  Running /usr/bin/xattr '-cr' '/var/folders/9k/16d2bz8x33g22q2dn3nc7nyr0000gn/T/XcodeDistPipeline.7Vy/Root/Payload/MasterpassQR Demo.app'
2017-10-08 23:31:42 +0000  /usr/bin/xattr exited with 0
2017-10-08 23:31:42 +0000  Processing step: IDEDistributionCodesignStep
2017-10-08 23:31:42 +0000  Applying entitlements delta for <IDEDistributionItem: 0x7fb2829246f0 'com.mastercard.ios.MasterpassQRCoreSDK' '<DVTFilePath:0x7fb2824fb950:'/Users/amri/Library/Developer/Xcode/Archives/2017-10-09/MasterpassQR Demo 9-10-17, 7.29 AM.xcarchive/Products/Applications/MasterpassQR Demo.app/Frameworks/MasterpassQRCoreSDK.framework'>'> from <IDEiCloudEntitlementsProcessor: 0x7fb29e806bb0>: {
}
2017-10-08 23:31:42 +0000  Entitlements for <IDEDistributionItem: 0x7fb2829246f0 'com.mastercard.ios.MasterpassQRCoreSDK' '<DVTFilePath:0x7fb2824fb950:'/Users/amri/Library/Developer/Xcode/Archives/2017-10-09/MasterpassQR Demo 9-10-17, 7.29 AM.xcarchive/Products/Applications/MasterpassQR Demo.app/Frameworks/MasterpassQRCoreSDK.framework'>'>: {
}
2017-10-08 23:31:42 +0000  Writing entitlements for <IDEDistributionItem: 0x7fb2829246f0 'com.mastercard.ios.MasterpassQRCoreSDK' '<DVTFilePath:0x7fb2824fb950:'/Users/amri/Library/Developer/Xcode/Archives/2017-10-09/MasterpassQR Demo 9-10-17, 7.29 AM.xcarchive/Products/Applications/MasterpassQR Demo.app/Frameworks/MasterpassQRCoreSDK.framework'>'> to: /var/folders/9k/16d2bz8x33g22q2dn3nc7nyr0000gn/T/XcodeDistPipeline.7Vy/entitlementsMHu7zz
2017-10-08 23:31:42 +0000  Running /usr/bin/codesign '-vvv' '--force' '--sign' 'CB9884B82F3F83493389714E86E4CF3B13C269C9' '--preserve-metadata=identifier,flags' '--entitlements' '/var/folders/9k/16d2bz8x33g22q2dn3nc7nyr0000gn/T/XcodeDistPipeline.7Vy/entitlementsMHu7zz' '/var/folders/9k/16d2bz8x33g22q2dn3nc7nyr0000gn/T/XcodeDistPipeline.7Vy/Root/Payload/MasterpassQR Demo.app/Frameworks/MasterpassQRCoreSDK.framework'
2017-10-08 23:31:42 +0000  /var/folders/9k/16d2bz8x33g22q2dn3nc7nyr0000gn/T/XcodeDistPipeline.7Vy/Root/Payload/MasterpassQR Demo.app/Frameworks/MasterpassQRCoreSDK.framework: replacing existing signature
2017-10-08 23:31:42 +0000  /var/folders/9k/16d2bz8x33g22q2dn3nc7nyr0000gn/T/XcodeDistPipeline.7Vy/Root/Payload/MasterpassQR Demo.app/Frameworks/MasterpassQRCoreSDK.framework: signed bundle with Mach-O universal (armv7 arm64) [com.mastercard.ios.MasterpassQRCoreSDK]
2017-10-08 23:31:42 +0000  /usr/bin/codesign exited with 0
2017-10-08 23:31:42 +0000  Applying entitlements delta for <IDEDistributionItem: 0x7fb2a560fa60 'com.mastercard.ios.MasterpassQRScanSDK' '<DVTFilePath:0x7fb2826001b0:'/Users/amri/Library/Developer/Xcode/Archives/2017-10-09/MasterpassQR Demo 9-10-17, 7.29 AM.xcarchive/Products/Applications/MasterpassQR Demo.app/Frameworks/MasterpassQRScanSDK.framework'>'> from <IDEiCloudEntitlementsProcessor: 0x7fb2817c1aa0>: {
}
2017-10-08 23:31:42 +0000  Entitlements for <IDEDistributionItem: 0x7fb2a560fa60 'com.mastercard.ios.MasterpassQRScanSDK' '<DVTFilePath:0x7fb2826001b0:'/Users/amri/Library/Developer/Xcode/Archives/2017-10-09/MasterpassQR Demo 9-10-17, 7.29 AM.xcarchive/Products/Applications/MasterpassQR Demo.app/Frameworks/MasterpassQRScanSDK.framework'>'>: {
}
2017-10-08 23:31:42 +0000  Writing entitlements for <IDEDistributionItem: 0x7fb2a560fa60 'com.mastercard.ios.MasterpassQRScanSDK' '<DVTFilePath:0x7fb2826001b0:'/Users/amri/Library/Developer/Xcode/Archives/2017-10-09/MasterpassQR Demo 9-10-17, 7.29 AM.xcarchive/Products/Applications/MasterpassQR Demo.app/Frameworks/MasterpassQRScanSDK.framework'>'> to: /var/folders/9k/16d2bz8x33g22q2dn3nc7nyr0000gn/T/XcodeDistPipeline.7Vy/entitlements9FH3KM
2017-10-08 23:31:42 +0000  Running /usr/bin/codesign '-vvv' '--force' '--sign' 'CB9884B82F3F83493389714E86E4CF3B13C269C9' '--preserve-metadata=identifier,flags' '--entitlements' '/var/folders/9k/16d2bz8x33g22q2dn3nc7nyr0000gn/T/XcodeDistPipeline.7Vy/entitlements9FH3KM' '/var/folders/9k/16d2bz8x33g22q2dn3nc7nyr0000gn/T/XcodeDistPipeline.7Vy/Root/Payload/MasterpassQR Demo.app/Frameworks/MasterpassQRScanSDK.framework'
2017-10-08 23:31:42 +0000  /var/folders/9k/16d2bz8x33g22q2dn3nc7nyr0000gn/T/XcodeDistPipeline.7Vy/Root/Payload/MasterpassQR Demo.app/Frameworks/MasterpassQRScanSDK.framework: replacing existing signature
2017-10-08 23:31:42 +0000  /var/folders/9k/16d2bz8x33g22q2dn3nc7nyr0000gn/T/XcodeDistPipeline.7Vy/Root/Payload/MasterpassQR Demo.app/Frameworks/MasterpassQRScanSDK.framework: signed bundle with Mach-O universal (armv7 arm64) [com.mastercard.ios.MasterpassQRScanSDK]
2017-10-08 23:31:42 +0000  /usr/bin/codesign exited with 0
2017-10-08 23:31:42 +0000  Applying entitlements delta for <IDEDistributionItem: 0x7fb2814a7b10 'com.apple.dt.runtime.swiftAVFoundation' '<DVTFilePath:0x7fb29d66a1d0:'/Users/amri/Library/Developer/Xcode/Archives/2017-10-09/MasterpassQR Demo 9-10-17, 7.29 AM.xcarchive/Products/Applications/MasterpassQR Demo.app/Frameworks/libswiftAVFoundation.dylib'>'> from <IDEiCloudEntitlementsProcessor: 0x7fb28fd369e0>: {
}
2017-10-08 23:31:42 +0000  Entitlements for <IDEDistributionItem: 0x7fb2814a7b10 'com.apple.dt.runtime.swiftAVFoundation' '<DVTFilePath:0x7fb29d66a1d0:'/Users/amri/Library/Developer/Xcode/Archives/2017-10-09/MasterpassQR Demo 9-10-17, 7.29 AM.xcarchive/Products/Applications/MasterpassQR Demo.app/Frameworks/libswiftAVFoundation.dylib'>'>: {
}
2017-10-08 23:31:42 +0000  Writing entitlements for <IDEDistributionItem: 0x7fb2814a7b10 'com.apple.dt.runtime.swiftAVFoundation' '<DVTFilePath:0x7fb29d66a1d0:'/Users/amri/Library/Developer/Xcode/Archives/2017-10-09/MasterpassQR Demo 9-10-17, 7.29 AM.xcarchive/Products/Applications/MasterpassQR Demo.app/Frameworks/libswiftAVFoundation.dylib'>'> to: /var/folders/9k/16d2bz8x33g22q2dn3nc7nyr0000gn/T/XcodeDistPipeline.7Vy/entitlementsbuHe6F
2017-10-08 23:31:42 +0000  Running /usr/bin/codesign '-vvv' '--force' '--sign' 'CB9884B82F3F83493389714E86E4CF3B13C269C9' '--preserve-metadata=identifier,flags' '--entitlements' '/var/folders/9k/16d2bz8x33g22q2dn3nc7nyr0000gn/T/XcodeDistPipeline.7Vy/entitlementsbuHe6F' '/var/folders/9k/16d2bz8x33g22q2dn3nc7nyr0000gn/T/XcodeDistPipeline.7Vy/Root/Payload/MasterpassQR Demo.app/Frameworks/libswiftAVFoundation.dylib'
2017-10-08 23:31:42 +0000  /var/folders/9k/16d2bz8x33g22q2dn3nc7nyr0000gn/T/XcodeDistPipeline.7Vy/Root/Payload/MasterpassQR Demo.app/Frameworks/libswiftAVFoundation.dylib: replacing existing signature
2017-10-08 23:31:42 +0000  
2017-10-08 23:31:42 +0000  /var/folders/9k/16d2bz8x33g22q2dn3nc7nyr0000gn/T/XcodeDistPipeline.7Vy/Root/Payload/MasterpassQR Demo.app/Frameworks/libswiftAVFoundation.dylib: signed Mach-O universal (armv7 armv7s arm64) [com.apple.dt.runtime.swiftAVFoundation]
2017-10-08 23:31:42 +0000  /usr/bin/codesign exited with 0
2017-10-08 23:31:42 +0000  Applying entitlements delta for <IDEDistributionItem: 0x7fb28276b530 'com.apple.dt.runtime.swiftCore' '<DVTFilePath:0x7fb29d25c4f0:'/Users/amri/Library/Developer/Xcode/Archives/2017-10-09/MasterpassQR Demo 9-10-17, 7.29 AM.xcarchive/Products/Applications/MasterpassQR Demo.app/Frameworks/libswiftCore.dylib'>'> from <IDEiCloudEntitlementsProcessor: 0x7fb2823cba30>: {
}
2017-10-08 23:31:42 +0000  Entitlements for <IDEDistributionItem: 0x7fb28276b530 'com.apple.dt.runtime.swiftCore' '<DVTFilePath:0x7fb29d25c4f0:'/Users/amri/Library/Developer/Xcode/Archives/2017-10-09/MasterpassQR Demo 9-10-17, 7.29 AM.xcarchive/Products/Applications/MasterpassQR Demo.app/Frameworks/libswiftCore.dylib'>'>: {
}
2017-10-08 23:31:42 +0000  Writing entitlements for <IDEDistributionItem: 0x7fb28276b530 'com.apple.dt.runtime.swiftCore' '<DVTFilePath:0x7fb29d25c4f0:'/Users/amri/Library/Developer/Xcode/Archives/2017-10-09/MasterpassQR Demo 9-10-17, 7.29 AM.xcarchive/Products/Applications/MasterpassQR Demo.app/Frameworks/libswiftCore.dylib'>'> to: /var/folders/9k/16d2bz8x33g22q2dn3nc7nyr0000gn/T/XcodeDistPipeline.7Vy/entitlementsL9gOVh
2017-10-08 23:31:42 +0000  Running /usr/bin/codesign '-vvv' '--force' '--sign' 'CB9884B82F3F83493389714E86E4CF3B13C269C9' '--preserve-metadata=identifier,flags' '--entitlements' '/var/folders/9k/16d2bz8x33g22q2dn3nc7nyr0000gn/T/XcodeDistPipeline.7Vy/entitlementsL9gOVh' '/var/folders/9k/16d2bz8x33g22q2dn3nc7nyr0000gn/T/XcodeDistPipeline.7Vy/Root/Payload/MasterpassQR Demo.app/Frameworks/libswiftCore.dylib'
2017-10-08 23:31:42 +0000  /var/folders/9k/16d2bz8x33g22q2dn3nc7nyr0000gn/T/XcodeDistPipeline.7Vy/Root/Payload/MasterpassQR Demo.app/Frameworks/libswiftCore.dylib: replacing existing signature
2017-10-08 23:31:42 +0000  
2017-10-08 23:31:42 +0000  /var/folders/9k/16d2bz8x33g22q2dn3nc7nyr0000gn/T/XcodeDistPipeline.7Vy/Root/Payload/MasterpassQR Demo.app/Frameworks/libswiftCore.dylib: signed Mach-O universal (armv7 armv7s arm64) [com.apple.dt.runtime.swiftCore]
2017-10-08 23:31:42 +0000  /usr/bin/codesign exited with 0
2017-10-08 23:31:42 +0000  Applying entitlements delta for <IDEDistributionItem: 0x7fb282969800 'com.apple.dt.runtime.swiftCoreAudio' '<DVTFilePath:0x7fb282974950:'/Users/amri/Library/Developer/Xcode/Archives/2017-10-09/MasterpassQR Demo 9-10-17, 7.29 AM.xcarchive/Products/Applications/MasterpassQR Demo.app/Frameworks/libswiftCoreAudio.dylib'>'> from <IDEiCloudEntitlementsProcessor: 0x7fb29ccd2880>: {
}
2017-10-08 23:31:42 +0000  Entitlements for <IDEDistributionItem: 0x7fb282969800 'com.apple.dt.runtime.swiftCoreAudio' '<DVTFilePath:0x7fb282974950:'/Users/amri/Library/Developer/Xcode/Archives/2017-10-09/MasterpassQR Demo 9-10-17, 7.29 AM.xcarchive/Products/Applications/MasterpassQR Demo.app/Frameworks/libswiftCoreAudio.dylib'>'>: {
}
2017-10-08 23:31:42 +0000  Writing entitlements for <IDEDistributionItem: 0x7fb282969800 'com.apple.dt.runtime.swiftCoreAudio' '<DVTFilePath:0x7fb282974950:'/Users/amri/Library/Developer/Xcode/Archives/2017-10-09/MasterpassQR Demo 9-10-17, 7.29 AM.xcarchive/Products/Applications/MasterpassQR Demo.app/Frameworks/libswiftCoreAudio.dylib'>'> to: /var/folders/9k/16d2bz8x33g22q2dn3nc7nyr0000gn/T/XcodeDistPipeline.7Vy/entitlements8nxyFN
2017-10-08 23:31:42 +0000  Running /usr/bin/codesign '-vvv' '--force' '--sign' 'CB9884B82F3F83493389714E86E4CF3B13C269C9' '--preserve-metadata=identifier,flags' '--entitlements' '/var/folders/9k/16d2bz8x33g22q2dn3nc7nyr0000gn/T/XcodeDistPipeline.7Vy/entitlements8nxyFN' '/var/folders/9k/16d2bz8x33g22q2dn3nc7nyr0000gn/T/XcodeDistPipeline.7Vy/Root/Payload/MasterpassQR Demo.app/Frameworks/libswiftCoreAudio.dylib'
2017-10-08 23:31:42 +0000  /var/folders/9k/16d2bz8x33g22q2dn3nc7nyr0000gn/T/XcodeDistPipeline.7Vy/Root/Payload/MasterpassQR Demo.app/Frameworks/libswiftCoreAudio.dylib: replacing existing signature
2017-10-08 23:31:42 +0000  /var/folders/9k/16d2bz8x33g22q2dn3nc7nyr0000gn/T/XcodeDistPipeline.7Vy/Root/Payload/MasterpassQR Demo.app/Frameworks/libswiftCoreAudio.dylib: signed Mach-O universal (armv7 armv7s arm64) [com.apple.dt.runtime.swiftCoreAudio]
2017-10-08 23:31:42 +0000  /usr/bin/codesign exited with 0
2017-10-08 23:31:42 +0000  Applying entitlements delta for <IDEDistributionItem: 0x7fb27f679610 'com.apple.dt.runtime.swiftCoreData' '<DVTFilePath:0x7fb2829599e0:'/Users/amri/Library/Developer/Xcode/Archives/2017-10-09/MasterpassQR Demo 9-10-17, 7.29 AM.xcarchive/Products/Applications/MasterpassQR Demo.app/Frameworks/libswiftCoreData.dylib'>'> from <IDEiCloudEntitlementsProcessor: 0x7fb282771c60>: {
}
2017-10-08 23:31:42 +0000  Entitlements for <IDEDistributionItem: 0x7fb27f679610 'com.apple.dt.runtime.swiftCoreData' '<DVTFilePath:0x7fb2829599e0:'/Users/amri/Library/Developer/Xcode/Archives/2017-10-09/MasterpassQR Demo 9-10-17, 7.29 AM.xcarchive/Products/Applications/MasterpassQR Demo.app/Frameworks/libswiftCoreData.dylib'>'>: {
}
2017-10-08 23:31:42 +0000  Writing entitlements for <IDEDistributionItem: 0x7fb27f679610 'com.apple.dt.runtime.swiftCoreData' '<DVTFilePath:0x7fb2829599e0:'/Users/amri/Library/Developer/Xcode/Archives/2017-10-09/MasterpassQR Demo 9-10-17, 7.29 AM.xcarchive/Products/Applications/MasterpassQR Demo.app/Frameworks/libswiftCoreData.dylib'>'> to: /var/folders/9k/16d2bz8x33g22q2dn3nc7nyr0000gn/T/XcodeDistPipeline.7Vy/entitlementsx0sCJO
2017-10-08 23:31:42 +0000  Running /usr/bin/codesign '-vvv' '--force' '--sign' 'CB9884B82F3F83493389714E86E4CF3B13C269C9' '--preserve-metadata=identifier,flags' '--entitlements' '/var/folders/9k/16d2bz8x33g22q2dn3nc7nyr0000gn/T/XcodeDistPipeline.7Vy/entitlementsx0sCJO' '/var/folders/9k/16d2bz8x33g22q2dn3nc7nyr0000gn/T/XcodeDistPipeline.7Vy/Root/Payload/MasterpassQR Demo.app/Frameworks/libswiftCoreData.dylib'
2017-10-08 23:31:42 +0000  /var/folders/9k/16d2bz8x33g22q2dn3nc7nyr0000gn/T/XcodeDistPipeline.7Vy/Root/Payload/MasterpassQR Demo.app/Frameworks/libswiftCoreData.dylib: replacing existing signature
2017-10-08 23:31:42 +0000  /var/folders/9k/16d2bz8x33g22q2dn3nc7nyr0000gn/T/XcodeDistPipeline.7Vy/Root/Payload/MasterpassQR Demo.app/Frameworks/libswiftCoreData.dylib: signed Mach-O universal (armv7 armv7s arm64) [com.apple.dt.runtime.swiftCoreData]
2017-10-08 23:31:42 +0000  /usr/bin/codesign exited with 0
2017-10-08 23:31:42 +0000  Applying entitlements delta for <IDEDistributionItem: 0x7fb28291fc10 'com.apple.dt.runtime.swiftCoreFoundation' '<DVTFilePath:0x7fb29cbf9530:'/Users/amri/Library/Developer/Xcode/Archives/2017-10-09/MasterpassQR Demo 9-10-17, 7.29 AM.xcarchive/Products/Applications/MasterpassQR Demo.app/Frameworks/libswiftCoreFoundation.dylib'>'> from <IDEiCloudEntitlementsProcessor: 0x7fb2823cc440>: {
}
2017-10-08 23:31:42 +0000  Entitlements for <IDEDistributionItem: 0x7fb28291fc10 'com.apple.dt.runtime.swiftCoreFoundation' '<DVTFilePath:0x7fb29cbf9530:'/Users/amri/Library/Developer/Xcode/Archives/2017-10-09/MasterpassQR Demo 9-10-17, 7.29 AM.xcarchive/Products/Applications/MasterpassQR Demo.app/Frameworks/libswiftCoreFoundation.dylib'>'>: {
}
2017-10-08 23:31:42 +0000  Writing entitlements for <IDEDistributionItem: 0x7fb28291fc10 'com.apple.dt.runtime.swiftCoreFoundation' '<DVTFilePath:0x7fb29cbf9530:'/Users/amri/Library/Developer/Xcode/Archives/2017-10-09/MasterpassQR Demo 9-10-17, 7.29 AM.xcarchive/Products/Applications/MasterpassQR Demo.app/Frameworks/libswiftCoreFoundation.dylib'>'> to: /var/folders/9k/16d2bz8x33g22q2dn3nc7nyr0000gn/T/XcodeDistPipeline.7Vy/entitlementsWAAYjQ
2017-10-08 23:31:42 +0000  Running /usr/bin/codesign '-vvv' '--force' '--sign' 'CB9884B82F3F83493389714E86E4CF3B13C269C9' '--preserve-metadata=identifier,flags' '--entitlements' '/var/folders/9k/16d2bz8x33g22q2dn3nc7nyr0000gn/T/XcodeDistPipeline.7Vy/entitlementsWAAYjQ' '/var/folders/9k/16d2bz8x33g22q2dn3nc7nyr0000gn/T/XcodeDistPipeline.7Vy/Root/Payload/MasterpassQR Demo.app/Frameworks/libswiftCoreFoundation.dylib'
2017-10-08 23:31:43 +0000  /var/folders/9k/16d2bz8x33g22q2dn3nc7nyr0000gn/T/XcodeDistPipeline.7Vy/Root/Payload/MasterpassQR Demo.app/Frameworks/libswiftCoreFoundation.dylib: replacing existing signature
2017-10-08 23:31:43 +0000  /var/folders/9k/16d2bz8x33g22q2dn3nc7nyr0000gn/T/XcodeDistPipeline.7Vy/Root/Payload/MasterpassQR Demo.app/Frameworks/libswiftCoreFoundation.dylib: signed Mach-O universal (armv7 armv7s arm64) [com.apple.dt.runtime.swiftCoreFoundation]
2017-10-08 23:31:43 +0000  /usr/bin/codesign exited with 0
2017-10-08 23:31:43 +0000  Applying entitlements delta for <IDEDistributionItem: 0x7fb28276d980 'com.apple.dt.runtime.swiftCoreGraphics' '<DVTFilePath:0x7fb282932c30:'/Users/amri/Library/Developer/Xcode/Archives/2017-10-09/MasterpassQR Demo 9-10-17, 7.29 AM.xcarchive/Products/Applications/MasterpassQR Demo.app/Frameworks/libswiftCoreGraphics.dylib'>'> from <IDEiCloudEntitlementsProcessor: 0x7fb282773140>: {
}
2017-10-08 23:31:43 +0000  Entitlements for <IDEDistributionItem: 0x7fb28276d980 'com.apple.dt.runtime.swiftCoreGraphics' '<DVTFilePath:0x7fb282932c30:'/Users/amri/Library/Developer/Xcode/Archives/2017-10-09/MasterpassQR Demo 9-10-17, 7.29 AM.xcarchive/Products/Applications/MasterpassQR Demo.app/Frameworks/libswiftCoreGraphics.dylib'>'>: {
}
2017-10-08 23:31:43 +0000  Writing entitlements for <IDEDistributionItem: 0x7fb28276d980 'com.apple.dt.runtime.swiftCoreGraphics' '<DVTFilePath:0x7fb282932c30:'/Users/amri/Library/Developer/Xcode/Archives/2017-10-09/MasterpassQR Demo 9-10-17, 7.29 AM.xcarchive/Products/Applications/MasterpassQR Demo.app/Frameworks/libswiftCoreGraphics.dylib'>'> to: /var/folders/9k/16d2bz8x33g22q2dn3nc7nyr0000gn/T/XcodeDistPipeline.7Vy/entitlementsbuqov5
2017-10-08 23:31:43 +0000  Running /usr/bin/codesign '-vvv' '--force' '--sign' 'CB9884B82F3F83493389714E86E4CF3B13C269C9' '--preserve-metadata=identifier,flags' '--entitlements' '/var/folders/9k/16d2bz8x33g22q2dn3nc7nyr0000gn/T/XcodeDistPipeline.7Vy/entitlementsbuqov5' '/var/folders/9k/16d2bz8x33g22q2dn3nc7nyr0000gn/T/XcodeDistPipeline.7Vy/Root/Payload/MasterpassQR Demo.app/Frameworks/libswiftCoreGraphics.dylib'
2017-10-08 23:31:43 +0000  /var/folders/9k/16d2bz8x33g22q2dn3nc7nyr0000gn/T/XcodeDistPipeline.7Vy/Root/Payload/MasterpassQR Demo.app/Frameworks/libswiftCoreGraphics.dylib: replacing existing signature
2017-10-08 23:31:43 +0000  /var/folders/9k/16d2bz8x33g22q2dn3nc7nyr0000gn/T/XcodeDistPipeline.7Vy/Root/Payload/MasterpassQR Demo.app/Frameworks/libswiftCoreGraphics.dylib: signed Mach-O universal (armv7 armv7s arm64) [com.apple.dt.runtime.swiftCoreGraphics]
2017-10-08 23:31:43 +0000  /usr/bin/codesign exited with 0
2017-10-08 23:31:43 +0000  Applying entitlements delta for <IDEDistributionItem: 0x7fb28295a2b0 'com.apple.dt.runtime.swiftCoreImage' '<DVTFilePath:0x7fb2829480c0:'/Users/amri/Library/Developer/Xcode/Archives/2017-10-09/MasterpassQR Demo 9-10-17, 7.29 AM.xcarchive/Products/Applications/MasterpassQR Demo.app/Frameworks/libswiftCoreImage.dylib'>'> from <IDEiCloudEntitlementsProcessor: 0x7fb2827712c0>: {
}
2017-10-08 23:31:43 +0000  Entitlements for <IDEDistributionItem: 0x7fb28295a2b0 'com.apple.dt.runtime.swiftCoreImage' '<DVTFilePath:0x7fb2829480c0:'/Users/amri/Library/Developer/Xcode/Archives/2017-10-09/MasterpassQR Demo 9-10-17, 7.29 AM.xcarchive/Products/Applications/MasterpassQR Demo.app/Frameworks/libswiftCoreImage.dylib'>'>: {
}
2017-10-08 23:31:43 +0000  Writing entitlements for <IDEDistributionItem: 0x7fb28295a2b0 'com.apple.dt.runtime.swiftCoreImage' '<DVTFilePath:0x7fb2829480c0:'/Users/amri/Library/Developer/Xcode/Archives/2017-10-09/MasterpassQR Demo 9-10-17, 7.29 AM.xcarchive/Products/Applications/MasterpassQR Demo.app/Frameworks/libswiftCoreImage.dylib'>'> to: /var/folders/9k/16d2bz8x33g22q2dn3nc7nyr0000gn/T/XcodeDistPipeline.7Vy/entitlementsteztHq
2017-10-08 23:31:43 +0000  Running /usr/bin/codesign '-vvv' '--force' '--sign' 'CB9884B82F3F83493389714E86E4CF3B13C269C9' '--preserve-metadata=identifier,flags' '--entitlements' '/var/folders/9k/16d2bz8x33g22q2dn3nc7nyr0000gn/T/XcodeDistPipeline.7Vy/entitlementsteztHq' '/var/folders/9k/16d2bz8x33g22q2dn3nc7nyr0000gn/T/XcodeDistPipeline.7Vy/Root/Payload/MasterpassQR Demo.app/Frameworks/libswiftCoreImage.dylib'
2017-10-08 23:31:43 +0000  /var/folders/9k/16d2bz8x33g22q2dn3nc7nyr0000gn/T/XcodeDistPipeline.7Vy/Root/Payload/MasterpassQR Demo.app/Frameworks/libswiftCoreImage.dylib: replacing existing signature
2017-10-08 23:31:43 +0000  /var/folders/9k/16d2bz8x33g22q2dn3nc7nyr0000gn/T/XcodeDistPipeline.7Vy/Root/Payload/MasterpassQR Demo.app/Frameworks/libswiftCoreImage.dylib: signed Mach-O universal (armv7 armv7s arm64) [com.apple.dt.runtime.swiftCoreImage]
2017-10-08 23:31:43 +0000  /usr/bin/codesign exited with 0
2017-10-08 23:31:43 +0000  Applying entitlements delta for <IDEDistributionItem: 0x7fb2809ec260 'com.apple.dt.runtime.swiftCoreLocation' '<DVTFilePath:0x7fb29d319db0:'/Users/amri/Library/Developer/Xcode/Archives/2017-10-09/MasterpassQR Demo 9-10-17, 7.29 AM.xcarchive/Products/Applications/MasterpassQR Demo.app/Frameworks/libswiftCoreLocation.dylib'>'> from <IDEiCloudEntitlementsProcessor: 0x7fb281788a50>: {
}
2017-10-08 23:31:43 +0000  Entitlements for <IDEDistributionItem: 0x7fb2809ec260 'com.apple.dt.runtime.swiftCoreLocation' '<DVTFilePath:0x7fb29d319db0:'/Users/amri/Library/Developer/Xcode/Archives/2017-10-09/MasterpassQR Demo 9-10-17, 7.29 AM.xcarchive/Products/Applications/MasterpassQR Demo.app/Frameworks/libswiftCoreLocation.dylib'>'>: {
}
2017-10-08 23:31:43 +0000  Writing entitlements for <IDEDistributionItem: 0x7fb2809ec260 'com.apple.dt.runtime.swiftCoreLocation' '<DVTFilePath:0x7fb29d319db0:'/Users/amri/Library/Developer/Xcode/Archives/2017-10-09/MasterpassQR Demo 9-10-17, 7.29 AM.xcarchive/Products/Applications/MasterpassQR Demo.app/Frameworks/libswiftCoreLocation.dylib'>'> to: /var/folders/9k/16d2bz8x33g22q2dn3nc7nyr0000gn/T/XcodeDistPipeline.7Vy/entitlementszKdsTG
2017-10-08 23:31:43 +0000  Running /usr/bin/codesign '-vvv' '--force' '--sign' 'CB9884B82F3F83493389714E86E4CF3B13C269C9' '--preserve-metadata=identifier,flags' '--entitlements' '/var/folders/9k/16d2bz8x33g22q2dn3nc7nyr0000gn/T/XcodeDistPipeline.7Vy/entitlementszKdsTG' '/var/folders/9k/16d2bz8x33g22q2dn3nc7nyr0000gn/T/XcodeDistPipeline.7Vy/Root/Payload/MasterpassQR Demo.app/Frameworks/libswiftCoreLocation.dylib'
2017-10-08 23:31:43 +0000  /var/folders/9k/16d2bz8x33g22q2dn3nc7nyr0000gn/T/XcodeDistPipeline.7Vy/Root/Payload/MasterpassQR Demo.app/Frameworks/libswiftCoreLocation.dylib: replacing existing signature
2017-10-08 23:31:43 +0000  /var/folders/9k/16d2bz8x33g22q2dn3nc7nyr0000gn/T/XcodeDistPipeline.7Vy/Root/Payload/MasterpassQR Demo.app/Frameworks/libswiftCoreLocation.dylib: signed Mach-O universal (armv7 armv7s arm64) [com.apple.dt.runtime.swiftCoreLocation]
2017-10-08 23:31:43 +0000  /usr/bin/codesign exited with 0
2017-10-08 23:31:43 +0000  Applying entitlements delta for <IDEDistributionItem: 0x7fb28107c0a0 'com.apple.dt.runtime.swiftCoreMedia' '<DVTFilePath:0x7fb2829485a0:'/Users/amri/Library/Developer/Xcode/Archives/2017-10-09/MasterpassQR Demo 9-10-17, 7.29 AM.xcarchive/Products/Applications/MasterpassQR Demo.app/Frameworks/libswiftCoreMedia.dylib'>'> from <IDEiCloudEntitlementsProcessor: 0x7fb27f4e7b10>: {
}
2017-10-08 23:31:43 +0000  Entitlements for <IDEDistributionItem: 0x7fb28107c0a0 'com.apple.dt.runtime.swiftCoreMedia' '<DVTFilePath:0x7fb2829485a0:'/Users/amri/Library/Developer/Xcode/Archives/2017-10-09/MasterpassQR Demo 9-10-17, 7.29 AM.xcarchive/Products/Applications/MasterpassQR Demo.app/Frameworks/libswiftCoreMedia.dylib'>'>: {
}
2017-10-08 23:31:43 +0000  Writing entitlements for <IDEDistributionItem: 0x7fb28107c0a0 'com.apple.dt.runtime.swiftCoreMedia' '<DVTFilePath:0x7fb2829485a0:'/Users/amri/Library/Developer/Xcode/Archives/2017-10-09/MasterpassQR Demo 9-10-17, 7.29 AM.xcarchive/Products/Applications/MasterpassQR Demo.app/Frameworks/libswiftCoreMedia.dylib'>'> to: /var/folders/9k/16d2bz8x33g22q2dn3nc7nyr0000gn/T/XcodeDistPipeline.7Vy/entitlementsOKq278
2017-10-08 23:31:43 +0000  Running /usr/bin/codesign '-vvv' '--force' '--sign' 'CB9884B82F3F83493389714E86E4CF3B13C269C9' '--preserve-metadata=identifier,flags' '--entitlements' '/var/folders/9k/16d2bz8x33g22q2dn3nc7nyr0000gn/T/XcodeDistPipeline.7Vy/entitlementsOKq278' '/var/folders/9k/16d2bz8x33g22q2dn3nc7nyr0000gn/T/XcodeDistPipeline.7Vy/Root/Payload/MasterpassQR Demo.app/Frameworks/libswiftCoreMedia.dylib'
2017-10-08 23:31:43 +0000  /var/folders/9k/16d2bz8x33g22q2dn3nc7nyr0000gn/T/XcodeDistPipeline.7Vy/Root/Payload/MasterpassQR Demo.app/Frameworks/libswiftCoreMedia.dylib: replacing existing signature
2017-10-08 23:31:43 +0000  /var/folders/9k/16d2bz8x33g22q2dn3nc7nyr0000gn/T/XcodeDistPipeline.7Vy/Root/Payload/MasterpassQR Demo.app/Frameworks/libswiftCoreMedia.dylib: signed Mach-O universal (armv7 armv7s arm64) [com.apple.dt.runtime.swiftCoreMedia]
2017-10-08 23:31:43 +0000  /usr/bin/codesign exited with 0
2017-10-08 23:31:43 +0000  Applying entitlements delta for <IDEDistributionItem: 0x7fb29ebf1460 'com.apple.dt.runtime.swiftDarwin' '<DVTFilePath:0x7fb282362ca0:'/Users/amri/Library/Developer/Xcode/Archives/2017-10-09/MasterpassQR Demo 9-10-17, 7.29 AM.xcarchive/Products/Applications/MasterpassQR Demo.app/Frameworks/libswiftDarwin.dylib'>'> from <IDEiCloudEntitlementsProcessor: 0x7fb281d279d0>: {
}
2017-10-08 23:31:43 +0000  Entitlements for <IDEDistributionItem: 0x7fb29ebf1460 'com.apple.dt.runtime.swiftDarwin' '<DVTFilePath:0x7fb282362ca0:'/Users/amri/Library/Developer/Xcode/Archives/2017-10-09/MasterpassQR Demo 9-10-17, 7.29 AM.xcarchive/Products/Applications/MasterpassQR Demo.app/Frameworks/libswiftDarwin.dylib'>'>: {
}
2017-10-08 23:31:43 +0000  Writing entitlements for <IDEDistributionItem: 0x7fb29ebf1460 'com.apple.dt.runtime.swiftDarwin' '<DVTFilePath:0x7fb282362ca0:'/Users/amri/Library/Developer/Xcode/Archives/2017-10-09/MasterpassQR Demo 9-10-17, 7.29 AM.xcarchive/Products/Applications/MasterpassQR Demo.app/Frameworks/libswiftDarwin.dylib'>'> to: /var/folders/9k/16d2bz8x33g22q2dn3nc7nyr0000gn/T/XcodeDistPipeline.7Vy/entitlementsoLVeqa
2017-10-08 23:31:43 +0000  Running /usr/bin/codesign '-vvv' '--force' '--sign' 'CB9884B82F3F83493389714E86E4CF3B13C269C9' '--preserve-metadata=identifier,flags' '--entitlements' '/var/folders/9k/16d2bz8x33g22q2dn3nc7nyr0000gn/T/XcodeDistPipeline.7Vy/entitlementsoLVeqa' '/var/folders/9k/16d2bz8x33g22q2dn3nc7nyr0000gn/T/XcodeDistPipeline.7Vy/Root/Payload/MasterpassQR Demo.app/Frameworks/libswiftDarwin.dylib'
2017-10-08 23:31:43 +0000  /var/folders/9k/16d2bz8x33g22q2dn3nc7nyr0000gn/T/XcodeDistPipeline.7Vy/Root/Payload/MasterpassQR Demo.app/Frameworks/libswiftDarwin.dylib: replacing existing signature
2017-10-08 23:31:43 +0000  /var/folders/9k/16d2bz8x33g22q2dn3nc7nyr0000gn/T/XcodeDistPipeline.7Vy/Root/Payload/MasterpassQR Demo.app/Frameworks/libswiftDarwin.dylib: signed Mach-O universal (armv7 armv7s arm64) [com.apple.dt.runtime.swiftDarwin]
2017-10-08 23:31:43 +0000  /usr/bin/codesign exited with 0
2017-10-08 23:31:43 +0000  Applying entitlements delta for <IDEDistributionItem: 0x7fb29e46cf50 'com.apple.dt.runtime.swiftDispatch' '<DVTFilePath:0x7fb281901ee0:'/Users/amri/Library/Developer/Xcode/Archives/2017-10-09/MasterpassQR Demo 9-10-17, 7.29 AM.xcarchive/Products/Applications/MasterpassQR Demo.app/Frameworks/libswiftDispatch.dylib'>'> from <IDEiCloudEntitlementsProcessor: 0x7fb281f53600>: {
}
2017-10-08 23:31:43 +0000  Entitlements for <IDEDistributionItem: 0x7fb29e46cf50 'com.apple.dt.runtime.swiftDispatch' '<DVTFilePath:0x7fb281901ee0:'/Users/amri/Library/Developer/Xcode/Archives/2017-10-09/MasterpassQR Demo 9-10-17, 7.29 AM.xcarchive/Products/Applications/MasterpassQR Demo.app/Frameworks/libswiftDispatch.dylib'>'>: {
}
2017-10-08 23:31:43 +0000  Writing entitlements for <IDEDistributionItem: 0x7fb29e46cf50 'com.apple.dt.runtime.swiftDispatch' '<DVTFilePath:0x7fb281901ee0:'/Users/amri/Library/Developer/Xcode/Archives/2017-10-09/MasterpassQR Demo 9-10-17, 7.29 AM.xcarchive/Products/Applications/MasterpassQR Demo.app/Frameworks/libswiftDispatch.dylib'>'> to: /var/folders/9k/16d2bz8x33g22q2dn3nc7nyr0000gn/T/XcodeDistPipeline.7Vy/entitlementsEqkHpx
2017-10-08 23:31:43 +0000  Running /usr/bin/codesign '-vvv' '--force' '--sign' 'CB9884B82F3F83493389714E86E4CF3B13C269C9' '--preserve-metadata=identifier,flags' '--entitlements' '/var/folders/9k/16d2bz8x33g22q2dn3nc7nyr0000gn/T/XcodeDistPipeline.7Vy/entitlementsEqkHpx' '/var/folders/9k/16d2bz8x33g22q2dn3nc7nyr0000gn/T/XcodeDistPipeline.7Vy/Root/Payload/MasterpassQR Demo.app/Frameworks/libswiftDispatch.dylib'
2017-10-08 23:31:43 +0000  /var/folders/9k/16d2bz8x33g22q2dn3nc7nyr0000gn/T/XcodeDistPipeline.7Vy/Root/Payload/MasterpassQR Demo.app/Frameworks/libswiftDispatch.dylib: replacing existing signature
2017-10-08 23:31:43 +0000  /var/folders/9k/16d2bz8x33g22q2dn3nc7nyr0000gn/T/XcodeDistPipeline.7Vy/Root/Payload/MasterpassQR Demo.app/Frameworks/libswiftDispatch.dylib: signed Mach-O universal (armv7 armv7s arm64) [com.apple.dt.runtime.swiftDispatch]
2017-10-08 23:31:43 +0000  /usr/bin/codesign exited with 0
2017-10-08 23:31:43 +0000  Applying entitlements delta for <IDEDistributionItem: 0x7fb2822b0030 'com.apple.dt.runtime.swiftFoundation' '<DVTFilePath:0x7fb29d51d190:'/Users/amri/Library/Developer/Xcode/Archives/2017-10-09/MasterpassQR Demo 9-10-17, 7.29 AM.xcarchive/Products/Applications/MasterpassQR Demo.app/Frameworks/libswiftFoundation.dylib'>'> from <IDEiCloudEntitlementsProcessor: 0x7fb27f4784e0>: {
}
2017-10-08 23:31:43 +0000  Entitlements for <IDEDistributionItem: 0x7fb2822b0030 'com.apple.dt.runtime.swiftFoundation' '<DVTFilePath:0x7fb29d51d190:'/Users/amri/Library/Developer/Xcode/Archives/2017-10-09/MasterpassQR Demo 9-10-17, 7.29 AM.xcarchive/Products/Applications/MasterpassQR Demo.app/Frameworks/libswiftFoundation.dylib'>'>: {
}
2017-10-08 23:31:43 +0000  Writing entitlements for <IDEDistributionItem: 0x7fb2822b0030 'com.apple.dt.runtime.swiftFoundation' '<DVTFilePath:0x7fb29d51d190:'/Users/amri/Library/Developer/Xcode/Archives/2017-10-09/MasterpassQR Demo 9-10-17, 7.29 AM.xcarchive/Products/Applications/MasterpassQR Demo.app/Frameworks/libswiftFoundation.dylib'>'> to: /var/folders/9k/16d2bz8x33g22q2dn3nc7nyr0000gn/T/XcodeDistPipeline.7Vy/entitlementstpnVxT
2017-10-08 23:31:43 +0000  Running /usr/bin/codesign '-vvv' '--force' '--sign' 'CB9884B82F3F83493389714E86E4CF3B13C269C9' '--preserve-metadata=identifier,flags' '--entitlements' '/var/folders/9k/16d2bz8x33g22q2dn3nc7nyr0000gn/T/XcodeDistPipeline.7Vy/entitlementstpnVxT' '/var/folders/9k/16d2bz8x33g22q2dn3nc7nyr0000gn/T/XcodeDistPipeline.7Vy/Root/Payload/MasterpassQR Demo.app/Frameworks/libswiftFoundation.dylib'
2017-10-08 23:31:43 +0000  /var/folders/9k/16d2bz8x33g22q2dn3nc7nyr0000gn/T/XcodeDistPipeline.7Vy/Root/Payload/MasterpassQR Demo.app/Frameworks/libswiftFoundation.dylib: replacing existing signature
2017-10-08 23:31:44 +0000  /var/folders/9k/16d2bz8x33g22q2dn3nc7nyr0000gn/T/XcodeDistPipeline.7Vy/Root/Payload/MasterpassQR Demo.app/Frameworks/libswiftFoundation.dylib: signed Mach-O universal (armv7 armv7s arm64) [com.apple.dt.runtime.swiftFoundation]
2017-10-08 23:31:44 +0000  /usr/bin/codesign exited with 0
2017-10-08 23:31:44 +0000  Applying entitlements delta for <IDEDistributionItem: 0x7fb2817b0550 'com.apple.dt.runtime.swiftMetal' '<DVTFilePath:0x7fb29d5bf300:'/Users/amri/Library/Developer/Xcode/Archives/2017-10-09/MasterpassQR Demo 9-10-17, 7.29 AM.xcarchive/Products/Applications/MasterpassQR Demo.app/Frameworks/libswiftMetal.dylib'>'> from <IDEiCloudEntitlementsProcessor: 0x7fb2817897a0>: {
}
2017-10-08 23:31:44 +0000  Entitlements for <IDEDistributionItem: 0x7fb2817b0550 'com.apple.dt.runtime.swiftMetal' '<DVTFilePath:0x7fb29d5bf300:'/Users/amri/Library/Developer/Xcode/Archives/2017-10-09/MasterpassQR Demo 9-10-17, 7.29 AM.xcarchive/Products/Applications/MasterpassQR Demo.app/Frameworks/libswiftMetal.dylib'>'>: {
}
2017-10-08 23:31:44 +0000  Writing entitlements for <IDEDistributionItem: 0x7fb2817b0550 'com.apple.dt.runtime.swiftMetal' '<DVTFilePath:0x7fb29d5bf300:'/Users/amri/Library/Developer/Xcode/Archives/2017-10-09/MasterpassQR Demo 9-10-17, 7.29 AM.xcarchive/Products/Applications/MasterpassQR Demo.app/Frameworks/libswiftMetal.dylib'>'> to: /var/folders/9k/16d2bz8x33g22q2dn3nc7nyr0000gn/T/XcodeDistPipeline.7Vy/entitlements7PpDQW
2017-10-08 23:31:44 +0000  Running /usr/bin/codesign '-vvv' '--force' '--sign' 'CB9884B82F3F83493389714E86E4CF3B13C269C9' '--preserve-metadata=identifier,flags' '--entitlements' '/var/folders/9k/16d2bz8x33g22q2dn3nc7nyr0000gn/T/XcodeDistPipeline.7Vy/entitlements7PpDQW' '/var/folders/9k/16d2bz8x33g22q2dn3nc7nyr0000gn/T/XcodeDistPipeline.7Vy/Root/Payload/MasterpassQR Demo.app/Frameworks/libswiftMetal.dylib'
2017-10-08 23:31:44 +0000  /var/folders/9k/16d2bz8x33g22q2dn3nc7nyr0000gn/T/XcodeDistPipeline.7Vy/Root/Payload/MasterpassQR Demo.app/Frameworks/libswiftMetal.dylib: replacing existing signature
2017-10-08 23:31:44 +0000  /var/folders/9k/16d2bz8x33g22q2dn3nc7nyr0000gn/T/XcodeDistPipeline.7Vy/Root/Payload/MasterpassQR Demo.app/Frameworks/libswiftMetal.dylib: signed Mach-O universal (armv7 armv7s arm64) [com.apple.dt.runtime.swiftMetal]
2017-10-08 23:31:44 +0000  /usr/bin/codesign exited with 0
2017-10-08 23:31:44 +0000  Applying entitlements delta for <IDEDistributionItem: 0x7fb29e432150 'com.apple.dt.runtime.swiftObjectiveC' '<DVTFilePath:0x7fb28191a010:'/Users/amri/Library/Developer/Xcode/Archives/2017-10-09/MasterpassQR Demo 9-10-17, 7.29 AM.xcarchive/Products/Applications/MasterpassQR Demo.app/Frameworks/libswiftObjectiveC.dylib'>'> from <IDEiCloudEntitlementsProcessor: 0x7fb29e4321c0>: {
}
2017-10-08 23:31:44 +0000  Entitlements for <IDEDistributionItem: 0x7fb29e432150 'com.apple.dt.runtime.swiftObjectiveC' '<DVTFilePath:0x7fb28191a010:'/Users/amri/Library/Developer/Xcode/Archives/2017-10-09/MasterpassQR Demo 9-10-17, 7.29 AM.xcarchive/Products/Applications/MasterpassQR Demo.app/Frameworks/libswiftObjectiveC.dylib'>'>: {
}
2017-10-08 23:31:44 +0000  Writing entitlements for <IDEDistributionItem: 0x7fb29e432150 'com.apple.dt.runtime.swiftObjectiveC' '<DVTFilePath:0x7fb28191a010:'/Users/amri/Library/Developer/Xcode/Archives/2017-10-09/MasterpassQR Demo 9-10-17, 7.29 AM.xcarchive/Products/Applications/MasterpassQR Demo.app/Frameworks/libswiftObjectiveC.dylib'>'> to: /var/folders/9k/16d2bz8x33g22q2dn3nc7nyr0000gn/T/XcodeDistPipeline.7Vy/entitlementsCz2fFr
2017-10-08 23:31:44 +0000  Running /usr/bin/codesign '-vvv' '--force' '--sign' 'CB9884B82F3F83493389714E86E4CF3B13C269C9' '--preserve-metadata=identifier,flags' '--entitlements' '/var/folders/9k/16d2bz8x33g22q2dn3nc7nyr0000gn/T/XcodeDistPipeline.7Vy/entitlementsCz2fFr' '/var/folders/9k/16d2bz8x33g22q2dn3nc7nyr0000gn/T/XcodeDistPipeline.7Vy/Root/Payload/MasterpassQR Demo.app/Frameworks/libswiftObjectiveC.dylib'
2017-10-08 23:31:44 +0000  /var/folders/9k/16d2bz8x33g22q2dn3nc7nyr0000gn/T/XcodeDistPipeline.7Vy/Root/Payload/MasterpassQR Demo.app/Frameworks/libswiftObjectiveC.dylib: replacing existing signature
2017-10-08 23:31:44 +0000  /var/folders/9k/16d2bz8x33g22q2dn3nc7nyr0000gn/T/XcodeDistPipeline.7Vy/Root/Payload/MasterpassQR Demo.app/Frameworks/libswiftObjectiveC.dylib: signed Mach-O universal (armv7 armv7s arm64) [com.apple.dt.runtime.swiftObjectiveC]
2017-10-08 23:31:44 +0000  /usr/bin/codesign exited with 0
2017-10-08 23:31:44 +0000  Applying entitlements delta for <IDEDistributionItem: 0x7fb2829280e0 'com.apple.dt.runtime.swiftPhotos' '<DVTFilePath:0x7fb29d5e0920:'/Users/amri/Library/Developer/Xcode/Archives/2017-10-09/MasterpassQR Demo 9-10-17, 7.29 AM.xcarchive/Products/Applications/MasterpassQR Demo.app/Frameworks/libswiftPhotos.dylib'>'> from <IDEiCloudEntitlementsProcessor: 0x7fb29e474280>: {
}
2017-10-08 23:31:44 +0000  Entitlements for <IDEDistributionItem: 0x7fb2829280e0 'com.apple.dt.runtime.swiftPhotos' '<DVTFilePath:0x7fb29d5e0920:'/Users/amri/Library/Developer/Xcode/Archives/2017-10-09/MasterpassQR Demo 9-10-17, 7.29 AM.xcarchive/Products/Applications/MasterpassQR Demo.app/Frameworks/libswiftPhotos.dylib'>'>: {
}
2017-10-08 23:31:44 +0000  Writing entitlements for <IDEDistributionItem: 0x7fb2829280e0 'com.apple.dt.runtime.swiftPhotos' '<DVTFilePath:0x7fb29d5e0920:'/Users/amri/Library/Developer/Xcode/Archives/2017-10-09/MasterpassQR Demo 9-10-17, 7.29 AM.xcarchive/Products/Applications/MasterpassQR Demo.app/Frameworks/libswiftPhotos.dylib'>'> to: /var/folders/9k/16d2bz8x33g22q2dn3nc7nyr0000gn/T/XcodeDistPipeline.7Vy/entitlementsok6VvB
2017-10-08 23:31:44 +0000  Running /usr/bin/codesign '-vvv' '--force' '--sign' 'CB9884B82F3F83493389714E86E4CF3B13C269C9' '--preserve-metadata=identifier,flags' '--entitlements' '/var/folders/9k/16d2bz8x33g22q2dn3nc7nyr0000gn/T/XcodeDistPipeline.7Vy/entitlementsok6VvB' '/var/folders/9k/16d2bz8x33g22q2dn3nc7nyr0000gn/T/XcodeDistPipeline.7Vy/Root/Payload/MasterpassQR Demo.app/Frameworks/libswiftPhotos.dylib'
2017-10-08 23:31:44 +0000  /var/folders/9k/16d2bz8x33g22q2dn3nc7nyr0000gn/T/XcodeDistPipeline.7Vy/Root/Payload/MasterpassQR Demo.app/Frameworks/libswiftPhotos.dylib: replacing existing signature
2017-10-08 23:31:44 +0000  /var/folders/9k/16d2bz8x33g22q2dn3nc7nyr0000gn/T/XcodeDistPipeline.7Vy/Root/Payload/MasterpassQR Demo.app/Frameworks/libswiftPhotos.dylib: signed Mach-O universal (armv7 armv7s arm64) [com.apple.dt.runtime.swiftPhotos]
2017-10-08 23:31:44 +0000  /usr/bin/codesign exited with 0
2017-10-08 23:31:44 +0000  Applying entitlements delta for <IDEDistributionItem: 0x7fb28292c350 'com.apple.dt.runtime.swiftQuartzCore' '<DVTFilePath:0x7fb282752980:'/Users/amri/Library/Developer/Xcode/Archives/2017-10-09/MasterpassQR Demo 9-10-17, 7.29 AM.xcarchive/Products/Applications/MasterpassQR Demo.app/Frameworks/libswiftQuartzCore.dylib'>'> from <IDEiCloudEntitlementsProcessor: 0x7fb2823d7ab0>: {
}
2017-10-08 23:31:44 +0000  Entitlements for <IDEDistributionItem: 0x7fb28292c350 'com.apple.dt.runtime.swiftQuartzCore' '<DVTFilePath:0x7fb282752980:'/Users/amri/Library/Developer/Xcode/Archives/2017-10-09/MasterpassQR Demo 9-10-17, 7.29 AM.xcarchive/Products/Applications/MasterpassQR Demo.app/Frameworks/libswiftQuartzCore.dylib'>'>: {
}
2017-10-08 23:31:44 +0000  Writing entitlements for <IDEDistributionItem: 0x7fb28292c350 'com.apple.dt.runtime.swiftQuartzCore' '<DVTFilePath:0x7fb282752980:'/Users/amri/Library/Developer/Xcode/Archives/2017-10-09/MasterpassQR Demo 9-10-17, 7.29 AM.xcarchive/Products/Applications/MasterpassQR Demo.app/Frameworks/libswiftQuartzCore.dylib'>'> to: /var/folders/9k/16d2bz8x33g22q2dn3nc7nyr0000gn/T/XcodeDistPipeline.7Vy/entitlementsY2z6fN
2017-10-08 23:31:44 +0000  Running /usr/bin/codesign '-vvv' '--force' '--sign' 'CB9884B82F3F83493389714E86E4CF3B13C269C9' '--preserve-metadata=identifier,flags' '--entitlements' '/var/folders/9k/16d2bz8x33g22q2dn3nc7nyr0000gn/T/XcodeDistPipeline.7Vy/entitlementsY2z6fN' '/var/folders/9k/16d2bz8x33g22q2dn3nc7nyr0000gn/T/XcodeDistPipeline.7Vy/Root/Payload/MasterpassQR Demo.app/Frameworks/libswiftQuartzCore.dylib'
2017-10-08 23:31:44 +0000  /var/folders/9k/16d2bz8x33g22q2dn3nc7nyr0000gn/T/XcodeDistPipeline.7Vy/Root/Payload/MasterpassQR Demo.app/Frameworks/libswiftQuartzCore.dylib: replacing existing signature
2017-10-08 23:31:44 +0000  /var/folders/9k/16d2bz8x33g22q2dn3nc7nyr0000gn/T/XcodeDistPipeline.7Vy/Root/Payload/MasterpassQR Demo.app/Frameworks/libswiftQuartzCore.dylib: signed Mach-O universal (armv7 armv7s arm64) [com.apple.dt.runtime.swiftQuartzCore]
2017-10-08 23:31:44 +0000  /usr/bin/codesign exited with 0
2017-10-08 23:31:44 +0000  Applying entitlements delta for <IDEDistributionItem: 0x7fb2817ae9d0 'com.apple.dt.runtime.swiftUIKit' '<DVTFilePath:0x7fb29e8ac320:'/Users/amri/Library/Developer/Xcode/Archives/2017-10-09/MasterpassQR Demo 9-10-17, 7.29 AM.xcarchive/Products/Applications/MasterpassQR Demo.app/Frameworks/libswiftUIKit.dylib'>'> from <IDEiCloudEntitlementsProcessor: 0x7fb2817b04c0>: {
}
2017-10-08 23:31:44 +0000  Entitlements for <IDEDistributionItem: 0x7fb2817ae9d0 'com.apple.dt.runtime.swiftUIKit' '<DVTFilePath:0x7fb29e8ac320:'/Users/amri/Library/Developer/Xcode/Archives/2017-10-09/MasterpassQR Demo 9-10-17, 7.29 AM.xcarchive/Products/Applications/MasterpassQR Demo.app/Frameworks/libswiftUIKit.dylib'>'>: {
}
2017-10-08 23:31:44 +0000  Writing entitlements for <IDEDistributionItem: 0x7fb2817ae9d0 'com.apple.dt.runtime.swiftUIKit' '<DVTFilePath:0x7fb29e8ac320:'/Users/amri/Library/Developer/Xcode/Archives/2017-10-09/MasterpassQR Demo 9-10-17, 7.29 AM.xcarchive/Products/Applications/MasterpassQR Demo.app/Frameworks/libswiftUIKit.dylib'>'> to: /var/folders/9k/16d2bz8x33g22q2dn3nc7nyr0000gn/T/XcodeDistPipeline.7Vy/entitlementsjSWYEs
2017-10-08 23:31:44 +0000  Running /usr/bin/codesign '-vvv' '--force' '--sign' 'CB9884B82F3F83493389714E86E4CF3B13C269C9' '--preserve-metadata=identifier,flags' '--entitlements' '/var/folders/9k/16d2bz8x33g22q2dn3nc7nyr0000gn/T/XcodeDistPipeline.7Vy/entitlementsjSWYEs' '/var/folders/9k/16d2bz8x33g22q2dn3nc7nyr0000gn/T/XcodeDistPipeline.7Vy/Root/Payload/MasterpassQR Demo.app/Frameworks/libswiftUIKit.dylib'
2017-10-08 23:31:44 +0000  /var/folders/9k/16d2bz8x33g22q2dn3nc7nyr0000gn/T/XcodeDistPipeline.7Vy/Root/Payload/MasterpassQR Demo.app/Frameworks/libswiftUIKit.dylib: replacing existing signature
2017-10-08 23:31:44 +0000  /var/folders/9k/16d2bz8x33g22q2dn3nc7nyr0000gn/T/XcodeDistPipeline.7Vy/Root/Payload/MasterpassQR Demo.app/Frameworks/libswiftUIKit.dylib: signed Mach-O universal (armv7 armv7s arm64) [com.apple.dt.runtime.swiftUIKit]
2017-10-08 23:31:44 +0000  /usr/bin/codesign exited with 0
2017-10-08 23:31:44 +0000  Applying entitlements delta for <IDEDistributionItem: 0x7fb28f7750b0 'com.apple.dt.runtime.swiftos' '<DVTFilePath:0x7fb27f41d560:'/Users/amri/Library/Developer/Xcode/Archives/2017-10-09/MasterpassQR Demo 9-10-17, 7.29 AM.xcarchive/Products/Applications/MasterpassQR Demo.app/Frameworks/libswiftos.dylib'>'> from <IDEiCloudEntitlementsProcessor: 0x7fb28175e060>: {
}
2017-10-08 23:31:44 +0000  Entitlements for <IDEDistributionItem: 0x7fb28f7750b0 'com.apple.dt.runtime.swiftos' '<DVTFilePath:0x7fb27f41d560:'/Users/amri/Library/Developer/Xcode/Archives/2017-10-09/MasterpassQR Demo 9-10-17, 7.29 AM.xcarchive/Products/Applications/MasterpassQR Demo.app/Frameworks/libswiftos.dylib'>'>: {
}
2017-10-08 23:31:44 +0000  Writing entitlements for <IDEDistributionItem: 0x7fb28f7750b0 'com.apple.dt.runtime.swiftos' '<DVTFilePath:0x7fb27f41d560:'/Users/amri/Library/Developer/Xcode/Archives/2017-10-09/MasterpassQR Demo 9-10-17, 7.29 AM.xcarchive/Products/Applications/MasterpassQR Demo.app/Frameworks/libswiftos.dylib'>'> to: /var/folders/9k/16d2bz8x33g22q2dn3nc7nyr0000gn/T/XcodeDistPipeline.7Vy/entitlementsDuCn2D
2017-10-08 23:31:44 +0000  Running /usr/bin/codesign '-vvv' '--force' '--sign' 'CB9884B82F3F83493389714E86E4CF3B13C269C9' '--preserve-metadata=identifier,flags' '--entitlements' '/var/folders/9k/16d2bz8x33g22q2dn3nc7nyr0000gn/T/XcodeDistPipeline.7Vy/entitlementsDuCn2D' '/var/folders/9k/16d2bz8x33g22q2dn3nc7nyr0000gn/T/XcodeDistPipeline.7Vy/Root/Payload/MasterpassQR Demo.app/Frameworks/libswiftos.dylib'
2017-10-08 23:31:44 +0000  /var/folders/9k/16d2bz8x33g22q2dn3nc7nyr0000gn/T/XcodeDistPipeline.7Vy/Root/Payload/MasterpassQR Demo.app/Frameworks/libswiftos.dylib: replacing existing signature
2017-10-08 23:31:44 +0000  /var/folders/9k/16d2bz8x33g22q2dn3nc7nyr0000gn/T/XcodeDistPipeline.7Vy/Root/Payload/MasterpassQR Demo.app/Frameworks/libswiftos.dylib: signed Mach-O universal (armv7 armv7s arm64) [com.apple.dt.runtime.swiftos]
2017-10-08 23:31:44 +0000  /usr/bin/codesign exited with 0
2017-10-08 23:31:44 +0000  Applying entitlements delta for <IDEDistributionItem: 0x7fb28274f490 'com.apple.dt.runtime.swiftsimd' '<DVTFilePath:0x7fb2817f7450:'/Users/amri/Library/Developer/Xcode/Archives/2017-10-09/MasterpassQR Demo 9-10-17, 7.29 AM.xcarchive/Products/Applications/MasterpassQR Demo.app/Frameworks/libswiftsimd.dylib'>'> from <IDEiCloudEntitlementsProcessor: 0x7fb29d770c20>: {
}
2017-10-08 23:31:44 +0000  Entitlements for <IDEDistributionItem: 0x7fb28274f490 'com.apple.dt.runtime.swiftsimd' '<DVTFilePath:0x7fb2817f7450:'/Users/amri/Library/Developer/Xcode/Archives/2017-10-09/MasterpassQR Demo 9-10-17, 7.29 AM.xcarchive/Products/Applications/MasterpassQR Demo.app/Frameworks/libswiftsimd.dylib'>'>: {
}
2017-10-08 23:31:44 +0000  Writing entitlements for <IDEDistributionItem: 0x7fb28274f490 'com.apple.dt.runtime.swiftsimd' '<DVTFilePath:0x7fb2817f7450:'/Users/amri/Library/Developer/Xcode/Archives/2017-10-09/MasterpassQR Demo 9-10-17, 7.29 AM.xcarchive/Products/Applications/MasterpassQR Demo.app/Frameworks/libswiftsimd.dylib'>'> to: /var/folders/9k/16d2bz8x33g22q2dn3nc7nyr0000gn/T/XcodeDistPipeline.7Vy/entitlementsgEvaa1
2017-10-08 23:31:44 +0000  Running /usr/bin/codesign '-vvv' '--force' '--sign' 'CB9884B82F3F83493389714E86E4CF3B13C269C9' '--preserve-metadata=identifier,flags' '--entitlements' '/var/folders/9k/16d2bz8x33g22q2dn3nc7nyr0000gn/T/XcodeDistPipeline.7Vy/entitlementsgEvaa1' '/var/folders/9k/16d2bz8x33g22q2dn3nc7nyr0000gn/T/XcodeDistPipeline.7Vy/Root/Payload/MasterpassQR Demo.app/Frameworks/libswiftsimd.dylib'
2017-10-08 23:31:44 +0000  /var/folders/9k/16d2bz8x33g22q2dn3nc7nyr0000gn/T/XcodeDistPipeline.7Vy/Root/Payload/MasterpassQR Demo.app/Frameworks/libswiftsimd.dylib: replacing existing signature
2017-10-08 23:31:44 +0000  /var/folders/9k/16d2bz8x33g22q2dn3nc7nyr0000gn/T/XcodeDistPipeline.7Vy/Root/Payload/MasterpassQR Demo.app/Frameworks/libswiftsimd.dylib: signed Mach-O universal (armv7 armv7s arm64) [com.apple.dt.runtime.swiftsimd]
2017-10-08 23:31:44 +0000  /usr/bin/codesign exited with 0
2017-10-08 23:31:44 +0000  Applying entitlements delta for <IDEDistributionItem: 0x7fb282773740 'com.mastercard.ios.MasterpassQR-Demo' '<DVTFilePath:0x7fb280ba75f0:'/Users/amri/Library/Developer/Xcode/Archives/2017-10-09/MasterpassQR Demo 9-10-17, 7.29 AM.xcarchive/Products/Applications/MasterpassQR Demo.app'>'> from <IDEiCloudEntitlementsProcessor: 0x7fb29e42e920>: {
}
2017-10-08 23:31:44 +0000  Entitlements for <IDEDistributionItem: 0x7fb282773740 'com.mastercard.ios.MasterpassQR-Demo' '<DVTFilePath:0x7fb280ba75f0:'/Users/amri/Library/Developer/Xcode/Archives/2017-10-09/MasterpassQR Demo 9-10-17, 7.29 AM.xcarchive/Products/Applications/MasterpassQR Demo.app'>'>: {
    "application-identifier" = "FARWN7FEXX.com.mastercard.ios.MasterpassQR-Demo";
    "com.apple.developer.team-identifier" = FARWN7FEXX;
    "get-task-allow" = 0;
    "keychain-access-groups" =     (
        "FARWN7FEXX.com.mastercard.ios.MasterpassQR-Demo"
    );
}
2017-10-08 23:31:44 +0000  Writing entitlements for <IDEDistributionItem: 0x7fb282773740 'com.mastercard.ios.MasterpassQR-Demo' '<DVTFilePath:0x7fb280ba75f0:'/Users/amri/Library/Developer/Xcode/Archives/2017-10-09/MasterpassQR Demo 9-10-17, 7.29 AM.xcarchive/Products/Applications/MasterpassQR Demo.app'>'> to: /var/folders/9k/16d2bz8x33g22q2dn3nc7nyr0000gn/T/XcodeDistPipeline.7Vy/entitlementsjcKfy1
2017-10-08 23:31:45 +0000  Running /usr/bin/codesign '-vvv' '--force' '--sign' 'CB9884B82F3F83493389714E86E4CF3B13C269C9' '--preserve-metadata=identifier,flags' '--entitlements' '/var/folders/9k/16d2bz8x33g22q2dn3nc7nyr0000gn/T/XcodeDistPipeline.7Vy/entitlementsjcKfy1' '/var/folders/9k/16d2bz8x33g22q2dn3nc7nyr0000gn/T/XcodeDistPipeline.7Vy/Root/Payload/MasterpassQR Demo.app'
2017-10-08 23:31:45 +0000  /var/folders/9k/16d2bz8x33g22q2dn3nc7nyr0000gn/T/XcodeDistPipeline.7Vy/Root/Payload/MasterpassQR Demo.app: replacing existing signature
2017-10-08 23:31:45 +0000  /var/folders/9k/16d2bz8x33g22q2dn3nc7nyr0000gn/T/XcodeDistPipeline.7Vy/Root/Payload/MasterpassQR Demo.app: signed app bundle with Mach-O universal (armv7 arm64) [com.mastercard.ios.MasterpassQR-Demo]
2017-10-08 23:31:45 +0000  /usr/bin/codesign exited with 0
2017-10-08 23:31:45 +0000  Processing step: IDEDistributionStreamingZipItemStep
2017-10-08 23:31:45 +0000  Skipping step: IDEDistributionStreamingZipItemStep because it said so
2017-10-08 23:31:45 +0000  Skipping step: IDEDistributionStreamingZipItemStep because it said so
2017-10-08 23:31:45 +0000  Skipping step: IDEDistributionStreamingZipItemStep because it said so
2017-10-08 23:31:45 +0000  Skipping step: IDEDistributionStreamingZipItemStep because it said so
2017-10-08 23:31:45 +0000  Skipping step: IDEDistributionStreamingZipItemStep because it said so
2017-10-08 23:31:45 +0000  Skipping step: IDEDistributionStreamingZipItemStep because it said so
2017-10-08 23:31:45 +0000  Skipping step: IDEDistributionStreamingZipItemStep because it said so
2017-10-08 23:31:45 +0000  Skipping step: IDEDistributionStreamingZipItemStep because it said so
2017-10-08 23:31:45 +0000  Skipping step: IDEDistributionStreamingZipItemStep because it said so
2017-10-08 23:31:45 +0000  Skipping step: IDEDistributionStreamingZipItemStep because it said so
2017-10-08 23:31:45 +0000  Skipping step: IDEDistributionStreamingZipItemStep because it said so
2017-10-08 23:31:45 +0000  Skipping step: IDEDistributionStreamingZipItemStep because it said so
2017-10-08 23:31:45 +0000  Skipping step: IDEDistributionStreamingZipItemStep because it said so
2017-10-08 23:31:45 +0000  Skipping step: IDEDistributionStreamingZipItemStep because it said so
2017-10-08 23:31:45 +0000  Skipping step: IDEDistributionStreamingZipItemStep because it said so
2017-10-08 23:31:45 +0000  Skipping step: IDEDistributionStreamingZipItemStep because it said so
2017-10-08 23:31:45 +0000  Skipping step: IDEDistributionStreamingZipItemStep because it said so
2017-10-08 23:31:45 +0000  Skipping step: IDEDistributionStreamingZipItemStep because it said so
2017-10-08 23:31:45 +0000  Skipping step: IDEDistributionStreamingZipItemStep because it said so
2017-10-08 23:31:45 +0000  Skipping step: IDEDistributionStreamingZipItemStep because it said so
2017-10-08 23:31:45 +0000  Skipping step: IDEDistributionStreamingZipItemStep because it said so
2017-10-08 23:31:45 +0000  Skipping step: IDEDistributionStreamingZipItemStep because it said so
2017-10-08 23:31:45 +0000  Processing step: IDEDistributionCreateIPAStep
2017-10-08 23:31:45 +0000  Running /usr/bin/ditto '-V' '-c' '-k' '--norsrc' '/var/folders/9k/16d2bz8x33g22q2dn3nc7nyr0000gn/T/XcodeDistPipeline.7Vy/Root' '/var/folders/9k/16d2bz8x33g22q2dn3nc7nyr0000gn/T/XcodeDistPipeline.7Vy/Packages/MasterpassQR Demo.ipa'
2017-10-08 23:31:45 +0000  >>> Copying /var/folders/9k/16d2bz8x33g22q2dn3nc7nyr0000gn/T/XcodeDistPipeline.7Vy/Root 
2017-10-08 23:31:45 +0000  copying file ./Payload/MasterpassQR Demo.app/_CodeSignature/CodeResources ... 
2017-10-08 23:31:45 +0000  18823 bytes for ./Payload/MasterpassQR Demo.app/_CodeSignature/CodeResources
2017-10-08 23:31:45 +0000  copying file ./Payload/MasterpassQR Demo.app/AppIcon20x20@2x.png ... 
2017-10-08 23:31:45 +0000  3081 bytes for ./Payload/MasterpassQR Demo.app/AppIcon20x20@2x.png
copying file ./Payload/MasterpassQR Demo.app/AppIcon20x20@3x.png ... 
2017-10-08 23:31:45 +0000  4429 bytes for ./Payload/MasterpassQR Demo.app/AppIcon20x20@3x.png
copying file ./Payload/MasterpassQR Demo.app/AppIcon29x29@2x.png ... 
2017-10-08 23:31:45 +0000  4241 bytes for ./Payload/MasterpassQR Demo.app/AppIcon29x29@2x.png
copying file ./Payload/MasterpassQR Demo.app/AppIcon29x29@3x.png ... 
2017-10-08 23:31:45 +0000  7561 bytes for ./Payload/MasterpassQR Demo.app/AppIcon29x29@3x.png
copying file ./Payload/MasterpassQR Demo.app/AppIcon40x40@2x.png ... 
2017-10-08 23:31:45 +0000  6629 bytes for ./Payload/MasterpassQR Demo.app/AppIcon40x40@2x.png
copying file ./Payload/MasterpassQR Demo.app/AppIcon40x40@3x.png ... 
2017-10-08 23:31:45 +0000  9268 bytes for ./Payload/MasterpassQR Demo.app/AppIcon40x40@3x.png
copying file ./Payload/MasterpassQR Demo.app/AppIcon60x60@2x.png ... 
2017-10-08 23:31:45 +0000  6013 bytes for ./Payload/MasterpassQR Demo.app/AppIcon60x60@2x.png
copying file ./Payload/MasterpassQR Demo.app/AppIcon60x60@3x.png ... 
2017-10-08 23:31:45 +0000  9349 bytes for ./Payload/MasterpassQR Demo.app/AppIcon60x60@3x.png
copying file ./Payload/MasterpassQR Demo.app/archived-expanded-entitlements.xcent ... 
2017-10-08 23:31:45 +0000  410 bytes for ./Payload/MasterpassQR Demo.app/archived-expanded-entitlements.xcent
copying file ./Payload/MasterpassQR Demo.app/Assets.car ... 
2017-10-08 23:31:45 +0000  134008 bytes for ./Payload/MasterpassQR Demo.app/Assets.car
2017-10-08 23:31:45 +0000  copying file ./Payload/MasterpassQR Demo.app/Base.lproj/LaunchScreen.storyboardc/01J-lp-oVM-view-Ze5-6b-2t3.nib ... 
2017-10-08 23:31:45 +0000  1792 bytes for ./Payload/MasterpassQR Demo.app/Base.lproj/LaunchScreen.storyboardc/01J-lp-oVM-view-Ze5-6b-2t3.nib
copying file ./Payload/MasterpassQR Demo.app/Base.lproj/LaunchScreen.storyboardc/Info.plist ... 
258 bytes for ./Payload/MasterpassQR Demo.app/Base.lproj/LaunchScreen.storyboardc/Info.plist
copying file ./Payload/MasterpassQR Demo.app/Base.lproj/LaunchScreen.storyboardc/UIViewController-01J-lp-oVM.nib ... 
2017-10-08 23:31:45 +0000  832 bytes for ./Payload/MasterpassQR Demo.app/Base.lproj/LaunchScreen.storyboardc/UIViewController-01J-lp-oVM.nib
2017-10-08 23:31:45 +0000  copying file ./Payload/MasterpassQR Demo.app/Base.lproj/Main.storyboardc/BYZ-38-t0r-view-9fZ-FA-6Q7.nib ... 
2017-10-08 23:31:45 +0000  7713 bytes for ./Payload/MasterpassQR Demo.app/Base.lproj/Main.storyboardc/BYZ-38-t0r-view-9fZ-FA-6Q7.nib
copying file ./Payload/MasterpassQR Demo.app/Base.lproj/Main.storyboardc/FLa-MJ-yeU-view-IX7-LA-49i.nib ... 
2017-10-08 23:31:45 +0000  5307 bytes for ./Payload/MasterpassQR Demo.app/Base.lproj/Main.storyboardc/FLa-MJ-yeU-view-IX7-LA-49i.nib
copying file ./Payload/MasterpassQR Demo.app/Base.lproj/Main.storyboardc/hUj-tm-X23-view-s5M-Bq-OPM.nib ... 
2017-10-08 23:31:45 +0000  3912 bytes for ./Payload/MasterpassQR Demo.app/Base.lproj/Main.storyboardc/hUj-tm-X23-view-s5M-Bq-OPM.nib
copying file ./Payload/MasterpassQR Demo.app/Base.lproj/Main.storyboardc/Info.plist ... 
2017-10-08 23:31:45 +0000  403 bytes for ./Payload/MasterpassQR Demo.app/Base.lproj/Main.storyboardc/Info.plist
copying file ./Payload/MasterpassQR Demo.app/Base.lproj/Main.storyboardc/ResultViewController.nib ... 
2017-10-08 23:31:45 +0000  1050 bytes for ./Payload/MasterpassQR Demo.app/Base.lproj/Main.storyboardc/ResultViewController.nib
copying file ./Payload/MasterpassQR Demo.app/Base.lproj/Main.storyboardc/UINavigationController-if8-TP-3c4.nib ... 
2017-10-08 23:31:45 +0000  2044 bytes for ./Payload/MasterpassQR Demo.app/Base.lproj/Main.storyboardc/UINavigationController-if8-TP-3c4.nib
copying file ./Payload/MasterpassQR Demo.app/Base.lproj/Main.storyboardc/UIViewController-hUj-tm-X23.nib ... 
2017-10-08 23:31:45 +0000  1485 bytes for ./Payload/MasterpassQR Demo.app/Base.lproj/Main.storyboardc/UIViewController-hUj-tm-X23.nib
copying file ./Payload/MasterpassQR Demo.app/embedded.mobileprovision ... 
2017-10-08 23:31:45 +0000  7390 bytes for ./Payload/MasterpassQR Demo.app/embedded.mobileprovision
2017-10-08 23:31:45 +0000  copying file ./Payload/MasterpassQR Demo.app/Frameworks/libswiftAVFoundation.dylib ... 
2017-10-08 23:31:45 +0000  482416 bytes for ./Payload/MasterpassQR Demo.app/Frameworks/libswiftAVFoundation.dylib
copying file ./Payload/MasterpassQR Demo.app/Frameworks/libswiftCore.dylib ... 
2017-10-08 23:31:46 +0000  21046064 bytes for ./Payload/MasterpassQR Demo.app/Frameworks/libswiftCore.dylib
copying file ./Payload/MasterpassQR Demo.app/Frameworks/libswiftCoreAudio.dylib ... 
2017-10-08 23:31:46 +0000  354208 bytes for ./Payload/MasterpassQR Demo.app/Frameworks/libswiftCoreAudio.dylib
copying file ./Payload/MasterpassQR Demo.app/Frameworks/libswiftCoreData.dylib ... 
2017-10-08 23:31:46 +0000  394704 bytes for ./Payload/MasterpassQR Demo.app/Frameworks/libswiftCoreData.dylib
copying file ./Payload/MasterpassQR Demo.app/Frameworks/libswiftCoreFoundation.dylib ... 
2017-10-08 23:31:46 +0000  208656 bytes for ./Payload/MasterpassQR Demo.app/Frameworks/libswiftCoreFoundation.dylib
copying file ./Payload/MasterpassQR Demo.app/Frameworks/libswiftCoreGraphics.dylib ... 
2017-10-08 23:31:46 +0000  578112 bytes for ./Payload/MasterpassQR Demo.app/Frameworks/libswiftCoreGraphics.dylib
copying file ./Payload/MasterpassQR Demo.app/Frameworks/libswiftCoreImage.dylib ... 
2017-10-08 23:31:46 +0000  209216 bytes for ./Payload/MasterpassQR Demo.app/Frameworks/libswiftCoreImage.dylib
copying file ./Payload/MasterpassQR Demo.app/Frameworks/libswiftCoreLocation.dylib ... 
2017-10-08 23:31:46 +0000  253648 bytes for ./Payload/MasterpassQR Demo.app/Frameworks/libswiftCoreLocation.dylib
copying file ./Payload/MasterpassQR Demo.app/Frameworks/libswiftCoreMedia.dylib ... 
2017-10-08 23:31:46 +0000  254000 bytes for ./Payload/MasterpassQR Demo.app/Frameworks/libswiftCoreMedia.dylib
copying file ./Payload/MasterpassQR Demo.app/Frameworks/libswiftDarwin.dylib ... 
2017-10-08 23:31:46 +0000  303424 bytes for ./Payload/MasterpassQR Demo.app/Frameworks/libswiftDarwin.dylib
copying file ./Payload/MasterpassQR Demo.app/Frameworks/libswiftDispatch.dylib ... 
2017-10-08 23:31:46 +0000  1009600 bytes for ./Payload/MasterpassQR Demo.app/Frameworks/libswiftDispatch.dylib
copying file ./Payload/MasterpassQR Demo.app/Frameworks/libswiftFoundation.dylib ... 
2017-10-08 23:31:46 +0000  8526080 bytes for ./Payload/MasterpassQR Demo.app/Frameworks/libswiftFoundation.dylib
copying file ./Payload/MasterpassQR Demo.app/Frameworks/libswiftMetal.dylib ... 
2017-10-08 23:31:46 +0000  251600 bytes for ./Payload/MasterpassQR Demo.app/Frameworks/libswiftMetal.dylib
copying file ./Payload/MasterpassQR Demo.app/Frameworks/libswiftObjectiveC.dylib ... 
2017-10-08 23:31:46 +0000  259296 bytes for ./Payload/MasterpassQR Demo.app/Frameworks/libswiftObjectiveC.dylib
copying file ./Payload/MasterpassQR Demo.app/Frameworks/libswiftos.dylib ... 
2017-10-08 23:31:46 +0000  249264 bytes for ./Payload/MasterpassQR Demo.app/Frameworks/libswiftos.dylib
copying file ./Payload/MasterpassQR Demo.app/Frameworks/libswiftPhotos.dylib ... 
2017-10-08 23:31:46 +0000  210992 bytes for ./Payload/MasterpassQR Demo.app/Frameworks/libswiftPhotos.dylib
2017-10-08 23:31:46 +0000  copying file ./Payload/MasterpassQR Demo.app/Frameworks/libswiftQuartzCore.dylib ... 
2017-10-08 23:31:46 +0000  212560 bytes for ./Payload/MasterpassQR Demo.app/Frameworks/libswiftQuartzCore.dylib
copying file ./Payload/MasterpassQR Demo.app/Frameworks/libswiftsimd.dylib ... 
2017-10-08 23:31:46 +0000  1361600 bytes for ./Payload/MasterpassQR Demo.app/Frameworks/libswiftsimd.dylib
copying file ./Payload/MasterpassQR Demo.app/Frameworks/libswiftUIKit.dylib ... 
2017-10-08 23:31:46 +0000  361840 bytes for ./Payload/MasterpassQR Demo.app/Frameworks/libswiftUIKit.dylib
2017-10-08 23:31:46 +0000  copying file ./Payload/MasterpassQR Demo.app/Frameworks/MasterpassQRCoreSDK.framework/_CodeSignature/CodeResources ... 
2017-10-08 23:31:46 +0000  2506 bytes for ./Payload/MasterpassQR Demo.app/Frameworks/MasterpassQRCoreSDK.framework/_CodeSignature/CodeResources
copying file ./Payload/MasterpassQR Demo.app/Frameworks/MasterpassQRCoreSDK.framework/Info.plist ... 
2017-10-08 23:31:46 +0000  735 bytes for ./Payload/MasterpassQR Demo.app/Frameworks/MasterpassQRCoreSDK.framework/Info.plist
copying file ./Payload/MasterpassQR Demo.app/Frameworks/MasterpassQRCoreSDK.framework/MasterpassQRCoreSDK ... 
2017-10-08 23:31:46 +0000  584192 bytes for ./Payload/MasterpassQR Demo.app/Frameworks/MasterpassQRCoreSDK.framework/MasterpassQRCoreSDK
2017-10-08 23:31:46 +0000  copying file ./Payload/MasterpassQR Demo.app/Frameworks/MasterpassQRCoreSDK.framework/strip-frameworks.sh ... 
3230 bytes for ./Payload/MasterpassQR Demo.app/Frameworks/MasterpassQRCoreSDK.framework/strip-frameworks.sh
2017-10-08 23:31:46 +0000  copying file ./Payload/MasterpassQR Demo.app/Frameworks/MasterpassQRScanSDK.framework/_CodeSignature/CodeResources ... 
2017-10-08 23:31:46 +0000  2784 bytes for ./Payload/MasterpassQR Demo.app/Frameworks/MasterpassQRScanSDK.framework/_CodeSignature/CodeResources
copying file ./Payload/MasterpassQR Demo.app/Frameworks/MasterpassQRScanSDK.framework/Assets.car ... 
2017-10-08 23:31:46 +0000  82504 bytes for ./Payload/MasterpassQR Demo.app/Frameworks/MasterpassQRScanSDK.framework/Assets.car
copying file ./Payload/MasterpassQR Demo.app/Frameworks/MasterpassQRScanSDK.framework/Info.plist ... 
2017-10-08 23:31:46 +0000  735 bytes for ./Payload/MasterpassQR Demo.app/Frameworks/MasterpassQRScanSDK.framework/Info.plist
copying file ./Payload/MasterpassQR Demo.app/Frameworks/MasterpassQRScanSDK.framework/MasterpassQRScanSDK ... 
2017-10-08 23:31:46 +0000  404464 bytes for ./Payload/MasterpassQR Demo.app/Frameworks/MasterpassQRScanSDK.framework/MasterpassQRScanSDK
copying file ./Payload/MasterpassQR Demo.app/Frameworks/MasterpassQRScanSDK.framework/strip-frameworks.sh ... 
2017-10-08 23:31:46 +0000  3230 bytes for ./Payload/MasterpassQR Demo.app/Frameworks/MasterpassQRScanSDK.framework/strip-frameworks.sh
copying file ./Payload/MasterpassQR Demo.app/Info.plist ... 
2017-10-08 23:31:46 +0000  1289 bytes for ./Payload/MasterpassQR Demo.app/Info.plist
2017-10-08 23:31:46 +0000  copying file ./Payload/MasterpassQR Demo.app/MasterpassQR Demo ... 
2017-10-08 23:31:46 +0000  414480 bytes for ./Payload/MasterpassQR Demo.app/MasterpassQR Demo
copying file ./Payload/MasterpassQR Demo.app/PkgInfo ... 
2017-10-08 23:31:46 +0000  8 bytes for ./Payload/MasterpassQR Demo.app/PkgInfo
2017-10-08 23:31:47 +0000  /usr/bin/ditto exited with 0
2017-10-08 23:31:47 +0000  Processing step: IDEDistributionCreateManifestStep
