2017-09-28 02:00:12 +0000  Initial pipeline context: <IDEDistributionProcessingPipelineContext: 0x7fc5311c8fd0; archive(resolved)='<IDEArchive: 0x7fc531292a20>', distributionTask(resolved)='2', distributionMethod(resolved)='<IDEDistributionMethodiOSEnterprise: 0x7fc557e94890>', team(resolved)='<IDEProvisioningBasicTeam 0x7fc52fe67e30: teamID: FARWN7FEXX, teamName: MasterCard Worldwide>'>
	Chain (11, self inclusive):
	<IDEDistributionProcessingPipelineContext: 0x7fc5311c8fd0; archive = '<IDEArchive: 0x7fc531292a20>', distributionMethod='<IDEDistributionMethodiOSEnterprise: 0x7fc557e94890>', team='<IDEProvisioningBasicTeam 0x7fc52fe67e30: teamID: FARWN7FEXX, teamName: MasterCard Worldwide>'>
	<IDEDistributionProcessingPipelineContext: 0x7fc53117e760; archive = '<IDEArchive: 0x7fc531292a20>', distributionMethod='<IDEDistributionMethodiOSEnterprise: 0x7fc557e94890>', team='<IDEProvisioningBasicTeam 0x7fc52fe67e30: teamID: FARWN7FEXX, teamName: MasterCard Worldwide>'>
	<IDEDistributionContext: 0x7fc531fbde90; archive = '<IDEArchive: 0x7fc531292a20>', distributionMethod='<IDEDistributionMethodiOSEnterprise: 0x7fc557e94890>', team='<IDEProvisioningBasicTeam 0x7fc52fe67e30: teamID: FARWN7FEXX, teamName: MasterCard Worldwide>'>
	<IDEDistributionContext: 0x7fc5316241a0; archive = '<IDEArchive: 0x7fc531292a20>', distributionMethod='<IDEDistributionMethodiOSEnterprise: 0x7fc557e94890>', team='<IDEProvisioningBasicTeam 0x7fc52fe67e30: teamID: FARWN7FEXX, teamName: MasterCard Worldwide>'>
	<IDEDistributionContext: 0x7fc557e596e0; archive = '<IDEArchive: 0x7fc531292a20>', distributionMethod='<IDEDistributionMethodiOSEnterprise: 0x7fc557e94890>', team='<IDEProvisioningBasicTeam 0x7fc52fe67e30: teamID: FARWN7FEXX, teamName: MasterCard Worldwide>'>
	<IDEDistributionContext: 0x7fc5316258a0; archive = '<IDEArchive: 0x7fc531292a20>', distributionMethod='<IDEDistributionMethodiOSEnterprise: 0x7fc557e94890>', team='<IDEProvisioningBasicTeam 0x7fc52fe67e30: teamID: FARWN7FEXX, teamName: MasterCard Worldwide>'>
	<IDEDistributionContext: 0x7fc5313114b0; archive = '<IDEArchive: 0x7fc531292a20>', distributionMethod='<IDEDistributionMethodiOSEnterprise: 0x7fc557e94890>', team='<IDEProvisioningBasicTeam 0x7fc52fe67e30: teamID: FARWN7FEXX, teamName: MasterCard Worldwide>'>
	<IDEDistributionContext: 0x7fc55a100ee0; archive = '<IDEArchive: 0x7fc531292a20>', distributionMethod='<IDEDistributionMethodiOSEnterprise: 0x7fc557e94890>', team='<IDEProvisioningBasicTeam 0x7fc52fe67e30: teamID: FARWN7FEXX, teamName: MasterCard Worldwide>'>
	<IDEDistributionContext: 0x7fc5308957b0; archive = '<IDEArchive: 0x7fc531292a20>', distributionMethod='<IDEDistributionMethodiOSEnterprise: 0x7fc557e94890>', team='<IDEProvisioningBasicTeam 0x7fc52fe67e30: teamID: FARWN7FEXX, teamName: MasterCard Worldwide>'>
	<IDEDistributionContext: 0x7fc53127a510; archive = '<IDEArchive: 0x7fc531292a20>', distributionMethod='<IDEDistributionMethodiOSEnterprise: 0x7fc557e94890>', team='(null)'>
	<IDEDistributionContext: 0x7fc5308dc900; archive = '<IDEArchive: 0x7fc531292a20>', distributionMethod='(null)', team='(null)'>
</IDEDistributionProcessingPipelineContext: 0x7fc5311c8fd0>
2017-09-28 02:00:12 +0000  Processing step: IDEDistributionCreateDestRootStep
2017-09-28 02:00:12 +0000  Processing step: IDEDistributionCopyItemStep
2017-09-28 02:00:12 +0000  Running /usr/bin/ditto '-V' '/Users/amri/Library/Developer/Xcode/Archives/2017-09-28/MasterpassQR Demo 28-9-17, 9.58 AM 2.xcarchive/Products/Applications/MasterpassQR Demo.app' '/var/folders/9k/16d2bz8x33g22q2dn3nc7nyr0000gn/T/XcodeDistPipeline.mEV/Root/Payload/MasterpassQR Demo.app'
2017-09-28 02:00:12 +0000  >>> Copying /Users/amri/Library/Developer/Xcode/Archives/2017-09-28/MasterpassQR Demo 28-9-17, 9.58 AM 2.xcarchive/Products/Applications/MasterpassQR Demo.app 
2017-09-28 02:00:12 +0000  copying file ./_CodeSignature/CodeResources ... 
2017-09-28 02:00:12 +0000  18461 bytes for ./_CodeSignature/CodeResources
2017-09-28 02:00:12 +0000  copying file ./AppIcon20x20@2x.png ... 
2017-09-28 02:00:12 +0000  3081 bytes for ./AppIcon20x20@2x.png
2017-09-28 02:00:12 +0000  copying file ./AppIcon20x20@3x.png ... 
2017-09-28 02:00:12 +0000  4429 bytes for ./AppIcon20x20@3x.png
copying file ./AppIcon29x29@2x.png ... 
2017-09-28 02:00:12 +0000  4241 bytes for ./AppIcon29x29@2x.png
2017-09-28 02:00:12 +0000  copying file ./AppIcon29x29@3x.png ... 
2017-09-28 02:00:12 +0000  7561 bytes for ./AppIcon29x29@3x.png
2017-09-28 02:00:12 +0000  copying file ./AppIcon40x40@2x.png ... 
2017-09-28 02:00:12 +0000  6629 bytes for ./AppIcon40x40@2x.png
copying file ./AppIcon40x40@3x.png ... 
2017-09-28 02:00:12 +0000  9268 bytes for ./AppIcon40x40@3x.png
2017-09-28 02:00:12 +0000  copying file ./AppIcon60x60@2x.png ... 
2017-09-28 02:00:12 +0000  6013 bytes for ./AppIcon60x60@2x.png
2017-09-28 02:00:12 +0000  copying file ./AppIcon60x60@3x.png ... 
2017-09-28 02:00:12 +0000  9349 bytes for ./AppIcon60x60@3x.png
2017-09-28 02:00:12 +0000  copying file ./archived-expanded-entitlements.xcent ... 
2017-09-28 02:00:12 +0000  410 bytes for ./archived-expanded-entitlements.xcent
2017-09-28 02:00:12 +0000  copying file ./Assets.car ... 
2017-09-28 02:00:12 +0000  79784 bytes for ./Assets.car
2017-09-28 02:00:12 +0000  copying file ./Base.lproj/LaunchScreen.storyboardc/01J-lp-oVM-view-Ze5-6b-2t3.nib ... 
2017-09-28 02:00:12 +0000  1791 bytes for ./Base.lproj/LaunchScreen.storyboardc/01J-lp-oVM-view-Ze5-6b-2t3.nib
2017-09-28 02:00:12 +0000  copying file ./Base.lproj/LaunchScreen.storyboardc/Info.plist ... 
2017-09-28 02:00:12 +0000  258 bytes for ./Base.lproj/LaunchScreen.storyboardc/Info.plist
copying file ./Base.lproj/LaunchScreen.storyboardc/UIViewController-01J-lp-oVM.nib ... 
2017-09-28 02:00:12 +0000  832 bytes for ./Base.lproj/LaunchScreen.storyboardc/UIViewController-01J-lp-oVM.nib
2017-09-28 02:00:12 +0000  copying file ./Base.lproj/Main.storyboardc/BYZ-38-t0r-view-9fZ-FA-6Q7.nib ... 
2017-09-28 02:00:12 +0000  7705 bytes for ./Base.lproj/Main.storyboardc/BYZ-38-t0r-view-9fZ-FA-6Q7.nib
2017-09-28 02:00:12 +0000  copying file ./Base.lproj/Main.storyboardc/FLa-MJ-yeU-view-IX7-LA-49i.nib ... 
2017-09-28 02:00:12 +0000  10462 bytes for ./Base.lproj/Main.storyboardc/FLa-MJ-yeU-view-IX7-LA-49i.nib
copying file ./Base.lproj/Main.storyboardc/hUj-tm-X23-view-s5M-Bq-OPM.nib ... 
2017-09-28 02:00:12 +0000  3908 bytes for ./Base.lproj/Main.storyboardc/hUj-tm-X23-view-s5M-Bq-OPM.nib
2017-09-28 02:00:12 +0000  copying file ./Base.lproj/Main.storyboardc/Info.plist ... 
2017-09-28 02:00:12 +0000  403 bytes for ./Base.lproj/Main.storyboardc/Info.plist
copying file ./Base.lproj/Main.storyboardc/ResultViewController.nib ... 
2017-09-28 02:00:12 +0000  1050 bytes for ./Base.lproj/Main.storyboardc/ResultViewController.nib
copying file ./Base.lproj/Main.storyboardc/UINavigationController-if8-TP-3c4.nib ... 
2017-09-28 02:00:12 +0000  2044 bytes for ./Base.lproj/Main.storyboardc/UINavigationController-if8-TP-3c4.nib
2017-09-28 02:00:12 +0000  copying file ./Base.lproj/Main.storyboardc/UIViewController-hUj-tm-X23.nib ... 
2017-09-28 02:00:12 +0000  1485 bytes for ./Base.lproj/Main.storyboardc/UIViewController-hUj-tm-X23.nib
2017-09-28 02:00:12 +0000  copying file ./embedded.mobileprovision ... 
2017-09-28 02:00:12 +0000  236171 bytes for ./embedded.mobileprovision
2017-09-28 02:00:12 +0000  copying file ./Frameworks/libswiftAVFoundation.dylib ... 
2017-09-28 02:00:12 +0000  482064 bytes for ./Frameworks/libswiftAVFoundation.dylib
2017-09-28 02:00:12 +0000  copying file ./Frameworks/libswiftCore.dylib ... 
2017-09-28 02:00:12 +0000  21045712 bytes for ./Frameworks/libswiftCore.dylib
2017-09-28 02:00:12 +0000  copying file ./Frameworks/libswiftCoreAudio.dylib ... 
353856 bytes for ./Frameworks/libswiftCoreAudio.dylib
copying file ./Frameworks/libswiftCoreData.dylib ... 
361584 bytes for ./Frameworks/libswiftCoreData.dylib
copying file ./Frameworks/libswiftCoreFoundation.dylib ... 
208288 bytes for ./Frameworks/libswiftCoreFoundation.dylib
copying file ./Frameworks/libswiftCoreGraphics.dylib ... 
2017-09-28 02:00:12 +0000  577760 bytes for ./Frameworks/libswiftCoreGraphics.dylib
copying file ./Frameworks/libswiftCoreImage.dylib ... 
208864 bytes for ./Frameworks/libswiftCoreImage.dylib
copying file ./Frameworks/libswiftCoreLocation.dylib ... 
2017-09-28 02:00:12 +0000  253296 bytes for ./Frameworks/libswiftCoreLocation.dylib
copying file ./Frameworks/libswiftCoreMedia.dylib ... 
253648 bytes for ./Frameworks/libswiftCoreMedia.dylib
copying file ./Frameworks/libswiftDarwin.dylib ... 
2017-09-28 02:00:12 +0000  303072 bytes for ./Frameworks/libswiftDarwin.dylib
copying file ./Frameworks/libswiftDispatch.dylib ... 
2017-09-28 02:00:12 +0000  1009248 bytes for ./Frameworks/libswiftDispatch.dylib
copying file ./Frameworks/libswiftFoundation.dylib ... 
2017-09-28 02:00:12 +0000  8525728 bytes for ./Frameworks/libswiftFoundation.dylib
2017-09-28 02:00:12 +0000  copying file ./Frameworks/libswiftMetal.dylib ... 
251248 bytes for ./Frameworks/libswiftMetal.dylib
copying file ./Frameworks/libswiftObjectiveC.dylib ... 
258944 bytes for ./Frameworks/libswiftObjectiveC.dylib
copying file ./Frameworks/libswiftos.dylib ... 
248912 bytes for ./Frameworks/libswiftos.dylib
copying file ./Frameworks/libswiftPhotos.dylib ... 
2017-09-28 02:00:12 +0000  210640 bytes for ./Frameworks/libswiftPhotos.dylib
copying file ./Frameworks/libswiftQuartzCore.dylib ... 
212208 bytes for ./Frameworks/libswiftQuartzCore.dylib
copying file ./Frameworks/libswiftsimd.dylib ... 
2017-09-28 02:00:12 +0000  1361248 bytes for ./Frameworks/libswiftsimd.dylib
copying file ./Frameworks/libswiftUIKit.dylib ... 
2017-09-28 02:00:12 +0000  361488 bytes for ./Frameworks/libswiftUIKit.dylib
copying file ./Frameworks/MasterpassQRCoreSDKV2.framework/_CodeSignature/CodeResources ... 
2202 bytes for ./Frameworks/MasterpassQRCoreSDKV2.framework/_CodeSignature/CodeResources
copying file ./Frameworks/MasterpassQRCoreSDKV2.framework/Info.plist ... 
2017-09-28 02:00:12 +0000  737 bytes for ./Frameworks/MasterpassQRCoreSDKV2.framework/Info.plist
copying file ./Frameworks/MasterpassQRCoreSDKV2.framework/MasterpassQRCoreSDKV2 ... 
2017-09-28 02:00:12 +0000  1025968 bytes for ./Frameworks/MasterpassQRCoreSDKV2.framework/MasterpassQRCoreSDKV2
2017-09-28 02:00:12 +0000  copying file ./Frameworks/MasterpassQRScanSDK.framework/_CodeSignature/CodeResources ... 
2784 bytes for ./Frameworks/MasterpassQRScanSDK.framework/_CodeSignature/CodeResources
copying file ./Frameworks/MasterpassQRScanSDK.framework/Assets.car ... 
82504 bytes for ./Frameworks/MasterpassQRScanSDK.framework/Assets.car
copying file ./Frameworks/MasterpassQRScanSDK.framework/Info.plist ... 
2017-09-28 02:00:12 +0000  735 bytes for ./Frameworks/MasterpassQRScanSDK.framework/Info.plist
copying file ./Frameworks/MasterpassQRScanSDK.framework/MasterpassQRScanSDK ... 
2017-09-28 02:00:12 +0000  404160 bytes for ./Frameworks/MasterpassQRScanSDK.framework/MasterpassQRScanSDK
copying file ./Frameworks/MasterpassQRScanSDK.framework/strip-frameworks.sh ... 
2017-09-28 02:00:12 +0000  3230 bytes for ./Frameworks/MasterpassQRScanSDK.framework/strip-frameworks.sh
2017-09-28 02:00:12 +0000  copying file ./Info.plist ... 
2017-09-28 02:00:12 +0000  1289 bytes for ./Info.plist
2017-09-28 02:00:12 +0000  copying file ./MasterpassQR Demo ... 
2017-09-28 02:00:12 +0000  434464 bytes for ./MasterpassQR Demo
copying file ./PkgInfo ... 
2017-09-28 02:00:12 +0000  8 bytes for ./PkgInfo
2017-09-28 02:00:12 +0000  /usr/bin/ditto exited with 0
2017-09-28 02:00:12 +0000  Processing step: IDEDistributionEmbedProfileStep
2017-09-28 02:00:12 +0000  Skipping profile for item: <IDEDistributionItem: 0x7fc531614f70 'com.mastercard.ios.MasterpassQRCoreSDKV2' '<DVTFilePath:0x7fc5312f3470:'/Users/amri/Library/Developer/Xcode/Archives/2017-09-28/MasterpassQR Demo 28-9-17, 9.58 AM 2.xcarchive/Products/Applications/MasterpassQR Demo.app/Frameworks/MasterpassQRCoreSDKV2.framework'>'>
2017-09-28 02:00:12 +0000  Skipping profile for item: <IDEDistributionItem: 0x7fc5411ee1a0 'com.mastercard.ios.MasterpassQRScanSDK' '<DVTFilePath:0x7fc531611940:'/Users/amri/Library/Developer/Xcode/Archives/2017-09-28/MasterpassQR Demo 28-9-17, 9.58 AM 2.xcarchive/Products/Applications/MasterpassQR Demo.app/Frameworks/MasterpassQRScanSDK.framework'>'>
2017-09-28 02:00:12 +0000  Skipping profile for item: <IDEDistributionItem: 0x7fc53161db10 'com.apple.dt.runtime.swiftAVFoundation' '<DVTFilePath:0x7fc530df5730:'/Users/amri/Library/Developer/Xcode/Archives/2017-09-28/MasterpassQR Demo 28-9-17, 9.58 AM 2.xcarchive/Products/Applications/MasterpassQR Demo.app/Frameworks/libswiftAVFoundation.dylib'>'>
2017-09-28 02:00:12 +0000  Skipping profile for item: <IDEDistributionItem: 0x7fc530c64780 'com.apple.dt.runtime.swiftCore' '<DVTFilePath:0x7fc52fe5a4c0:'/Users/amri/Library/Developer/Xcode/Archives/2017-09-28/MasterpassQR Demo 28-9-17, 9.58 AM 2.xcarchive/Products/Applications/MasterpassQR Demo.app/Frameworks/libswiftCore.dylib'>'>
2017-09-28 02:00:12 +0000  Skipping profile for item: <IDEDistributionItem: 0x7fc5316037f0 'com.apple.dt.runtime.swiftCoreAudio' '<DVTFilePath:0x7fc5312f46e0:'/Users/amri/Library/Developer/Xcode/Archives/2017-09-28/MasterpassQR Demo 28-9-17, 9.58 AM 2.xcarchive/Products/Applications/MasterpassQR Demo.app/Frameworks/libswiftCoreAudio.dylib'>'>
2017-09-28 02:00:12 +0000  Skipping profile for item: <IDEDistributionItem: 0x7fc5310bafc0 'com.apple.dt.runtime.swiftCoreData' '<DVTFilePath:0x7fc531287970:'/Users/amri/Library/Developer/Xcode/Archives/2017-09-28/MasterpassQR Demo 28-9-17, 9.58 AM 2.xcarchive/Products/Applications/MasterpassQR Demo.app/Frameworks/libswiftCoreData.dylib'>'>
2017-09-28 02:00:12 +0000  Skipping profile for item: <IDEDistributionItem: 0x7fc53106d550 'com.apple.dt.runtime.swiftCoreFoundation' '<DVTFilePath:0x7fc5312b54c0:'/Users/amri/Library/Developer/Xcode/Archives/2017-09-28/MasterpassQR Demo 28-9-17, 9.58 AM 2.xcarchive/Products/Applications/MasterpassQR Demo.app/Frameworks/libswiftCoreFoundation.dylib'>'>
2017-09-28 02:00:12 +0000  Skipping profile for item: <IDEDistributionItem: 0x7fc5304752d0 'com.apple.dt.runtime.swiftCoreGraphics' '<DVTFilePath:0x7fc53e475c10:'/Users/amri/Library/Developer/Xcode/Archives/2017-09-28/MasterpassQR Demo 28-9-17, 9.58 AM 2.xcarchive/Products/Applications/MasterpassQR Demo.app/Frameworks/libswiftCoreGraphics.dylib'>'>
2017-09-28 02:00:12 +0000  Skipping profile for item: <IDEDistributionItem: 0x7fc530187440 'com.apple.dt.runtime.swiftCoreImage' '<DVTFilePath:0x7fc5312ce240:'/Users/amri/Library/Developer/Xcode/Archives/2017-09-28/MasterpassQR Demo 28-9-17, 9.58 AM 2.xcarchive/Products/Applications/MasterpassQR Demo.app/Frameworks/libswiftCoreImage.dylib'>'>
2017-09-28 02:00:12 +0000  Skipping profile for item: <IDEDistributionItem: 0x7fc5310abaa0 'com.apple.dt.runtime.swiftCoreLocation' '<DVTFilePath:0x7fc53142c560:'/Users/amri/Library/Developer/Xcode/Archives/2017-09-28/MasterpassQR Demo 28-9-17, 9.58 AM 2.xcarchive/Products/Applications/MasterpassQR Demo.app/Frameworks/libswiftCoreLocation.dylib'>'>
2017-09-28 02:00:12 +0000  Skipping profile for item: <IDEDistributionItem: 0x7fc52f108b90 'com.apple.dt.runtime.swiftCoreMedia' '<DVTFilePath:0x7fc5310d2880:'/Users/amri/Library/Developer/Xcode/Archives/2017-09-28/MasterpassQR Demo 28-9-17, 9.58 AM 2.xcarchive/Products/Applications/MasterpassQR Demo.app/Frameworks/libswiftCoreMedia.dylib'>'>
2017-09-28 02:00:12 +0000  Skipping profile for item: <IDEDistributionItem: 0x7fc53142f6b0 'com.apple.dt.runtime.swiftDarwin' '<DVTFilePath:0x7fc52e2cf450:'/Users/amri/Library/Developer/Xcode/Archives/2017-09-28/MasterpassQR Demo 28-9-17, 9.58 AM 2.xcarchive/Products/Applications/MasterpassQR Demo.app/Frameworks/libswiftDarwin.dylib'>'>
2017-09-28 02:00:12 +0000  Skipping profile for item: <IDEDistributionItem: 0x7fc52e48cdc0 'com.apple.dt.runtime.swiftDispatch' '<DVTFilePath:0x7fc52ee451d0:'/Users/amri/Library/Developer/Xcode/Archives/2017-09-28/MasterpassQR Demo 28-9-17, 9.58 AM 2.xcarchive/Products/Applications/MasterpassQR Demo.app/Frameworks/libswiftDispatch.dylib'>'>
2017-09-28 02:00:12 +0000  Skipping profile for item: <IDEDistributionItem: 0x7fc5310c4290 'com.apple.dt.runtime.swiftFoundation' '<DVTFilePath:0x7fc52be1dfb0:'/Users/amri/Library/Developer/Xcode/Archives/2017-09-28/MasterpassQR Demo 28-9-17, 9.58 AM 2.xcarchive/Products/Applications/MasterpassQR Demo.app/Frameworks/libswiftFoundation.dylib'>'>
2017-09-28 02:00:12 +0000  Skipping profile for item: <IDEDistributionItem: 0x7fc52fab1c40 'com.apple.dt.runtime.swiftMetal' '<DVTFilePath:0x7fc52ca83df0:'/Users/amri/Library/Developer/Xcode/Archives/2017-09-28/MasterpassQR Demo 28-9-17, 9.58 AM 2.xcarchive/Products/Applications/MasterpassQR Demo.app/Frameworks/libswiftMetal.dylib'>'>
2017-09-28 02:00:12 +0000  Skipping profile for item: <IDEDistributionItem: 0x7fc5303765e0 'com.apple.dt.runtime.swiftObjectiveC' '<DVTFilePath:0x7fc557dcf5a0:'/Users/amri/Library/Developer/Xcode/Archives/2017-09-28/MasterpassQR Demo 28-9-17, 9.58 AM 2.xcarchive/Products/Applications/MasterpassQR Demo.app/Frameworks/libswiftObjectiveC.dylib'>'>
2017-09-28 02:00:12 +0000  Skipping profile for item: <IDEDistributionItem: 0x7fc52f0772d0 'com.apple.dt.runtime.swiftPhotos' '<DVTFilePath:0x7fc55a108cf0:'/Users/amri/Library/Developer/Xcode/Archives/2017-09-28/MasterpassQR Demo 28-9-17, 9.58 AM 2.xcarchive/Products/Applications/MasterpassQR Demo.app/Frameworks/libswiftPhotos.dylib'>'>
2017-09-28 02:00:12 +0000  Skipping profile for item: <IDEDistributionItem: 0x7fc53161ad80 'com.apple.dt.runtime.swiftQuartzCore' '<DVTFilePath:0x7fc5304aaf00:'/Users/amri/Library/Developer/Xcode/Archives/2017-09-28/MasterpassQR Demo 28-9-17, 9.58 AM 2.xcarchive/Products/Applications/MasterpassQR Demo.app/Frameworks/libswiftQuartzCore.dylib'>'>
2017-09-28 02:00:12 +0000  Skipping profile for item: <IDEDistributionItem: 0x7fc531618370 'com.apple.dt.runtime.swiftUIKit' '<DVTFilePath:0x7fc52fe32b60:'/Users/amri/Library/Developer/Xcode/Archives/2017-09-28/MasterpassQR Demo 28-9-17, 9.58 AM 2.xcarchive/Products/Applications/MasterpassQR Demo.app/Frameworks/libswiftUIKit.dylib'>'>
2017-09-28 02:00:12 +0000  Skipping profile for item: <IDEDistributionItem: 0x7fc53160dc20 'com.apple.dt.runtime.swiftos' '<DVTFilePath:0x7fc557df2150:'/Users/amri/Library/Developer/Xcode/Archives/2017-09-28/MasterpassQR Demo 28-9-17, 9.58 AM 2.xcarchive/Products/Applications/MasterpassQR Demo.app/Frameworks/libswiftos.dylib'>'>
2017-09-28 02:00:12 +0000  Skipping profile for item: <IDEDistributionItem: 0x7fc53161d980 'com.apple.dt.runtime.swiftsimd' '<DVTFilePath:0x7fc52cdaece0:'/Users/amri/Library/Developer/Xcode/Archives/2017-09-28/MasterpassQR Demo 28-9-17, 9.58 AM 2.xcarchive/Products/Applications/MasterpassQR Demo.app/Frameworks/libswiftsimd.dylib'>'>
2017-09-28 02:00:12 +0000  Processing step: IDEDistributionAppThinningPlistStep
2017-09-28 02:00:12 +0000  Skipping step: IDEDistributionAppThinningPlistStep because it said so
2017-09-28 02:00:12 +0000  Processing step: IDEDistributionCompileBitcodeStep
2017-09-28 02:00:12 +0000  Skipping step: IDEDistributionCompileBitcodeStep because it said so
2017-09-28 02:00:12 +0000  Processing step: IDEDistributionCodeSlimmingStep
2017-09-28 02:00:12 +0000  Processing step: IDEDistributionCopyBCSymbolMapsStep
2017-09-28 02:00:12 +0000  Skipping step: IDEDistributionCopyBCSymbolMapsStep because it said so
2017-09-28 02:00:12 +0000  Skipping step: IDEDistributionCopyBCSymbolMapsStep because it said so
2017-09-28 02:00:12 +0000  Skipping step: IDEDistributionCopyBCSymbolMapsStep because it said so
2017-09-28 02:00:12 +0000  Skipping step: IDEDistributionCopyBCSymbolMapsStep because it said so
2017-09-28 02:00:12 +0000  Skipping step: IDEDistributionCopyBCSymbolMapsStep because it said so
2017-09-28 02:00:12 +0000  Skipping step: IDEDistributionCopyBCSymbolMapsStep because it said so
2017-09-28 02:00:12 +0000  Skipping step: IDEDistributionCopyBCSymbolMapsStep because it said so
2017-09-28 02:00:12 +0000  Skipping step: IDEDistributionCopyBCSymbolMapsStep because it said so
2017-09-28 02:00:12 +0000  Skipping step: IDEDistributionCopyBCSymbolMapsStep because it said so
2017-09-28 02:00:12 +0000  Skipping step: IDEDistributionCopyBCSymbolMapsStep because it said so
2017-09-28 02:00:12 +0000  Skipping step: IDEDistributionCopyBCSymbolMapsStep because it said so
2017-09-28 02:00:12 +0000  Skipping step: IDEDistributionCopyBCSymbolMapsStep because it said so
2017-09-28 02:00:12 +0000  Skipping step: IDEDistributionCopyBCSymbolMapsStep because it said so
2017-09-28 02:00:12 +0000  Skipping step: IDEDistributionCopyBCSymbolMapsStep because it said so
2017-09-28 02:00:12 +0000  Skipping step: IDEDistributionCopyBCSymbolMapsStep because it said so
2017-09-28 02:00:12 +0000  Skipping step: IDEDistributionCopyBCSymbolMapsStep because it said so
2017-09-28 02:00:12 +0000  Skipping step: IDEDistributionCopyBCSymbolMapsStep because it said so
2017-09-28 02:00:12 +0000  Skipping step: IDEDistributionCopyBCSymbolMapsStep because it said so
2017-09-28 02:00:12 +0000  Skipping step: IDEDistributionCopyBCSymbolMapsStep because it said so
2017-09-28 02:00:12 +0000  Skipping step: IDEDistributionCopyBCSymbolMapsStep because it said so
2017-09-28 02:00:12 +0000  Skipping step: IDEDistributionCopyBCSymbolMapsStep because it said so
2017-09-28 02:00:12 +0000  Skipping step: IDEDistributionCopyBCSymbolMapsStep because it said so
2017-09-28 02:00:12 +0000  Processing step: IDEDistributionSymbolsStep
2017-09-28 02:00:12 +0000  Skipping step: IDEDistributionSymbolsStep because it said so
2017-09-28 02:00:12 +0000  Skipping step: IDEDistributionSymbolsStep because it said so
2017-09-28 02:00:12 +0000  Skipping step: IDEDistributionSymbolsStep because it said so
2017-09-28 02:00:12 +0000  Skipping step: IDEDistributionSymbolsStep because it said so
2017-09-28 02:00:12 +0000  Skipping step: IDEDistributionSymbolsStep because it said so
2017-09-28 02:00:12 +0000  Skipping step: IDEDistributionSymbolsStep because it said so
2017-09-28 02:00:12 +0000  Skipping step: IDEDistributionSymbolsStep because it said so
2017-09-28 02:00:12 +0000  Skipping step: IDEDistributionSymbolsStep because it said so
2017-09-28 02:00:12 +0000  Skipping step: IDEDistributionSymbolsStep because it said so
2017-09-28 02:00:12 +0000  Skipping step: IDEDistributionSymbolsStep because it said so
2017-09-28 02:00:12 +0000  Skipping step: IDEDistributionSymbolsStep because it said so
2017-09-28 02:00:12 +0000  Skipping step: IDEDistributionSymbolsStep because it said so
2017-09-28 02:00:12 +0000  Skipping step: IDEDistributionSymbolsStep because it said so
2017-09-28 02:00:12 +0000  Skipping step: IDEDistributionSymbolsStep because it said so
2017-09-28 02:00:12 +0000  Skipping step: IDEDistributionSymbolsStep because it said so
2017-09-28 02:00:12 +0000  Skipping step: IDEDistributionSymbolsStep because it said so
2017-09-28 02:00:12 +0000  Skipping step: IDEDistributionSymbolsStep because it said so
2017-09-28 02:00:12 +0000  Skipping step: IDEDistributionSymbolsStep because it said so
2017-09-28 02:00:12 +0000  Skipping step: IDEDistributionSymbolsStep because it said so
2017-09-28 02:00:12 +0000  Skipping step: IDEDistributionSymbolsStep because it said so
2017-09-28 02:00:12 +0000  Skipping step: IDEDistributionSymbolsStep because it said so
2017-09-28 02:00:12 +0000  Skipping step: IDEDistributionSymbolsStep because it said so
2017-09-28 02:00:12 +0000  Processing step: IDEDistributionAppThinningStep
2017-09-28 02:00:12 +0000  Skipping step: IDEDistributionAppThinningStep because it said so
2017-09-28 02:00:12 +0000  Processing step: IDEDistributionODRStep
2017-09-28 02:00:12 +0000  Processing step: IDEDistributionStripXattrsStep
2017-09-28 02:00:12 +0000  Skipping stripping extended attributes of item: <IDEDistributionItem: 0x7fc531614f70 'com.mastercard.ios.MasterpassQRCoreSDKV2' '<DVTFilePath:0x7fc5312f3470:'/Users/amri/Library/Developer/Xcode/Archives/2017-09-28/MasterpassQR Demo 28-9-17, 9.58 AM 2.xcarchive/Products/Applications/MasterpassQR Demo.app/Frameworks/MasterpassQRCoreSDKV2.framework'>'>
2017-09-28 02:00:12 +0000  Skipping stripping extended attributes of item: <IDEDistributionItem: 0x7fc5411ee1a0 'com.mastercard.ios.MasterpassQRScanSDK' '<DVTFilePath:0x7fc531611940:'/Users/amri/Library/Developer/Xcode/Archives/2017-09-28/MasterpassQR Demo 28-9-17, 9.58 AM 2.xcarchive/Products/Applications/MasterpassQR Demo.app/Frameworks/MasterpassQRScanSDK.framework'>'>
2017-09-28 02:00:12 +0000  Skipping stripping extended attributes of item: <IDEDistributionItem: 0x7fc53161db10 'com.apple.dt.runtime.swiftAVFoundation' '<DVTFilePath:0x7fc530df5730:'/Users/amri/Library/Developer/Xcode/Archives/2017-09-28/MasterpassQR Demo 28-9-17, 9.58 AM 2.xcarchive/Products/Applications/MasterpassQR Demo.app/Frameworks/libswiftAVFoundation.dylib'>'>
2017-09-28 02:00:12 +0000  Skipping stripping extended attributes of item: <IDEDistributionItem: 0x7fc530c64780 'com.apple.dt.runtime.swiftCore' '<DVTFilePath:0x7fc52fe5a4c0:'/Users/amri/Library/Developer/Xcode/Archives/2017-09-28/MasterpassQR Demo 28-9-17, 9.58 AM 2.xcarchive/Products/Applications/MasterpassQR Demo.app/Frameworks/libswiftCore.dylib'>'>
2017-09-28 02:00:12 +0000  Skipping stripping extended attributes of item: <IDEDistributionItem: 0x7fc5316037f0 'com.apple.dt.runtime.swiftCoreAudio' '<DVTFilePath:0x7fc5312f46e0:'/Users/amri/Library/Developer/Xcode/Archives/2017-09-28/MasterpassQR Demo 28-9-17, 9.58 AM 2.xcarchive/Products/Applications/MasterpassQR Demo.app/Frameworks/libswiftCoreAudio.dylib'>'>
2017-09-28 02:00:12 +0000  Skipping stripping extended attributes of item: <IDEDistributionItem: 0x7fc5310bafc0 'com.apple.dt.runtime.swiftCoreData' '<DVTFilePath:0x7fc531287970:'/Users/amri/Library/Developer/Xcode/Archives/2017-09-28/MasterpassQR Demo 28-9-17, 9.58 AM 2.xcarchive/Products/Applications/MasterpassQR Demo.app/Frameworks/libswiftCoreData.dylib'>'>
2017-09-28 02:00:12 +0000  Skipping stripping extended attributes of item: <IDEDistributionItem: 0x7fc53106d550 'com.apple.dt.runtime.swiftCoreFoundation' '<DVTFilePath:0x7fc5312b54c0:'/Users/amri/Library/Developer/Xcode/Archives/2017-09-28/MasterpassQR Demo 28-9-17, 9.58 AM 2.xcarchive/Products/Applications/MasterpassQR Demo.app/Frameworks/libswiftCoreFoundation.dylib'>'>
2017-09-28 02:00:12 +0000  Skipping stripping extended attributes of item: <IDEDistributionItem: 0x7fc5304752d0 'com.apple.dt.runtime.swiftCoreGraphics' '<DVTFilePath:0x7fc53e475c10:'/Users/amri/Library/Developer/Xcode/Archives/2017-09-28/MasterpassQR Demo 28-9-17, 9.58 AM 2.xcarchive/Products/Applications/MasterpassQR Demo.app/Frameworks/libswiftCoreGraphics.dylib'>'>
2017-09-28 02:00:12 +0000  Skipping stripping extended attributes of item: <IDEDistributionItem: 0x7fc530187440 'com.apple.dt.runtime.swiftCoreImage' '<DVTFilePath:0x7fc5312ce240:'/Users/amri/Library/Developer/Xcode/Archives/2017-09-28/MasterpassQR Demo 28-9-17, 9.58 AM 2.xcarchive/Products/Applications/MasterpassQR Demo.app/Frameworks/libswiftCoreImage.dylib'>'>
2017-09-28 02:00:12 +0000  Skipping stripping extended attributes of item: <IDEDistributionItem: 0x7fc5310abaa0 'com.apple.dt.runtime.swiftCoreLocation' '<DVTFilePath:0x7fc53142c560:'/Users/amri/Library/Developer/Xcode/Archives/2017-09-28/MasterpassQR Demo 28-9-17, 9.58 AM 2.xcarchive/Products/Applications/MasterpassQR Demo.app/Frameworks/libswiftCoreLocation.dylib'>'>
2017-09-28 02:00:12 +0000  Skipping stripping extended attributes of item: <IDEDistributionItem: 0x7fc52f108b90 'com.apple.dt.runtime.swiftCoreMedia' '<DVTFilePath:0x7fc5310d2880:'/Users/amri/Library/Developer/Xcode/Archives/2017-09-28/MasterpassQR Demo 28-9-17, 9.58 AM 2.xcarchive/Products/Applications/MasterpassQR Demo.app/Frameworks/libswiftCoreMedia.dylib'>'>
2017-09-28 02:00:12 +0000  Skipping stripping extended attributes of item: <IDEDistributionItem: 0x7fc53142f6b0 'com.apple.dt.runtime.swiftDarwin' '<DVTFilePath:0x7fc52e2cf450:'/Users/amri/Library/Developer/Xcode/Archives/2017-09-28/MasterpassQR Demo 28-9-17, 9.58 AM 2.xcarchive/Products/Applications/MasterpassQR Demo.app/Frameworks/libswiftDarwin.dylib'>'>
2017-09-28 02:00:12 +0000  Skipping stripping extended attributes of item: <IDEDistributionItem: 0x7fc52e48cdc0 'com.apple.dt.runtime.swiftDispatch' '<DVTFilePath:0x7fc52ee451d0:'/Users/amri/Library/Developer/Xcode/Archives/2017-09-28/MasterpassQR Demo 28-9-17, 9.58 AM 2.xcarchive/Products/Applications/MasterpassQR Demo.app/Frameworks/libswiftDispatch.dylib'>'>
2017-09-28 02:00:12 +0000  Skipping stripping extended attributes of item: <IDEDistributionItem: 0x7fc5310c4290 'com.apple.dt.runtime.swiftFoundation' '<DVTFilePath:0x7fc52be1dfb0:'/Users/amri/Library/Developer/Xcode/Archives/2017-09-28/MasterpassQR Demo 28-9-17, 9.58 AM 2.xcarchive/Products/Applications/MasterpassQR Demo.app/Frameworks/libswiftFoundation.dylib'>'>
2017-09-28 02:00:12 +0000  Skipping stripping extended attributes of item: <IDEDistributionItem: 0x7fc52fab1c40 'com.apple.dt.runtime.swiftMetal' '<DVTFilePath:0x7fc52ca83df0:'/Users/amri/Library/Developer/Xcode/Archives/2017-09-28/MasterpassQR Demo 28-9-17, 9.58 AM 2.xcarchive/Products/Applications/MasterpassQR Demo.app/Frameworks/libswiftMetal.dylib'>'>
2017-09-28 02:00:12 +0000  Skipping stripping extended attributes of item: <IDEDistributionItem: 0x7fc5303765e0 'com.apple.dt.runtime.swiftObjectiveC' '<DVTFilePath:0x7fc557dcf5a0:'/Users/amri/Library/Developer/Xcode/Archives/2017-09-28/MasterpassQR Demo 28-9-17, 9.58 AM 2.xcarchive/Products/Applications/MasterpassQR Demo.app/Frameworks/libswiftObjectiveC.dylib'>'>
2017-09-28 02:00:12 +0000  Skipping stripping extended attributes of item: <IDEDistributionItem: 0x7fc52f0772d0 'com.apple.dt.runtime.swiftPhotos' '<DVTFilePath:0x7fc55a108cf0:'/Users/amri/Library/Developer/Xcode/Archives/2017-09-28/MasterpassQR Demo 28-9-17, 9.58 AM 2.xcarchive/Products/Applications/MasterpassQR Demo.app/Frameworks/libswiftPhotos.dylib'>'>
2017-09-28 02:00:12 +0000  Skipping stripping extended attributes of item: <IDEDistributionItem: 0x7fc53161ad80 'com.apple.dt.runtime.swiftQuartzCore' '<DVTFilePath:0x7fc5304aaf00:'/Users/amri/Library/Developer/Xcode/Archives/2017-09-28/MasterpassQR Demo 28-9-17, 9.58 AM 2.xcarchive/Products/Applications/MasterpassQR Demo.app/Frameworks/libswiftQuartzCore.dylib'>'>
2017-09-28 02:00:12 +0000  Skipping stripping extended attributes of item: <IDEDistributionItem: 0x7fc531618370 'com.apple.dt.runtime.swiftUIKit' '<DVTFilePath:0x7fc52fe32b60:'/Users/amri/Library/Developer/Xcode/Archives/2017-09-28/MasterpassQR Demo 28-9-17, 9.58 AM 2.xcarchive/Products/Applications/MasterpassQR Demo.app/Frameworks/libswiftUIKit.dylib'>'>
2017-09-28 02:00:12 +0000  Skipping stripping extended attributes of item: <IDEDistributionItem: 0x7fc53160dc20 'com.apple.dt.runtime.swiftos' '<DVTFilePath:0x7fc557df2150:'/Users/amri/Library/Developer/Xcode/Archives/2017-09-28/MasterpassQR Demo 28-9-17, 9.58 AM 2.xcarchive/Products/Applications/MasterpassQR Demo.app/Frameworks/libswiftos.dylib'>'>
2017-09-28 02:00:12 +0000  Skipping stripping extended attributes of item: <IDEDistributionItem: 0x7fc53161d980 'com.apple.dt.runtime.swiftsimd' '<DVTFilePath:0x7fc52cdaece0:'/Users/amri/Library/Developer/Xcode/Archives/2017-09-28/MasterpassQR Demo 28-9-17, 9.58 AM 2.xcarchive/Products/Applications/MasterpassQR Demo.app/Frameworks/libswiftsimd.dylib'>'>
2017-09-28 02:00:12 +0000  Running /usr/bin/xattr '-cr' '/var/folders/9k/16d2bz8x33g22q2dn3nc7nyr0000gn/T/XcodeDistPipeline.mEV/Root/Payload/MasterpassQR Demo.app'
2017-09-28 02:00:13 +0000  /usr/bin/xattr exited with 0
2017-09-28 02:00:13 +0000  Processing step: IDEDistributionCodesignStep
2017-09-28 02:00:13 +0000  Applying entitlements delta for <IDEDistributionItem: 0x7fc531614f70 'com.mastercard.ios.MasterpassQRCoreSDKV2' '<DVTFilePath:0x7fc5312f3470:'/Users/amri/Library/Developer/Xcode/Archives/2017-09-28/MasterpassQR Demo 28-9-17, 9.58 AM 2.xcarchive/Products/Applications/MasterpassQR Demo.app/Frameworks/MasterpassQRCoreSDKV2.framework'>'> from <IDEiCloudEntitlementsProcessor: 0x7fc52f8967a0>: {
}
2017-09-28 02:00:13 +0000  Entitlements for <IDEDistributionItem: 0x7fc531614f70 'com.mastercard.ios.MasterpassQRCoreSDKV2' '<DVTFilePath:0x7fc5312f3470:'/Users/amri/Library/Developer/Xcode/Archives/2017-09-28/MasterpassQR Demo 28-9-17, 9.58 AM 2.xcarchive/Products/Applications/MasterpassQR Demo.app/Frameworks/MasterpassQRCoreSDKV2.framework'>'>: {
}
2017-09-28 02:00:13 +0000  Writing entitlements for <IDEDistributionItem: 0x7fc531614f70 'com.mastercard.ios.MasterpassQRCoreSDKV2' '<DVTFilePath:0x7fc5312f3470:'/Users/amri/Library/Developer/Xcode/Archives/2017-09-28/MasterpassQR Demo 28-9-17, 9.58 AM 2.xcarchive/Products/Applications/MasterpassQR Demo.app/Frameworks/MasterpassQRCoreSDKV2.framework'>'> to: /var/folders/9k/16d2bz8x33g22q2dn3nc7nyr0000gn/T/XcodeDistPipeline.mEV/entitlementseiNWYa
2017-09-28 02:00:13 +0000  Running /usr/bin/codesign '-vvv' '--force' '--sign' 'CB9884B82F3F83493389714E86E4CF3B13C269C9' '--preserve-metadata=identifier,flags' '--entitlements' '/var/folders/9k/16d2bz8x33g22q2dn3nc7nyr0000gn/T/XcodeDistPipeline.mEV/entitlementseiNWYa' '/var/folders/9k/16d2bz8x33g22q2dn3nc7nyr0000gn/T/XcodeDistPipeline.mEV/Root/Payload/MasterpassQR Demo.app/Frameworks/MasterpassQRCoreSDKV2.framework'
2017-09-28 02:00:13 +0000  /var/folders/9k/16d2bz8x33g22q2dn3nc7nyr0000gn/T/XcodeDistPipeline.mEV/Root/Payload/MasterpassQR Demo.app/Frameworks/MasterpassQRCoreSDKV2.framework: replacing existing signature
2017-09-28 02:00:13 +0000  /var/folders/9k/16d2bz8x33g22q2dn3nc7nyr0000gn/T/XcodeDistPipeline.mEV/Root/Payload/MasterpassQR Demo.app/Frameworks/MasterpassQRCoreSDKV2.framework: signed bundle with Mach-O universal (armv7 x86_64 arm64) [com.mastercard.ios.MasterpassQRCoreSDKV2]
2017-09-28 02:00:13 +0000  /usr/bin/codesign exited with 0
2017-09-28 02:00:13 +0000  Applying entitlements delta for <IDEDistributionItem: 0x7fc5411ee1a0 'com.mastercard.ios.MasterpassQRScanSDK' '<DVTFilePath:0x7fc531611940:'/Users/amri/Library/Developer/Xcode/Archives/2017-09-28/MasterpassQR Demo 28-9-17, 9.58 AM 2.xcarchive/Products/Applications/MasterpassQR Demo.app/Frameworks/MasterpassQRScanSDK.framework'>'> from <IDEiCloudEntitlementsProcessor: 0x7fc52f84a810>: {
}
2017-09-28 02:00:13 +0000  Entitlements for <IDEDistributionItem: 0x7fc5411ee1a0 'com.mastercard.ios.MasterpassQRScanSDK' '<DVTFilePath:0x7fc531611940:'/Users/amri/Library/Developer/Xcode/Archives/2017-09-28/MasterpassQR Demo 28-9-17, 9.58 AM 2.xcarchive/Products/Applications/MasterpassQR Demo.app/Frameworks/MasterpassQRScanSDK.framework'>'>: {
}
2017-09-28 02:00:13 +0000  Writing entitlements for <IDEDistributionItem: 0x7fc5411ee1a0 'com.mastercard.ios.MasterpassQRScanSDK' '<DVTFilePath:0x7fc531611940:'/Users/amri/Library/Developer/Xcode/Archives/2017-09-28/MasterpassQR Demo 28-9-17, 9.58 AM 2.xcarchive/Products/Applications/MasterpassQR Demo.app/Frameworks/MasterpassQRScanSDK.framework'>'> to: /var/folders/9k/16d2bz8x33g22q2dn3nc7nyr0000gn/T/XcodeDistPipeline.mEV/entitlementsOQmSLY
2017-09-28 02:00:13 +0000  Running /usr/bin/codesign '-vvv' '--force' '--sign' 'CB9884B82F3F83493389714E86E4CF3B13C269C9' '--preserve-metadata=identifier,flags' '--entitlements' '/var/folders/9k/16d2bz8x33g22q2dn3nc7nyr0000gn/T/XcodeDistPipeline.mEV/entitlementsOQmSLY' '/var/folders/9k/16d2bz8x33g22q2dn3nc7nyr0000gn/T/XcodeDistPipeline.mEV/Root/Payload/MasterpassQR Demo.app/Frameworks/MasterpassQRScanSDK.framework'
2017-09-28 02:00:13 +0000  /var/folders/9k/16d2bz8x33g22q2dn3nc7nyr0000gn/T/XcodeDistPipeline.mEV/Root/Payload/MasterpassQR Demo.app/Frameworks/MasterpassQRScanSDK.framework: replacing existing signature
2017-09-28 02:00:13 +0000  /var/folders/9k/16d2bz8x33g22q2dn3nc7nyr0000gn/T/XcodeDistPipeline.mEV/Root/Payload/MasterpassQR Demo.app/Frameworks/MasterpassQRScanSDK.framework: signed bundle with Mach-O universal (armv7 arm64) [com.mastercard.ios.MasterpassQRScanSDK]
2017-09-28 02:00:13 +0000  /usr/bin/codesign exited with 0
2017-09-28 02:00:13 +0000  Applying entitlements delta for <IDEDistributionItem: 0x7fc53161db10 'com.apple.dt.runtime.swiftAVFoundation' '<DVTFilePath:0x7fc530df5730:'/Users/amri/Library/Developer/Xcode/Archives/2017-09-28/MasterpassQR Demo 28-9-17, 9.58 AM 2.xcarchive/Products/Applications/MasterpassQR Demo.app/Frameworks/libswiftAVFoundation.dylib'>'> from <IDEiCloudEntitlementsProcessor: 0x7fc52ec8b640>: {
}
2017-09-28 02:00:13 +0000  Entitlements for <IDEDistributionItem: 0x7fc53161db10 'com.apple.dt.runtime.swiftAVFoundation' '<DVTFilePath:0x7fc530df5730:'/Users/amri/Library/Developer/Xcode/Archives/2017-09-28/MasterpassQR Demo 28-9-17, 9.58 AM 2.xcarchive/Products/Applications/MasterpassQR Demo.app/Frameworks/libswiftAVFoundation.dylib'>'>: {
}
2017-09-28 02:00:13 +0000  Writing entitlements for <IDEDistributionItem: 0x7fc53161db10 'com.apple.dt.runtime.swiftAVFoundation' '<DVTFilePath:0x7fc530df5730:'/Users/amri/Library/Developer/Xcode/Archives/2017-09-28/MasterpassQR Demo 28-9-17, 9.58 AM 2.xcarchive/Products/Applications/MasterpassQR Demo.app/Frameworks/libswiftAVFoundation.dylib'>'> to: /var/folders/9k/16d2bz8x33g22q2dn3nc7nyr0000gn/T/XcodeDistPipeline.mEV/entitlementskqilpn
2017-09-28 02:00:13 +0000  Running /usr/bin/codesign '-vvv' '--force' '--sign' 'CB9884B82F3F83493389714E86E4CF3B13C269C9' '--preserve-metadata=identifier,flags' '--entitlements' '/var/folders/9k/16d2bz8x33g22q2dn3nc7nyr0000gn/T/XcodeDistPipeline.mEV/entitlementskqilpn' '/var/folders/9k/16d2bz8x33g22q2dn3nc7nyr0000gn/T/XcodeDistPipeline.mEV/Root/Payload/MasterpassQR Demo.app/Frameworks/libswiftAVFoundation.dylib'
2017-09-28 02:00:13 +0000  /var/folders/9k/16d2bz8x33g22q2dn3nc7nyr0000gn/T/XcodeDistPipeline.mEV/Root/Payload/MasterpassQR Demo.app/Frameworks/libswiftAVFoundation.dylib: replacing existing signature
2017-09-28 02:00:13 +0000  /var/folders/9k/16d2bz8x33g22q2dn3nc7nyr0000gn/T/XcodeDistPipeline.mEV/Root/Payload/MasterpassQR Demo.app/Frameworks/libswiftAVFoundation.dylib: signed Mach-O universal (armv7 armv7s arm64) [com.apple.dt.runtime.swiftAVFoundation]
2017-09-28 02:00:13 +0000  /usr/bin/codesign exited with 0
2017-09-28 02:00:13 +0000  Applying entitlements delta for <IDEDistributionItem: 0x7fc530c64780 'com.apple.dt.runtime.swiftCore' '<DVTFilePath:0x7fc52fe5a4c0:'/Users/amri/Library/Developer/Xcode/Archives/2017-09-28/MasterpassQR Demo 28-9-17, 9.58 AM 2.xcarchive/Products/Applications/MasterpassQR Demo.app/Frameworks/libswiftCore.dylib'>'> from <IDEiCloudEntitlementsProcessor: 0x7fc5309bd870>: {
}
2017-09-28 02:00:13 +0000  Entitlements for <IDEDistributionItem: 0x7fc530c64780 'com.apple.dt.runtime.swiftCore' '<DVTFilePath:0x7fc52fe5a4c0:'/Users/amri/Library/Developer/Xcode/Archives/2017-09-28/MasterpassQR Demo 28-9-17, 9.58 AM 2.xcarchive/Products/Applications/MasterpassQR Demo.app/Frameworks/libswiftCore.dylib'>'>: {
}
2017-09-28 02:00:13 +0000  Writing entitlements for <IDEDistributionItem: 0x7fc530c64780 'com.apple.dt.runtime.swiftCore' '<DVTFilePath:0x7fc52fe5a4c0:'/Users/amri/Library/Developer/Xcode/Archives/2017-09-28/MasterpassQR Demo 28-9-17, 9.58 AM 2.xcarchive/Products/Applications/MasterpassQR Demo.app/Frameworks/libswiftCore.dylib'>'> to: /var/folders/9k/16d2bz8x33g22q2dn3nc7nyr0000gn/T/XcodeDistPipeline.mEV/entitlementsuqsVzi
2017-09-28 02:00:13 +0000  Running /usr/bin/codesign '-vvv' '--force' '--sign' 'CB9884B82F3F83493389714E86E4CF3B13C269C9' '--preserve-metadata=identifier,flags' '--entitlements' '/var/folders/9k/16d2bz8x33g22q2dn3nc7nyr0000gn/T/XcodeDistPipeline.mEV/entitlementsuqsVzi' '/var/folders/9k/16d2bz8x33g22q2dn3nc7nyr0000gn/T/XcodeDistPipeline.mEV/Root/Payload/MasterpassQR Demo.app/Frameworks/libswiftCore.dylib'
2017-09-28 02:00:13 +0000  /var/folders/9k/16d2bz8x33g22q2dn3nc7nyr0000gn/T/XcodeDistPipeline.mEV/Root/Payload/MasterpassQR Demo.app/Frameworks/libswiftCore.dylib: replacing existing signature
2017-09-28 02:00:13 +0000  /var/folders/9k/16d2bz8x33g22q2dn3nc7nyr0000gn/T/XcodeDistPipeline.mEV/Root/Payload/MasterpassQR Demo.app/Frameworks/libswiftCore.dylib: signed Mach-O universal (armv7 armv7s arm64) [com.apple.dt.runtime.swiftCore]
2017-09-28 02:00:13 +0000  /usr/bin/codesign exited with 0
2017-09-28 02:00:13 +0000  Applying entitlements delta for <IDEDistributionItem: 0x7fc5316037f0 'com.apple.dt.runtime.swiftCoreAudio' '<DVTFilePath:0x7fc5312f46e0:'/Users/amri/Library/Developer/Xcode/Archives/2017-09-28/MasterpassQR Demo 28-9-17, 9.58 AM 2.xcarchive/Products/Applications/MasterpassQR Demo.app/Frameworks/libswiftCoreAudio.dylib'>'> from <IDEiCloudEntitlementsProcessor: 0x7fc52ee08cf0>: {
}
2017-09-28 02:00:13 +0000  Entitlements for <IDEDistributionItem: 0x7fc5316037f0 'com.apple.dt.runtime.swiftCoreAudio' '<DVTFilePath:0x7fc5312f46e0:'/Users/amri/Library/Developer/Xcode/Archives/2017-09-28/MasterpassQR Demo 28-9-17, 9.58 AM 2.xcarchive/Products/Applications/MasterpassQR Demo.app/Frameworks/libswiftCoreAudio.dylib'>'>: {
}
2017-09-28 02:00:13 +0000  Writing entitlements for <IDEDistributionItem: 0x7fc5316037f0 'com.apple.dt.runtime.swiftCoreAudio' '<DVTFilePath:0x7fc5312f46e0:'/Users/amri/Library/Developer/Xcode/Archives/2017-09-28/MasterpassQR Demo 28-9-17, 9.58 AM 2.xcarchive/Products/Applications/MasterpassQR Demo.app/Frameworks/libswiftCoreAudio.dylib'>'> to: /var/folders/9k/16d2bz8x33g22q2dn3nc7nyr0000gn/T/XcodeDistPipeline.mEV/entitlementsLRFTOg
2017-09-28 02:00:13 +0000  Running /usr/bin/codesign '-vvv' '--force' '--sign' 'CB9884B82F3F83493389714E86E4CF3B13C269C9' '--preserve-metadata=identifier,flags' '--entitlements' '/var/folders/9k/16d2bz8x33g22q2dn3nc7nyr0000gn/T/XcodeDistPipeline.mEV/entitlementsLRFTOg' '/var/folders/9k/16d2bz8x33g22q2dn3nc7nyr0000gn/T/XcodeDistPipeline.mEV/Root/Payload/MasterpassQR Demo.app/Frameworks/libswiftCoreAudio.dylib'
2017-09-28 02:00:13 +0000  /var/folders/9k/16d2bz8x33g22q2dn3nc7nyr0000gn/T/XcodeDistPipeline.mEV/Root/Payload/MasterpassQR Demo.app/Frameworks/libswiftCoreAudio.dylib: replacing existing signature
2017-09-28 02:00:13 +0000  /var/folders/9k/16d2bz8x33g22q2dn3nc7nyr0000gn/T/XcodeDistPipeline.mEV/Root/Payload/MasterpassQR Demo.app/Frameworks/libswiftCoreAudio.dylib: signed Mach-O universal (armv7 armv7s arm64) [com.apple.dt.runtime.swiftCoreAudio]
2017-09-28 02:00:13 +0000  /usr/bin/codesign exited with 0
2017-09-28 02:00:13 +0000  Applying entitlements delta for <IDEDistributionItem: 0x7fc5310bafc0 'com.apple.dt.runtime.swiftCoreData' '<DVTFilePath:0x7fc531287970:'/Users/amri/Library/Developer/Xcode/Archives/2017-09-28/MasterpassQR Demo 28-9-17, 9.58 AM 2.xcarchive/Products/Applications/MasterpassQR Demo.app/Frameworks/libswiftCoreData.dylib'>'> from <IDEiCloudEntitlementsProcessor: 0x7fc53096b6c0>: {
}
2017-09-28 02:00:13 +0000  Entitlements for <IDEDistributionItem: 0x7fc5310bafc0 'com.apple.dt.runtime.swiftCoreData' '<DVTFilePath:0x7fc531287970:'/Users/amri/Library/Developer/Xcode/Archives/2017-09-28/MasterpassQR Demo 28-9-17, 9.58 AM 2.xcarchive/Products/Applications/MasterpassQR Demo.app/Frameworks/libswiftCoreData.dylib'>'>: {
}
2017-09-28 02:00:13 +0000  Writing entitlements for <IDEDistributionItem: 0x7fc5310bafc0 'com.apple.dt.runtime.swiftCoreData' '<DVTFilePath:0x7fc531287970:'/Users/amri/Library/Developer/Xcode/Archives/2017-09-28/MasterpassQR Demo 28-9-17, 9.58 AM 2.xcarchive/Products/Applications/MasterpassQR Demo.app/Frameworks/libswiftCoreData.dylib'>'> to: /var/folders/9k/16d2bz8x33g22q2dn3nc7nyr0000gn/T/XcodeDistPipeline.mEV/entitlementsHaBkOq
2017-09-28 02:00:13 +0000  Running /usr/bin/codesign '-vvv' '--force' '--sign' 'CB9884B82F3F83493389714E86E4CF3B13C269C9' '--preserve-metadata=identifier,flags' '--entitlements' '/var/folders/9k/16d2bz8x33g22q2dn3nc7nyr0000gn/T/XcodeDistPipeline.mEV/entitlementsHaBkOq' '/var/folders/9k/16d2bz8x33g22q2dn3nc7nyr0000gn/T/XcodeDistPipeline.mEV/Root/Payload/MasterpassQR Demo.app/Frameworks/libswiftCoreData.dylib'
2017-09-28 02:00:13 +0000  /var/folders/9k/16d2bz8x33g22q2dn3nc7nyr0000gn/T/XcodeDistPipeline.mEV/Root/Payload/MasterpassQR Demo.app/Frameworks/libswiftCoreData.dylib: replacing existing signature
2017-09-28 02:00:14 +0000  /var/folders/9k/16d2bz8x33g22q2dn3nc7nyr0000gn/T/XcodeDistPipeline.mEV/Root/Payload/MasterpassQR Demo.app/Frameworks/libswiftCoreData.dylib: signed Mach-O universal (armv7 armv7s arm64) [com.apple.dt.runtime.swiftCoreData]
2017-09-28 02:00:14 +0000  /usr/bin/codesign exited with 0
2017-09-28 02:00:14 +0000  Applying entitlements delta for <IDEDistributionItem: 0x7fc53106d550 'com.apple.dt.runtime.swiftCoreFoundation' '<DVTFilePath:0x7fc5312b54c0:'/Users/amri/Library/Developer/Xcode/Archives/2017-09-28/MasterpassQR Demo 28-9-17, 9.58 AM 2.xcarchive/Products/Applications/MasterpassQR Demo.app/Frameworks/libswiftCoreFoundation.dylib'>'> from <IDEiCloudEntitlementsProcessor: 0x7fc52ee11420>: {
}
2017-09-28 02:00:14 +0000  Entitlements for <IDEDistributionItem: 0x7fc53106d550 'com.apple.dt.runtime.swiftCoreFoundation' '<DVTFilePath:0x7fc5312b54c0:'/Users/amri/Library/Developer/Xcode/Archives/2017-09-28/MasterpassQR Demo 28-9-17, 9.58 AM 2.xcarchive/Products/Applications/MasterpassQR Demo.app/Frameworks/libswiftCoreFoundation.dylib'>'>: {
}
2017-09-28 02:00:14 +0000  Writing entitlements for <IDEDistributionItem: 0x7fc53106d550 'com.apple.dt.runtime.swiftCoreFoundation' '<DVTFilePath:0x7fc5312b54c0:'/Users/amri/Library/Developer/Xcode/Archives/2017-09-28/MasterpassQR Demo 28-9-17, 9.58 AM 2.xcarchive/Products/Applications/MasterpassQR Demo.app/Frameworks/libswiftCoreFoundation.dylib'>'> to: /var/folders/9k/16d2bz8x33g22q2dn3nc7nyr0000gn/T/XcodeDistPipeline.mEV/entitlementsFE9PaH
2017-09-28 02:00:14 +0000  Running /usr/bin/codesign '-vvv' '--force' '--sign' 'CB9884B82F3F83493389714E86E4CF3B13C269C9' '--preserve-metadata=identifier,flags' '--entitlements' '/var/folders/9k/16d2bz8x33g22q2dn3nc7nyr0000gn/T/XcodeDistPipeline.mEV/entitlementsFE9PaH' '/var/folders/9k/16d2bz8x33g22q2dn3nc7nyr0000gn/T/XcodeDistPipeline.mEV/Root/Payload/MasterpassQR Demo.app/Frameworks/libswiftCoreFoundation.dylib'
2017-09-28 02:00:14 +0000  /var/folders/9k/16d2bz8x33g22q2dn3nc7nyr0000gn/T/XcodeDistPipeline.mEV/Root/Payload/MasterpassQR Demo.app/Frameworks/libswiftCoreFoundation.dylib: replacing existing signature
2017-09-28 02:00:14 +0000  /var/folders/9k/16d2bz8x33g22q2dn3nc7nyr0000gn/T/XcodeDistPipeline.mEV/Root/Payload/MasterpassQR Demo.app/Frameworks/libswiftCoreFoundation.dylib: signed Mach-O universal (armv7 armv7s arm64) [com.apple.dt.runtime.swiftCoreFoundation]
2017-09-28 02:00:14 +0000  /usr/bin/codesign exited with 0
2017-09-28 02:00:14 +0000  Applying entitlements delta for <IDEDistributionItem: 0x7fc5304752d0 'com.apple.dt.runtime.swiftCoreGraphics' '<DVTFilePath:0x7fc53e475c10:'/Users/amri/Library/Developer/Xcode/Archives/2017-09-28/MasterpassQR Demo 28-9-17, 9.58 AM 2.xcarchive/Products/Applications/MasterpassQR Demo.app/Frameworks/libswiftCoreGraphics.dylib'>'> from <IDEiCloudEntitlementsProcessor: 0x7fc52f833700>: {
}
2017-09-28 02:00:14 +0000  Entitlements for <IDEDistributionItem: 0x7fc5304752d0 'com.apple.dt.runtime.swiftCoreGraphics' '<DVTFilePath:0x7fc53e475c10:'/Users/amri/Library/Developer/Xcode/Archives/2017-09-28/MasterpassQR Demo 28-9-17, 9.58 AM 2.xcarchive/Products/Applications/MasterpassQR Demo.app/Frameworks/libswiftCoreGraphics.dylib'>'>: {
}
2017-09-28 02:00:14 +0000  Writing entitlements for <IDEDistributionItem: 0x7fc5304752d0 'com.apple.dt.runtime.swiftCoreGraphics' '<DVTFilePath:0x7fc53e475c10:'/Users/amri/Library/Developer/Xcode/Archives/2017-09-28/MasterpassQR Demo 28-9-17, 9.58 AM 2.xcarchive/Products/Applications/MasterpassQR Demo.app/Frameworks/libswiftCoreGraphics.dylib'>'> to: /var/folders/9k/16d2bz8x33g22q2dn3nc7nyr0000gn/T/XcodeDistPipeline.mEV/entitlementsq8NtsR
2017-09-28 02:00:14 +0000  Running /usr/bin/codesign '-vvv' '--force' '--sign' 'CB9884B82F3F83493389714E86E4CF3B13C269C9' '--preserve-metadata=identifier,flags' '--entitlements' '/var/folders/9k/16d2bz8x33g22q2dn3nc7nyr0000gn/T/XcodeDistPipeline.mEV/entitlementsq8NtsR' '/var/folders/9k/16d2bz8x33g22q2dn3nc7nyr0000gn/T/XcodeDistPipeline.mEV/Root/Payload/MasterpassQR Demo.app/Frameworks/libswiftCoreGraphics.dylib'
2017-09-28 02:00:14 +0000  /var/folders/9k/16d2bz8x33g22q2dn3nc7nyr0000gn/T/XcodeDistPipeline.mEV/Root/Payload/MasterpassQR Demo.app/Frameworks/libswiftCoreGraphics.dylib: replacing existing signature
2017-09-28 02:00:14 +0000  /var/folders/9k/16d2bz8x33g22q2dn3nc7nyr0000gn/T/XcodeDistPipeline.mEV/Root/Payload/MasterpassQR Demo.app/Frameworks/libswiftCoreGraphics.dylib: signed Mach-O universal (armv7 armv7s arm64) [com.apple.dt.runtime.swiftCoreGraphics]
2017-09-28 02:00:14 +0000  /usr/bin/codesign exited with 0
2017-09-28 02:00:14 +0000  Applying entitlements delta for <IDEDistributionItem: 0x7fc530187440 'com.apple.dt.runtime.swiftCoreImage' '<DVTFilePath:0x7fc5312ce240:'/Users/amri/Library/Developer/Xcode/Archives/2017-09-28/MasterpassQR Demo 28-9-17, 9.58 AM 2.xcarchive/Products/Applications/MasterpassQR Demo.app/Frameworks/libswiftCoreImage.dylib'>'> from <IDEiCloudEntitlementsProcessor: 0x7fc531417740>: {
}
2017-09-28 02:00:14 +0000  Entitlements for <IDEDistributionItem: 0x7fc530187440 'com.apple.dt.runtime.swiftCoreImage' '<DVTFilePath:0x7fc5312ce240:'/Users/amri/Library/Developer/Xcode/Archives/2017-09-28/MasterpassQR Demo 28-9-17, 9.58 AM 2.xcarchive/Products/Applications/MasterpassQR Demo.app/Frameworks/libswiftCoreImage.dylib'>'>: {
}
2017-09-28 02:00:14 +0000  Writing entitlements for <IDEDistributionItem: 0x7fc530187440 'com.apple.dt.runtime.swiftCoreImage' '<DVTFilePath:0x7fc5312ce240:'/Users/amri/Library/Developer/Xcode/Archives/2017-09-28/MasterpassQR Demo 28-9-17, 9.58 AM 2.xcarchive/Products/Applications/MasterpassQR Demo.app/Frameworks/libswiftCoreImage.dylib'>'> to: /var/folders/9k/16d2bz8x33g22q2dn3nc7nyr0000gn/T/XcodeDistPipeline.mEV/entitlementsO7Brft
2017-09-28 02:00:14 +0000  Running /usr/bin/codesign '-vvv' '--force' '--sign' 'CB9884B82F3F83493389714E86E4CF3B13C269C9' '--preserve-metadata=identifier,flags' '--entitlements' '/var/folders/9k/16d2bz8x33g22q2dn3nc7nyr0000gn/T/XcodeDistPipeline.mEV/entitlementsO7Brft' '/var/folders/9k/16d2bz8x33g22q2dn3nc7nyr0000gn/T/XcodeDistPipeline.mEV/Root/Payload/MasterpassQR Demo.app/Frameworks/libswiftCoreImage.dylib'
2017-09-28 02:00:14 +0000  /var/folders/9k/16d2bz8x33g22q2dn3nc7nyr0000gn/T/XcodeDistPipeline.mEV/Root/Payload/MasterpassQR Demo.app/Frameworks/libswiftCoreImage.dylib: replacing existing signature
2017-09-28 02:00:14 +0000  /var/folders/9k/16d2bz8x33g22q2dn3nc7nyr0000gn/T/XcodeDistPipeline.mEV/Root/Payload/MasterpassQR Demo.app/Frameworks/libswiftCoreImage.dylib: signed Mach-O universal (armv7 armv7s arm64) [com.apple.dt.runtime.swiftCoreImage]
2017-09-28 02:00:14 +0000  /usr/bin/codesign exited with 0
2017-09-28 02:00:14 +0000  Applying entitlements delta for <IDEDistributionItem: 0x7fc5310abaa0 'com.apple.dt.runtime.swiftCoreLocation' '<DVTFilePath:0x7fc53142c560:'/Users/amri/Library/Developer/Xcode/Archives/2017-09-28/MasterpassQR Demo 28-9-17, 9.58 AM 2.xcarchive/Products/Applications/MasterpassQR Demo.app/Frameworks/libswiftCoreLocation.dylib'>'> from <IDEiCloudEntitlementsProcessor: 0x7fc530a7bc80>: {
}
2017-09-28 02:00:14 +0000  Entitlements for <IDEDistributionItem: 0x7fc5310abaa0 'com.apple.dt.runtime.swiftCoreLocation' '<DVTFilePath:0x7fc53142c560:'/Users/amri/Library/Developer/Xcode/Archives/2017-09-28/MasterpassQR Demo 28-9-17, 9.58 AM 2.xcarchive/Products/Applications/MasterpassQR Demo.app/Frameworks/libswiftCoreLocation.dylib'>'>: {
}
2017-09-28 02:00:14 +0000  Writing entitlements for <IDEDistributionItem: 0x7fc5310abaa0 'com.apple.dt.runtime.swiftCoreLocation' '<DVTFilePath:0x7fc53142c560:'/Users/amri/Library/Developer/Xcode/Archives/2017-09-28/MasterpassQR Demo 28-9-17, 9.58 AM 2.xcarchive/Products/Applications/MasterpassQR Demo.app/Frameworks/libswiftCoreLocation.dylib'>'> to: /var/folders/9k/16d2bz8x33g22q2dn3nc7nyr0000gn/T/XcodeDistPipeline.mEV/entitlementsEDWY8L
2017-09-28 02:00:14 +0000  Running /usr/bin/codesign '-vvv' '--force' '--sign' 'CB9884B82F3F83493389714E86E4CF3B13C269C9' '--preserve-metadata=identifier,flags' '--entitlements' '/var/folders/9k/16d2bz8x33g22q2dn3nc7nyr0000gn/T/XcodeDistPipeline.mEV/entitlementsEDWY8L' '/var/folders/9k/16d2bz8x33g22q2dn3nc7nyr0000gn/T/XcodeDistPipeline.mEV/Root/Payload/MasterpassQR Demo.app/Frameworks/libswiftCoreLocation.dylib'
2017-09-28 02:00:14 +0000  /var/folders/9k/16d2bz8x33g22q2dn3nc7nyr0000gn/T/XcodeDistPipeline.mEV/Root/Payload/MasterpassQR Demo.app/Frameworks/libswiftCoreLocation.dylib: replacing existing signature
2017-09-28 02:00:14 +0000  /var/folders/9k/16d2bz8x33g22q2dn3nc7nyr0000gn/T/XcodeDistPipeline.mEV/Root/Payload/MasterpassQR Demo.app/Frameworks/libswiftCoreLocation.dylib: signed Mach-O universal (armv7 armv7s arm64) [com.apple.dt.runtime.swiftCoreLocation]
2017-09-28 02:00:14 +0000  /usr/bin/codesign exited with 0
2017-09-28 02:00:14 +0000  Applying entitlements delta for <IDEDistributionItem: 0x7fc52f108b90 'com.apple.dt.runtime.swiftCoreMedia' '<DVTFilePath:0x7fc5310d2880:'/Users/amri/Library/Developer/Xcode/Archives/2017-09-28/MasterpassQR Demo 28-9-17, 9.58 AM 2.xcarchive/Products/Applications/MasterpassQR Demo.app/Frameworks/libswiftCoreMedia.dylib'>'> from <IDEiCloudEntitlementsProcessor: 0x7fc52f869e70>: {
}
2017-09-28 02:00:14 +0000  Entitlements for <IDEDistributionItem: 0x7fc52f108b90 'com.apple.dt.runtime.swiftCoreMedia' '<DVTFilePath:0x7fc5310d2880:'/Users/amri/Library/Developer/Xcode/Archives/2017-09-28/MasterpassQR Demo 28-9-17, 9.58 AM 2.xcarchive/Products/Applications/MasterpassQR Demo.app/Frameworks/libswiftCoreMedia.dylib'>'>: {
}
2017-09-28 02:00:14 +0000  Writing entitlements for <IDEDistributionItem: 0x7fc52f108b90 'com.apple.dt.runtime.swiftCoreMedia' '<DVTFilePath:0x7fc5310d2880:'/Users/amri/Library/Developer/Xcode/Archives/2017-09-28/MasterpassQR Demo 28-9-17, 9.58 AM 2.xcarchive/Products/Applications/MasterpassQR Demo.app/Frameworks/libswiftCoreMedia.dylib'>'> to: /var/folders/9k/16d2bz8x33g22q2dn3nc7nyr0000gn/T/XcodeDistPipeline.mEV/entitlementsDlRQyB
2017-09-28 02:00:14 +0000  Running /usr/bin/codesign '-vvv' '--force' '--sign' 'CB9884B82F3F83493389714E86E4CF3B13C269C9' '--preserve-metadata=identifier,flags' '--entitlements' '/var/folders/9k/16d2bz8x33g22q2dn3nc7nyr0000gn/T/XcodeDistPipeline.mEV/entitlementsDlRQyB' '/var/folders/9k/16d2bz8x33g22q2dn3nc7nyr0000gn/T/XcodeDistPipeline.mEV/Root/Payload/MasterpassQR Demo.app/Frameworks/libswiftCoreMedia.dylib'
2017-09-28 02:00:14 +0000  /var/folders/9k/16d2bz8x33g22q2dn3nc7nyr0000gn/T/XcodeDistPipeline.mEV/Root/Payload/MasterpassQR Demo.app/Frameworks/libswiftCoreMedia.dylib: replacing existing signature
2017-09-28 02:00:14 +0000  /var/folders/9k/16d2bz8x33g22q2dn3nc7nyr0000gn/T/XcodeDistPipeline.mEV/Root/Payload/MasterpassQR Demo.app/Frameworks/libswiftCoreMedia.dylib: signed Mach-O universal (armv7 armv7s arm64) [com.apple.dt.runtime.swiftCoreMedia]
2017-09-28 02:00:14 +0000  /usr/bin/codesign exited with 0
2017-09-28 02:00:14 +0000  Applying entitlements delta for <IDEDistributionItem: 0x7fc53142f6b0 'com.apple.dt.runtime.swiftDarwin' '<DVTFilePath:0x7fc52e2cf450:'/Users/amri/Library/Developer/Xcode/Archives/2017-09-28/MasterpassQR Demo 28-9-17, 9.58 AM 2.xcarchive/Products/Applications/MasterpassQR Demo.app/Frameworks/libswiftDarwin.dylib'>'> from <IDEiCloudEntitlementsProcessor: 0x7fc52f896650>: {
}
2017-09-28 02:00:14 +0000  Entitlements for <IDEDistributionItem: 0x7fc53142f6b0 'com.apple.dt.runtime.swiftDarwin' '<DVTFilePath:0x7fc52e2cf450:'/Users/amri/Library/Developer/Xcode/Archives/2017-09-28/MasterpassQR Demo 28-9-17, 9.58 AM 2.xcarchive/Products/Applications/MasterpassQR Demo.app/Frameworks/libswiftDarwin.dylib'>'>: {
}
2017-09-28 02:00:14 +0000  Writing entitlements for <IDEDistributionItem: 0x7fc53142f6b0 'com.apple.dt.runtime.swiftDarwin' '<DVTFilePath:0x7fc52e2cf450:'/Users/amri/Library/Developer/Xcode/Archives/2017-09-28/MasterpassQR Demo 28-9-17, 9.58 AM 2.xcarchive/Products/Applications/MasterpassQR Demo.app/Frameworks/libswiftDarwin.dylib'>'> to: /var/folders/9k/16d2bz8x33g22q2dn3nc7nyr0000gn/T/XcodeDistPipeline.mEV/entitlementsEvDXl5
2017-09-28 02:00:14 +0000  Running /usr/bin/codesign '-vvv' '--force' '--sign' 'CB9884B82F3F83493389714E86E4CF3B13C269C9' '--preserve-metadata=identifier,flags' '--entitlements' '/var/folders/9k/16d2bz8x33g22q2dn3nc7nyr0000gn/T/XcodeDistPipeline.mEV/entitlementsEvDXl5' '/var/folders/9k/16d2bz8x33g22q2dn3nc7nyr0000gn/T/XcodeDistPipeline.mEV/Root/Payload/MasterpassQR Demo.app/Frameworks/libswiftDarwin.dylib'
2017-09-28 02:00:14 +0000  /var/folders/9k/16d2bz8x33g22q2dn3nc7nyr0000gn/T/XcodeDistPipeline.mEV/Root/Payload/MasterpassQR Demo.app/Frameworks/libswiftDarwin.dylib: replacing existing signature
2017-09-28 02:00:14 +0000  /var/folders/9k/16d2bz8x33g22q2dn3nc7nyr0000gn/T/XcodeDistPipeline.mEV/Root/Payload/MasterpassQR Demo.app/Frameworks/libswiftDarwin.dylib: signed Mach-O universal (armv7 armv7s arm64) [com.apple.dt.runtime.swiftDarwin]
2017-09-28 02:00:14 +0000  /usr/bin/codesign exited with 0
2017-09-28 02:00:14 +0000  Applying entitlements delta for <IDEDistributionItem: 0x7fc52e48cdc0 'com.apple.dt.runtime.swiftDispatch' '<DVTFilePath:0x7fc52ee451d0:'/Users/amri/Library/Developer/Xcode/Archives/2017-09-28/MasterpassQR Demo 28-9-17, 9.58 AM 2.xcarchive/Products/Applications/MasterpassQR Demo.app/Frameworks/libswiftDispatch.dylib'>'> from <IDEiCloudEntitlementsProcessor: 0x7fc52f867680>: {
}
2017-09-28 02:00:14 +0000  Entitlements for <IDEDistributionItem: 0x7fc52e48cdc0 'com.apple.dt.runtime.swiftDispatch' '<DVTFilePath:0x7fc52ee451d0:'/Users/amri/Library/Developer/Xcode/Archives/2017-09-28/MasterpassQR Demo 28-9-17, 9.58 AM 2.xcarchive/Products/Applications/MasterpassQR Demo.app/Frameworks/libswiftDispatch.dylib'>'>: {
}
2017-09-28 02:00:14 +0000  Writing entitlements for <IDEDistributionItem: 0x7fc52e48cdc0 'com.apple.dt.runtime.swiftDispatch' '<DVTFilePath:0x7fc52ee451d0:'/Users/amri/Library/Developer/Xcode/Archives/2017-09-28/MasterpassQR Demo 28-9-17, 9.58 AM 2.xcarchive/Products/Applications/MasterpassQR Demo.app/Frameworks/libswiftDispatch.dylib'>'> to: /var/folders/9k/16d2bz8x33g22q2dn3nc7nyr0000gn/T/XcodeDistPipeline.mEV/entitlementsEFyEBF
2017-09-28 02:00:14 +0000  Running /usr/bin/codesign '-vvv' '--force' '--sign' 'CB9884B82F3F83493389714E86E4CF3B13C269C9' '--preserve-metadata=identifier,flags' '--entitlements' '/var/folders/9k/16d2bz8x33g22q2dn3nc7nyr0000gn/T/XcodeDistPipeline.mEV/entitlementsEFyEBF' '/var/folders/9k/16d2bz8x33g22q2dn3nc7nyr0000gn/T/XcodeDistPipeline.mEV/Root/Payload/MasterpassQR Demo.app/Frameworks/libswiftDispatch.dylib'
2017-09-28 02:00:14 +0000  /var/folders/9k/16d2bz8x33g22q2dn3nc7nyr0000gn/T/XcodeDistPipeline.mEV/Root/Payload/MasterpassQR Demo.app/Frameworks/libswiftDispatch.dylib: replacing existing signature
2017-09-28 02:00:14 +0000  /var/folders/9k/16d2bz8x33g22q2dn3nc7nyr0000gn/T/XcodeDistPipeline.mEV/Root/Payload/MasterpassQR Demo.app/Frameworks/libswiftDispatch.dylib: signed Mach-O universal (armv7 armv7s arm64) [com.apple.dt.runtime.swiftDispatch]
2017-09-28 02:00:14 +0000  /usr/bin/codesign exited with 0
2017-09-28 02:00:14 +0000  Applying entitlements delta for <IDEDistributionItem: 0x7fc5310c4290 'com.apple.dt.runtime.swiftFoundation' '<DVTFilePath:0x7fc52be1dfb0:'/Users/amri/Library/Developer/Xcode/Archives/2017-09-28/MasterpassQR Demo 28-9-17, 9.58 AM 2.xcarchive/Products/Applications/MasterpassQR Demo.app/Frameworks/libswiftFoundation.dylib'>'> from <IDEiCloudEntitlementsProcessor: 0x7fc5309e60b0>: {
}
2017-09-28 02:00:14 +0000  Entitlements for <IDEDistributionItem: 0x7fc5310c4290 'com.apple.dt.runtime.swiftFoundation' '<DVTFilePath:0x7fc52be1dfb0:'/Users/amri/Library/Developer/Xcode/Archives/2017-09-28/MasterpassQR Demo 28-9-17, 9.58 AM 2.xcarchive/Products/Applications/MasterpassQR Demo.app/Frameworks/libswiftFoundation.dylib'>'>: {
}
2017-09-28 02:00:14 +0000  Writing entitlements for <IDEDistributionItem: 0x7fc5310c4290 'com.apple.dt.runtime.swiftFoundation' '<DVTFilePath:0x7fc52be1dfb0:'/Users/amri/Library/Developer/Xcode/Archives/2017-09-28/MasterpassQR Demo 28-9-17, 9.58 AM 2.xcarchive/Products/Applications/MasterpassQR Demo.app/Frameworks/libswiftFoundation.dylib'>'> to: /var/folders/9k/16d2bz8x33g22q2dn3nc7nyr0000gn/T/XcodeDistPipeline.mEV/entitlementsVsqIFn
2017-09-28 02:00:14 +0000  Running /usr/bin/codesign '-vvv' '--force' '--sign' 'CB9884B82F3F83493389714E86E4CF3B13C269C9' '--preserve-metadata=identifier,flags' '--entitlements' '/var/folders/9k/16d2bz8x33g22q2dn3nc7nyr0000gn/T/XcodeDistPipeline.mEV/entitlementsVsqIFn' '/var/folders/9k/16d2bz8x33g22q2dn3nc7nyr0000gn/T/XcodeDistPipeline.mEV/Root/Payload/MasterpassQR Demo.app/Frameworks/libswiftFoundation.dylib'
2017-09-28 02:00:14 +0000  /var/folders/9k/16d2bz8x33g22q2dn3nc7nyr0000gn/T/XcodeDistPipeline.mEV/Root/Payload/MasterpassQR Demo.app/Frameworks/libswiftFoundation.dylib: replacing existing signature
2017-09-28 02:00:15 +0000  /var/folders/9k/16d2bz8x33g22q2dn3nc7nyr0000gn/T/XcodeDistPipeline.mEV/Root/Payload/MasterpassQR Demo.app/Frameworks/libswiftFoundation.dylib: signed Mach-O universal (armv7 armv7s arm64) [com.apple.dt.runtime.swiftFoundation]
2017-09-28 02:00:15 +0000  /usr/bin/codesign exited with 0
2017-09-28 02:00:15 +0000  Applying entitlements delta for <IDEDistributionItem: 0x7fc52fab1c40 'com.apple.dt.runtime.swiftMetal' '<DVTFilePath:0x7fc52ca83df0:'/Users/amri/Library/Developer/Xcode/Archives/2017-09-28/MasterpassQR Demo 28-9-17, 9.58 AM 2.xcarchive/Products/Applications/MasterpassQR Demo.app/Frameworks/libswiftMetal.dylib'>'> from <IDEiCloudEntitlementsProcessor: 0x7fc52f8a0700>: {
}
2017-09-28 02:00:15 +0000  Entitlements for <IDEDistributionItem: 0x7fc52fab1c40 'com.apple.dt.runtime.swiftMetal' '<DVTFilePath:0x7fc52ca83df0:'/Users/amri/Library/Developer/Xcode/Archives/2017-09-28/MasterpassQR Demo 28-9-17, 9.58 AM 2.xcarchive/Products/Applications/MasterpassQR Demo.app/Frameworks/libswiftMetal.dylib'>'>: {
}
2017-09-28 02:00:15 +0000  Writing entitlements for <IDEDistributionItem: 0x7fc52fab1c40 'com.apple.dt.runtime.swiftMetal' '<DVTFilePath:0x7fc52ca83df0:'/Users/amri/Library/Developer/Xcode/Archives/2017-09-28/MasterpassQR Demo 28-9-17, 9.58 AM 2.xcarchive/Products/Applications/MasterpassQR Demo.app/Frameworks/libswiftMetal.dylib'>'> to: /var/folders/9k/16d2bz8x33g22q2dn3nc7nyr0000gn/T/XcodeDistPipeline.mEV/entitlements7yNCU8
2017-09-28 02:00:15 +0000  Running /usr/bin/codesign '-vvv' '--force' '--sign' 'CB9884B82F3F83493389714E86E4CF3B13C269C9' '--preserve-metadata=identifier,flags' '--entitlements' '/var/folders/9k/16d2bz8x33g22q2dn3nc7nyr0000gn/T/XcodeDistPipeline.mEV/entitlements7yNCU8' '/var/folders/9k/16d2bz8x33g22q2dn3nc7nyr0000gn/T/XcodeDistPipeline.mEV/Root/Payload/MasterpassQR Demo.app/Frameworks/libswiftMetal.dylib'
2017-09-28 02:00:15 +0000  /var/folders/9k/16d2bz8x33g22q2dn3nc7nyr0000gn/T/XcodeDistPipeline.mEV/Root/Payload/MasterpassQR Demo.app/Frameworks/libswiftMetal.dylib: replacing existing signature
2017-09-28 02:00:15 +0000  /var/folders/9k/16d2bz8x33g22q2dn3nc7nyr0000gn/T/XcodeDistPipeline.mEV/Root/Payload/MasterpassQR Demo.app/Frameworks/libswiftMetal.dylib: signed Mach-O universal (armv7 armv7s arm64) [com.apple.dt.runtime.swiftMetal]
2017-09-28 02:00:15 +0000  /usr/bin/codesign exited with 0
2017-09-28 02:00:15 +0000  Applying entitlements delta for <IDEDistributionItem: 0x7fc5303765e0 'com.apple.dt.runtime.swiftObjectiveC' '<DVTFilePath:0x7fc557dcf5a0:'/Users/amri/Library/Developer/Xcode/Archives/2017-09-28/MasterpassQR Demo 28-9-17, 9.58 AM 2.xcarchive/Products/Applications/MasterpassQR Demo.app/Frameworks/libswiftObjectiveC.dylib'>'> from <IDEiCloudEntitlementsProcessor: 0x7fc530161e50>: {
}
2017-09-28 02:00:15 +0000  Entitlements for <IDEDistributionItem: 0x7fc5303765e0 'com.apple.dt.runtime.swiftObjectiveC' '<DVTFilePath:0x7fc557dcf5a0:'/Users/amri/Library/Developer/Xcode/Archives/2017-09-28/MasterpassQR Demo 28-9-17, 9.58 AM 2.xcarchive/Products/Applications/MasterpassQR Demo.app/Frameworks/libswiftObjectiveC.dylib'>'>: {
}
2017-09-28 02:00:15 +0000  Writing entitlements for <IDEDistributionItem: 0x7fc5303765e0 'com.apple.dt.runtime.swiftObjectiveC' '<DVTFilePath:0x7fc557dcf5a0:'/Users/amri/Library/Developer/Xcode/Archives/2017-09-28/MasterpassQR Demo 28-9-17, 9.58 AM 2.xcarchive/Products/Applications/MasterpassQR Demo.app/Frameworks/libswiftObjectiveC.dylib'>'> to: /var/folders/9k/16d2bz8x33g22q2dn3nc7nyr0000gn/T/XcodeDistPipeline.mEV/entitlements3LoVYe
2017-09-28 02:00:15 +0000  Running /usr/bin/codesign '-vvv' '--force' '--sign' 'CB9884B82F3F83493389714E86E4CF3B13C269C9' '--preserve-metadata=identifier,flags' '--entitlements' '/var/folders/9k/16d2bz8x33g22q2dn3nc7nyr0000gn/T/XcodeDistPipeline.mEV/entitlements3LoVYe' '/var/folders/9k/16d2bz8x33g22q2dn3nc7nyr0000gn/T/XcodeDistPipeline.mEV/Root/Payload/MasterpassQR Demo.app/Frameworks/libswiftObjectiveC.dylib'
2017-09-28 02:00:15 +0000  /var/folders/9k/16d2bz8x33g22q2dn3nc7nyr0000gn/T/XcodeDistPipeline.mEV/Root/Payload/MasterpassQR Demo.app/Frameworks/libswiftObjectiveC.dylib: replacing existing signature
2017-09-28 02:00:15 +0000  /var/folders/9k/16d2bz8x33g22q2dn3nc7nyr0000gn/T/XcodeDistPipeline.mEV/Root/Payload/MasterpassQR Demo.app/Frameworks/libswiftObjectiveC.dylib: signed Mach-O universal (armv7 armv7s arm64) [com.apple.dt.runtime.swiftObjectiveC]
2017-09-28 02:00:15 +0000  /usr/bin/codesign exited with 0
2017-09-28 02:00:15 +0000  Applying entitlements delta for <IDEDistributionItem: 0x7fc52f0772d0 'com.apple.dt.runtime.swiftPhotos' '<DVTFilePath:0x7fc55a108cf0:'/Users/amri/Library/Developer/Xcode/Archives/2017-09-28/MasterpassQR Demo 28-9-17, 9.58 AM 2.xcarchive/Products/Applications/MasterpassQR Demo.app/Frameworks/libswiftPhotos.dylib'>'> from <IDEiCloudEntitlementsProcessor: 0x7fc5301a0580>: {
}
2017-09-28 02:00:15 +0000  Entitlements for <IDEDistributionItem: 0x7fc52f0772d0 'com.apple.dt.runtime.swiftPhotos' '<DVTFilePath:0x7fc55a108cf0:'/Users/amri/Library/Developer/Xcode/Archives/2017-09-28/MasterpassQR Demo 28-9-17, 9.58 AM 2.xcarchive/Products/Applications/MasterpassQR Demo.app/Frameworks/libswiftPhotos.dylib'>'>: {
}
2017-09-28 02:00:15 +0000  Writing entitlements for <IDEDistributionItem: 0x7fc52f0772d0 'com.apple.dt.runtime.swiftPhotos' '<DVTFilePath:0x7fc55a108cf0:'/Users/amri/Library/Developer/Xcode/Archives/2017-09-28/MasterpassQR Demo 28-9-17, 9.58 AM 2.xcarchive/Products/Applications/MasterpassQR Demo.app/Frameworks/libswiftPhotos.dylib'>'> to: /var/folders/9k/16d2bz8x33g22q2dn3nc7nyr0000gn/T/XcodeDistPipeline.mEV/entitlements5tO2vP
2017-09-28 02:00:15 +0000  Running /usr/bin/codesign '-vvv' '--force' '--sign' 'CB9884B82F3F83493389714E86E4CF3B13C269C9' '--preserve-metadata=identifier,flags' '--entitlements' '/var/folders/9k/16d2bz8x33g22q2dn3nc7nyr0000gn/T/XcodeDistPipeline.mEV/entitlements5tO2vP' '/var/folders/9k/16d2bz8x33g22q2dn3nc7nyr0000gn/T/XcodeDistPipeline.mEV/Root/Payload/MasterpassQR Demo.app/Frameworks/libswiftPhotos.dylib'
2017-09-28 02:00:15 +0000  /var/folders/9k/16d2bz8x33g22q2dn3nc7nyr0000gn/T/XcodeDistPipeline.mEV/Root/Payload/MasterpassQR Demo.app/Frameworks/libswiftPhotos.dylib: replacing existing signature
2017-09-28 02:00:15 +0000  /var/folders/9k/16d2bz8x33g22q2dn3nc7nyr0000gn/T/XcodeDistPipeline.mEV/Root/Payload/MasterpassQR Demo.app/Frameworks/libswiftPhotos.dylib: signed Mach-O universal (armv7 armv7s arm64) [com.apple.dt.runtime.swiftPhotos]
2017-09-28 02:00:15 +0000  /usr/bin/codesign exited with 0
2017-09-28 02:00:15 +0000  Applying entitlements delta for <IDEDistributionItem: 0x7fc53161ad80 'com.apple.dt.runtime.swiftQuartzCore' '<DVTFilePath:0x7fc5304aaf00:'/Users/amri/Library/Developer/Xcode/Archives/2017-09-28/MasterpassQR Demo 28-9-17, 9.58 AM 2.xcarchive/Products/Applications/MasterpassQR Demo.app/Frameworks/libswiftQuartzCore.dylib'>'> from <IDEiCloudEntitlementsProcessor: 0x7fc52bec6030>: {
}
2017-09-28 02:00:15 +0000  Entitlements for <IDEDistributionItem: 0x7fc53161ad80 'com.apple.dt.runtime.swiftQuartzCore' '<DVTFilePath:0x7fc5304aaf00:'/Users/amri/Library/Developer/Xcode/Archives/2017-09-28/MasterpassQR Demo 28-9-17, 9.58 AM 2.xcarchive/Products/Applications/MasterpassQR Demo.app/Frameworks/libswiftQuartzCore.dylib'>'>: {
}
2017-09-28 02:00:15 +0000  Writing entitlements for <IDEDistributionItem: 0x7fc53161ad80 'com.apple.dt.runtime.swiftQuartzCore' '<DVTFilePath:0x7fc5304aaf00:'/Users/amri/Library/Developer/Xcode/Archives/2017-09-28/MasterpassQR Demo 28-9-17, 9.58 AM 2.xcarchive/Products/Applications/MasterpassQR Demo.app/Frameworks/libswiftQuartzCore.dylib'>'> to: /var/folders/9k/16d2bz8x33g22q2dn3nc7nyr0000gn/T/XcodeDistPipeline.mEV/entitlementsXmiUs3
2017-09-28 02:00:15 +0000  Running /usr/bin/codesign '-vvv' '--force' '--sign' 'CB9884B82F3F83493389714E86E4CF3B13C269C9' '--preserve-metadata=identifier,flags' '--entitlements' '/var/folders/9k/16d2bz8x33g22q2dn3nc7nyr0000gn/T/XcodeDistPipeline.mEV/entitlementsXmiUs3' '/var/folders/9k/16d2bz8x33g22q2dn3nc7nyr0000gn/T/XcodeDistPipeline.mEV/Root/Payload/MasterpassQR Demo.app/Frameworks/libswiftQuartzCore.dylib'
2017-09-28 02:00:15 +0000  /var/folders/9k/16d2bz8x33g22q2dn3nc7nyr0000gn/T/XcodeDistPipeline.mEV/Root/Payload/MasterpassQR Demo.app/Frameworks/libswiftQuartzCore.dylib: replacing existing signature
2017-09-28 02:00:15 +0000  /var/folders/9k/16d2bz8x33g22q2dn3nc7nyr0000gn/T/XcodeDistPipeline.mEV/Root/Payload/MasterpassQR Demo.app/Frameworks/libswiftQuartzCore.dylib: signed Mach-O universal (armv7 armv7s arm64) [com.apple.dt.runtime.swiftQuartzCore]
2017-09-28 02:00:15 +0000  /usr/bin/codesign exited with 0
2017-09-28 02:00:15 +0000  Applying entitlements delta for <IDEDistributionItem: 0x7fc531618370 'com.apple.dt.runtime.swiftUIKit' '<DVTFilePath:0x7fc52fe32b60:'/Users/amri/Library/Developer/Xcode/Archives/2017-09-28/MasterpassQR Demo 28-9-17, 9.58 AM 2.xcarchive/Products/Applications/MasterpassQR Demo.app/Frameworks/libswiftUIKit.dylib'>'> from <IDEiCloudEntitlementsProcessor: 0x7fc5309dbbb0>: {
}
2017-09-28 02:00:15 +0000  Entitlements for <IDEDistributionItem: 0x7fc531618370 'com.apple.dt.runtime.swiftUIKit' '<DVTFilePath:0x7fc52fe32b60:'/Users/amri/Library/Developer/Xcode/Archives/2017-09-28/MasterpassQR Demo 28-9-17, 9.58 AM 2.xcarchive/Products/Applications/MasterpassQR Demo.app/Frameworks/libswiftUIKit.dylib'>'>: {
}
2017-09-28 02:00:15 +0000  Writing entitlements for <IDEDistributionItem: 0x7fc531618370 'com.apple.dt.runtime.swiftUIKit' '<DVTFilePath:0x7fc52fe32b60:'/Users/amri/Library/Developer/Xcode/Archives/2017-09-28/MasterpassQR Demo 28-9-17, 9.58 AM 2.xcarchive/Products/Applications/MasterpassQR Demo.app/Frameworks/libswiftUIKit.dylib'>'> to: /var/folders/9k/16d2bz8x33g22q2dn3nc7nyr0000gn/T/XcodeDistPipeline.mEV/entitlements7YJv4m
2017-09-28 02:00:15 +0000  Running /usr/bin/codesign '-vvv' '--force' '--sign' 'CB9884B82F3F83493389714E86E4CF3B13C269C9' '--preserve-metadata=identifier,flags' '--entitlements' '/var/folders/9k/16d2bz8x33g22q2dn3nc7nyr0000gn/T/XcodeDistPipeline.mEV/entitlements7YJv4m' '/var/folders/9k/16d2bz8x33g22q2dn3nc7nyr0000gn/T/XcodeDistPipeline.mEV/Root/Payload/MasterpassQR Demo.app/Frameworks/libswiftUIKit.dylib'
2017-09-28 02:00:15 +0000  /var/folders/9k/16d2bz8x33g22q2dn3nc7nyr0000gn/T/XcodeDistPipeline.mEV/Root/Payload/MasterpassQR Demo.app/Frameworks/libswiftUIKit.dylib: replacing existing signature
2017-09-28 02:00:15 +0000  /var/folders/9k/16d2bz8x33g22q2dn3nc7nyr0000gn/T/XcodeDistPipeline.mEV/Root/Payload/MasterpassQR Demo.app/Frameworks/libswiftUIKit.dylib: signed Mach-O universal (armv7 armv7s arm64) [com.apple.dt.runtime.swiftUIKit]
2017-09-28 02:00:15 +0000  /usr/bin/codesign exited with 0
2017-09-28 02:00:15 +0000  Applying entitlements delta for <IDEDistributionItem: 0x7fc53160dc20 'com.apple.dt.runtime.swiftos' '<DVTFilePath:0x7fc557df2150:'/Users/amri/Library/Developer/Xcode/Archives/2017-09-28/MasterpassQR Demo 28-9-17, 9.58 AM 2.xcarchive/Products/Applications/MasterpassQR Demo.app/Frameworks/libswiftos.dylib'>'> from <IDEiCloudEntitlementsProcessor: 0x7fc531059f70>: {
}
2017-09-28 02:00:15 +0000  Entitlements for <IDEDistributionItem: 0x7fc53160dc20 'com.apple.dt.runtime.swiftos' '<DVTFilePath:0x7fc557df2150:'/Users/amri/Library/Developer/Xcode/Archives/2017-09-28/MasterpassQR Demo 28-9-17, 9.58 AM 2.xcarchive/Products/Applications/MasterpassQR Demo.app/Frameworks/libswiftos.dylib'>'>: {
}
2017-09-28 02:00:15 +0000  Writing entitlements for <IDEDistributionItem: 0x7fc53160dc20 'com.apple.dt.runtime.swiftos' '<DVTFilePath:0x7fc557df2150:'/Users/amri/Library/Developer/Xcode/Archives/2017-09-28/MasterpassQR Demo 28-9-17, 9.58 AM 2.xcarchive/Products/Applications/MasterpassQR Demo.app/Frameworks/libswiftos.dylib'>'> to: /var/folders/9k/16d2bz8x33g22q2dn3nc7nyr0000gn/T/XcodeDistPipeline.mEV/entitlementsy9E1hi
2017-09-28 02:00:15 +0000  Running /usr/bin/codesign '-vvv' '--force' '--sign' 'CB9884B82F3F83493389714E86E4CF3B13C269C9' '--preserve-metadata=identifier,flags' '--entitlements' '/var/folders/9k/16d2bz8x33g22q2dn3nc7nyr0000gn/T/XcodeDistPipeline.mEV/entitlementsy9E1hi' '/var/folders/9k/16d2bz8x33g22q2dn3nc7nyr0000gn/T/XcodeDistPipeline.mEV/Root/Payload/MasterpassQR Demo.app/Frameworks/libswiftos.dylib'
2017-09-28 02:00:15 +0000  /var/folders/9k/16d2bz8x33g22q2dn3nc7nyr0000gn/T/XcodeDistPipeline.mEV/Root/Payload/MasterpassQR Demo.app/Frameworks/libswiftos.dylib: replacing existing signature
2017-09-28 02:00:15 +0000  /var/folders/9k/16d2bz8x33g22q2dn3nc7nyr0000gn/T/XcodeDistPipeline.mEV/Root/Payload/MasterpassQR Demo.app/Frameworks/libswiftos.dylib: signed Mach-O universal (armv7 armv7s arm64) [com.apple.dt.runtime.swiftos]
2017-09-28 02:00:15 +0000  /usr/bin/codesign exited with 0
2017-09-28 02:00:15 +0000  Applying entitlements delta for <IDEDistributionItem: 0x7fc53161d980 'com.apple.dt.runtime.swiftsimd' '<DVTFilePath:0x7fc52cdaece0:'/Users/amri/Library/Developer/Xcode/Archives/2017-09-28/MasterpassQR Demo 28-9-17, 9.58 AM 2.xcarchive/Products/Applications/MasterpassQR Demo.app/Frameworks/libswiftsimd.dylib'>'> from <IDEiCloudEntitlementsProcessor: 0x7fc52fd6dd00>: {
}
2017-09-28 02:00:15 +0000  Entitlements for <IDEDistributionItem: 0x7fc53161d980 'com.apple.dt.runtime.swiftsimd' '<DVTFilePath:0x7fc52cdaece0:'/Users/amri/Library/Developer/Xcode/Archives/2017-09-28/MasterpassQR Demo 28-9-17, 9.58 AM 2.xcarchive/Products/Applications/MasterpassQR Demo.app/Frameworks/libswiftsimd.dylib'>'>: {
}
2017-09-28 02:00:15 +0000  Writing entitlements for <IDEDistributionItem: 0x7fc53161d980 'com.apple.dt.runtime.swiftsimd' '<DVTFilePath:0x7fc52cdaece0:'/Users/amri/Library/Developer/Xcode/Archives/2017-09-28/MasterpassQR Demo 28-9-17, 9.58 AM 2.xcarchive/Products/Applications/MasterpassQR Demo.app/Frameworks/libswiftsimd.dylib'>'> to: /var/folders/9k/16d2bz8x33g22q2dn3nc7nyr0000gn/T/XcodeDistPipeline.mEV/entitlementspzVgkA
2017-09-28 02:00:15 +0000  Running /usr/bin/codesign '-vvv' '--force' '--sign' 'CB9884B82F3F83493389714E86E4CF3B13C269C9' '--preserve-metadata=identifier,flags' '--entitlements' '/var/folders/9k/16d2bz8x33g22q2dn3nc7nyr0000gn/T/XcodeDistPipeline.mEV/entitlementspzVgkA' '/var/folders/9k/16d2bz8x33g22q2dn3nc7nyr0000gn/T/XcodeDistPipeline.mEV/Root/Payload/MasterpassQR Demo.app/Frameworks/libswiftsimd.dylib'
2017-09-28 02:00:15 +0000  /var/folders/9k/16d2bz8x33g22q2dn3nc7nyr0000gn/T/XcodeDistPipeline.mEV/Root/Payload/MasterpassQR Demo.app/Frameworks/libswiftsimd.dylib: replacing existing signature
2017-09-28 02:00:15 +0000  /var/folders/9k/16d2bz8x33g22q2dn3nc7nyr0000gn/T/XcodeDistPipeline.mEV/Root/Payload/MasterpassQR Demo.app/Frameworks/libswiftsimd.dylib: signed Mach-O universal (armv7 armv7s arm64) [com.apple.dt.runtime.swiftsimd]
2017-09-28 02:00:15 +0000  /usr/bin/codesign exited with 0
2017-09-28 02:00:15 +0000  Applying entitlements delta for <IDEDistributionItem: 0x7fc52fe30ca0 'com.mastercard.ios.MasterpassQR-Demo' '<DVTFilePath:0x7fc530f4bf20:'/Users/amri/Library/Developer/Xcode/Archives/2017-09-28/MasterpassQR Demo 28-9-17, 9.58 AM 2.xcarchive/Products/Applications/MasterpassQR Demo.app'>'> from <IDEiCloudEntitlementsProcessor: 0x7fc557df7340>: {
}
2017-09-28 02:00:15 +0000  Entitlements for <IDEDistributionItem: 0x7fc52fe30ca0 'com.mastercard.ios.MasterpassQR-Demo' '<DVTFilePath:0x7fc530f4bf20:'/Users/amri/Library/Developer/Xcode/Archives/2017-09-28/MasterpassQR Demo 28-9-17, 9.58 AM 2.xcarchive/Products/Applications/MasterpassQR Demo.app'>'>: {
    "application-identifier" = "FARWN7FEXX.com.mastercard.ios.MasterpassQR-Demo";
    "com.apple.developer.team-identifier" = FARWN7FEXX;
    "get-task-allow" = 0;
    "keychain-access-groups" =     (
        "FARWN7FEXX.com.mastercard.ios.MasterpassQR-Demo"
    );
}
2017-09-28 02:00:15 +0000  Writing entitlements for <IDEDistributionItem: 0x7fc52fe30ca0 'com.mastercard.ios.MasterpassQR-Demo' '<DVTFilePath:0x7fc530f4bf20:'/Users/amri/Library/Developer/Xcode/Archives/2017-09-28/MasterpassQR Demo 28-9-17, 9.58 AM 2.xcarchive/Products/Applications/MasterpassQR Demo.app'>'> to: /var/folders/9k/16d2bz8x33g22q2dn3nc7nyr0000gn/T/XcodeDistPipeline.mEV/entitlementssbwQSh
2017-09-28 02:00:15 +0000  Running /usr/bin/codesign '-vvv' '--force' '--sign' 'CB9884B82F3F83493389714E86E4CF3B13C269C9' '--preserve-metadata=identifier,flags' '--entitlements' '/var/folders/9k/16d2bz8x33g22q2dn3nc7nyr0000gn/T/XcodeDistPipeline.mEV/entitlementssbwQSh' '/var/folders/9k/16d2bz8x33g22q2dn3nc7nyr0000gn/T/XcodeDistPipeline.mEV/Root/Payload/MasterpassQR Demo.app'
2017-09-28 02:00:16 +0000  /var/folders/9k/16d2bz8x33g22q2dn3nc7nyr0000gn/T/XcodeDistPipeline.mEV/Root/Payload/MasterpassQR Demo.app: replacing existing signature
2017-09-28 02:00:16 +0000  /var/folders/9k/16d2bz8x33g22q2dn3nc7nyr0000gn/T/XcodeDistPipeline.mEV/Root/Payload/MasterpassQR Demo.app: signed app bundle with Mach-O universal (armv7 arm64) [com.mastercard.ios.MasterpassQR-Demo]
2017-09-28 02:00:16 +0000  /usr/bin/codesign exited with 0
2017-09-28 02:00:16 +0000  Processing step: IDEDistributionStreamingZipItemStep
2017-09-28 02:00:16 +0000  Skipping step: IDEDistributionStreamingZipItemStep because it said so
2017-09-28 02:00:16 +0000  Skipping step: IDEDistributionStreamingZipItemStep because it said so
2017-09-28 02:00:16 +0000  Skipping step: IDEDistributionStreamingZipItemStep because it said so
2017-09-28 02:00:16 +0000  Skipping step: IDEDistributionStreamingZipItemStep because it said so
2017-09-28 02:00:16 +0000  Skipping step: IDEDistributionStreamingZipItemStep because it said so
2017-09-28 02:00:16 +0000  Skipping step: IDEDistributionStreamingZipItemStep because it said so
2017-09-28 02:00:16 +0000  Skipping step: IDEDistributionStreamingZipItemStep because it said so
2017-09-28 02:00:16 +0000  Skipping step: IDEDistributionStreamingZipItemStep because it said so
2017-09-28 02:00:16 +0000  Skipping step: IDEDistributionStreamingZipItemStep because it said so
2017-09-28 02:00:16 +0000  Skipping step: IDEDistributionStreamingZipItemStep because it said so
2017-09-28 02:00:16 +0000  Skipping step: IDEDistributionStreamingZipItemStep because it said so
2017-09-28 02:00:16 +0000  Skipping step: IDEDistributionStreamingZipItemStep because it said so
2017-09-28 02:00:16 +0000  Skipping step: IDEDistributionStreamingZipItemStep because it said so
2017-09-28 02:00:16 +0000  Skipping step: IDEDistributionStreamingZipItemStep because it said so
2017-09-28 02:00:16 +0000  Skipping step: IDEDistributionStreamingZipItemStep because it said so
2017-09-28 02:00:16 +0000  Skipping step: IDEDistributionStreamingZipItemStep because it said so
2017-09-28 02:00:16 +0000  Skipping step: IDEDistributionStreamingZipItemStep because it said so
2017-09-28 02:00:16 +0000  Skipping step: IDEDistributionStreamingZipItemStep because it said so
2017-09-28 02:00:16 +0000  Skipping step: IDEDistributionStreamingZipItemStep because it said so
2017-09-28 02:00:16 +0000  Skipping step: IDEDistributionStreamingZipItemStep because it said so
2017-09-28 02:00:16 +0000  Skipping step: IDEDistributionStreamingZipItemStep because it said so
2017-09-28 02:00:16 +0000  Skipping step: IDEDistributionStreamingZipItemStep because it said so
2017-09-28 02:00:16 +0000  Processing step: IDEDistributionCreateIPAStep
2017-09-28 02:00:16 +0000  Running /usr/bin/ditto '-V' '-c' '-k' '--norsrc' '/var/folders/9k/16d2bz8x33g22q2dn3nc7nyr0000gn/T/XcodeDistPipeline.mEV/Root' '/var/folders/9k/16d2bz8x33g22q2dn3nc7nyr0000gn/T/XcodeDistPipeline.mEV/Packages/MasterpassQR Demo.ipa'
2017-09-28 02:00:16 +0000  >>> Copying /var/folders/9k/16d2bz8x33g22q2dn3nc7nyr0000gn/T/XcodeDistPipeline.mEV/Root 
2017-09-28 02:00:16 +0000  copying file ./Payload/MasterpassQR Demo.app/_CodeSignature/CodeResources ... 
2017-09-28 02:00:16 +0000  18461 bytes for ./Payload/MasterpassQR Demo.app/_CodeSignature/CodeResources
2017-09-28 02:00:16 +0000  copying file ./Payload/MasterpassQR Demo.app/AppIcon20x20@2x.png ... 
2017-09-28 02:00:16 +0000  3081 bytes for ./Payload/MasterpassQR Demo.app/AppIcon20x20@2x.png
copying file ./Payload/MasterpassQR Demo.app/AppIcon20x20@3x.png ... 
2017-09-28 02:00:16 +0000  4429 bytes for ./Payload/MasterpassQR Demo.app/AppIcon20x20@3x.png
copying file ./Payload/MasterpassQR Demo.app/AppIcon29x29@2x.png ... 
2017-09-28 02:00:16 +0000  4241 bytes for ./Payload/MasterpassQR Demo.app/AppIcon29x29@2x.png
copying file ./Payload/MasterpassQR Demo.app/AppIcon29x29@3x.png ... 
2017-09-28 02:00:16 +0000  7561 bytes for ./Payload/MasterpassQR Demo.app/AppIcon29x29@3x.png
copying file ./Payload/MasterpassQR Demo.app/AppIcon40x40@2x.png ... 
2017-09-28 02:00:16 +0000  6629 bytes for ./Payload/MasterpassQR Demo.app/AppIcon40x40@2x.png
copying file ./Payload/MasterpassQR Demo.app/AppIcon40x40@3x.png ... 
2017-09-28 02:00:16 +0000  9268 bytes for ./Payload/MasterpassQR Demo.app/AppIcon40x40@3x.png
copying file ./Payload/MasterpassQR Demo.app/AppIcon60x60@2x.png ... 
2017-09-28 02:00:16 +0000  6013 bytes for ./Payload/MasterpassQR Demo.app/AppIcon60x60@2x.png
2017-09-28 02:00:16 +0000  copying file ./Payload/MasterpassQR Demo.app/AppIcon60x60@3x.png ... 
2017-09-28 02:00:16 +0000  9349 bytes for ./Payload/MasterpassQR Demo.app/AppIcon60x60@3x.png
2017-09-28 02:00:16 +0000  copying file ./Payload/MasterpassQR Demo.app/archived-expanded-entitlements.xcent ... 
2017-09-28 02:00:16 +0000  410 bytes for ./Payload/MasterpassQR Demo.app/archived-expanded-entitlements.xcent
copying file ./Payload/MasterpassQR Demo.app/Assets.car ... 
2017-09-28 02:00:16 +0000  79784 bytes for ./Payload/MasterpassQR Demo.app/Assets.car
2017-09-28 02:00:16 +0000  copying file ./Payload/MasterpassQR Demo.app/Base.lproj/LaunchScreen.storyboardc/01J-lp-oVM-view-Ze5-6b-2t3.nib ... 
2017-09-28 02:00:16 +0000  1791 bytes for ./Payload/MasterpassQR Demo.app/Base.lproj/LaunchScreen.storyboardc/01J-lp-oVM-view-Ze5-6b-2t3.nib
2017-09-28 02:00:16 +0000  copying file ./Payload/MasterpassQR Demo.app/Base.lproj/LaunchScreen.storyboardc/Info.plist ... 
258 bytes for ./Payload/MasterpassQR Demo.app/Base.lproj/LaunchScreen.storyboardc/Info.plist
copying file ./Payload/MasterpassQR Demo.app/Base.lproj/LaunchScreen.storyboardc/UIViewController-01J-lp-oVM.nib ... 
2017-09-28 02:00:16 +0000  832 bytes for ./Payload/MasterpassQR Demo.app/Base.lproj/LaunchScreen.storyboardc/UIViewController-01J-lp-oVM.nib
2017-09-28 02:00:16 +0000  copying file ./Payload/MasterpassQR Demo.app/Base.lproj/Main.storyboardc/BYZ-38-t0r-view-9fZ-FA-6Q7.nib ... 
2017-09-28 02:00:16 +0000  7705 bytes for ./Payload/MasterpassQR Demo.app/Base.lproj/Main.storyboardc/BYZ-38-t0r-view-9fZ-FA-6Q7.nib
copying file ./Payload/MasterpassQR Demo.app/Base.lproj/Main.storyboardc/FLa-MJ-yeU-view-IX7-LA-49i.nib ... 
2017-09-28 02:00:16 +0000  10462 bytes for ./Payload/MasterpassQR Demo.app/Base.lproj/Main.storyboardc/FLa-MJ-yeU-view-IX7-LA-49i.nib
copying file ./Payload/MasterpassQR Demo.app/Base.lproj/Main.storyboardc/hUj-tm-X23-view-s5M-Bq-OPM.nib ... 
2017-09-28 02:00:16 +0000  3908 bytes for ./Payload/MasterpassQR Demo.app/Base.lproj/Main.storyboardc/hUj-tm-X23-view-s5M-Bq-OPM.nib
copying file ./Payload/MasterpassQR Demo.app/Base.lproj/Main.storyboardc/Info.plist ... 
2017-09-28 02:00:16 +0000  403 bytes for ./Payload/MasterpassQR Demo.app/Base.lproj/Main.storyboardc/Info.plist
copying file ./Payload/MasterpassQR Demo.app/Base.lproj/Main.storyboardc/ResultViewController.nib ... 
2017-09-28 02:00:16 +0000  1050 bytes for ./Payload/MasterpassQR Demo.app/Base.lproj/Main.storyboardc/ResultViewController.nib
copying file ./Payload/MasterpassQR Demo.app/Base.lproj/Main.storyboardc/UINavigationController-if8-TP-3c4.nib ... 
2017-09-28 02:00:16 +0000  2044 bytes for ./Payload/MasterpassQR Demo.app/Base.lproj/Main.storyboardc/UINavigationController-if8-TP-3c4.nib
copying file ./Payload/MasterpassQR Demo.app/Base.lproj/Main.storyboardc/UIViewController-hUj-tm-X23.nib ... 
2017-09-28 02:00:16 +0000  1485 bytes for ./Payload/MasterpassQR Demo.app/Base.lproj/Main.storyboardc/UIViewController-hUj-tm-X23.nib
2017-09-28 02:00:16 +0000  copying file ./Payload/MasterpassQR Demo.app/embedded.mobileprovision ... 
2017-09-28 02:00:16 +0000  7390 bytes for ./Payload/MasterpassQR Demo.app/embedded.mobileprovision
2017-09-28 02:00:16 +0000  copying file ./Payload/MasterpassQR Demo.app/Frameworks/libswiftAVFoundation.dylib ... 
2017-09-28 02:00:16 +0000  482416 bytes for ./Payload/MasterpassQR Demo.app/Frameworks/libswiftAVFoundation.dylib
copying file ./Payload/MasterpassQR Demo.app/Frameworks/libswiftCore.dylib ... 
2017-09-28 02:00:17 +0000  21046064 bytes for ./Payload/MasterpassQR Demo.app/Frameworks/libswiftCore.dylib
copying file ./Payload/MasterpassQR Demo.app/Frameworks/libswiftCoreAudio.dylib ... 
2017-09-28 02:00:17 +0000  354208 bytes for ./Payload/MasterpassQR Demo.app/Frameworks/libswiftCoreAudio.dylib
copying file ./Payload/MasterpassQR Demo.app/Frameworks/libswiftCoreData.dylib ... 
2017-09-28 02:00:17 +0000  394704 bytes for ./Payload/MasterpassQR Demo.app/Frameworks/libswiftCoreData.dylib
copying file ./Payload/MasterpassQR Demo.app/Frameworks/libswiftCoreFoundation.dylib ... 
2017-09-28 02:00:17 +0000  208656 bytes for ./Payload/MasterpassQR Demo.app/Frameworks/libswiftCoreFoundation.dylib
copying file ./Payload/MasterpassQR Demo.app/Frameworks/libswiftCoreGraphics.dylib ... 
2017-09-28 02:00:17 +0000  578112 bytes for ./Payload/MasterpassQR Demo.app/Frameworks/libswiftCoreGraphics.dylib
copying file ./Payload/MasterpassQR Demo.app/Frameworks/libswiftCoreImage.dylib ... 
2017-09-28 02:00:17 +0000  209216 bytes for ./Payload/MasterpassQR Demo.app/Frameworks/libswiftCoreImage.dylib
copying file ./Payload/MasterpassQR Demo.app/Frameworks/libswiftCoreLocation.dylib ... 
2017-09-28 02:00:17 +0000  253648 bytes for ./Payload/MasterpassQR Demo.app/Frameworks/libswiftCoreLocation.dylib
copying file ./Payload/MasterpassQR Demo.app/Frameworks/libswiftCoreMedia.dylib ... 
2017-09-28 02:00:17 +0000  254000 bytes for ./Payload/MasterpassQR Demo.app/Frameworks/libswiftCoreMedia.dylib
2017-09-28 02:00:17 +0000  copying file ./Payload/MasterpassQR Demo.app/Frameworks/libswiftDarwin.dylib ... 
2017-09-28 02:00:17 +0000  303424 bytes for ./Payload/MasterpassQR Demo.app/Frameworks/libswiftDarwin.dylib
2017-09-28 02:00:17 +0000  copying file ./Payload/MasterpassQR Demo.app/Frameworks/libswiftDispatch.dylib ... 
2017-09-28 02:00:17 +0000  1009600 bytes for ./Payload/MasterpassQR Demo.app/Frameworks/libswiftDispatch.dylib
copying file ./Payload/MasterpassQR Demo.app/Frameworks/libswiftFoundation.dylib ... 
2017-09-28 02:00:17 +0000  8526080 bytes for ./Payload/MasterpassQR Demo.app/Frameworks/libswiftFoundation.dylib
copying file ./Payload/MasterpassQR Demo.app/Frameworks/libswiftMetal.dylib ... 
2017-09-28 02:00:17 +0000  251600 bytes for ./Payload/MasterpassQR Demo.app/Frameworks/libswiftMetal.dylib
copying file ./Payload/MasterpassQR Demo.app/Frameworks/libswiftObjectiveC.dylib ... 
2017-09-28 02:00:17 +0000  259296 bytes for ./Payload/MasterpassQR Demo.app/Frameworks/libswiftObjectiveC.dylib
copying file ./Payload/MasterpassQR Demo.app/Frameworks/libswiftos.dylib ... 
2017-09-28 02:00:17 +0000  249264 bytes for ./Payload/MasterpassQR Demo.app/Frameworks/libswiftos.dylib
copying file ./Payload/MasterpassQR Demo.app/Frameworks/libswiftPhotos.dylib ... 
2017-09-28 02:00:17 +0000  210992 bytes for ./Payload/MasterpassQR Demo.app/Frameworks/libswiftPhotos.dylib
copying file ./Payload/MasterpassQR Demo.app/Frameworks/libswiftQuartzCore.dylib ... 
2017-09-28 02:00:17 +0000  212560 bytes for ./Payload/MasterpassQR Demo.app/Frameworks/libswiftQuartzCore.dylib
copying file ./Payload/MasterpassQR Demo.app/Frameworks/libswiftsimd.dylib ... 
2017-09-28 02:00:17 +0000  1361600 bytes for ./Payload/MasterpassQR Demo.app/Frameworks/libswiftsimd.dylib
copying file ./Payload/MasterpassQR Demo.app/Frameworks/libswiftUIKit.dylib ... 
2017-09-28 02:00:17 +0000  361840 bytes for ./Payload/MasterpassQR Demo.app/Frameworks/libswiftUIKit.dylib
2017-09-28 02:00:17 +0000  copying file ./Payload/MasterpassQR Demo.app/Frameworks/MasterpassQRCoreSDKV2.framework/_CodeSignature/CodeResources ... 
2202 bytes for ./Payload/MasterpassQR Demo.app/Frameworks/MasterpassQRCoreSDKV2.framework/_CodeSignature/CodeResources
copying file ./Payload/MasterpassQR Demo.app/Frameworks/MasterpassQRCoreSDKV2.framework/Info.plist ... 
2017-09-28 02:00:17 +0000  737 bytes for ./Payload/MasterpassQR Demo.app/Frameworks/MasterpassQRCoreSDKV2.framework/Info.plist
copying file ./Payload/MasterpassQR Demo.app/Frameworks/MasterpassQRCoreSDKV2.framework/MasterpassQRCoreSDKV2 ... 
2017-09-28 02:00:17 +0000  1026272 bytes for ./Payload/MasterpassQR Demo.app/Frameworks/MasterpassQRCoreSDKV2.framework/MasterpassQRCoreSDKV2
2017-09-28 02:00:17 +0000  copying file ./Payload/MasterpassQR Demo.app/Frameworks/MasterpassQRScanSDK.framework/_CodeSignature/CodeResources ... 
2017-09-28 02:00:17 +0000  2784 bytes for ./Payload/MasterpassQR Demo.app/Frameworks/MasterpassQRScanSDK.framework/_CodeSignature/CodeResources
copying file ./Payload/MasterpassQR Demo.app/Frameworks/MasterpassQRScanSDK.framework/Assets.car ... 
2017-09-28 02:00:17 +0000  82504 bytes for ./Payload/MasterpassQR Demo.app/Frameworks/MasterpassQRScanSDK.framework/Assets.car
2017-09-28 02:00:17 +0000  copying file ./Payload/MasterpassQR Demo.app/Frameworks/MasterpassQRScanSDK.framework/Info.plist ... 
735 bytes for ./Payload/MasterpassQR Demo.app/Frameworks/MasterpassQRScanSDK.framework/Info.plist
copying file ./Payload/MasterpassQR Demo.app/Frameworks/MasterpassQRScanSDK.framework/MasterpassQRScanSDK ... 
2017-09-28 02:00:17 +0000  404464 bytes for ./Payload/MasterpassQR Demo.app/Frameworks/MasterpassQRScanSDK.framework/MasterpassQRScanSDK
copying file ./Payload/MasterpassQR Demo.app/Frameworks/MasterpassQRScanSDK.framework/strip-frameworks.sh ... 
2017-09-28 02:00:17 +0000  3230 bytes for ./Payload/MasterpassQR Demo.app/Frameworks/MasterpassQRScanSDK.framework/strip-frameworks.sh
copying file ./Payload/MasterpassQR Demo.app/Info.plist ... 
2017-09-28 02:00:17 +0000  1289 bytes for ./Payload/MasterpassQR Demo.app/Info.plist
2017-09-28 02:00:17 +0000  copying file ./Payload/MasterpassQR Demo.app/MasterpassQR Demo ... 
2017-09-28 02:00:17 +0000  434464 bytes for ./Payload/MasterpassQR Demo.app/MasterpassQR Demo
copying file ./Payload/MasterpassQR Demo.app/PkgInfo ... 
2017-09-28 02:00:17 +0000  8 bytes for ./Payload/MasterpassQR Demo.app/PkgInfo
2017-09-28 02:00:17 +0000  /usr/bin/ditto exited with 0
2017-09-28 02:00:17 +0000  Processing step: IDEDistributionCreateManifestStep
