2017-10-04 09:53:29 +0000  Initial pipeline context: <IDEDistributionProcessingPipelineContext: 0x7fc013a32b50; archive(resolved)='<IDEArchive: 0x7fc00d870510>', distributionTask(resolved)='2', distributionMethod(resolved)='<IDEDistributionMethodiOSEnterprise: 0x7fc011723d20>', team(resolved)='<IDEProvisioningBasicTeam 0x7fc026582610: teamID: FARWN7FEXX, teamName: MasterCard Worldwide>'>
	Chain (11, self inclusive):
	<IDEDistributionProcessingPipelineContext: 0x7fc013a32b50; archive = '<IDEArchive: 0x7fc00d870510>', distributionMethod='<IDEDistributionMethodiOSEnterprise: 0x7fc011723d20>', team='<IDEProvisioningBasicTeam 0x7fc026582610: teamID: FARWN7FEXX, teamName: MasterCard Worldwide>'>
	<IDEDistributionProcessingPipelineContext: 0x7fc0137795e0; archive = '<IDEArchive: 0x7fc00d870510>', distributionMethod='<IDEDistributionMethodiOSEnterprise: 0x7fc011723d20>', team='<IDEProvisioningBasicTeam 0x7fc026582610: teamID: FARWN7FEXX, teamName: MasterCard Worldwide>'>
	<IDEDistributionContext: 0x7fc013ca7d20; archive = '<IDEArchive: 0x7fc00d870510>', distributionMethod='<IDEDistributionMethodiOSEnterprise: 0x7fc011723d20>', team='<IDEProvisioningBasicTeam 0x7fc026582610: teamID: FARWN7FEXX, teamName: MasterCard Worldwide>'>
	<IDEDistributionContext: 0x7fc0104c00e0; archive = '<IDEArchive: 0x7fc00d870510>', distributionMethod='<IDEDistributionMethodiOSEnterprise: 0x7fc011723d20>', team='<IDEProvisioningBasicTeam 0x7fc026582610: teamID: FARWN7FEXX, teamName: MasterCard Worldwide>'>
	<IDEDistributionContext: 0x7fc011225630; archive = '<IDEArchive: 0x7fc00d870510>', distributionMethod='<IDEDistributionMethodiOSEnterprise: 0x7fc011723d20>', team='<IDEProvisioningBasicTeam 0x7fc026582610: teamID: FARWN7FEXX, teamName: MasterCard Worldwide>'>
	<IDEDistributionContext: 0x7fc0112ed160; archive = '<IDEArchive: 0x7fc00d870510>', distributionMethod='<IDEDistributionMethodiOSEnterprise: 0x7fc011723d20>', team='<IDEProvisioningBasicTeam 0x7fc026582610: teamID: FARWN7FEXX, teamName: MasterCard Worldwide>'>
	<IDEDistributionContext: 0x7fc0119358e0; archive = '<IDEArchive: 0x7fc00d870510>', distributionMethod='<IDEDistributionMethodiOSEnterprise: 0x7fc011723d20>', team='<IDEProvisioningBasicTeam 0x7fc026582610: teamID: FARWN7FEXX, teamName: MasterCard Worldwide>'>
	<IDEDistributionContext: 0x7fc011922de0; archive = '<IDEArchive: 0x7fc00d870510>', distributionMethod='<IDEDistributionMethodiOSEnterprise: 0x7fc011723d20>', team='<IDEProvisioningBasicTeam 0x7fc026582610: teamID: FARWN7FEXX, teamName: MasterCard Worldwide>'>
	<IDEDistributionContext: 0x7fc00a4b3390; archive = '<IDEArchive: 0x7fc00d870510>', distributionMethod='<IDEDistributionMethodiOSEnterprise: 0x7fc011723d20>', team='<IDEProvisioningBasicTeam 0x7fc026582610: teamID: FARWN7FEXX, teamName: MasterCard Worldwide>'>
	<IDEDistributionContext: 0x7fc0112dd310; archive = '<IDEArchive: 0x7fc00d870510>', distributionMethod='<IDEDistributionMethodiOSEnterprise: 0x7fc011723d20>', team='(null)'>
	<IDEDistributionContext: 0x7fc01127a870; archive = '<IDEArchive: 0x7fc00d870510>', distributionMethod='(null)', team='(null)'>
</IDEDistributionProcessingPipelineContext: 0x7fc013a32b50>
2017-10-04 09:53:29 +0000  Processing step: IDEDistributionCreateDestRootStep
2017-10-04 09:53:29 +0000  Processing step: IDEDistributionCopyItemStep
2017-10-04 09:53:29 +0000  Running /usr/bin/ditto '-V' '/Users/amri/Library/Developer/Xcode/Archives/2017-10-04/MasterpassQR Demo 4-10-17, 5.51 PM.xcarchive/Products/Applications/MasterpassQR Demo.app' '/var/folders/9k/16d2bz8x33g22q2dn3nc7nyr0000gn/T/XcodeDistPipeline.40w/Root/Payload/MasterpassQR Demo.app'
2017-10-04 09:53:29 +0000  >>> Copying /Users/amri/Library/Developer/Xcode/Archives/2017-10-04/MasterpassQR Demo 4-10-17, 5.51 PM.xcarchive/Products/Applications/MasterpassQR Demo.app 
2017-10-04 09:53:29 +0000  copying file ./_CodeSignature/CodeResources ... 
2017-10-04 09:53:29 +0000  18823 bytes for ./_CodeSignature/CodeResources
2017-10-04 09:53:29 +0000  copying file ./AppIcon20x20@2x.png ... 
2017-10-04 09:53:29 +0000  3081 bytes for ./AppIcon20x20@2x.png
copying file ./AppIcon20x20@3x.png ... 
2017-10-04 09:53:29 +0000  4429 bytes for ./AppIcon20x20@3x.png
2017-10-04 09:53:29 +0000  copying file ./AppIcon29x29@2x.png ... 
2017-10-04 09:53:29 +0000  4241 bytes for ./AppIcon29x29@2x.png
2017-10-04 09:53:29 +0000  copying file ./AppIcon29x29@3x.png ... 
2017-10-04 09:53:29 +0000  7561 bytes for ./AppIcon29x29@3x.png
copying file ./AppIcon40x40@2x.png ... 
2017-10-04 09:53:29 +0000  6629 bytes for ./AppIcon40x40@2x.png
copying file ./AppIcon40x40@3x.png ... 
2017-10-04 09:53:29 +0000  9268 bytes for ./AppIcon40x40@3x.png
copying file ./AppIcon60x60@2x.png ... 
2017-10-04 09:53:29 +0000  6013 bytes for ./AppIcon60x60@2x.png
copying file ./AppIcon60x60@3x.png ... 
2017-10-04 09:53:29 +0000  9349 bytes for ./AppIcon60x60@3x.png
copying file ./archived-expanded-entitlements.xcent ... 
2017-10-04 09:53:29 +0000  410 bytes for ./archived-expanded-entitlements.xcent
2017-10-04 09:53:29 +0000  copying file ./Assets.car ... 
2017-10-04 09:53:29 +0000  134008 bytes for ./Assets.car
2017-10-04 09:53:29 +0000  copying file ./Base.lproj/LaunchScreen.storyboardc/01J-lp-oVM-view-Ze5-6b-2t3.nib ... 
2017-10-04 09:53:29 +0000  1792 bytes for ./Base.lproj/LaunchScreen.storyboardc/01J-lp-oVM-view-Ze5-6b-2t3.nib
2017-10-04 09:53:29 +0000  copying file ./Base.lproj/LaunchScreen.storyboardc/Info.plist ... 
2017-10-04 09:53:29 +0000  258 bytes for ./Base.lproj/LaunchScreen.storyboardc/Info.plist
copying file ./Base.lproj/LaunchScreen.storyboardc/UIViewController-01J-lp-oVM.nib ... 
2017-10-04 09:53:29 +0000  832 bytes for ./Base.lproj/LaunchScreen.storyboardc/UIViewController-01J-lp-oVM.nib
2017-10-04 09:53:29 +0000  copying file ./Base.lproj/Main.storyboardc/BYZ-38-t0r-view-9fZ-FA-6Q7.nib ... 
2017-10-04 09:53:29 +0000  7708 bytes for ./Base.lproj/Main.storyboardc/BYZ-38-t0r-view-9fZ-FA-6Q7.nib
copying file ./Base.lproj/Main.storyboardc/FLa-MJ-yeU-view-IX7-LA-49i.nib ... 
2017-10-04 09:53:29 +0000  5307 bytes for ./Base.lproj/Main.storyboardc/FLa-MJ-yeU-view-IX7-LA-49i.nib
copying file ./Base.lproj/Main.storyboardc/hUj-tm-X23-view-s5M-Bq-OPM.nib ... 
2017-10-04 09:53:29 +0000  3914 bytes for ./Base.lproj/Main.storyboardc/hUj-tm-X23-view-s5M-Bq-OPM.nib
copying file ./Base.lproj/Main.storyboardc/Info.plist ... 
2017-10-04 09:53:29 +0000  403 bytes for ./Base.lproj/Main.storyboardc/Info.plist
2017-10-04 09:53:29 +0000  copying file ./Base.lproj/Main.storyboardc/ResultViewController.nib ... 
2017-10-04 09:53:29 +0000  1050 bytes for ./Base.lproj/Main.storyboardc/ResultViewController.nib
2017-10-04 09:53:29 +0000  copying file ./Base.lproj/Main.storyboardc/UINavigationController-if8-TP-3c4.nib ... 
2017-10-04 09:53:29 +0000  2044 bytes for ./Base.lproj/Main.storyboardc/UINavigationController-if8-TP-3c4.nib
copying file ./Base.lproj/Main.storyboardc/UIViewController-hUj-tm-X23.nib ... 
2017-10-04 09:53:29 +0000  1485 bytes for ./Base.lproj/Main.storyboardc/UIViewController-hUj-tm-X23.nib
2017-10-04 09:53:29 +0000  copying file ./embedded.mobileprovision ... 
2017-10-04 09:53:29 +0000  236171 bytes for ./embedded.mobileprovision
2017-10-04 09:53:29 +0000  copying file ./Frameworks/libswiftAVFoundation.dylib ... 
2017-10-04 09:53:29 +0000  482064 bytes for ./Frameworks/libswiftAVFoundation.dylib
2017-10-04 09:53:29 +0000  copying file ./Frameworks/libswiftCore.dylib ... 
2017-10-04 09:53:29 +0000  21045712 bytes for ./Frameworks/libswiftCore.dylib
2017-10-04 09:53:29 +0000  copying file ./Frameworks/libswiftCoreAudio.dylib ... 
353856 bytes for ./Frameworks/libswiftCoreAudio.dylib
copying file ./Frameworks/libswiftCoreData.dylib ... 
361584 bytes for ./Frameworks/libswiftCoreData.dylib
copying file ./Frameworks/libswiftCoreFoundation.dylib ... 
208288 bytes for ./Frameworks/libswiftCoreFoundation.dylib
copying file ./Frameworks/libswiftCoreGraphics.dylib ... 
2017-10-04 09:53:29 +0000  577760 bytes for ./Frameworks/libswiftCoreGraphics.dylib
copying file ./Frameworks/libswiftCoreImage.dylib ... 
208864 bytes for ./Frameworks/libswiftCoreImage.dylib
copying file ./Frameworks/libswiftCoreLocation.dylib ... 
2017-10-04 09:53:29 +0000  253296 bytes for ./Frameworks/libswiftCoreLocation.dylib
copying file ./Frameworks/libswiftCoreMedia.dylib ... 
253648 bytes for ./Frameworks/libswiftCoreMedia.dylib
copying file ./Frameworks/libswiftDarwin.dylib ... 
2017-10-04 09:53:29 +0000  303072 bytes for ./Frameworks/libswiftDarwin.dylib
copying file ./Frameworks/libswiftDispatch.dylib ... 
2017-10-04 09:53:29 +0000  1009248 bytes for ./Frameworks/libswiftDispatch.dylib
copying file ./Frameworks/libswiftFoundation.dylib ... 
2017-10-04 09:53:29 +0000  8525728 bytes for ./Frameworks/libswiftFoundation.dylib
2017-10-04 09:53:29 +0000  copying file ./Frameworks/libswiftMetal.dylib ... 
2017-10-04 09:53:29 +0000  251248 bytes for ./Frameworks/libswiftMetal.dylib
copying file ./Frameworks/libswiftObjectiveC.dylib ... 
2017-10-04 09:53:29 +0000  258944 bytes for ./Frameworks/libswiftObjectiveC.dylib
2017-10-04 09:53:29 +0000  copying file ./Frameworks/libswiftos.dylib ... 
2017-10-04 09:53:29 +0000  248912 bytes for ./Frameworks/libswiftos.dylib
copying file ./Frameworks/libswiftPhotos.dylib ... 
2017-10-04 09:53:29 +0000  210640 bytes for ./Frameworks/libswiftPhotos.dylib
copying file ./Frameworks/libswiftQuartzCore.dylib ... 
2017-10-04 09:53:29 +0000  212208 bytes for ./Frameworks/libswiftQuartzCore.dylib
copying file ./Frameworks/libswiftsimd.dylib ... 
2017-10-04 09:53:29 +0000  1361248 bytes for ./Frameworks/libswiftsimd.dylib
copying file ./Frameworks/libswiftUIKit.dylib ... 
2017-10-04 09:53:29 +0000  361488 bytes for ./Frameworks/libswiftUIKit.dylib
copying file ./Frameworks/MasterpassQRCoreSDK.framework/_CodeSignature/CodeResources ... 
2506 bytes for ./Frameworks/MasterpassQRCoreSDK.framework/_CodeSignature/CodeResources
copying file ./Frameworks/MasterpassQRCoreSDK.framework/Info.plist ... 
735 bytes for ./Frameworks/MasterpassQRCoreSDK.framework/Info.plist
copying file ./Frameworks/MasterpassQRCoreSDK.framework/MasterpassQRCoreSDK ... 
2017-10-04 09:53:29 +0000  583664 bytes for ./Frameworks/MasterpassQRCoreSDK.framework/MasterpassQRCoreSDK
copying file ./Frameworks/MasterpassQRCoreSDK.framework/strip-frameworks.sh ... 
3230 bytes for ./Frameworks/MasterpassQRCoreSDK.framework/strip-frameworks.sh
copying file ./Frameworks/MasterpassQRScanSDK.framework/_CodeSignature/CodeResources ... 
2784 bytes for ./Frameworks/MasterpassQRScanSDK.framework/_CodeSignature/CodeResources
copying file ./Frameworks/MasterpassQRScanSDK.framework/Assets.car ... 
2017-10-04 09:53:29 +0000  82504 bytes for ./Frameworks/MasterpassQRScanSDK.framework/Assets.car
copying file ./Frameworks/MasterpassQRScanSDK.framework/Info.plist ... 
2017-10-04 09:53:29 +0000  735 bytes for ./Frameworks/MasterpassQRScanSDK.framework/Info.plist
copying file ./Frameworks/MasterpassQRScanSDK.framework/MasterpassQRScanSDK ... 
2017-10-04 09:53:29 +0000  404160 bytes for ./Frameworks/MasterpassQRScanSDK.framework/MasterpassQRScanSDK
copying file ./Frameworks/MasterpassQRScanSDK.framework/strip-frameworks.sh ... 
2017-10-04 09:53:29 +0000  3230 bytes for ./Frameworks/MasterpassQRScanSDK.framework/strip-frameworks.sh
copying file ./Info.plist ... 
2017-10-04 09:53:29 +0000  1289 bytes for ./Info.plist
copying file ./MasterpassQR Demo ... 
2017-10-04 09:53:29 +0000  414480 bytes for ./MasterpassQR Demo
copying file ./PkgInfo ... 
2017-10-04 09:53:29 +0000  8 bytes for ./PkgInfo
2017-10-04 09:53:29 +0000  /usr/bin/ditto exited with 0
2017-10-04 09:53:29 +0000  Processing step: IDEDistributionEmbedProfileStep
2017-10-04 09:53:29 +0000  Skipping profile for item: <IDEDistributionItem: 0x7fc0102ec2e0 'com.mastercard.ios.MasterpassQRCoreSDK' '<DVTFilePath:0x7fc0107e3c00:'/Users/amri/Library/Developer/Xcode/Archives/2017-10-04/MasterpassQR Demo 4-10-17, 5.51 PM.xcarchive/Products/Applications/MasterpassQR Demo.app/Frameworks/MasterpassQRCoreSDK.framework'>'>
2017-10-04 09:53:29 +0000  Skipping profile for item: <IDEDistributionItem: 0x7fc0114797f0 'com.mastercard.ios.MasterpassQRScanSDK' '<DVTFilePath:0x7fc0112356c0:'/Users/amri/Library/Developer/Xcode/Archives/2017-10-04/MasterpassQR Demo 4-10-17, 5.51 PM.xcarchive/Products/Applications/MasterpassQR Demo.app/Frameworks/MasterpassQRScanSDK.framework'>'>
2017-10-04 09:53:29 +0000  Skipping profile for item: <IDEDistributionItem: 0x7fc011926430 'com.apple.dt.runtime.swiftAVFoundation' '<DVTFilePath:0x7fc011233200:'/Users/amri/Library/Developer/Xcode/Archives/2017-10-04/MasterpassQR Demo 4-10-17, 5.51 PM.xcarchive/Products/Applications/MasterpassQR Demo.app/Frameworks/libswiftAVFoundation.dylib'>'>
2017-10-04 09:53:29 +0000  Skipping profile for item: <IDEDistributionItem: 0x7fc0114fa560 'com.apple.dt.runtime.swiftCore' '<DVTFilePath:0x7fc011241be0:'/Users/amri/Library/Developer/Xcode/Archives/2017-10-04/MasterpassQR Demo 4-10-17, 5.51 PM.xcarchive/Products/Applications/MasterpassQR Demo.app/Frameworks/libswiftCore.dylib'>'>
2017-10-04 09:53:29 +0000  Skipping profile for item: <IDEDistributionItem: 0x7fc0132a1dc0 'com.apple.dt.runtime.swiftCoreAudio' '<DVTFilePath:0x7fc011213060:'/Users/amri/Library/Developer/Xcode/Archives/2017-10-04/MasterpassQR Demo 4-10-17, 5.51 PM.xcarchive/Products/Applications/MasterpassQR Demo.app/Frameworks/libswiftCoreAudio.dylib'>'>
2017-10-04 09:53:29 +0000  Skipping profile for item: <IDEDistributionItem: 0x7fc0102ec380 'com.apple.dt.runtime.swiftCoreData' '<DVTFilePath:0x7fc0103977a0:'/Users/amri/Library/Developer/Xcode/Archives/2017-10-04/MasterpassQR Demo 4-10-17, 5.51 PM.xcarchive/Products/Applications/MasterpassQR Demo.app/Frameworks/libswiftCoreData.dylib'>'>
2017-10-04 09:53:29 +0000  Skipping profile for item: <IDEDistributionItem: 0x7fc011854ed0 'com.apple.dt.runtime.swiftCoreFoundation' '<DVTFilePath:0x7fc012be4a50:'/Users/amri/Library/Developer/Xcode/Archives/2017-10-04/MasterpassQR Demo 4-10-17, 5.51 PM.xcarchive/Products/Applications/MasterpassQR Demo.app/Frameworks/libswiftCoreFoundation.dylib'>'>
2017-10-04 09:53:29 +0000  Skipping profile for item: <IDEDistributionItem: 0x7fc0115d2010 'com.apple.dt.runtime.swiftCoreGraphics' '<DVTFilePath:0x7fc00e16cab0:'/Users/amri/Library/Developer/Xcode/Archives/2017-10-04/MasterpassQR Demo 4-10-17, 5.51 PM.xcarchive/Products/Applications/MasterpassQR Demo.app/Frameworks/libswiftCoreGraphics.dylib'>'>
2017-10-04 09:53:29 +0000  Skipping profile for item: <IDEDistributionItem: 0x7fc00a47e380 'com.apple.dt.runtime.swiftCoreImage' '<DVTFilePath:0x7fc013003a20:'/Users/amri/Library/Developer/Xcode/Archives/2017-10-04/MasterpassQR Demo 4-10-17, 5.51 PM.xcarchive/Products/Applications/MasterpassQR Demo.app/Frameworks/libswiftCoreImage.dylib'>'>
2017-10-04 09:53:29 +0000  Skipping profile for item: <IDEDistributionItem: 0x7fc0118def30 'com.apple.dt.runtime.swiftCoreLocation' '<DVTFilePath:0x7fc01340ca70:'/Users/amri/Library/Developer/Xcode/Archives/2017-10-04/MasterpassQR Demo 4-10-17, 5.51 PM.xcarchive/Products/Applications/MasterpassQR Demo.app/Frameworks/libswiftCoreLocation.dylib'>'>
2017-10-04 09:53:29 +0000  Skipping profile for item: <IDEDistributionItem: 0x7fc00d5cfd50 'com.apple.dt.runtime.swiftCoreMedia' '<DVTFilePath:0x7fc00feb4ed0:'/Users/amri/Library/Developer/Xcode/Archives/2017-10-04/MasterpassQR Demo 4-10-17, 5.51 PM.xcarchive/Products/Applications/MasterpassQR Demo.app/Frameworks/libswiftCoreMedia.dylib'>'>
2017-10-04 09:53:29 +0000  Skipping profile for item: <IDEDistributionItem: 0x7fc0100f4ba0 'com.apple.dt.runtime.swiftDarwin' '<DVTFilePath:0x7fc01340a8a0:'/Users/amri/Library/Developer/Xcode/Archives/2017-10-04/MasterpassQR Demo 4-10-17, 5.51 PM.xcarchive/Products/Applications/MasterpassQR Demo.app/Frameworks/libswiftDarwin.dylib'>'>
2017-10-04 09:53:29 +0000  Skipping profile for item: <IDEDistributionItem: 0x7fc0117258d0 'com.apple.dt.runtime.swiftDispatch' '<DVTFilePath:0x7fc026919920:'/Users/amri/Library/Developer/Xcode/Archives/2017-10-04/MasterpassQR Demo 4-10-17, 5.51 PM.xcarchive/Products/Applications/MasterpassQR Demo.app/Frameworks/libswiftDispatch.dylib'>'>
2017-10-04 09:53:29 +0000  Skipping profile for item: <IDEDistributionItem: 0x7fc01047eba0 'com.apple.dt.runtime.swiftFoundation' '<DVTFilePath:0x7fc010510760:'/Users/amri/Library/Developer/Xcode/Archives/2017-10-04/MasterpassQR Demo 4-10-17, 5.51 PM.xcarchive/Products/Applications/MasterpassQR Demo.app/Frameworks/libswiftFoundation.dylib'>'>
2017-10-04 09:53:29 +0000  Skipping profile for item: <IDEDistributionItem: 0x7fc00f8951e0 'com.apple.dt.runtime.swiftMetal' '<DVTFilePath:0x7fc0105101d0:'/Users/amri/Library/Developer/Xcode/Archives/2017-10-04/MasterpassQR Demo 4-10-17, 5.51 PM.xcarchive/Products/Applications/MasterpassQR Demo.app/Frameworks/libswiftMetal.dylib'>'>
2017-10-04 09:53:29 +0000  Skipping profile for item: <IDEDistributionItem: 0x7fc0104dd5d0 'com.apple.dt.runtime.swiftObjectiveC' '<DVTFilePath:0x7fc016f2d7e0:'/Users/amri/Library/Developer/Xcode/Archives/2017-10-04/MasterpassQR Demo 4-10-17, 5.51 PM.xcarchive/Products/Applications/MasterpassQR Demo.app/Frameworks/libswiftObjectiveC.dylib'>'>
2017-10-04 09:53:29 +0000  Skipping profile for item: <IDEDistributionItem: 0x7fc00d3d1d60 'com.apple.dt.runtime.swiftPhotos' '<DVTFilePath:0x7fc007c039e0:'/Users/amri/Library/Developer/Xcode/Archives/2017-10-04/MasterpassQR Demo 4-10-17, 5.51 PM.xcarchive/Products/Applications/MasterpassQR Demo.app/Frameworks/libswiftPhotos.dylib'>'>
2017-10-04 09:53:29 +0000  Skipping profile for item: <IDEDistributionItem: 0x7fc023840f20 'com.apple.dt.runtime.swiftQuartzCore' '<DVTFilePath:0x7fc012f8c750:'/Users/amri/Library/Developer/Xcode/Archives/2017-10-04/MasterpassQR Demo 4-10-17, 5.51 PM.xcarchive/Products/Applications/MasterpassQR Demo.app/Frameworks/libswiftQuartzCore.dylib'>'>
2017-10-04 09:53:29 +0000  Skipping profile for item: <IDEDistributionItem: 0x7fc012d81af0 'com.apple.dt.runtime.swiftUIKit' '<DVTFilePath:0x7fc011925e60:'/Users/amri/Library/Developer/Xcode/Archives/2017-10-04/MasterpassQR Demo 4-10-17, 5.51 PM.xcarchive/Products/Applications/MasterpassQR Demo.app/Frameworks/libswiftUIKit.dylib'>'>
2017-10-04 09:53:29 +0000  Skipping profile for item: <IDEDistributionItem: 0x7fc0102e9340 'com.apple.dt.runtime.swiftos' '<DVTFilePath:0x7fc0105ba710:'/Users/amri/Library/Developer/Xcode/Archives/2017-10-04/MasterpassQR Demo 4-10-17, 5.51 PM.xcarchive/Products/Applications/MasterpassQR Demo.app/Frameworks/libswiftos.dylib'>'>
2017-10-04 09:53:29 +0000  Skipping profile for item: <IDEDistributionItem: 0x7fc00d3bc5d0 'com.apple.dt.runtime.swiftsimd' '<DVTFilePath:0x7fc0104013c0:'/Users/amri/Library/Developer/Xcode/Archives/2017-10-04/MasterpassQR Demo 4-10-17, 5.51 PM.xcarchive/Products/Applications/MasterpassQR Demo.app/Frameworks/libswiftsimd.dylib'>'>
2017-10-04 09:53:29 +0000  Processing step: IDEDistributionAppThinningPlistStep
2017-10-04 09:53:29 +0000  Skipping step: IDEDistributionAppThinningPlistStep because it said so
2017-10-04 09:53:29 +0000  Processing step: IDEDistributionCompileBitcodeStep
2017-10-04 09:53:29 +0000  Skipping step: IDEDistributionCompileBitcodeStep because it said so
2017-10-04 09:53:29 +0000  Processing step: IDEDistributionCodeSlimmingStep
2017-10-04 09:53:29 +0000  Processing step: IDEDistributionCopyBCSymbolMapsStep
2017-10-04 09:53:29 +0000  Skipping step: IDEDistributionCopyBCSymbolMapsStep because it said so
2017-10-04 09:53:29 +0000  Skipping step: IDEDistributionCopyBCSymbolMapsStep because it said so
2017-10-04 09:53:29 +0000  Skipping step: IDEDistributionCopyBCSymbolMapsStep because it said so
2017-10-04 09:53:29 +0000  Skipping step: IDEDistributionCopyBCSymbolMapsStep because it said so
2017-10-04 09:53:29 +0000  Skipping step: IDEDistributionCopyBCSymbolMapsStep because it said so
2017-10-04 09:53:29 +0000  Skipping step: IDEDistributionCopyBCSymbolMapsStep because it said so
2017-10-04 09:53:29 +0000  Skipping step: IDEDistributionCopyBCSymbolMapsStep because it said so
2017-10-04 09:53:29 +0000  Skipping step: IDEDistributionCopyBCSymbolMapsStep because it said so
2017-10-04 09:53:29 +0000  Skipping step: IDEDistributionCopyBCSymbolMapsStep because it said so
2017-10-04 09:53:29 +0000  Skipping step: IDEDistributionCopyBCSymbolMapsStep because it said so
2017-10-04 09:53:29 +0000  Skipping step: IDEDistributionCopyBCSymbolMapsStep because it said so
2017-10-04 09:53:29 +0000  Skipping step: IDEDistributionCopyBCSymbolMapsStep because it said so
2017-10-04 09:53:29 +0000  Skipping step: IDEDistributionCopyBCSymbolMapsStep because it said so
2017-10-04 09:53:29 +0000  Skipping step: IDEDistributionCopyBCSymbolMapsStep because it said so
2017-10-04 09:53:29 +0000  Skipping step: IDEDistributionCopyBCSymbolMapsStep because it said so
2017-10-04 09:53:29 +0000  Skipping step: IDEDistributionCopyBCSymbolMapsStep because it said so
2017-10-04 09:53:29 +0000  Skipping step: IDEDistributionCopyBCSymbolMapsStep because it said so
2017-10-04 09:53:29 +0000  Skipping step: IDEDistributionCopyBCSymbolMapsStep because it said so
2017-10-04 09:53:29 +0000  Skipping step: IDEDistributionCopyBCSymbolMapsStep because it said so
2017-10-04 09:53:29 +0000  Skipping step: IDEDistributionCopyBCSymbolMapsStep because it said so
2017-10-04 09:53:29 +0000  Skipping step: IDEDistributionCopyBCSymbolMapsStep because it said so
2017-10-04 09:53:29 +0000  Skipping step: IDEDistributionCopyBCSymbolMapsStep because it said so
2017-10-04 09:53:29 +0000  Processing step: IDEDistributionSymbolsStep
2017-10-04 09:53:29 +0000  Skipping step: IDEDistributionSymbolsStep because it said so
2017-10-04 09:53:29 +0000  Skipping step: IDEDistributionSymbolsStep because it said so
2017-10-04 09:53:29 +0000  Skipping step: IDEDistributionSymbolsStep because it said so
2017-10-04 09:53:29 +0000  Skipping step: IDEDistributionSymbolsStep because it said so
2017-10-04 09:53:29 +0000  Skipping step: IDEDistributionSymbolsStep because it said so
2017-10-04 09:53:29 +0000  Skipping step: IDEDistributionSymbolsStep because it said so
2017-10-04 09:53:29 +0000  Skipping step: IDEDistributionSymbolsStep because it said so
2017-10-04 09:53:29 +0000  Skipping step: IDEDistributionSymbolsStep because it said so
2017-10-04 09:53:29 +0000  Skipping step: IDEDistributionSymbolsStep because it said so
2017-10-04 09:53:29 +0000  Skipping step: IDEDistributionSymbolsStep because it said so
2017-10-04 09:53:29 +0000  Skipping step: IDEDistributionSymbolsStep because it said so
2017-10-04 09:53:29 +0000  Skipping step: IDEDistributionSymbolsStep because it said so
2017-10-04 09:53:29 +0000  Skipping step: IDEDistributionSymbolsStep because it said so
2017-10-04 09:53:29 +0000  Skipping step: IDEDistributionSymbolsStep because it said so
2017-10-04 09:53:29 +0000  Skipping step: IDEDistributionSymbolsStep because it said so
2017-10-04 09:53:29 +0000  Skipping step: IDEDistributionSymbolsStep because it said so
2017-10-04 09:53:29 +0000  Skipping step: IDEDistributionSymbolsStep because it said so
2017-10-04 09:53:29 +0000  Skipping step: IDEDistributionSymbolsStep because it said so
2017-10-04 09:53:29 +0000  Skipping step: IDEDistributionSymbolsStep because it said so
2017-10-04 09:53:29 +0000  Skipping step: IDEDistributionSymbolsStep because it said so
2017-10-04 09:53:29 +0000  Skipping step: IDEDistributionSymbolsStep because it said so
2017-10-04 09:53:29 +0000  Skipping step: IDEDistributionSymbolsStep because it said so
2017-10-04 09:53:29 +0000  Processing step: IDEDistributionAppThinningStep
2017-10-04 09:53:29 +0000  Skipping step: IDEDistributionAppThinningStep because it said so
2017-10-04 09:53:29 +0000  Processing step: IDEDistributionODRStep
2017-10-04 09:53:29 +0000  Processing step: IDEDistributionStripXattrsStep
2017-10-04 09:53:29 +0000  Skipping stripping extended attributes of item: <IDEDistributionItem: 0x7fc0102ec2e0 'com.mastercard.ios.MasterpassQRCoreSDK' '<DVTFilePath:0x7fc0107e3c00:'/Users/amri/Library/Developer/Xcode/Archives/2017-10-04/MasterpassQR Demo 4-10-17, 5.51 PM.xcarchive/Products/Applications/MasterpassQR Demo.app/Frameworks/MasterpassQRCoreSDK.framework'>'>
2017-10-04 09:53:29 +0000  Skipping stripping extended attributes of item: <IDEDistributionItem: 0x7fc0114797f0 'com.mastercard.ios.MasterpassQRScanSDK' '<DVTFilePath:0x7fc0112356c0:'/Users/amri/Library/Developer/Xcode/Archives/2017-10-04/MasterpassQR Demo 4-10-17, 5.51 PM.xcarchive/Products/Applications/MasterpassQR Demo.app/Frameworks/MasterpassQRScanSDK.framework'>'>
2017-10-04 09:53:29 +0000  Skipping stripping extended attributes of item: <IDEDistributionItem: 0x7fc011926430 'com.apple.dt.runtime.swiftAVFoundation' '<DVTFilePath:0x7fc011233200:'/Users/amri/Library/Developer/Xcode/Archives/2017-10-04/MasterpassQR Demo 4-10-17, 5.51 PM.xcarchive/Products/Applications/MasterpassQR Demo.app/Frameworks/libswiftAVFoundation.dylib'>'>
2017-10-04 09:53:29 +0000  Skipping stripping extended attributes of item: <IDEDistributionItem: 0x7fc0114fa560 'com.apple.dt.runtime.swiftCore' '<DVTFilePath:0x7fc011241be0:'/Users/amri/Library/Developer/Xcode/Archives/2017-10-04/MasterpassQR Demo 4-10-17, 5.51 PM.xcarchive/Products/Applications/MasterpassQR Demo.app/Frameworks/libswiftCore.dylib'>'>
2017-10-04 09:53:29 +0000  Skipping stripping extended attributes of item: <IDEDistributionItem: 0x7fc0132a1dc0 'com.apple.dt.runtime.swiftCoreAudio' '<DVTFilePath:0x7fc011213060:'/Users/amri/Library/Developer/Xcode/Archives/2017-10-04/MasterpassQR Demo 4-10-17, 5.51 PM.xcarchive/Products/Applications/MasterpassQR Demo.app/Frameworks/libswiftCoreAudio.dylib'>'>
2017-10-04 09:53:29 +0000  Skipping stripping extended attributes of item: <IDEDistributionItem: 0x7fc0102ec380 'com.apple.dt.runtime.swiftCoreData' '<DVTFilePath:0x7fc0103977a0:'/Users/amri/Library/Developer/Xcode/Archives/2017-10-04/MasterpassQR Demo 4-10-17, 5.51 PM.xcarchive/Products/Applications/MasterpassQR Demo.app/Frameworks/libswiftCoreData.dylib'>'>
2017-10-04 09:53:29 +0000  Skipping stripping extended attributes of item: <IDEDistributionItem: 0x7fc011854ed0 'com.apple.dt.runtime.swiftCoreFoundation' '<DVTFilePath:0x7fc012be4a50:'/Users/amri/Library/Developer/Xcode/Archives/2017-10-04/MasterpassQR Demo 4-10-17, 5.51 PM.xcarchive/Products/Applications/MasterpassQR Demo.app/Frameworks/libswiftCoreFoundation.dylib'>'>
2017-10-04 09:53:29 +0000  Skipping stripping extended attributes of item: <IDEDistributionItem: 0x7fc0115d2010 'com.apple.dt.runtime.swiftCoreGraphics' '<DVTFilePath:0x7fc00e16cab0:'/Users/amri/Library/Developer/Xcode/Archives/2017-10-04/MasterpassQR Demo 4-10-17, 5.51 PM.xcarchive/Products/Applications/MasterpassQR Demo.app/Frameworks/libswiftCoreGraphics.dylib'>'>
2017-10-04 09:53:29 +0000  Skipping stripping extended attributes of item: <IDEDistributionItem: 0x7fc00a47e380 'com.apple.dt.runtime.swiftCoreImage' '<DVTFilePath:0x7fc013003a20:'/Users/amri/Library/Developer/Xcode/Archives/2017-10-04/MasterpassQR Demo 4-10-17, 5.51 PM.xcarchive/Products/Applications/MasterpassQR Demo.app/Frameworks/libswiftCoreImage.dylib'>'>
2017-10-04 09:53:29 +0000  Skipping stripping extended attributes of item: <IDEDistributionItem: 0x7fc0118def30 'com.apple.dt.runtime.swiftCoreLocation' '<DVTFilePath:0x7fc01340ca70:'/Users/amri/Library/Developer/Xcode/Archives/2017-10-04/MasterpassQR Demo 4-10-17, 5.51 PM.xcarchive/Products/Applications/MasterpassQR Demo.app/Frameworks/libswiftCoreLocation.dylib'>'>
2017-10-04 09:53:29 +0000  Skipping stripping extended attributes of item: <IDEDistributionItem: 0x7fc00d5cfd50 'com.apple.dt.runtime.swiftCoreMedia' '<DVTFilePath:0x7fc00feb4ed0:'/Users/amri/Library/Developer/Xcode/Archives/2017-10-04/MasterpassQR Demo 4-10-17, 5.51 PM.xcarchive/Products/Applications/MasterpassQR Demo.app/Frameworks/libswiftCoreMedia.dylib'>'>
2017-10-04 09:53:29 +0000  Skipping stripping extended attributes of item: <IDEDistributionItem: 0x7fc0100f4ba0 'com.apple.dt.runtime.swiftDarwin' '<DVTFilePath:0x7fc01340a8a0:'/Users/amri/Library/Developer/Xcode/Archives/2017-10-04/MasterpassQR Demo 4-10-17, 5.51 PM.xcarchive/Products/Applications/MasterpassQR Demo.app/Frameworks/libswiftDarwin.dylib'>'>
2017-10-04 09:53:29 +0000  Skipping stripping extended attributes of item: <IDEDistributionItem: 0x7fc0117258d0 'com.apple.dt.runtime.swiftDispatch' '<DVTFilePath:0x7fc026919920:'/Users/amri/Library/Developer/Xcode/Archives/2017-10-04/MasterpassQR Demo 4-10-17, 5.51 PM.xcarchive/Products/Applications/MasterpassQR Demo.app/Frameworks/libswiftDispatch.dylib'>'>
2017-10-04 09:53:29 +0000  Skipping stripping extended attributes of item: <IDEDistributionItem: 0x7fc01047eba0 'com.apple.dt.runtime.swiftFoundation' '<DVTFilePath:0x7fc010510760:'/Users/amri/Library/Developer/Xcode/Archives/2017-10-04/MasterpassQR Demo 4-10-17, 5.51 PM.xcarchive/Products/Applications/MasterpassQR Demo.app/Frameworks/libswiftFoundation.dylib'>'>
2017-10-04 09:53:29 +0000  Skipping stripping extended attributes of item: <IDEDistributionItem: 0x7fc00f8951e0 'com.apple.dt.runtime.swiftMetal' '<DVTFilePath:0x7fc0105101d0:'/Users/amri/Library/Developer/Xcode/Archives/2017-10-04/MasterpassQR Demo 4-10-17, 5.51 PM.xcarchive/Products/Applications/MasterpassQR Demo.app/Frameworks/libswiftMetal.dylib'>'>
2017-10-04 09:53:29 +0000  Skipping stripping extended attributes of item: <IDEDistributionItem: 0x7fc0104dd5d0 'com.apple.dt.runtime.swiftObjectiveC' '<DVTFilePath:0x7fc016f2d7e0:'/Users/amri/Library/Developer/Xcode/Archives/2017-10-04/MasterpassQR Demo 4-10-17, 5.51 PM.xcarchive/Products/Applications/MasterpassQR Demo.app/Frameworks/libswiftObjectiveC.dylib'>'>
2017-10-04 09:53:29 +0000  Skipping stripping extended attributes of item: <IDEDistributionItem: 0x7fc00d3d1d60 'com.apple.dt.runtime.swiftPhotos' '<DVTFilePath:0x7fc007c039e0:'/Users/amri/Library/Developer/Xcode/Archives/2017-10-04/MasterpassQR Demo 4-10-17, 5.51 PM.xcarchive/Products/Applications/MasterpassQR Demo.app/Frameworks/libswiftPhotos.dylib'>'>
2017-10-04 09:53:29 +0000  Skipping stripping extended attributes of item: <IDEDistributionItem: 0x7fc023840f20 'com.apple.dt.runtime.swiftQuartzCore' '<DVTFilePath:0x7fc012f8c750:'/Users/amri/Library/Developer/Xcode/Archives/2017-10-04/MasterpassQR Demo 4-10-17, 5.51 PM.xcarchive/Products/Applications/MasterpassQR Demo.app/Frameworks/libswiftQuartzCore.dylib'>'>
2017-10-04 09:53:29 +0000  Skipping stripping extended attributes of item: <IDEDistributionItem: 0x7fc012d81af0 'com.apple.dt.runtime.swiftUIKit' '<DVTFilePath:0x7fc011925e60:'/Users/amri/Library/Developer/Xcode/Archives/2017-10-04/MasterpassQR Demo 4-10-17, 5.51 PM.xcarchive/Products/Applications/MasterpassQR Demo.app/Frameworks/libswiftUIKit.dylib'>'>
2017-10-04 09:53:29 +0000  Skipping stripping extended attributes of item: <IDEDistributionItem: 0x7fc0102e9340 'com.apple.dt.runtime.swiftos' '<DVTFilePath:0x7fc0105ba710:'/Users/amri/Library/Developer/Xcode/Archives/2017-10-04/MasterpassQR Demo 4-10-17, 5.51 PM.xcarchive/Products/Applications/MasterpassQR Demo.app/Frameworks/libswiftos.dylib'>'>
2017-10-04 09:53:29 +0000  Skipping stripping extended attributes of item: <IDEDistributionItem: 0x7fc00d3bc5d0 'com.apple.dt.runtime.swiftsimd' '<DVTFilePath:0x7fc0104013c0:'/Users/amri/Library/Developer/Xcode/Archives/2017-10-04/MasterpassQR Demo 4-10-17, 5.51 PM.xcarchive/Products/Applications/MasterpassQR Demo.app/Frameworks/libswiftsimd.dylib'>'>
2017-10-04 09:53:29 +0000  Running /usr/bin/xattr '-cr' '/var/folders/9k/16d2bz8x33g22q2dn3nc7nyr0000gn/T/XcodeDistPipeline.40w/Root/Payload/MasterpassQR Demo.app'
2017-10-04 09:53:30 +0000  /usr/bin/xattr exited with 0
2017-10-04 09:53:30 +0000  Processing step: IDEDistributionCodesignStep
2017-10-04 09:53:30 +0000  Applying entitlements delta for <IDEDistributionItem: 0x7fc0102ec2e0 'com.mastercard.ios.MasterpassQRCoreSDK' '<DVTFilePath:0x7fc0107e3c00:'/Users/amri/Library/Developer/Xcode/Archives/2017-10-04/MasterpassQR Demo 4-10-17, 5.51 PM.xcarchive/Products/Applications/MasterpassQR Demo.app/Frameworks/MasterpassQRCoreSDK.framework'>'> from <IDEiCloudEntitlementsProcessor: 0x7fc0133516e0>: {
}
2017-10-04 09:53:30 +0000  Entitlements for <IDEDistributionItem: 0x7fc0102ec2e0 'com.mastercard.ios.MasterpassQRCoreSDK' '<DVTFilePath:0x7fc0107e3c00:'/Users/amri/Library/Developer/Xcode/Archives/2017-10-04/MasterpassQR Demo 4-10-17, 5.51 PM.xcarchive/Products/Applications/MasterpassQR Demo.app/Frameworks/MasterpassQRCoreSDK.framework'>'>: {
}
2017-10-04 09:53:30 +0000  Writing entitlements for <IDEDistributionItem: 0x7fc0102ec2e0 'com.mastercard.ios.MasterpassQRCoreSDK' '<DVTFilePath:0x7fc0107e3c00:'/Users/amri/Library/Developer/Xcode/Archives/2017-10-04/MasterpassQR Demo 4-10-17, 5.51 PM.xcarchive/Products/Applications/MasterpassQR Demo.app/Frameworks/MasterpassQRCoreSDK.framework'>'> to: /var/folders/9k/16d2bz8x33g22q2dn3nc7nyr0000gn/T/XcodeDistPipeline.40w/entitlementsBbx0sD
2017-10-04 09:53:30 +0000  Running /usr/bin/codesign '-vvv' '--force' '--sign' 'CB9884B82F3F83493389714E86E4CF3B13C269C9' '--preserve-metadata=identifier,flags' '--entitlements' '/var/folders/9k/16d2bz8x33g22q2dn3nc7nyr0000gn/T/XcodeDistPipeline.40w/entitlementsBbx0sD' '/var/folders/9k/16d2bz8x33g22q2dn3nc7nyr0000gn/T/XcodeDistPipeline.40w/Root/Payload/MasterpassQR Demo.app/Frameworks/MasterpassQRCoreSDK.framework'
2017-10-04 09:53:30 +0000  /var/folders/9k/16d2bz8x33g22q2dn3nc7nyr0000gn/T/XcodeDistPipeline.40w/Root/Payload/MasterpassQR Demo.app/Frameworks/MasterpassQRCoreSDK.framework: replacing existing signature
2017-10-04 09:53:30 +0000  /var/folders/9k/16d2bz8x33g22q2dn3nc7nyr0000gn/T/XcodeDistPipeline.40w/Root/Payload/MasterpassQR Demo.app/Frameworks/MasterpassQRCoreSDK.framework: signed bundle with Mach-O universal (armv7 arm64) [com.mastercard.ios.MasterpassQRCoreSDK]
2017-10-04 09:53:30 +0000  
2017-10-04 09:53:30 +0000  /usr/bin/codesign exited with 0
2017-10-04 09:53:30 +0000  Applying entitlements delta for <IDEDistributionItem: 0x7fc0114797f0 'com.mastercard.ios.MasterpassQRScanSDK' '<DVTFilePath:0x7fc0112356c0:'/Users/amri/Library/Developer/Xcode/Archives/2017-10-04/MasterpassQR Demo 4-10-17, 5.51 PM.xcarchive/Products/Applications/MasterpassQR Demo.app/Frameworks/MasterpassQRScanSDK.framework'>'> from <IDEiCloudEntitlementsProcessor: 0x7fc02381ef90>: {
}
2017-10-04 09:53:30 +0000  Entitlements for <IDEDistributionItem: 0x7fc0114797f0 'com.mastercard.ios.MasterpassQRScanSDK' '<DVTFilePath:0x7fc0112356c0:'/Users/amri/Library/Developer/Xcode/Archives/2017-10-04/MasterpassQR Demo 4-10-17, 5.51 PM.xcarchive/Products/Applications/MasterpassQR Demo.app/Frameworks/MasterpassQRScanSDK.framework'>'>: {
}
2017-10-04 09:53:30 +0000  Writing entitlements for <IDEDistributionItem: 0x7fc0114797f0 'com.mastercard.ios.MasterpassQRScanSDK' '<DVTFilePath:0x7fc0112356c0:'/Users/amri/Library/Developer/Xcode/Archives/2017-10-04/MasterpassQR Demo 4-10-17, 5.51 PM.xcarchive/Products/Applications/MasterpassQR Demo.app/Frameworks/MasterpassQRScanSDK.framework'>'> to: /var/folders/9k/16d2bz8x33g22q2dn3nc7nyr0000gn/T/XcodeDistPipeline.40w/entitlementsCJ7PZR
2017-10-04 09:53:30 +0000  Running /usr/bin/codesign '-vvv' '--force' '--sign' 'CB9884B82F3F83493389714E86E4CF3B13C269C9' '--preserve-metadata=identifier,flags' '--entitlements' '/var/folders/9k/16d2bz8x33g22q2dn3nc7nyr0000gn/T/XcodeDistPipeline.40w/entitlementsCJ7PZR' '/var/folders/9k/16d2bz8x33g22q2dn3nc7nyr0000gn/T/XcodeDistPipeline.40w/Root/Payload/MasterpassQR Demo.app/Frameworks/MasterpassQRScanSDK.framework'
2017-10-04 09:53:30 +0000  /var/folders/9k/16d2bz8x33g22q2dn3nc7nyr0000gn/T/XcodeDistPipeline.40w/Root/Payload/MasterpassQR Demo.app/Frameworks/MasterpassQRScanSDK.framework: replacing existing signature
2017-10-04 09:53:30 +0000  /var/folders/9k/16d2bz8x33g22q2dn3nc7nyr0000gn/T/XcodeDistPipeline.40w/Root/Payload/MasterpassQR Demo.app/Frameworks/MasterpassQRScanSDK.framework: signed bundle with Mach-O universal (armv7 arm64) [com.mastercard.ios.MasterpassQRScanSDK]
2017-10-04 09:53:30 +0000  /usr/bin/codesign exited with 0
2017-10-04 09:53:30 +0000  Applying entitlements delta for <IDEDistributionItem: 0x7fc011926430 'com.apple.dt.runtime.swiftAVFoundation' '<DVTFilePath:0x7fc011233200:'/Users/amri/Library/Developer/Xcode/Archives/2017-10-04/MasterpassQR Demo 4-10-17, 5.51 PM.xcarchive/Products/Applications/MasterpassQR Demo.app/Frameworks/libswiftAVFoundation.dylib'>'> from <IDEiCloudEntitlementsProcessor: 0x7fc00a4c6740>: {
}
2017-10-04 09:53:30 +0000  Entitlements for <IDEDistributionItem: 0x7fc011926430 'com.apple.dt.runtime.swiftAVFoundation' '<DVTFilePath:0x7fc011233200:'/Users/amri/Library/Developer/Xcode/Archives/2017-10-04/MasterpassQR Demo 4-10-17, 5.51 PM.xcarchive/Products/Applications/MasterpassQR Demo.app/Frameworks/libswiftAVFoundation.dylib'>'>: {
}
2017-10-04 09:53:30 +0000  Writing entitlements for <IDEDistributionItem: 0x7fc011926430 'com.apple.dt.runtime.swiftAVFoundation' '<DVTFilePath:0x7fc011233200:'/Users/amri/Library/Developer/Xcode/Archives/2017-10-04/MasterpassQR Demo 4-10-17, 5.51 PM.xcarchive/Products/Applications/MasterpassQR Demo.app/Frameworks/libswiftAVFoundation.dylib'>'> to: /var/folders/9k/16d2bz8x33g22q2dn3nc7nyr0000gn/T/XcodeDistPipeline.40w/entitlementsKeZfEQ
2017-10-04 09:53:30 +0000  Running /usr/bin/codesign '-vvv' '--force' '--sign' 'CB9884B82F3F83493389714E86E4CF3B13C269C9' '--preserve-metadata=identifier,flags' '--entitlements' '/var/folders/9k/16d2bz8x33g22q2dn3nc7nyr0000gn/T/XcodeDistPipeline.40w/entitlementsKeZfEQ' '/var/folders/9k/16d2bz8x33g22q2dn3nc7nyr0000gn/T/XcodeDistPipeline.40w/Root/Payload/MasterpassQR Demo.app/Frameworks/libswiftAVFoundation.dylib'
2017-10-04 09:53:30 +0000  /var/folders/9k/16d2bz8x33g22q2dn3nc7nyr0000gn/T/XcodeDistPipeline.40w/Root/Payload/MasterpassQR Demo.app/Frameworks/libswiftAVFoundation.dylib: replacing existing signature
2017-10-04 09:53:30 +0000  /var/folders/9k/16d2bz8x33g22q2dn3nc7nyr0000gn/T/XcodeDistPipeline.40w/Root/Payload/MasterpassQR Demo.app/Frameworks/libswiftAVFoundation.dylib: signed Mach-O universal (armv7 armv7s arm64) [com.apple.dt.runtime.swiftAVFoundation]
2017-10-04 09:53:30 +0000  /usr/bin/codesign exited with 0
2017-10-04 09:53:30 +0000  Applying entitlements delta for <IDEDistributionItem: 0x7fc0114fa560 'com.apple.dt.runtime.swiftCore' '<DVTFilePath:0x7fc011241be0:'/Users/amri/Library/Developer/Xcode/Archives/2017-10-04/MasterpassQR Demo 4-10-17, 5.51 PM.xcarchive/Products/Applications/MasterpassQR Demo.app/Frameworks/libswiftCore.dylib'>'> from <IDEiCloudEntitlementsProcessor: 0x7fc01158ebc0>: {
}
2017-10-04 09:53:30 +0000  Entitlements for <IDEDistributionItem: 0x7fc0114fa560 'com.apple.dt.runtime.swiftCore' '<DVTFilePath:0x7fc011241be0:'/Users/amri/Library/Developer/Xcode/Archives/2017-10-04/MasterpassQR Demo 4-10-17, 5.51 PM.xcarchive/Products/Applications/MasterpassQR Demo.app/Frameworks/libswiftCore.dylib'>'>: {
}
2017-10-04 09:53:30 +0000  Writing entitlements for <IDEDistributionItem: 0x7fc0114fa560 'com.apple.dt.runtime.swiftCore' '<DVTFilePath:0x7fc011241be0:'/Users/amri/Library/Developer/Xcode/Archives/2017-10-04/MasterpassQR Demo 4-10-17, 5.51 PM.xcarchive/Products/Applications/MasterpassQR Demo.app/Frameworks/libswiftCore.dylib'>'> to: /var/folders/9k/16d2bz8x33g22q2dn3nc7nyr0000gn/T/XcodeDistPipeline.40w/entitlementsv8tsEx
2017-10-04 09:53:30 +0000  Running /usr/bin/codesign '-vvv' '--force' '--sign' 'CB9884B82F3F83493389714E86E4CF3B13C269C9' '--preserve-metadata=identifier,flags' '--entitlements' '/var/folders/9k/16d2bz8x33g22q2dn3nc7nyr0000gn/T/XcodeDistPipeline.40w/entitlementsv8tsEx' '/var/folders/9k/16d2bz8x33g22q2dn3nc7nyr0000gn/T/XcodeDistPipeline.40w/Root/Payload/MasterpassQR Demo.app/Frameworks/libswiftCore.dylib'
2017-10-04 09:53:30 +0000  /var/folders/9k/16d2bz8x33g22q2dn3nc7nyr0000gn/T/XcodeDistPipeline.40w/Root/Payload/MasterpassQR Demo.app/Frameworks/libswiftCore.dylib: replacing existing signature
2017-10-04 09:53:31 +0000  /var/folders/9k/16d2bz8x33g22q2dn3nc7nyr0000gn/T/XcodeDistPipeline.40w/Root/Payload/MasterpassQR Demo.app/Frameworks/libswiftCore.dylib: signed Mach-O universal (armv7 armv7s arm64) [com.apple.dt.runtime.swiftCore]
2017-10-04 09:53:31 +0000  /usr/bin/codesign exited with 0
2017-10-04 09:53:31 +0000  Applying entitlements delta for <IDEDistributionItem: 0x7fc0132a1dc0 'com.apple.dt.runtime.swiftCoreAudio' '<DVTFilePath:0x7fc011213060:'/Users/amri/Library/Developer/Xcode/Archives/2017-10-04/MasterpassQR Demo 4-10-17, 5.51 PM.xcarchive/Products/Applications/MasterpassQR Demo.app/Frameworks/libswiftCoreAudio.dylib'>'> from <IDEiCloudEntitlementsProcessor: 0x7fc00f3ee9c0>: {
}
2017-10-04 09:53:31 +0000  Entitlements for <IDEDistributionItem: 0x7fc0132a1dc0 'com.apple.dt.runtime.swiftCoreAudio' '<DVTFilePath:0x7fc011213060:'/Users/amri/Library/Developer/Xcode/Archives/2017-10-04/MasterpassQR Demo 4-10-17, 5.51 PM.xcarchive/Products/Applications/MasterpassQR Demo.app/Frameworks/libswiftCoreAudio.dylib'>'>: {
}
2017-10-04 09:53:31 +0000  Writing entitlements for <IDEDistributionItem: 0x7fc0132a1dc0 'com.apple.dt.runtime.swiftCoreAudio' '<DVTFilePath:0x7fc011213060:'/Users/amri/Library/Developer/Xcode/Archives/2017-10-04/MasterpassQR Demo 4-10-17, 5.51 PM.xcarchive/Products/Applications/MasterpassQR Demo.app/Frameworks/libswiftCoreAudio.dylib'>'> to: /var/folders/9k/16d2bz8x33g22q2dn3nc7nyr0000gn/T/XcodeDistPipeline.40w/entitlementsVRXfXt
2017-10-04 09:53:31 +0000  Running /usr/bin/codesign '-vvv' '--force' '--sign' 'CB9884B82F3F83493389714E86E4CF3B13C269C9' '--preserve-metadata=identifier,flags' '--entitlements' '/var/folders/9k/16d2bz8x33g22q2dn3nc7nyr0000gn/T/XcodeDistPipeline.40w/entitlementsVRXfXt' '/var/folders/9k/16d2bz8x33g22q2dn3nc7nyr0000gn/T/XcodeDistPipeline.40w/Root/Payload/MasterpassQR Demo.app/Frameworks/libswiftCoreAudio.dylib'
2017-10-04 09:53:31 +0000  /var/folders/9k/16d2bz8x33g22q2dn3nc7nyr0000gn/T/XcodeDistPipeline.40w/Root/Payload/MasterpassQR Demo.app/Frameworks/libswiftCoreAudio.dylib: replacing existing signature
2017-10-04 09:53:31 +0000  /var/folders/9k/16d2bz8x33g22q2dn3nc7nyr0000gn/T/XcodeDistPipeline.40w/Root/Payload/MasterpassQR Demo.app/Frameworks/libswiftCoreAudio.dylib: signed Mach-O universal (armv7 armv7s arm64) [com.apple.dt.runtime.swiftCoreAudio]
2017-10-04 09:53:31 +0000  /usr/bin/codesign exited with 0
2017-10-04 09:53:31 +0000  Applying entitlements delta for <IDEDistributionItem: 0x7fc0102ec380 'com.apple.dt.runtime.swiftCoreData' '<DVTFilePath:0x7fc0103977a0:'/Users/amri/Library/Developer/Xcode/Archives/2017-10-04/MasterpassQR Demo 4-10-17, 5.51 PM.xcarchive/Products/Applications/MasterpassQR Demo.app/Frameworks/libswiftCoreData.dylib'>'> from <IDEiCloudEntitlementsProcessor: 0x7fc00d3dccf0>: {
}
2017-10-04 09:53:31 +0000  Entitlements for <IDEDistributionItem: 0x7fc0102ec380 'com.apple.dt.runtime.swiftCoreData' '<DVTFilePath:0x7fc0103977a0:'/Users/amri/Library/Developer/Xcode/Archives/2017-10-04/MasterpassQR Demo 4-10-17, 5.51 PM.xcarchive/Products/Applications/MasterpassQR Demo.app/Frameworks/libswiftCoreData.dylib'>'>: {
}
2017-10-04 09:53:31 +0000  Writing entitlements for <IDEDistributionItem: 0x7fc0102ec380 'com.apple.dt.runtime.swiftCoreData' '<DVTFilePath:0x7fc0103977a0:'/Users/amri/Library/Developer/Xcode/Archives/2017-10-04/MasterpassQR Demo 4-10-17, 5.51 PM.xcarchive/Products/Applications/MasterpassQR Demo.app/Frameworks/libswiftCoreData.dylib'>'> to: /var/folders/9k/16d2bz8x33g22q2dn3nc7nyr0000gn/T/XcodeDistPipeline.40w/entitlementswKJg37
2017-10-04 09:53:31 +0000  Running /usr/bin/codesign '-vvv' '--force' '--sign' 'CB9884B82F3F83493389714E86E4CF3B13C269C9' '--preserve-metadata=identifier,flags' '--entitlements' '/var/folders/9k/16d2bz8x33g22q2dn3nc7nyr0000gn/T/XcodeDistPipeline.40w/entitlementswKJg37' '/var/folders/9k/16d2bz8x33g22q2dn3nc7nyr0000gn/T/XcodeDistPipeline.40w/Root/Payload/MasterpassQR Demo.app/Frameworks/libswiftCoreData.dylib'
2017-10-04 09:53:31 +0000  /var/folders/9k/16d2bz8x33g22q2dn3nc7nyr0000gn/T/XcodeDistPipeline.40w/Root/Payload/MasterpassQR Demo.app/Frameworks/libswiftCoreData.dylib: replacing existing signature
2017-10-04 09:53:31 +0000  /var/folders/9k/16d2bz8x33g22q2dn3nc7nyr0000gn/T/XcodeDistPipeline.40w/Root/Payload/MasterpassQR Demo.app/Frameworks/libswiftCoreData.dylib: signed Mach-O universal (armv7 armv7s arm64) [com.apple.dt.runtime.swiftCoreData]
2017-10-04 09:53:31 +0000  /usr/bin/codesign exited with 0
2017-10-04 09:53:31 +0000  Applying entitlements delta for <IDEDistributionItem: 0x7fc011854ed0 'com.apple.dt.runtime.swiftCoreFoundation' '<DVTFilePath:0x7fc012be4a50:'/Users/amri/Library/Developer/Xcode/Archives/2017-10-04/MasterpassQR Demo 4-10-17, 5.51 PM.xcarchive/Products/Applications/MasterpassQR Demo.app/Frameworks/libswiftCoreFoundation.dylib'>'> from <IDEiCloudEntitlementsProcessor: 0x7fc009e95a20>: {
}
2017-10-04 09:53:31 +0000  Entitlements for <IDEDistributionItem: 0x7fc011854ed0 'com.apple.dt.runtime.swiftCoreFoundation' '<DVTFilePath:0x7fc012be4a50:'/Users/amri/Library/Developer/Xcode/Archives/2017-10-04/MasterpassQR Demo 4-10-17, 5.51 PM.xcarchive/Products/Applications/MasterpassQR Demo.app/Frameworks/libswiftCoreFoundation.dylib'>'>: {
}
2017-10-04 09:53:31 +0000  Writing entitlements for <IDEDistributionItem: 0x7fc011854ed0 'com.apple.dt.runtime.swiftCoreFoundation' '<DVTFilePath:0x7fc012be4a50:'/Users/amri/Library/Developer/Xcode/Archives/2017-10-04/MasterpassQR Demo 4-10-17, 5.51 PM.xcarchive/Products/Applications/MasterpassQR Demo.app/Frameworks/libswiftCoreFoundation.dylib'>'> to: /var/folders/9k/16d2bz8x33g22q2dn3nc7nyr0000gn/T/XcodeDistPipeline.40w/entitlementsd1FYP4
2017-10-04 09:53:31 +0000  Running /usr/bin/codesign '-vvv' '--force' '--sign' 'CB9884B82F3F83493389714E86E4CF3B13C269C9' '--preserve-metadata=identifier,flags' '--entitlements' '/var/folders/9k/16d2bz8x33g22q2dn3nc7nyr0000gn/T/XcodeDistPipeline.40w/entitlementsd1FYP4' '/var/folders/9k/16d2bz8x33g22q2dn3nc7nyr0000gn/T/XcodeDistPipeline.40w/Root/Payload/MasterpassQR Demo.app/Frameworks/libswiftCoreFoundation.dylib'
2017-10-04 09:53:31 +0000  /var/folders/9k/16d2bz8x33g22q2dn3nc7nyr0000gn/T/XcodeDistPipeline.40w/Root/Payload/MasterpassQR Demo.app/Frameworks/libswiftCoreFoundation.dylib: replacing existing signature
2017-10-04 09:53:31 +0000  /var/folders/9k/16d2bz8x33g22q2dn3nc7nyr0000gn/T/XcodeDistPipeline.40w/Root/Payload/MasterpassQR Demo.app/Frameworks/libswiftCoreFoundation.dylib: signed Mach-O universal (armv7 armv7s arm64) [com.apple.dt.runtime.swiftCoreFoundation]
2017-10-04 09:53:31 +0000  /usr/bin/codesign exited with 0
2017-10-04 09:53:31 +0000  Applying entitlements delta for <IDEDistributionItem: 0x7fc0115d2010 'com.apple.dt.runtime.swiftCoreGraphics' '<DVTFilePath:0x7fc00e16cab0:'/Users/amri/Library/Developer/Xcode/Archives/2017-10-04/MasterpassQR Demo 4-10-17, 5.51 PM.xcarchive/Products/Applications/MasterpassQR Demo.app/Frameworks/libswiftCoreGraphics.dylib'>'> from <IDEiCloudEntitlementsProcessor: 0x7fc013370e60>: {
}
2017-10-04 09:53:31 +0000  Entitlements for <IDEDistributionItem: 0x7fc0115d2010 'com.apple.dt.runtime.swiftCoreGraphics' '<DVTFilePath:0x7fc00e16cab0:'/Users/amri/Library/Developer/Xcode/Archives/2017-10-04/MasterpassQR Demo 4-10-17, 5.51 PM.xcarchive/Products/Applications/MasterpassQR Demo.app/Frameworks/libswiftCoreGraphics.dylib'>'>: {
}
2017-10-04 09:53:31 +0000  Writing entitlements for <IDEDistributionItem: 0x7fc0115d2010 'com.apple.dt.runtime.swiftCoreGraphics' '<DVTFilePath:0x7fc00e16cab0:'/Users/amri/Library/Developer/Xcode/Archives/2017-10-04/MasterpassQR Demo 4-10-17, 5.51 PM.xcarchive/Products/Applications/MasterpassQR Demo.app/Frameworks/libswiftCoreGraphics.dylib'>'> to: /var/folders/9k/16d2bz8x33g22q2dn3nc7nyr0000gn/T/XcodeDistPipeline.40w/entitlementsTHzuDI
2017-10-04 09:53:31 +0000  Running /usr/bin/codesign '-vvv' '--force' '--sign' 'CB9884B82F3F83493389714E86E4CF3B13C269C9' '--preserve-metadata=identifier,flags' '--entitlements' '/var/folders/9k/16d2bz8x33g22q2dn3nc7nyr0000gn/T/XcodeDistPipeline.40w/entitlementsTHzuDI' '/var/folders/9k/16d2bz8x33g22q2dn3nc7nyr0000gn/T/XcodeDistPipeline.40w/Root/Payload/MasterpassQR Demo.app/Frameworks/libswiftCoreGraphics.dylib'
2017-10-04 09:53:31 +0000  /var/folders/9k/16d2bz8x33g22q2dn3nc7nyr0000gn/T/XcodeDistPipeline.40w/Root/Payload/MasterpassQR Demo.app/Frameworks/libswiftCoreGraphics.dylib: replacing existing signature
2017-10-04 09:53:31 +0000  /var/folders/9k/16d2bz8x33g22q2dn3nc7nyr0000gn/T/XcodeDistPipeline.40w/Root/Payload/MasterpassQR Demo.app/Frameworks/libswiftCoreGraphics.dylib: signed Mach-O universal (armv7 armv7s arm64) [com.apple.dt.runtime.swiftCoreGraphics]
2017-10-04 09:53:31 +0000  /usr/bin/codesign exited with 0
2017-10-04 09:53:31 +0000  Applying entitlements delta for <IDEDistributionItem: 0x7fc00a47e380 'com.apple.dt.runtime.swiftCoreImage' '<DVTFilePath:0x7fc013003a20:'/Users/amri/Library/Developer/Xcode/Archives/2017-10-04/MasterpassQR Demo 4-10-17, 5.51 PM.xcarchive/Products/Applications/MasterpassQR Demo.app/Frameworks/libswiftCoreImage.dylib'>'> from <IDEiCloudEntitlementsProcessor: 0x7fc00d802da0>: {
}
2017-10-04 09:53:31 +0000  Entitlements for <IDEDistributionItem: 0x7fc00a47e380 'com.apple.dt.runtime.swiftCoreImage' '<DVTFilePath:0x7fc013003a20:'/Users/amri/Library/Developer/Xcode/Archives/2017-10-04/MasterpassQR Demo 4-10-17, 5.51 PM.xcarchive/Products/Applications/MasterpassQR Demo.app/Frameworks/libswiftCoreImage.dylib'>'>: {
}
2017-10-04 09:53:31 +0000  Writing entitlements for <IDEDistributionItem: 0x7fc00a47e380 'com.apple.dt.runtime.swiftCoreImage' '<DVTFilePath:0x7fc013003a20:'/Users/amri/Library/Developer/Xcode/Archives/2017-10-04/MasterpassQR Demo 4-10-17, 5.51 PM.xcarchive/Products/Applications/MasterpassQR Demo.app/Frameworks/libswiftCoreImage.dylib'>'> to: /var/folders/9k/16d2bz8x33g22q2dn3nc7nyr0000gn/T/XcodeDistPipeline.40w/entitlementsNLayTp
2017-10-04 09:53:31 +0000  Running /usr/bin/codesign '-vvv' '--force' '--sign' 'CB9884B82F3F83493389714E86E4CF3B13C269C9' '--preserve-metadata=identifier,flags' '--entitlements' '/var/folders/9k/16d2bz8x33g22q2dn3nc7nyr0000gn/T/XcodeDistPipeline.40w/entitlementsNLayTp' '/var/folders/9k/16d2bz8x33g22q2dn3nc7nyr0000gn/T/XcodeDistPipeline.40w/Root/Payload/MasterpassQR Demo.app/Frameworks/libswiftCoreImage.dylib'
2017-10-04 09:53:31 +0000  /var/folders/9k/16d2bz8x33g22q2dn3nc7nyr0000gn/T/XcodeDistPipeline.40w/Root/Payload/MasterpassQR Demo.app/Frameworks/libswiftCoreImage.dylib: replacing existing signature
2017-10-04 09:53:31 +0000  
2017-10-04 09:53:32 +0000  /var/folders/9k/16d2bz8x33g22q2dn3nc7nyr0000gn/T/XcodeDistPipeline.40w/Root/Payload/MasterpassQR Demo.app/Frameworks/libswiftCoreImage.dylib: signed Mach-O universal (armv7 armv7s arm64) [com.apple.dt.runtime.swiftCoreImage]
2017-10-04 09:53:32 +0000  /usr/bin/codesign exited with 0
2017-10-04 09:53:32 +0000  Applying entitlements delta for <IDEDistributionItem: 0x7fc0118def30 'com.apple.dt.runtime.swiftCoreLocation' '<DVTFilePath:0x7fc01340ca70:'/Users/amri/Library/Developer/Xcode/Archives/2017-10-04/MasterpassQR Demo 4-10-17, 5.51 PM.xcarchive/Products/Applications/MasterpassQR Demo.app/Frameworks/libswiftCoreLocation.dylib'>'> from <IDEiCloudEntitlementsProcessor: 0x7fc0112b3890>: {
}
2017-10-04 09:53:32 +0000  Entitlements for <IDEDistributionItem: 0x7fc0118def30 'com.apple.dt.runtime.swiftCoreLocation' '<DVTFilePath:0x7fc01340ca70:'/Users/amri/Library/Developer/Xcode/Archives/2017-10-04/MasterpassQR Demo 4-10-17, 5.51 PM.xcarchive/Products/Applications/MasterpassQR Demo.app/Frameworks/libswiftCoreLocation.dylib'>'>: {
}
2017-10-04 09:53:32 +0000  Writing entitlements for <IDEDistributionItem: 0x7fc0118def30 'com.apple.dt.runtime.swiftCoreLocation' '<DVTFilePath:0x7fc01340ca70:'/Users/amri/Library/Developer/Xcode/Archives/2017-10-04/MasterpassQR Demo 4-10-17, 5.51 PM.xcarchive/Products/Applications/MasterpassQR Demo.app/Frameworks/libswiftCoreLocation.dylib'>'> to: /var/folders/9k/16d2bz8x33g22q2dn3nc7nyr0000gn/T/XcodeDistPipeline.40w/entitlementsdWm2Yt
2017-10-04 09:53:32 +0000  Running /usr/bin/codesign '-vvv' '--force' '--sign' 'CB9884B82F3F83493389714E86E4CF3B13C269C9' '--preserve-metadata=identifier,flags' '--entitlements' '/var/folders/9k/16d2bz8x33g22q2dn3nc7nyr0000gn/T/XcodeDistPipeline.40w/entitlementsdWm2Yt' '/var/folders/9k/16d2bz8x33g22q2dn3nc7nyr0000gn/T/XcodeDistPipeline.40w/Root/Payload/MasterpassQR Demo.app/Frameworks/libswiftCoreLocation.dylib'
2017-10-04 09:53:32 +0000  /var/folders/9k/16d2bz8x33g22q2dn3nc7nyr0000gn/T/XcodeDistPipeline.40w/Root/Payload/MasterpassQR Demo.app/Frameworks/libswiftCoreLocation.dylib: replacing existing signature
2017-10-04 09:53:32 +0000  /var/folders/9k/16d2bz8x33g22q2dn3nc7nyr0000gn/T/XcodeDistPipeline.40w/Root/Payload/MasterpassQR Demo.app/Frameworks/libswiftCoreLocation.dylib: signed Mach-O universal (armv7 armv7s arm64) [com.apple.dt.runtime.swiftCoreLocation]
2017-10-04 09:53:32 +0000  /usr/bin/codesign exited with 0
2017-10-04 09:53:32 +0000  Applying entitlements delta for <IDEDistributionItem: 0x7fc00d5cfd50 'com.apple.dt.runtime.swiftCoreMedia' '<DVTFilePath:0x7fc00feb4ed0:'/Users/amri/Library/Developer/Xcode/Archives/2017-10-04/MasterpassQR Demo 4-10-17, 5.51 PM.xcarchive/Products/Applications/MasterpassQR Demo.app/Frameworks/libswiftCoreMedia.dylib'>'> from <IDEiCloudEntitlementsProcessor: 0x7fc0103eab20>: {
}
2017-10-04 09:53:32 +0000  Entitlements for <IDEDistributionItem: 0x7fc00d5cfd50 'com.apple.dt.runtime.swiftCoreMedia' '<DVTFilePath:0x7fc00feb4ed0:'/Users/amri/Library/Developer/Xcode/Archives/2017-10-04/MasterpassQR Demo 4-10-17, 5.51 PM.xcarchive/Products/Applications/MasterpassQR Demo.app/Frameworks/libswiftCoreMedia.dylib'>'>: {
}
2017-10-04 09:53:32 +0000  Writing entitlements for <IDEDistributionItem: 0x7fc00d5cfd50 'com.apple.dt.runtime.swiftCoreMedia' '<DVTFilePath:0x7fc00feb4ed0:'/Users/amri/Library/Developer/Xcode/Archives/2017-10-04/MasterpassQR Demo 4-10-17, 5.51 PM.xcarchive/Products/Applications/MasterpassQR Demo.app/Frameworks/libswiftCoreMedia.dylib'>'> to: /var/folders/9k/16d2bz8x33g22q2dn3nc7nyr0000gn/T/XcodeDistPipeline.40w/entitlementsQH0C1H
2017-10-04 09:53:32 +0000  Running /usr/bin/codesign '-vvv' '--force' '--sign' 'CB9884B82F3F83493389714E86E4CF3B13C269C9' '--preserve-metadata=identifier,flags' '--entitlements' '/var/folders/9k/16d2bz8x33g22q2dn3nc7nyr0000gn/T/XcodeDistPipeline.40w/entitlementsQH0C1H' '/var/folders/9k/16d2bz8x33g22q2dn3nc7nyr0000gn/T/XcodeDistPipeline.40w/Root/Payload/MasterpassQR Demo.app/Frameworks/libswiftCoreMedia.dylib'
2017-10-04 09:53:32 +0000  /var/folders/9k/16d2bz8x33g22q2dn3nc7nyr0000gn/T/XcodeDistPipeline.40w/Root/Payload/MasterpassQR Demo.app/Frameworks/libswiftCoreMedia.dylib: replacing existing signature
2017-10-04 09:53:32 +0000  /var/folders/9k/16d2bz8x33g22q2dn3nc7nyr0000gn/T/XcodeDistPipeline.40w/Root/Payload/MasterpassQR Demo.app/Frameworks/libswiftCoreMedia.dylib: signed Mach-O universal (armv7 armv7s arm64) [com.apple.dt.runtime.swiftCoreMedia]
2017-10-04 09:53:32 +0000  /usr/bin/codesign exited with 0
2017-10-04 09:53:32 +0000  Applying entitlements delta for <IDEDistributionItem: 0x7fc0100f4ba0 'com.apple.dt.runtime.swiftDarwin' '<DVTFilePath:0x7fc01340a8a0:'/Users/amri/Library/Developer/Xcode/Archives/2017-10-04/MasterpassQR Demo 4-10-17, 5.51 PM.xcarchive/Products/Applications/MasterpassQR Demo.app/Frameworks/libswiftDarwin.dylib'>'> from <IDEiCloudEntitlementsProcessor: 0x7fc013369140>: {
}
2017-10-04 09:53:32 +0000  Entitlements for <IDEDistributionItem: 0x7fc0100f4ba0 'com.apple.dt.runtime.swiftDarwin' '<DVTFilePath:0x7fc01340a8a0:'/Users/amri/Library/Developer/Xcode/Archives/2017-10-04/MasterpassQR Demo 4-10-17, 5.51 PM.xcarchive/Products/Applications/MasterpassQR Demo.app/Frameworks/libswiftDarwin.dylib'>'>: {
}
2017-10-04 09:53:32 +0000  Writing entitlements for <IDEDistributionItem: 0x7fc0100f4ba0 'com.apple.dt.runtime.swiftDarwin' '<DVTFilePath:0x7fc01340a8a0:'/Users/amri/Library/Developer/Xcode/Archives/2017-10-04/MasterpassQR Demo 4-10-17, 5.51 PM.xcarchive/Products/Applications/MasterpassQR Demo.app/Frameworks/libswiftDarwin.dylib'>'> to: /var/folders/9k/16d2bz8x33g22q2dn3nc7nyr0000gn/T/XcodeDistPipeline.40w/entitlementsTIfqbj
2017-10-04 09:53:32 +0000  Running /usr/bin/codesign '-vvv' '--force' '--sign' 'CB9884B82F3F83493389714E86E4CF3B13C269C9' '--preserve-metadata=identifier,flags' '--entitlements' '/var/folders/9k/16d2bz8x33g22q2dn3nc7nyr0000gn/T/XcodeDistPipeline.40w/entitlementsTIfqbj' '/var/folders/9k/16d2bz8x33g22q2dn3nc7nyr0000gn/T/XcodeDistPipeline.40w/Root/Payload/MasterpassQR Demo.app/Frameworks/libswiftDarwin.dylib'
2017-10-04 09:53:32 +0000  /var/folders/9k/16d2bz8x33g22q2dn3nc7nyr0000gn/T/XcodeDistPipeline.40w/Root/Payload/MasterpassQR Demo.app/Frameworks/libswiftDarwin.dylib: replacing existing signature
2017-10-04 09:53:32 +0000  /var/folders/9k/16d2bz8x33g22q2dn3nc7nyr0000gn/T/XcodeDistPipeline.40w/Root/Payload/MasterpassQR Demo.app/Frameworks/libswiftDarwin.dylib: signed Mach-O universal (armv7 armv7s arm64) [com.apple.dt.runtime.swiftDarwin]
2017-10-04 09:53:32 +0000  /usr/bin/codesign exited with 0
2017-10-04 09:53:32 +0000  Applying entitlements delta for <IDEDistributionItem: 0x7fc0117258d0 'com.apple.dt.runtime.swiftDispatch' '<DVTFilePath:0x7fc026919920:'/Users/amri/Library/Developer/Xcode/Archives/2017-10-04/MasterpassQR Demo 4-10-17, 5.51 PM.xcarchive/Products/Applications/MasterpassQR Demo.app/Frameworks/libswiftDispatch.dylib'>'> from <IDEiCloudEntitlementsProcessor: 0x7fc00902a950>: {
}
2017-10-04 09:53:32 +0000  Entitlements for <IDEDistributionItem: 0x7fc0117258d0 'com.apple.dt.runtime.swiftDispatch' '<DVTFilePath:0x7fc026919920:'/Users/amri/Library/Developer/Xcode/Archives/2017-10-04/MasterpassQR Demo 4-10-17, 5.51 PM.xcarchive/Products/Applications/MasterpassQR Demo.app/Frameworks/libswiftDispatch.dylib'>'>: {
}
2017-10-04 09:53:32 +0000  Writing entitlements for <IDEDistributionItem: 0x7fc0117258d0 'com.apple.dt.runtime.swiftDispatch' '<DVTFilePath:0x7fc026919920:'/Users/amri/Library/Developer/Xcode/Archives/2017-10-04/MasterpassQR Demo 4-10-17, 5.51 PM.xcarchive/Products/Applications/MasterpassQR Demo.app/Frameworks/libswiftDispatch.dylib'>'> to: /var/folders/9k/16d2bz8x33g22q2dn3nc7nyr0000gn/T/XcodeDistPipeline.40w/entitlementsSHC6zW
2017-10-04 09:53:32 +0000  Running /usr/bin/codesign '-vvv' '--force' '--sign' 'CB9884B82F3F83493389714E86E4CF3B13C269C9' '--preserve-metadata=identifier,flags' '--entitlements' '/var/folders/9k/16d2bz8x33g22q2dn3nc7nyr0000gn/T/XcodeDistPipeline.40w/entitlementsSHC6zW' '/var/folders/9k/16d2bz8x33g22q2dn3nc7nyr0000gn/T/XcodeDistPipeline.40w/Root/Payload/MasterpassQR Demo.app/Frameworks/libswiftDispatch.dylib'
2017-10-04 09:53:32 +0000  /var/folders/9k/16d2bz8x33g22q2dn3nc7nyr0000gn/T/XcodeDistPipeline.40w/Root/Payload/MasterpassQR Demo.app/Frameworks/libswiftDispatch.dylib: replacing existing signature
2017-10-04 09:53:32 +0000  /var/folders/9k/16d2bz8x33g22q2dn3nc7nyr0000gn/T/XcodeDistPipeline.40w/Root/Payload/MasterpassQR Demo.app/Frameworks/libswiftDispatch.dylib: signed Mach-O universal (armv7 armv7s arm64) [com.apple.dt.runtime.swiftDispatch]
2017-10-04 09:53:32 +0000  /usr/bin/codesign exited with 0
2017-10-04 09:53:32 +0000  Applying entitlements delta for <IDEDistributionItem: 0x7fc01047eba0 'com.apple.dt.runtime.swiftFoundation' '<DVTFilePath:0x7fc010510760:'/Users/amri/Library/Developer/Xcode/Archives/2017-10-04/MasterpassQR Demo 4-10-17, 5.51 PM.xcarchive/Products/Applications/MasterpassQR Demo.app/Frameworks/libswiftFoundation.dylib'>'> from <IDEiCloudEntitlementsProcessor: 0x7fc013354c40>: {
}
2017-10-04 09:53:32 +0000  Entitlements for <IDEDistributionItem: 0x7fc01047eba0 'com.apple.dt.runtime.swiftFoundation' '<DVTFilePath:0x7fc010510760:'/Users/amri/Library/Developer/Xcode/Archives/2017-10-04/MasterpassQR Demo 4-10-17, 5.51 PM.xcarchive/Products/Applications/MasterpassQR Demo.app/Frameworks/libswiftFoundation.dylib'>'>: {
}
2017-10-04 09:53:32 +0000  Writing entitlements for <IDEDistributionItem: 0x7fc01047eba0 'com.apple.dt.runtime.swiftFoundation' '<DVTFilePath:0x7fc010510760:'/Users/amri/Library/Developer/Xcode/Archives/2017-10-04/MasterpassQR Demo 4-10-17, 5.51 PM.xcarchive/Products/Applications/MasterpassQR Demo.app/Frameworks/libswiftFoundation.dylib'>'> to: /var/folders/9k/16d2bz8x33g22q2dn3nc7nyr0000gn/T/XcodeDistPipeline.40w/entitlementsMFzod6
2017-10-04 09:53:32 +0000  Running /usr/bin/codesign '-vvv' '--force' '--sign' 'CB9884B82F3F83493389714E86E4CF3B13C269C9' '--preserve-metadata=identifier,flags' '--entitlements' '/var/folders/9k/16d2bz8x33g22q2dn3nc7nyr0000gn/T/XcodeDistPipeline.40w/entitlementsMFzod6' '/var/folders/9k/16d2bz8x33g22q2dn3nc7nyr0000gn/T/XcodeDistPipeline.40w/Root/Payload/MasterpassQR Demo.app/Frameworks/libswiftFoundation.dylib'
2017-10-04 09:53:32 +0000  /var/folders/9k/16d2bz8x33g22q2dn3nc7nyr0000gn/T/XcodeDistPipeline.40w/Root/Payload/MasterpassQR Demo.app/Frameworks/libswiftFoundation.dylib: replacing existing signature
2017-10-04 09:53:33 +0000  /var/folders/9k/16d2bz8x33g22q2dn3nc7nyr0000gn/T/XcodeDistPipeline.40w/Root/Payload/MasterpassQR Demo.app/Frameworks/libswiftFoundation.dylib: signed Mach-O universal (armv7 armv7s arm64) [com.apple.dt.runtime.swiftFoundation]
2017-10-04 09:53:33 +0000  /usr/bin/codesign exited with 0
2017-10-04 09:53:33 +0000  Applying entitlements delta for <IDEDistributionItem: 0x7fc00f8951e0 'com.apple.dt.runtime.swiftMetal' '<DVTFilePath:0x7fc0105101d0:'/Users/amri/Library/Developer/Xcode/Archives/2017-10-04/MasterpassQR Demo 4-10-17, 5.51 PM.xcarchive/Products/Applications/MasterpassQR Demo.app/Frameworks/libswiftMetal.dylib'>'> from <IDEiCloudEntitlementsProcessor: 0x7fc011215a70>: {
}
2017-10-04 09:53:33 +0000  Entitlements for <IDEDistributionItem: 0x7fc00f8951e0 'com.apple.dt.runtime.swiftMetal' '<DVTFilePath:0x7fc0105101d0:'/Users/amri/Library/Developer/Xcode/Archives/2017-10-04/MasterpassQR Demo 4-10-17, 5.51 PM.xcarchive/Products/Applications/MasterpassQR Demo.app/Frameworks/libswiftMetal.dylib'>'>: {
}
2017-10-04 09:53:33 +0000  Writing entitlements for <IDEDistributionItem: 0x7fc00f8951e0 'com.apple.dt.runtime.swiftMetal' '<DVTFilePath:0x7fc0105101d0:'/Users/amri/Library/Developer/Xcode/Archives/2017-10-04/MasterpassQR Demo 4-10-17, 5.51 PM.xcarchive/Products/Applications/MasterpassQR Demo.app/Frameworks/libswiftMetal.dylib'>'> to: /var/folders/9k/16d2bz8x33g22q2dn3nc7nyr0000gn/T/XcodeDistPipeline.40w/entitlementsgw2Jtr
2017-10-04 09:53:33 +0000  Running /usr/bin/codesign '-vvv' '--force' '--sign' 'CB9884B82F3F83493389714E86E4CF3B13C269C9' '--preserve-metadata=identifier,flags' '--entitlements' '/var/folders/9k/16d2bz8x33g22q2dn3nc7nyr0000gn/T/XcodeDistPipeline.40w/entitlementsgw2Jtr' '/var/folders/9k/16d2bz8x33g22q2dn3nc7nyr0000gn/T/XcodeDistPipeline.40w/Root/Payload/MasterpassQR Demo.app/Frameworks/libswiftMetal.dylib'
2017-10-04 09:53:33 +0000  /var/folders/9k/16d2bz8x33g22q2dn3nc7nyr0000gn/T/XcodeDistPipeline.40w/Root/Payload/MasterpassQR Demo.app/Frameworks/libswiftMetal.dylib: replacing existing signature
2017-10-04 09:53:33 +0000  /var/folders/9k/16d2bz8x33g22q2dn3nc7nyr0000gn/T/XcodeDistPipeline.40w/Root/Payload/MasterpassQR Demo.app/Frameworks/libswiftMetal.dylib: signed Mach-O universal (armv7 armv7s arm64) [com.apple.dt.runtime.swiftMetal]
2017-10-04 09:53:33 +0000  /usr/bin/codesign exited with 0
2017-10-04 09:53:33 +0000  Applying entitlements delta for <IDEDistributionItem: 0x7fc0104dd5d0 'com.apple.dt.runtime.swiftObjectiveC' '<DVTFilePath:0x7fc016f2d7e0:'/Users/amri/Library/Developer/Xcode/Archives/2017-10-04/MasterpassQR Demo 4-10-17, 5.51 PM.xcarchive/Products/Applications/MasterpassQR Demo.app/Frameworks/libswiftObjectiveC.dylib'>'> from <IDEiCloudEntitlementsProcessor: 0x7fc00d3c5580>: {
}
2017-10-04 09:53:33 +0000  Entitlements for <IDEDistributionItem: 0x7fc0104dd5d0 'com.apple.dt.runtime.swiftObjectiveC' '<DVTFilePath:0x7fc016f2d7e0:'/Users/amri/Library/Developer/Xcode/Archives/2017-10-04/MasterpassQR Demo 4-10-17, 5.51 PM.xcarchive/Products/Applications/MasterpassQR Demo.app/Frameworks/libswiftObjectiveC.dylib'>'>: {
}
2017-10-04 09:53:33 +0000  Writing entitlements for <IDEDistributionItem: 0x7fc0104dd5d0 'com.apple.dt.runtime.swiftObjectiveC' '<DVTFilePath:0x7fc016f2d7e0:'/Users/amri/Library/Developer/Xcode/Archives/2017-10-04/MasterpassQR Demo 4-10-17, 5.51 PM.xcarchive/Products/Applications/MasterpassQR Demo.app/Frameworks/libswiftObjectiveC.dylib'>'> to: /var/folders/9k/16d2bz8x33g22q2dn3nc7nyr0000gn/T/XcodeDistPipeline.40w/entitlementsJdcoU0
2017-10-04 09:53:33 +0000  Running /usr/bin/codesign '-vvv' '--force' '--sign' 'CB9884B82F3F83493389714E86E4CF3B13C269C9' '--preserve-metadata=identifier,flags' '--entitlements' '/var/folders/9k/16d2bz8x33g22q2dn3nc7nyr0000gn/T/XcodeDistPipeline.40w/entitlementsJdcoU0' '/var/folders/9k/16d2bz8x33g22q2dn3nc7nyr0000gn/T/XcodeDistPipeline.40w/Root/Payload/MasterpassQR Demo.app/Frameworks/libswiftObjectiveC.dylib'
2017-10-04 09:53:33 +0000  /var/folders/9k/16d2bz8x33g22q2dn3nc7nyr0000gn/T/XcodeDistPipeline.40w/Root/Payload/MasterpassQR Demo.app/Frameworks/libswiftObjectiveC.dylib: replacing existing signature
2017-10-04 09:53:33 +0000  /var/folders/9k/16d2bz8x33g22q2dn3nc7nyr0000gn/T/XcodeDistPipeline.40w/Root/Payload/MasterpassQR Demo.app/Frameworks/libswiftObjectiveC.dylib: signed Mach-O universal (armv7 armv7s arm64) [com.apple.dt.runtime.swiftObjectiveC]
2017-10-04 09:53:33 +0000  /usr/bin/codesign exited with 0
2017-10-04 09:53:33 +0000  Applying entitlements delta for <IDEDistributionItem: 0x7fc00d3d1d60 'com.apple.dt.runtime.swiftPhotos' '<DVTFilePath:0x7fc007c039e0:'/Users/amri/Library/Developer/Xcode/Archives/2017-10-04/MasterpassQR Demo 4-10-17, 5.51 PM.xcarchive/Products/Applications/MasterpassQR Demo.app/Frameworks/libswiftPhotos.dylib'>'> from <IDEiCloudEntitlementsProcessor: 0x7fc0103d9e20>: {
}
2017-10-04 09:53:33 +0000  Entitlements for <IDEDistributionItem: 0x7fc00d3d1d60 'com.apple.dt.runtime.swiftPhotos' '<DVTFilePath:0x7fc007c039e0:'/Users/amri/Library/Developer/Xcode/Archives/2017-10-04/MasterpassQR Demo 4-10-17, 5.51 PM.xcarchive/Products/Applications/MasterpassQR Demo.app/Frameworks/libswiftPhotos.dylib'>'>: {
}
2017-10-04 09:53:33 +0000  Writing entitlements for <IDEDistributionItem: 0x7fc00d3d1d60 'com.apple.dt.runtime.swiftPhotos' '<DVTFilePath:0x7fc007c039e0:'/Users/amri/Library/Developer/Xcode/Archives/2017-10-04/MasterpassQR Demo 4-10-17, 5.51 PM.xcarchive/Products/Applications/MasterpassQR Demo.app/Frameworks/libswiftPhotos.dylib'>'> to: /var/folders/9k/16d2bz8x33g22q2dn3nc7nyr0000gn/T/XcodeDistPipeline.40w/entitlementsy8Pxpj
2017-10-04 09:53:33 +0000  Running /usr/bin/codesign '-vvv' '--force' '--sign' 'CB9884B82F3F83493389714E86E4CF3B13C269C9' '--preserve-metadata=identifier,flags' '--entitlements' '/var/folders/9k/16d2bz8x33g22q2dn3nc7nyr0000gn/T/XcodeDistPipeline.40w/entitlementsy8Pxpj' '/var/folders/9k/16d2bz8x33g22q2dn3nc7nyr0000gn/T/XcodeDistPipeline.40w/Root/Payload/MasterpassQR Demo.app/Frameworks/libswiftPhotos.dylib'
2017-10-04 09:53:33 +0000  /var/folders/9k/16d2bz8x33g22q2dn3nc7nyr0000gn/T/XcodeDistPipeline.40w/Root/Payload/MasterpassQR Demo.app/Frameworks/libswiftPhotos.dylib: replacing existing signature
2017-10-04 09:53:33 +0000  /var/folders/9k/16d2bz8x33g22q2dn3nc7nyr0000gn/T/XcodeDistPipeline.40w/Root/Payload/MasterpassQR Demo.app/Frameworks/libswiftPhotos.dylib: signed Mach-O universal (armv7 armv7s arm64) [com.apple.dt.runtime.swiftPhotos]
2017-10-04 09:53:33 +0000  /usr/bin/codesign exited with 0
2017-10-04 09:53:33 +0000  Applying entitlements delta for <IDEDistributionItem: 0x7fc023840f20 'com.apple.dt.runtime.swiftQuartzCore' '<DVTFilePath:0x7fc012f8c750:'/Users/amri/Library/Developer/Xcode/Archives/2017-10-04/MasterpassQR Demo 4-10-17, 5.51 PM.xcarchive/Products/Applications/MasterpassQR Demo.app/Frameworks/libswiftQuartzCore.dylib'>'> from <IDEiCloudEntitlementsProcessor: 0x7fc00f270310>: {
}
2017-10-04 09:53:33 +0000  Entitlements for <IDEDistributionItem: 0x7fc023840f20 'com.apple.dt.runtime.swiftQuartzCore' '<DVTFilePath:0x7fc012f8c750:'/Users/amri/Library/Developer/Xcode/Archives/2017-10-04/MasterpassQR Demo 4-10-17, 5.51 PM.xcarchive/Products/Applications/MasterpassQR Demo.app/Frameworks/libswiftQuartzCore.dylib'>'>: {
}
2017-10-04 09:53:33 +0000  Writing entitlements for <IDEDistributionItem: 0x7fc023840f20 'com.apple.dt.runtime.swiftQuartzCore' '<DVTFilePath:0x7fc012f8c750:'/Users/amri/Library/Developer/Xcode/Archives/2017-10-04/MasterpassQR Demo 4-10-17, 5.51 PM.xcarchive/Products/Applications/MasterpassQR Demo.app/Frameworks/libswiftQuartzCore.dylib'>'> to: /var/folders/9k/16d2bz8x33g22q2dn3nc7nyr0000gn/T/XcodeDistPipeline.40w/entitlementsU6ztzn
2017-10-04 09:53:33 +0000  Running /usr/bin/codesign '-vvv' '--force' '--sign' 'CB9884B82F3F83493389714E86E4CF3B13C269C9' '--preserve-metadata=identifier,flags' '--entitlements' '/var/folders/9k/16d2bz8x33g22q2dn3nc7nyr0000gn/T/XcodeDistPipeline.40w/entitlementsU6ztzn' '/var/folders/9k/16d2bz8x33g22q2dn3nc7nyr0000gn/T/XcodeDistPipeline.40w/Root/Payload/MasterpassQR Demo.app/Frameworks/libswiftQuartzCore.dylib'
2017-10-04 09:53:33 +0000  /var/folders/9k/16d2bz8x33g22q2dn3nc7nyr0000gn/T/XcodeDistPipeline.40w/Root/Payload/MasterpassQR Demo.app/Frameworks/libswiftQuartzCore.dylib: replacing existing signature
2017-10-04 09:53:33 +0000  /var/folders/9k/16d2bz8x33g22q2dn3nc7nyr0000gn/T/XcodeDistPipeline.40w/Root/Payload/MasterpassQR Demo.app/Frameworks/libswiftQuartzCore.dylib: signed Mach-O universal (armv7 armv7s arm64) [com.apple.dt.runtime.swiftQuartzCore]
2017-10-04 09:53:33 +0000  /usr/bin/codesign exited with 0
2017-10-04 09:53:33 +0000  Applying entitlements delta for <IDEDistributionItem: 0x7fc012d81af0 'com.apple.dt.runtime.swiftUIKit' '<DVTFilePath:0x7fc011925e60:'/Users/amri/Library/Developer/Xcode/Archives/2017-10-04/MasterpassQR Demo 4-10-17, 5.51 PM.xcarchive/Products/Applications/MasterpassQR Demo.app/Frameworks/libswiftUIKit.dylib'>'> from <IDEiCloudEntitlementsProcessor: 0x7fc0092bc930>: {
}
2017-10-04 09:53:33 +0000  Entitlements for <IDEDistributionItem: 0x7fc012d81af0 'com.apple.dt.runtime.swiftUIKit' '<DVTFilePath:0x7fc011925e60:'/Users/amri/Library/Developer/Xcode/Archives/2017-10-04/MasterpassQR Demo 4-10-17, 5.51 PM.xcarchive/Products/Applications/MasterpassQR Demo.app/Frameworks/libswiftUIKit.dylib'>'>: {
}
2017-10-04 09:53:33 +0000  Writing entitlements for <IDEDistributionItem: 0x7fc012d81af0 'com.apple.dt.runtime.swiftUIKit' '<DVTFilePath:0x7fc011925e60:'/Users/amri/Library/Developer/Xcode/Archives/2017-10-04/MasterpassQR Demo 4-10-17, 5.51 PM.xcarchive/Products/Applications/MasterpassQR Demo.app/Frameworks/libswiftUIKit.dylib'>'> to: /var/folders/9k/16d2bz8x33g22q2dn3nc7nyr0000gn/T/XcodeDistPipeline.40w/entitlementsCBxuHy
2017-10-04 09:53:33 +0000  Running /usr/bin/codesign '-vvv' '--force' '--sign' 'CB9884B82F3F83493389714E86E4CF3B13C269C9' '--preserve-metadata=identifier,flags' '--entitlements' '/var/folders/9k/16d2bz8x33g22q2dn3nc7nyr0000gn/T/XcodeDistPipeline.40w/entitlementsCBxuHy' '/var/folders/9k/16d2bz8x33g22q2dn3nc7nyr0000gn/T/XcodeDistPipeline.40w/Root/Payload/MasterpassQR Demo.app/Frameworks/libswiftUIKit.dylib'
2017-10-04 09:53:33 +0000  /var/folders/9k/16d2bz8x33g22q2dn3nc7nyr0000gn/T/XcodeDistPipeline.40w/Root/Payload/MasterpassQR Demo.app/Frameworks/libswiftUIKit.dylib: replacing existing signature
2017-10-04 09:53:33 +0000  /var/folders/9k/16d2bz8x33g22q2dn3nc7nyr0000gn/T/XcodeDistPipeline.40w/Root/Payload/MasterpassQR Demo.app/Frameworks/libswiftUIKit.dylib: signed Mach-O universal (armv7 armv7s arm64) [com.apple.dt.runtime.swiftUIKit]
2017-10-04 09:53:33 +0000  /usr/bin/codesign exited with 0
2017-10-04 09:53:33 +0000  Applying entitlements delta for <IDEDistributionItem: 0x7fc0102e9340 'com.apple.dt.runtime.swiftos' '<DVTFilePath:0x7fc0105ba710:'/Users/amri/Library/Developer/Xcode/Archives/2017-10-04/MasterpassQR Demo 4-10-17, 5.51 PM.xcarchive/Products/Applications/MasterpassQR Demo.app/Frameworks/libswiftos.dylib'>'> from <IDEiCloudEntitlementsProcessor: 0x7fc0112175c0>: {
}
2017-10-04 09:53:33 +0000  Entitlements for <IDEDistributionItem: 0x7fc0102e9340 'com.apple.dt.runtime.swiftos' '<DVTFilePath:0x7fc0105ba710:'/Users/amri/Library/Developer/Xcode/Archives/2017-10-04/MasterpassQR Demo 4-10-17, 5.51 PM.xcarchive/Products/Applications/MasterpassQR Demo.app/Frameworks/libswiftos.dylib'>'>: {
}
2017-10-04 09:53:33 +0000  Writing entitlements for <IDEDistributionItem: 0x7fc0102e9340 'com.apple.dt.runtime.swiftos' '<DVTFilePath:0x7fc0105ba710:'/Users/amri/Library/Developer/Xcode/Archives/2017-10-04/MasterpassQR Demo 4-10-17, 5.51 PM.xcarchive/Products/Applications/MasterpassQR Demo.app/Frameworks/libswiftos.dylib'>'> to: /var/folders/9k/16d2bz8x33g22q2dn3nc7nyr0000gn/T/XcodeDistPipeline.40w/entitlementsf8e3Pa
2017-10-04 09:53:33 +0000  Running /usr/bin/codesign '-vvv' '--force' '--sign' 'CB9884B82F3F83493389714E86E4CF3B13C269C9' '--preserve-metadata=identifier,flags' '--entitlements' '/var/folders/9k/16d2bz8x33g22q2dn3nc7nyr0000gn/T/XcodeDistPipeline.40w/entitlementsf8e3Pa' '/var/folders/9k/16d2bz8x33g22q2dn3nc7nyr0000gn/T/XcodeDistPipeline.40w/Root/Payload/MasterpassQR Demo.app/Frameworks/libswiftos.dylib'
2017-10-04 09:53:33 +0000  /var/folders/9k/16d2bz8x33g22q2dn3nc7nyr0000gn/T/XcodeDistPipeline.40w/Root/Payload/MasterpassQR Demo.app/Frameworks/libswiftos.dylib: replacing existing signature
2017-10-04 09:53:34 +0000  /var/folders/9k/16d2bz8x33g22q2dn3nc7nyr0000gn/T/XcodeDistPipeline.40w/Root/Payload/MasterpassQR Demo.app/Frameworks/libswiftos.dylib: signed Mach-O universal (armv7 armv7s arm64) [com.apple.dt.runtime.swiftos]
2017-10-04 09:53:34 +0000  /usr/bin/codesign exited with 0
2017-10-04 09:53:34 +0000  Applying entitlements delta for <IDEDistributionItem: 0x7fc00d3bc5d0 'com.apple.dt.runtime.swiftsimd' '<DVTFilePath:0x7fc0104013c0:'/Users/amri/Library/Developer/Xcode/Archives/2017-10-04/MasterpassQR Demo 4-10-17, 5.51 PM.xcarchive/Products/Applications/MasterpassQR Demo.app/Frameworks/libswiftsimd.dylib'>'> from <IDEiCloudEntitlementsProcessor: 0x7fc00d3864a0>: {
}
2017-10-04 09:53:34 +0000  Entitlements for <IDEDistributionItem: 0x7fc00d3bc5d0 'com.apple.dt.runtime.swiftsimd' '<DVTFilePath:0x7fc0104013c0:'/Users/amri/Library/Developer/Xcode/Archives/2017-10-04/MasterpassQR Demo 4-10-17, 5.51 PM.xcarchive/Products/Applications/MasterpassQR Demo.app/Frameworks/libswiftsimd.dylib'>'>: {
}
2017-10-04 09:53:34 +0000  Writing entitlements for <IDEDistributionItem: 0x7fc00d3bc5d0 'com.apple.dt.runtime.swiftsimd' '<DVTFilePath:0x7fc0104013c0:'/Users/amri/Library/Developer/Xcode/Archives/2017-10-04/MasterpassQR Demo 4-10-17, 5.51 PM.xcarchive/Products/Applications/MasterpassQR Demo.app/Frameworks/libswiftsimd.dylib'>'> to: /var/folders/9k/16d2bz8x33g22q2dn3nc7nyr0000gn/T/XcodeDistPipeline.40w/entitlementsUzGMkQ
2017-10-04 09:53:34 +0000  Running /usr/bin/codesign '-vvv' '--force' '--sign' 'CB9884B82F3F83493389714E86E4CF3B13C269C9' '--preserve-metadata=identifier,flags' '--entitlements' '/var/folders/9k/16d2bz8x33g22q2dn3nc7nyr0000gn/T/XcodeDistPipeline.40w/entitlementsUzGMkQ' '/var/folders/9k/16d2bz8x33g22q2dn3nc7nyr0000gn/T/XcodeDistPipeline.40w/Root/Payload/MasterpassQR Demo.app/Frameworks/libswiftsimd.dylib'
2017-10-04 09:53:34 +0000  /var/folders/9k/16d2bz8x33g22q2dn3nc7nyr0000gn/T/XcodeDistPipeline.40w/Root/Payload/MasterpassQR Demo.app/Frameworks/libswiftsimd.dylib: replacing existing signature
2017-10-04 09:53:34 +0000  /var/folders/9k/16d2bz8x33g22q2dn3nc7nyr0000gn/T/XcodeDistPipeline.40w/Root/Payload/MasterpassQR Demo.app/Frameworks/libswiftsimd.dylib: signed Mach-O universal (armv7 armv7s arm64) [com.apple.dt.runtime.swiftsimd]
2017-10-04 09:53:34 +0000  /usr/bin/codesign exited with 0
2017-10-04 09:53:34 +0000  Applying entitlements delta for <IDEDistributionItem: 0x7fc00d5b0410 'com.mastercard.ios.MasterpassQR-Demo' '<DVTFilePath:0x7fc0107d2e00:'/Users/amri/Library/Developer/Xcode/Archives/2017-10-04/MasterpassQR Demo 4-10-17, 5.51 PM.xcarchive/Products/Applications/MasterpassQR Demo.app'>'> from <IDEiCloudEntitlementsProcessor: 0x7fc00d39ad60>: {
}
2017-10-04 09:53:34 +0000  Entitlements for <IDEDistributionItem: 0x7fc00d5b0410 'com.mastercard.ios.MasterpassQR-Demo' '<DVTFilePath:0x7fc0107d2e00:'/Users/amri/Library/Developer/Xcode/Archives/2017-10-04/MasterpassQR Demo 4-10-17, 5.51 PM.xcarchive/Products/Applications/MasterpassQR Demo.app'>'>: {
    "application-identifier" = "FARWN7FEXX.com.mastercard.ios.MasterpassQR-Demo";
    "com.apple.developer.team-identifier" = FARWN7FEXX;
    "get-task-allow" = 0;
    "keychain-access-groups" =     (
        "FARWN7FEXX.com.mastercard.ios.MasterpassQR-Demo"
    );
}
2017-10-04 09:53:34 +0000  Writing entitlements for <IDEDistributionItem: 0x7fc00d5b0410 'com.mastercard.ios.MasterpassQR-Demo' '<DVTFilePath:0x7fc0107d2e00:'/Users/amri/Library/Developer/Xcode/Archives/2017-10-04/MasterpassQR Demo 4-10-17, 5.51 PM.xcarchive/Products/Applications/MasterpassQR Demo.app'>'> to: /var/folders/9k/16d2bz8x33g22q2dn3nc7nyr0000gn/T/XcodeDistPipeline.40w/entitlementss3YJqp
2017-10-04 09:53:34 +0000  Running /usr/bin/codesign '-vvv' '--force' '--sign' 'CB9884B82F3F83493389714E86E4CF3B13C269C9' '--preserve-metadata=identifier,flags' '--entitlements' '/var/folders/9k/16d2bz8x33g22q2dn3nc7nyr0000gn/T/XcodeDistPipeline.40w/entitlementss3YJqp' '/var/folders/9k/16d2bz8x33g22q2dn3nc7nyr0000gn/T/XcodeDistPipeline.40w/Root/Payload/MasterpassQR Demo.app'
2017-10-04 09:53:34 +0000  /var/folders/9k/16d2bz8x33g22q2dn3nc7nyr0000gn/T/XcodeDistPipeline.40w/Root/Payload/MasterpassQR Demo.app: replacing existing signature
2017-10-04 09:53:34 +0000  /var/folders/9k/16d2bz8x33g22q2dn3nc7nyr0000gn/T/XcodeDistPipeline.40w/Root/Payload/MasterpassQR Demo.app: signed app bundle with Mach-O universal (armv7 arm64) [com.mastercard.ios.MasterpassQR-Demo]
2017-10-04 09:53:34 +0000  
2017-10-04 09:53:34 +0000  /usr/bin/codesign exited with 0
2017-10-04 09:53:34 +0000  Processing step: IDEDistributionStreamingZipItemStep
2017-10-04 09:53:34 +0000  Skipping step: IDEDistributionStreamingZipItemStep because it said so
2017-10-04 09:53:34 +0000  Skipping step: IDEDistributionStreamingZipItemStep because it said so
2017-10-04 09:53:34 +0000  Skipping step: IDEDistributionStreamingZipItemStep because it said so
2017-10-04 09:53:34 +0000  Skipping step: IDEDistributionStreamingZipItemStep because it said so
2017-10-04 09:53:34 +0000  Skipping step: IDEDistributionStreamingZipItemStep because it said so
2017-10-04 09:53:34 +0000  Skipping step: IDEDistributionStreamingZipItemStep because it said so
2017-10-04 09:53:34 +0000  Skipping step: IDEDistributionStreamingZipItemStep because it said so
2017-10-04 09:53:34 +0000  Skipping step: IDEDistributionStreamingZipItemStep because it said so
2017-10-04 09:53:34 +0000  Skipping step: IDEDistributionStreamingZipItemStep because it said so
2017-10-04 09:53:34 +0000  Skipping step: IDEDistributionStreamingZipItemStep because it said so
2017-10-04 09:53:34 +0000  Skipping step: IDEDistributionStreamingZipItemStep because it said so
2017-10-04 09:53:34 +0000  Skipping step: IDEDistributionStreamingZipItemStep because it said so
2017-10-04 09:53:34 +0000  Skipping step: IDEDistributionStreamingZipItemStep because it said so
2017-10-04 09:53:34 +0000  Skipping step: IDEDistributionStreamingZipItemStep because it said so
2017-10-04 09:53:34 +0000  Skipping step: IDEDistributionStreamingZipItemStep because it said so
2017-10-04 09:53:34 +0000  Skipping step: IDEDistributionStreamingZipItemStep because it said so
2017-10-04 09:53:34 +0000  Skipping step: IDEDistributionStreamingZipItemStep because it said so
2017-10-04 09:53:34 +0000  Skipping step: IDEDistributionStreamingZipItemStep because it said so
2017-10-04 09:53:34 +0000  Skipping step: IDEDistributionStreamingZipItemStep because it said so
2017-10-04 09:53:34 +0000  Skipping step: IDEDistributionStreamingZipItemStep because it said so
2017-10-04 09:53:34 +0000  Skipping step: IDEDistributionStreamingZipItemStep because it said so
2017-10-04 09:53:34 +0000  Skipping step: IDEDistributionStreamingZipItemStep because it said so
2017-10-04 09:53:34 +0000  Processing step: IDEDistributionCreateIPAStep
2017-10-04 09:53:34 +0000  Running /usr/bin/ditto '-V' '-c' '-k' '--norsrc' '/var/folders/9k/16d2bz8x33g22q2dn3nc7nyr0000gn/T/XcodeDistPipeline.40w/Root' '/var/folders/9k/16d2bz8x33g22q2dn3nc7nyr0000gn/T/XcodeDistPipeline.40w/Packages/MasterpassQR Demo.ipa'
2017-10-04 09:53:34 +0000  >>> Copying /var/folders/9k/16d2bz8x33g22q2dn3nc7nyr0000gn/T/XcodeDistPipeline.40w/Root 
2017-10-04 09:53:34 +0000  copying file ./Payload/MasterpassQR Demo.app/_CodeSignature/CodeResources ... 
2017-10-04 09:53:34 +0000  18823 bytes for ./Payload/MasterpassQR Demo.app/_CodeSignature/CodeResources
2017-10-04 09:53:34 +0000  copying file ./Payload/MasterpassQR Demo.app/AppIcon20x20@2x.png ... 
2017-10-04 09:53:34 +0000  3081 bytes for ./Payload/MasterpassQR Demo.app/AppIcon20x20@2x.png
copying file ./Payload/MasterpassQR Demo.app/AppIcon20x20@3x.png ... 
2017-10-04 09:53:34 +0000  4429 bytes for ./Payload/MasterpassQR Demo.app/AppIcon20x20@3x.png
copying file ./Payload/MasterpassQR Demo.app/AppIcon29x29@2x.png ... 
2017-10-04 09:53:34 +0000  4241 bytes for ./Payload/MasterpassQR Demo.app/AppIcon29x29@2x.png
2017-10-04 09:53:34 +0000  copying file ./Payload/MasterpassQR Demo.app/AppIcon29x29@3x.png ... 
2017-10-04 09:53:34 +0000  7561 bytes for ./Payload/MasterpassQR Demo.app/AppIcon29x29@3x.png
copying file ./Payload/MasterpassQR Demo.app/AppIcon40x40@2x.png ... 
2017-10-04 09:53:34 +0000  6629 bytes for ./Payload/MasterpassQR Demo.app/AppIcon40x40@2x.png
2017-10-04 09:53:34 +0000  copying file ./Payload/MasterpassQR Demo.app/AppIcon40x40@3x.png ... 
2017-10-04 09:53:34 +0000  9268 bytes for ./Payload/MasterpassQR Demo.app/AppIcon40x40@3x.png
copying file ./Payload/MasterpassQR Demo.app/AppIcon60x60@2x.png ... 
2017-10-04 09:53:34 +0000  6013 bytes for ./Payload/MasterpassQR Demo.app/AppIcon60x60@2x.png
2017-10-04 09:53:34 +0000  copying file ./Payload/MasterpassQR Demo.app/AppIcon60x60@3x.png ... 
2017-10-04 09:53:34 +0000  9349 bytes for ./Payload/MasterpassQR Demo.app/AppIcon60x60@3x.png
2017-10-04 09:53:34 +0000  copying file ./Payload/MasterpassQR Demo.app/archived-expanded-entitlements.xcent ... 
410 bytes for ./Payload/MasterpassQR Demo.app/archived-expanded-entitlements.xcent
2017-10-04 09:53:34 +0000  copying file ./Payload/MasterpassQR Demo.app/Assets.car ... 
2017-10-04 09:53:34 +0000  134008 bytes for ./Payload/MasterpassQR Demo.app/Assets.car
2017-10-04 09:53:34 +0000  copying file ./Payload/MasterpassQR Demo.app/Base.lproj/LaunchScreen.storyboardc/01J-lp-oVM-view-Ze5-6b-2t3.nib ... 
2017-10-04 09:53:34 +0000  1792 bytes for ./Payload/MasterpassQR Demo.app/Base.lproj/LaunchScreen.storyboardc/01J-lp-oVM-view-Ze5-6b-2t3.nib
2017-10-04 09:53:34 +0000  copying file ./Payload/MasterpassQR Demo.app/Base.lproj/LaunchScreen.storyboardc/Info.plist ... 
258 bytes for ./Payload/MasterpassQR Demo.app/Base.lproj/LaunchScreen.storyboardc/Info.plist
copying file ./Payload/MasterpassQR Demo.app/Base.lproj/LaunchScreen.storyboardc/UIViewController-01J-lp-oVM.nib ... 
2017-10-04 09:53:34 +0000  832 bytes for ./Payload/MasterpassQR Demo.app/Base.lproj/LaunchScreen.storyboardc/UIViewController-01J-lp-oVM.nib
copying file ./Payload/MasterpassQR Demo.app/Base.lproj/Main.storyboardc/BYZ-38-t0r-view-9fZ-FA-6Q7.nib ... 
2017-10-04 09:53:34 +0000  7708 bytes for ./Payload/MasterpassQR Demo.app/Base.lproj/Main.storyboardc/BYZ-38-t0r-view-9fZ-FA-6Q7.nib
copying file ./Payload/MasterpassQR Demo.app/Base.lproj/Main.storyboardc/FLa-MJ-yeU-view-IX7-LA-49i.nib ... 
2017-10-04 09:53:34 +0000  5307 bytes for ./Payload/MasterpassQR Demo.app/Base.lproj/Main.storyboardc/FLa-MJ-yeU-view-IX7-LA-49i.nib
copying file ./Payload/MasterpassQR Demo.app/Base.lproj/Main.storyboardc/hUj-tm-X23-view-s5M-Bq-OPM.nib ... 
2017-10-04 09:53:34 +0000  3914 bytes for ./Payload/MasterpassQR Demo.app/Base.lproj/Main.storyboardc/hUj-tm-X23-view-s5M-Bq-OPM.nib
copying file ./Payload/MasterpassQR Demo.app/Base.lproj/Main.storyboardc/Info.plist ... 
2017-10-04 09:53:34 +0000  403 bytes for ./Payload/MasterpassQR Demo.app/Base.lproj/Main.storyboardc/Info.plist
copying file ./Payload/MasterpassQR Demo.app/Base.lproj/Main.storyboardc/ResultViewController.nib ... 
2017-10-04 09:53:34 +0000  1050 bytes for ./Payload/MasterpassQR Demo.app/Base.lproj/Main.storyboardc/ResultViewController.nib
copying file ./Payload/MasterpassQR Demo.app/Base.lproj/Main.storyboardc/UINavigationController-if8-TP-3c4.nib ... 
2017-10-04 09:53:34 +0000  2044 bytes for ./Payload/MasterpassQR Demo.app/Base.lproj/Main.storyboardc/UINavigationController-if8-TP-3c4.nib
copying file ./Payload/MasterpassQR Demo.app/Base.lproj/Main.storyboardc/UIViewController-hUj-tm-X23.nib ... 
2017-10-04 09:53:34 +0000  1485 bytes for ./Payload/MasterpassQR Demo.app/Base.lproj/Main.storyboardc/UIViewController-hUj-tm-X23.nib
copying file ./Payload/MasterpassQR Demo.app/embedded.mobileprovision ... 
2017-10-04 09:53:34 +0000  7390 bytes for ./Payload/MasterpassQR Demo.app/embedded.mobileprovision
2017-10-04 09:53:34 +0000  copying file ./Payload/MasterpassQR Demo.app/Frameworks/libswiftAVFoundation.dylib ... 
2017-10-04 09:53:34 +0000  482416 bytes for ./Payload/MasterpassQR Demo.app/Frameworks/libswiftAVFoundation.dylib
copying file ./Payload/MasterpassQR Demo.app/Frameworks/libswiftCore.dylib ... 
2017-10-04 09:53:35 +0000  21046064 bytes for ./Payload/MasterpassQR Demo.app/Frameworks/libswiftCore.dylib
copying file ./Payload/MasterpassQR Demo.app/Frameworks/libswiftCoreAudio.dylib ... 
2017-10-04 09:53:35 +0000  354208 bytes for ./Payload/MasterpassQR Demo.app/Frameworks/libswiftCoreAudio.dylib
2017-10-04 09:53:35 +0000  copying file ./Payload/MasterpassQR Demo.app/Frameworks/libswiftCoreData.dylib ... 
2017-10-04 09:53:35 +0000  394704 bytes for ./Payload/MasterpassQR Demo.app/Frameworks/libswiftCoreData.dylib
copying file ./Payload/MasterpassQR Demo.app/Frameworks/libswiftCoreFoundation.dylib ... 
2017-10-04 09:53:35 +0000  208656 bytes for ./Payload/MasterpassQR Demo.app/Frameworks/libswiftCoreFoundation.dylib
copying file ./Payload/MasterpassQR Demo.app/Frameworks/libswiftCoreGraphics.dylib ... 
2017-10-04 09:53:35 +0000  578112 bytes for ./Payload/MasterpassQR Demo.app/Frameworks/libswiftCoreGraphics.dylib
2017-10-04 09:53:35 +0000  copying file ./Payload/MasterpassQR Demo.app/Frameworks/libswiftCoreImage.dylib ... 
2017-10-04 09:53:35 +0000  209216 bytes for ./Payload/MasterpassQR Demo.app/Frameworks/libswiftCoreImage.dylib
2017-10-04 09:53:35 +0000  copying file ./Payload/MasterpassQR Demo.app/Frameworks/libswiftCoreLocation.dylib ... 
2017-10-04 09:53:35 +0000  253648 bytes for ./Payload/MasterpassQR Demo.app/Frameworks/libswiftCoreLocation.dylib
copying file ./Payload/MasterpassQR Demo.app/Frameworks/libswiftCoreMedia.dylib ... 
2017-10-04 09:53:35 +0000  254000 bytes for ./Payload/MasterpassQR Demo.app/Frameworks/libswiftCoreMedia.dylib
copying file ./Payload/MasterpassQR Demo.app/Frameworks/libswiftDarwin.dylib ... 
2017-10-04 09:53:36 +0000  303424 bytes for ./Payload/MasterpassQR Demo.app/Frameworks/libswiftDarwin.dylib
copying file ./Payload/MasterpassQR Demo.app/Frameworks/libswiftDispatch.dylib ... 
2017-10-04 09:53:36 +0000  1009600 bytes for ./Payload/MasterpassQR Demo.app/Frameworks/libswiftDispatch.dylib
copying file ./Payload/MasterpassQR Demo.app/Frameworks/libswiftFoundation.dylib ... 
2017-10-04 09:53:36 +0000  8526080 bytes for ./Payload/MasterpassQR Demo.app/Frameworks/libswiftFoundation.dylib
copying file ./Payload/MasterpassQR Demo.app/Frameworks/libswiftMetal.dylib ... 
2017-10-04 09:53:36 +0000  251600 bytes for ./Payload/MasterpassQR Demo.app/Frameworks/libswiftMetal.dylib
copying file ./Payload/MasterpassQR Demo.app/Frameworks/libswiftObjectiveC.dylib ... 
2017-10-04 09:53:36 +0000  259296 bytes for ./Payload/MasterpassQR Demo.app/Frameworks/libswiftObjectiveC.dylib
copying file ./Payload/MasterpassQR Demo.app/Frameworks/libswiftos.dylib ... 
2017-10-04 09:53:36 +0000  249264 bytes for ./Payload/MasterpassQR Demo.app/Frameworks/libswiftos.dylib
copying file ./Payload/MasterpassQR Demo.app/Frameworks/libswiftPhotos.dylib ... 
2017-10-04 09:53:36 +0000  210992 bytes for ./Payload/MasterpassQR Demo.app/Frameworks/libswiftPhotos.dylib
2017-10-04 09:53:36 +0000  copying file ./Payload/MasterpassQR Demo.app/Frameworks/libswiftQuartzCore.dylib ... 
2017-10-04 09:53:36 +0000  212560 bytes for ./Payload/MasterpassQR Demo.app/Frameworks/libswiftQuartzCore.dylib
2017-10-04 09:53:36 +0000  copying file ./Payload/MasterpassQR Demo.app/Frameworks/libswiftsimd.dylib ... 
2017-10-04 09:53:36 +0000  1361600 bytes for ./Payload/MasterpassQR Demo.app/Frameworks/libswiftsimd.dylib
copying file ./Payload/MasterpassQR Demo.app/Frameworks/libswiftUIKit.dylib ... 
2017-10-04 09:53:36 +0000  361840 bytes for ./Payload/MasterpassQR Demo.app/Frameworks/libswiftUIKit.dylib
2017-10-04 09:53:36 +0000  copying file ./Payload/MasterpassQR Demo.app/Frameworks/MasterpassQRCoreSDK.framework/_CodeSignature/CodeResources ... 
2506 bytes for ./Payload/MasterpassQR Demo.app/Frameworks/MasterpassQRCoreSDK.framework/_CodeSignature/CodeResources
2017-10-04 09:53:36 +0000  copying file ./Payload/MasterpassQR Demo.app/Frameworks/MasterpassQRCoreSDK.framework/Info.plist ... 
735 bytes for ./Payload/MasterpassQR Demo.app/Frameworks/MasterpassQRCoreSDK.framework/Info.plist
2017-10-04 09:53:36 +0000  copying file ./Payload/MasterpassQR Demo.app/Frameworks/MasterpassQRCoreSDK.framework/MasterpassQRCoreSDK ... 
2017-10-04 09:53:36 +0000  583968 bytes for ./Payload/MasterpassQR Demo.app/Frameworks/MasterpassQRCoreSDK.framework/MasterpassQRCoreSDK
copying file ./Payload/MasterpassQR Demo.app/Frameworks/MasterpassQRCoreSDK.framework/strip-frameworks.sh ... 
2017-10-04 09:53:36 +0000  3230 bytes for ./Payload/MasterpassQR Demo.app/Frameworks/MasterpassQRCoreSDK.framework/strip-frameworks.sh
copying file ./Payload/MasterpassQR Demo.app/Frameworks/MasterpassQRScanSDK.framework/_CodeSignature/CodeResources ... 
2784 bytes for ./Payload/MasterpassQR Demo.app/Frameworks/MasterpassQRScanSDK.framework/_CodeSignature/CodeResources
copying file ./Payload/MasterpassQR Demo.app/Frameworks/MasterpassQRScanSDK.framework/Assets.car ... 
2017-10-04 09:53:36 +0000  82504 bytes for ./Payload/MasterpassQR Demo.app/Frameworks/MasterpassQRScanSDK.framework/Assets.car
copying file ./Payload/MasterpassQR Demo.app/Frameworks/MasterpassQRScanSDK.framework/Info.plist ... 
2017-10-04 09:53:36 +0000  735 bytes for ./Payload/MasterpassQR Demo.app/Frameworks/MasterpassQRScanSDK.framework/Info.plist
copying file ./Payload/MasterpassQR Demo.app/Frameworks/MasterpassQRScanSDK.framework/MasterpassQRScanSDK ... 
2017-10-04 09:53:36 +0000  404464 bytes for ./Payload/MasterpassQR Demo.app/Frameworks/MasterpassQRScanSDK.framework/MasterpassQRScanSDK
copying file ./Payload/MasterpassQR Demo.app/Frameworks/MasterpassQRScanSDK.framework/strip-frameworks.sh ... 
2017-10-04 09:53:36 +0000  3230 bytes for ./Payload/MasterpassQR Demo.app/Frameworks/MasterpassQRScanSDK.framework/strip-frameworks.sh
2017-10-04 09:53:36 +0000  copying file ./Payload/MasterpassQR Demo.app/Info.plist ... 
2017-10-04 09:53:36 +0000  1289 bytes for ./Payload/MasterpassQR Demo.app/Info.plist
copying file ./Payload/MasterpassQR Demo.app/MasterpassQR Demo ... 
2017-10-04 09:53:36 +0000  414480 bytes for ./Payload/MasterpassQR Demo.app/MasterpassQR Demo
copying file ./Payload/MasterpassQR Demo.app/PkgInfo ... 
2017-10-04 09:53:36 +0000  8 bytes for ./Payload/MasterpassQR Demo.app/PkgInfo
2017-10-04 09:53:36 +0000  /usr/bin/ditto exited with 0
2017-10-04 09:53:36 +0000  Processing step: IDEDistributionCreateManifestStep
