2017-10-16 23:16:06 +0000  Initial pipeline context: <IDEDistributionProcessingPipelineContext: 0x7fec1a3e2b70; archive(resolved)='<IDEArchive: 0x7fec2c755890>', distributionTask(resolved)='2', distributionMethod(resolved)='<IDEDistributionMethodiOSEnterprise: 0x7fec400a8250>', team(resolved)='<IDEProvisioningBasicTeam 0x7fec38ac94c0: teamID: FARWN7FEXX, teamName: MasterCard Worldwide>'>
	Chain (11, self inclusive):
	<IDEDistributionProcessingPipelineContext: 0x7fec1a3e2b70; archive = '<IDEArchive: 0x7fec2c755890>', distributionMethod='<IDEDistributionMethodiOSEnterprise: 0x7fec400a8250>', team='<IDEProvisioningBasicTeam 0x7fec38ac94c0: teamID: FARWN7FEXX, teamName: MasterCard Worldwide>'>
	<IDEDistributionProcessingPipelineContext: 0x7fec19cf5f60; archive = '<IDEArchive: 0x7fec2c755890>', distributionMethod='<IDEDistributionMethodiOSEnterprise: 0x7fec400a8250>', team='<IDEProvisioningBasicTeam 0x7fec38ac94c0: teamID: FARWN7FEXX, teamName: MasterCard Worldwide>'>
	<IDEDistributionContext: 0x7fec1963f720; archive = '<IDEArchive: 0x7fec2c755890>', distributionMethod='<IDEDistributionMethodiOSEnterprise: 0x7fec400a8250>', team='<IDEProvisioningBasicTeam 0x7fec38ac94c0: teamID: FARWN7FEXX, teamName: MasterCard Worldwide>'>
	<IDEDistributionContext: 0x7fec19c6daf0; archive = '<IDEArchive: 0x7fec2c755890>', distributionMethod='<IDEDistributionMethodiOSEnterprise: 0x7fec400a8250>', team='<IDEProvisioningBasicTeam 0x7fec38ac94c0: teamID: FARWN7FEXX, teamName: MasterCard Worldwide>'>
	<IDEDistributionContext: 0x7fec38c340b0; archive = '<IDEArchive: 0x7fec2c755890>', distributionMethod='<IDEDistributionMethodiOSEnterprise: 0x7fec400a8250>', team='<IDEProvisioningBasicTeam 0x7fec38ac94c0: teamID: FARWN7FEXX, teamName: MasterCard Worldwide>'>
	<IDEDistributionContext: 0x7fec19971240; archive = '<IDEArchive: 0x7fec2c755890>', distributionMethod='<IDEDistributionMethodiOSEnterprise: 0x7fec400a8250>', team='<IDEProvisioningBasicTeam 0x7fec38ac94c0: teamID: FARWN7FEXX, teamName: MasterCard Worldwide>'>
	<IDEDistributionContext: 0x7fec384d25c0; archive = '<IDEArchive: 0x7fec2c755890>', distributionMethod='<IDEDistributionMethodiOSEnterprise: 0x7fec400a8250>', team='<IDEProvisioningBasicTeam 0x7fec38ac94c0: teamID: FARWN7FEXX, teamName: MasterCard Worldwide>'>
	<IDEDistributionContext: 0x7fec38ed61c0; archive = '<IDEArchive: 0x7fec2c755890>', distributionMethod='<IDEDistributionMethodiOSEnterprise: 0x7fec400a8250>', team='<IDEProvisioningBasicTeam 0x7fec38ac94c0: teamID: FARWN7FEXX, teamName: MasterCard Worldwide>'>
	<IDEDistributionContext: 0x7fec19b23020; archive = '<IDEArchive: 0x7fec2c755890>', distributionMethod='<IDEDistributionMethodiOSEnterprise: 0x7fec400a8250>', team='<IDEProvisioningBasicTeam 0x7fec38ac94c0: teamID: FARWN7FEXX, teamName: MasterCard Worldwide>'>
	<IDEDistributionContext: 0x7fec392d6670; archive = '<IDEArchive: 0x7fec2c755890>', distributionMethod='<IDEDistributionMethodiOSEnterprise: 0x7fec400a8250>', team='(null)'>
	<IDEDistributionContext: 0x7fec401e2610; archive = '<IDEArchive: 0x7fec2c755890>', distributionMethod='(null)', team='(null)'>
</IDEDistributionProcessingPipelineContext: 0x7fec1a3e2b70>
2017-10-16 23:16:06 +0000  Processing step: IDEDistributionCreateDestRootStep
2017-10-16 23:16:06 +0000  Processing step: IDEDistributionCopyItemStep
2017-10-16 23:16:06 +0000  Running /usr/bin/ditto '-V' '/Users/amri/Library/Developer/Xcode/Archives/2017-10-17/MasterpassQR Demo 17-10-17, 7.13 AM.xcarchive/Products/Applications/MasterpassQR Demo.app' '/var/folders/9k/16d2bz8x33g22q2dn3nc7nyr0000gn/T/XcodeDistPipeline.v8o/Root/Payload/MasterpassQR Demo.app'
2017-10-16 23:16:06 +0000  >>> Copying /Users/amri/Library/Developer/Xcode/Archives/2017-10-17/MasterpassQR Demo 17-10-17, 7.13 AM.xcarchive/Products/Applications/MasterpassQR Demo.app 
copying file ./_CodeSignature/CodeResources ... 
18823 bytes for ./_CodeSignature/CodeResources
copying file ./AppIcon20x20@2x.png ... 
3081 bytes for ./AppIcon20x20@2x.png
copying file ./AppIcon20x20@3x.png ... 
4429 bytes for ./AppIcon20x20@3x.png
copying file ./AppIcon29x29@2x.png ... 
4241 bytes for ./AppIcon29x29@2x.png
copying file ./AppIcon29x29@3x.png ... 
7561 bytes for ./AppIcon29x29@3x.png
copying file ./AppIcon40x40@2x.png ... 
6629 bytes for ./AppIcon40x40@2x.png
copying file ./AppIcon40x40@3x.png ... 
9268 bytes for ./AppIcon40x40@3x.png
copying file ./AppIcon60x60@2x.png ... 
6013 bytes for ./AppIcon60x60@2x.png
copying file ./AppIcon60x60@3x.png ... 
9349 bytes for ./AppIcon60x60@3x.png
copying file ./archived-expanded-entitlements.xcent ... 
410 bytes for ./archived-expanded-entitlements.xcent
copying file ./Assets.car ... 
134008 bytes for ./Assets.car
copying file ./Base.lproj/LaunchScreen.storyboardc/01J-lp-oVM-view-Ze5-6b-2t3.nib ... 
1791 bytes for ./Base.lproj/LaunchScreen.storyboardc/01J-lp-oVM-view-Ze5-6b-2t3.nib
copying file ./Base.lproj/LaunchScreen.storyboardc/Info.plist ... 
258 bytes for ./Base.lproj/LaunchScreen.storyboardc/Info.plist
copying file ./Base.lproj/LaunchScreen.storyboardc/UIViewController-01J-lp-oVM.nib ... 
832 bytes for ./Base.lproj/LaunchScreen.storyboardc/UIViewController-01J-lp-oVM.nib
copying file ./Base.lproj/Main.storyboardc/BYZ-38-t0r-view-9fZ-FA-6Q7.nib ... 
7706 bytes for ./Base.lproj/Main.storyboardc/BYZ-38-t0r-view-9fZ-FA-6Q7.nib
copying file ./Base.lproj/Main.storyboardc/FLa-MJ-yeU-view-IX7-LA-49i.nib ... 
5311 bytes for ./Base.lproj/Main.storyboardc/FLa-MJ-yeU-view-IX7-LA-49i.nib
copying file ./Base.lproj/Main.storyboardc/hUj-tm-X23-view-s5M-Bq-OPM.nib ... 
3911 bytes for ./Base.lproj/Main.storyboardc/hUj-tm-X23-view-s5M-Bq-OPM.nib
copying file ./Base.lproj/Main.storyboardc/Info.plist ... 
403 bytes for ./Base.lproj/Main.storyboardc/Info.plist
copying file ./Base.lproj/Main.storyboardc/ResultViewController.nib ... 
1050 bytes for ./Base.lproj/Main.storyboardc/ResultViewController.nib
copying file ./Base.lproj/Main.storyboardc/UINavigationController-if8-TP-3c4.nib ... 
2044 bytes for ./Base.lproj/Main.storyboardc/UINavigationController-if8-TP-3c4.nib
copying file ./Base.lproj/Main.storyboardc/UIViewController-hUj-tm-X23.nib ... 
1485 bytes for ./Base.lproj/Main.storyboardc/UIViewController-hUj-tm-X23.nib
copying file ./embedded.mobileprovision ... 
236171 bytes for ./embedded.mobileprovision
copying file ./Frameworks/libswiftAVFoundation.dylib ... 
482064 bytes for ./Frameworks/libswiftAVFoundation.dylib
copying file ./Frameworks/libswiftCore.dylib ... 
2017-10-16 23:16:06 +0000  21045712 bytes for ./Frameworks/libswiftCore.dylib
copying file ./Frameworks/libswiftCoreAudio.dylib ... 
2017-10-16 23:16:06 +0000  353856 bytes for ./Frameworks/libswiftCoreAudio.dylib
copying file ./Frameworks/libswiftCoreData.dylib ... 
361584 bytes for ./Frameworks/libswiftCoreData.dylib
copying file ./Frameworks/libswiftCoreFoundation.dylib ... 
208288 bytes for ./Frameworks/libswiftCoreFoundation.dylib
copying file ./Frameworks/libswiftCoreGraphics.dylib ... 
577760 bytes for ./Frameworks/libswiftCoreGraphics.dylib
copying file ./Frameworks/libswiftCoreImage.dylib ... 
208864 bytes for ./Frameworks/libswiftCoreImage.dylib
copying file ./Frameworks/libswiftCoreLocation.dylib ... 
253296 bytes for ./Frameworks/libswiftCoreLocation.dylib
copying file ./Frameworks/libswiftCoreMedia.dylib ... 
253648 bytes for ./Frameworks/libswiftCoreMedia.dylib
copying file ./Frameworks/libswiftDarwin.dylib ... 
303072 bytes for ./Frameworks/libswiftDarwin.dylib
copying file ./Frameworks/libswiftDispatch.dylib ... 
1009248 bytes for ./Frameworks/libswiftDispatch.dylib
copying file ./Frameworks/libswiftFoundation.dylib ... 
2017-10-16 23:16:06 +0000  8525728 bytes for ./Frameworks/libswiftFoundation.dylib
2017-10-16 23:16:06 +0000  copying file ./Frameworks/libswiftMetal.dylib ... 
2017-10-16 23:16:06 +0000  251248 bytes for ./Frameworks/libswiftMetal.dylib
2017-10-16 23:16:06 +0000  copying file ./Frameworks/libswiftObjectiveC.dylib ... 
2017-10-16 23:16:06 +0000  258944 bytes for ./Frameworks/libswiftObjectiveC.dylib
2017-10-16 23:16:06 +0000  copying file ./Frameworks/libswiftos.dylib ... 
2017-10-16 23:16:06 +0000  248912 bytes for ./Frameworks/libswiftos.dylib
copying file ./Frameworks/libswiftPhotos.dylib ... 
2017-10-16 23:16:06 +0000  210640 bytes for ./Frameworks/libswiftPhotos.dylib
2017-10-16 23:16:06 +0000  copying file ./Frameworks/libswiftQuartzCore.dylib ... 
2017-10-16 23:16:06 +0000  212208 bytes for ./Frameworks/libswiftQuartzCore.dylib
2017-10-16 23:16:06 +0000  copying file ./Frameworks/libswiftsimd.dylib ... 
2017-10-16 23:16:06 +0000  1361248 bytes for ./Frameworks/libswiftsimd.dylib
2017-10-16 23:16:06 +0000  copying file ./Frameworks/libswiftUIKit.dylib ... 
2017-10-16 23:16:06 +0000  361488 bytes for ./Frameworks/libswiftUIKit.dylib
2017-10-16 23:16:06 +0000  copying file ./Frameworks/MasterpassQRCoreSDK.framework/_CodeSignature/CodeResources ... 
2017-10-16 23:16:06 +0000  2506 bytes for ./Frameworks/MasterpassQRCoreSDK.framework/_CodeSignature/CodeResources
2017-10-16 23:16:06 +0000  copying file ./Frameworks/MasterpassQRCoreSDK.framework/Info.plist ... 
2017-10-16 23:16:06 +0000  735 bytes for ./Frameworks/MasterpassQRCoreSDK.framework/Info.plist
2017-10-16 23:16:06 +0000  copying file ./Frameworks/MasterpassQRCoreSDK.framework/MasterpassQRCoreSDK ... 
2017-10-16 23:16:06 +0000  583888 bytes for ./Frameworks/MasterpassQRCoreSDK.framework/MasterpassQRCoreSDK
2017-10-16 23:16:06 +0000  copying file ./Frameworks/MasterpassQRCoreSDK.framework/strip-frameworks.sh ... 
2017-10-16 23:16:06 +0000  3230 bytes for ./Frameworks/MasterpassQRCoreSDK.framework/strip-frameworks.sh
2017-10-16 23:16:06 +0000  copying file ./Frameworks/MasterpassQRScanSDK.framework/_CodeSignature/CodeResources ... 
2017-10-16 23:16:07 +0000  2784 bytes for ./Frameworks/MasterpassQRScanSDK.framework/_CodeSignature/CodeResources
2017-10-16 23:16:07 +0000  copying file ./Frameworks/MasterpassQRScanSDK.framework/Assets.car ... 
2017-10-16 23:16:07 +0000  82504 bytes for ./Frameworks/MasterpassQRScanSDK.framework/Assets.car
copying file ./Frameworks/MasterpassQRScanSDK.framework/Info.plist ... 
2017-10-16 23:16:07 +0000  735 bytes for ./Frameworks/MasterpassQRScanSDK.framework/Info.plist
2017-10-16 23:16:07 +0000  copying file ./Frameworks/MasterpassQRScanSDK.framework/MasterpassQRScanSDK ... 
2017-10-16 23:16:07 +0000  404160 bytes for ./Frameworks/MasterpassQRScanSDK.framework/MasterpassQRScanSDK
2017-10-16 23:16:07 +0000  copying file ./Frameworks/MasterpassQRScanSDK.framework/strip-frameworks.sh ... 
2017-10-16 23:16:07 +0000  3230 bytes for ./Frameworks/MasterpassQRScanSDK.framework/strip-frameworks.sh
2017-10-16 23:16:07 +0000  copying file ./Info.plist ... 
2017-10-16 23:16:07 +0000  1290 bytes for ./Info.plist
copying file ./MasterpassQR Demo ... 
2017-10-16 23:16:07 +0000  414480 bytes for ./MasterpassQR Demo
2017-10-16 23:16:07 +0000  copying file ./PkgInfo ... 
2017-10-16 23:16:07 +0000  8 bytes for ./PkgInfo
2017-10-16 23:16:07 +0000  /usr/bin/ditto exited with 0
2017-10-16 23:16:07 +0000  Processing step: IDEDistributionEmbedProfileStep
2017-10-16 23:16:07 +0000  Skipping profile for item: <IDEDistributionItem: 0x7fec2d9a5090 'com.mastercard.ios.MasterpassQRCoreSDK' '<DVTFilePath:0x7fec198ed1f0:'/Users/amri/Library/Developer/Xcode/Archives/2017-10-17/MasterpassQR Demo 17-10-17, 7.13 AM.xcarchive/Products/Applications/MasterpassQR Demo.app/Frameworks/MasterpassQRCoreSDK.framework'>'>
2017-10-16 23:16:07 +0000  Skipping profile for item: <IDEDistributionItem: 0x7fec19743eb0 'com.mastercard.ios.MasterpassQRScanSDK' '<DVTFilePath:0x7fec38a458f0:'/Users/amri/Library/Developer/Xcode/Archives/2017-10-17/MasterpassQR Demo 17-10-17, 7.13 AM.xcarchive/Products/Applications/MasterpassQR Demo.app/Frameworks/MasterpassQRScanSDK.framework'>'>
2017-10-16 23:16:07 +0000  Skipping profile for item: <IDEDistributionItem: 0x7fec19bd0730 'com.apple.dt.runtime.swiftAVFoundation' '<DVTFilePath:0x7fec37b037a0:'/Users/amri/Library/Developer/Xcode/Archives/2017-10-17/MasterpassQR Demo 17-10-17, 7.13 AM.xcarchive/Products/Applications/MasterpassQR Demo.app/Frameworks/libswiftAVFoundation.dylib'>'>
2017-10-16 23:16:07 +0000  Skipping profile for item: <IDEDistributionItem: 0x7fec38c2fb40 'com.apple.dt.runtime.swiftCore' '<DVTFilePath:0x7fec2d326810:'/Users/amri/Library/Developer/Xcode/Archives/2017-10-17/MasterpassQR Demo 17-10-17, 7.13 AM.xcarchive/Products/Applications/MasterpassQR Demo.app/Frameworks/libswiftCore.dylib'>'>
2017-10-16 23:16:07 +0000  Skipping profile for item: <IDEDistributionItem: 0x7fec38f5dcd0 'com.apple.dt.runtime.swiftCoreAudio' '<DVTFilePath:0x7fec38b960a0:'/Users/amri/Library/Developer/Xcode/Archives/2017-10-17/MasterpassQR Demo 17-10-17, 7.13 AM.xcarchive/Products/Applications/MasterpassQR Demo.app/Frameworks/libswiftCoreAudio.dylib'>'>
2017-10-16 23:16:07 +0000  Skipping profile for item: <IDEDistributionItem: 0x7fec40e96260 'com.apple.dt.runtime.swiftCoreData' '<DVTFilePath:0x7fec42e355b0:'/Users/amri/Library/Developer/Xcode/Archives/2017-10-17/MasterpassQR Demo 17-10-17, 7.13 AM.xcarchive/Products/Applications/MasterpassQR Demo.app/Frameworks/libswiftCoreData.dylib'>'>
2017-10-16 23:16:07 +0000  Skipping profile for item: <IDEDistributionItem: 0x7fec2c538650 'com.apple.dt.runtime.swiftCoreFoundation' '<DVTFilePath:0x7fec19b4fc30:'/Users/amri/Library/Developer/Xcode/Archives/2017-10-17/MasterpassQR Demo 17-10-17, 7.13 AM.xcarchive/Products/Applications/MasterpassQR Demo.app/Frameworks/libswiftCoreFoundation.dylib'>'>
2017-10-16 23:16:07 +0000  Skipping profile for item: <IDEDistributionItem: 0x7fec19d01d50 'com.apple.dt.runtime.swiftCoreGraphics' '<DVTFilePath:0x7fec2d158b10:'/Users/amri/Library/Developer/Xcode/Archives/2017-10-17/MasterpassQR Demo 17-10-17, 7.13 AM.xcarchive/Products/Applications/MasterpassQR Demo.app/Frameworks/libswiftCoreGraphics.dylib'>'>
2017-10-16 23:16:07 +0000  Skipping profile for item: <IDEDistributionItem: 0x7fec57ae4490 'com.apple.dt.runtime.swiftCoreImage' '<DVTFilePath:0x7fec38f323f0:'/Users/amri/Library/Developer/Xcode/Archives/2017-10-17/MasterpassQR Demo 17-10-17, 7.13 AM.xcarchive/Products/Applications/MasterpassQR Demo.app/Frameworks/libswiftCoreImage.dylib'>'>
2017-10-16 23:16:07 +0000  Skipping profile for item: <IDEDistributionItem: 0x7fec1964ffd0 'com.apple.dt.runtime.swiftCoreLocation' '<DVTFilePath:0x7fec3900d250:'/Users/amri/Library/Developer/Xcode/Archives/2017-10-17/MasterpassQR Demo 17-10-17, 7.13 AM.xcarchive/Products/Applications/MasterpassQR Demo.app/Frameworks/libswiftCoreLocation.dylib'>'>
2017-10-16 23:16:07 +0000  Skipping profile for item: <IDEDistributionItem: 0x7fec3f71d190 'com.apple.dt.runtime.swiftCoreMedia' '<DVTFilePath:0x7fec38a96390:'/Users/amri/Library/Developer/Xcode/Archives/2017-10-17/MasterpassQR Demo 17-10-17, 7.13 AM.xcarchive/Products/Applications/MasterpassQR Demo.app/Frameworks/libswiftCoreMedia.dylib'>'>
2017-10-16 23:16:07 +0000  Skipping profile for item: <IDEDistributionItem: 0x7fec385edac0 'com.apple.dt.runtime.swiftDarwin' '<DVTFilePath:0x7fec36b2d2f0:'/Users/amri/Library/Developer/Xcode/Archives/2017-10-17/MasterpassQR Demo 17-10-17, 7.13 AM.xcarchive/Products/Applications/MasterpassQR Demo.app/Frameworks/libswiftDarwin.dylib'>'>
2017-10-16 23:16:07 +0000  Skipping profile for item: <IDEDistributionItem: 0x7fec377a2620 'com.apple.dt.runtime.swiftDispatch' '<DVTFilePath:0x7fec40640ba0:'/Users/amri/Library/Developer/Xcode/Archives/2017-10-17/MasterpassQR Demo 17-10-17, 7.13 AM.xcarchive/Products/Applications/MasterpassQR Demo.app/Frameworks/libswiftDispatch.dylib'>'>
2017-10-16 23:16:07 +0000  Skipping profile for item: <IDEDistributionItem: 0x7fec19d65a70 'com.apple.dt.runtime.swiftFoundation' '<DVTFilePath:0x7fec38e71950:'/Users/amri/Library/Developer/Xcode/Archives/2017-10-17/MasterpassQR Demo 17-10-17, 7.13 AM.xcarchive/Products/Applications/MasterpassQR Demo.app/Frameworks/libswiftFoundation.dylib'>'>
2017-10-16 23:16:07 +0000  Skipping profile for item: <IDEDistributionItem: 0x7fec76f4c820 'com.apple.dt.runtime.swiftMetal' '<DVTFilePath:0x7fec19bb9220:'/Users/amri/Library/Developer/Xcode/Archives/2017-10-17/MasterpassQR Demo 17-10-17, 7.13 AM.xcarchive/Products/Applications/MasterpassQR Demo.app/Frameworks/libswiftMetal.dylib'>'>
2017-10-16 23:16:07 +0000  Skipping profile for item: <IDEDistributionItem: 0x7fec19e09c90 'com.apple.dt.runtime.swiftObjectiveC' '<DVTFilePath:0x7fec38cc9ec0:'/Users/amri/Library/Developer/Xcode/Archives/2017-10-17/MasterpassQR Demo 17-10-17, 7.13 AM.xcarchive/Products/Applications/MasterpassQR Demo.app/Frameworks/libswiftObjectiveC.dylib'>'>
2017-10-16 23:16:07 +0000  Skipping profile for item: <IDEDistributionItem: 0x7fec391d7d00 'com.apple.dt.runtime.swiftPhotos' '<DVTFilePath:0x7fec4fa4eff0:'/Users/amri/Library/Developer/Xcode/Archives/2017-10-17/MasterpassQR Demo 17-10-17, 7.13 AM.xcarchive/Products/Applications/MasterpassQR Demo.app/Frameworks/libswiftPhotos.dylib'>'>
2017-10-16 23:16:07 +0000  Skipping profile for item: <IDEDistributionItem: 0x7fec38946b90 'com.apple.dt.runtime.swiftQuartzCore' '<DVTFilePath:0x7fec38b817d0:'/Users/amri/Library/Developer/Xcode/Archives/2017-10-17/MasterpassQR Demo 17-10-17, 7.13 AM.xcarchive/Products/Applications/MasterpassQR Demo.app/Frameworks/libswiftQuartzCore.dylib'>'>
2017-10-16 23:16:07 +0000  Skipping profile for item: <IDEDistributionItem: 0x7fec33f705c0 'com.apple.dt.runtime.swiftUIKit' '<DVTFilePath:0x7fec38bddbc0:'/Users/amri/Library/Developer/Xcode/Archives/2017-10-17/MasterpassQR Demo 17-10-17, 7.13 AM.xcarchive/Products/Applications/MasterpassQR Demo.app/Frameworks/libswiftUIKit.dylib'>'>
2017-10-16 23:16:07 +0000  Skipping profile for item: <IDEDistributionItem: 0x7fec4130e440 'com.apple.dt.runtime.swiftos' '<DVTFilePath:0x7fec390962b0:'/Users/amri/Library/Developer/Xcode/Archives/2017-10-17/MasterpassQR Demo 17-10-17, 7.13 AM.xcarchive/Products/Applications/MasterpassQR Demo.app/Frameworks/libswiftos.dylib'>'>
2017-10-16 23:16:07 +0000  Skipping profile for item: <IDEDistributionItem: 0x7fec4281aa30 'com.apple.dt.runtime.swiftsimd' '<DVTFilePath:0x7fec38d039f0:'/Users/amri/Library/Developer/Xcode/Archives/2017-10-17/MasterpassQR Demo 17-10-17, 7.13 AM.xcarchive/Products/Applications/MasterpassQR Demo.app/Frameworks/libswiftsimd.dylib'>'>
2017-10-16 23:16:07 +0000  Processing step: IDEDistributionAppThinningPlistStep
2017-10-16 23:16:07 +0000  Skipping step: IDEDistributionAppThinningPlistStep because it said so
2017-10-16 23:16:07 +0000  Processing step: IDEDistributionCompileBitcodeStep
2017-10-16 23:16:07 +0000  Skipping step: IDEDistributionCompileBitcodeStep because it said so
2017-10-16 23:16:07 +0000  Processing step: IDEDistributionCodeSlimmingStep
2017-10-16 23:16:07 +0000  Processing step: IDEDistributionCopyBCSymbolMapsStep
2017-10-16 23:16:07 +0000  Skipping step: IDEDistributionCopyBCSymbolMapsStep because it said so
2017-10-16 23:16:07 +0000  Skipping step: IDEDistributionCopyBCSymbolMapsStep because it said so
2017-10-16 23:16:07 +0000  Skipping step: IDEDistributionCopyBCSymbolMapsStep because it said so
2017-10-16 23:16:07 +0000  Skipping step: IDEDistributionCopyBCSymbolMapsStep because it said so
2017-10-16 23:16:07 +0000  Skipping step: IDEDistributionCopyBCSymbolMapsStep because it said so
2017-10-16 23:16:07 +0000  Skipping step: IDEDistributionCopyBCSymbolMapsStep because it said so
2017-10-16 23:16:08 +0000  Skipping step: IDEDistributionCopyBCSymbolMapsStep because it said so
2017-10-16 23:16:08 +0000  Skipping step: IDEDistributionCopyBCSymbolMapsStep because it said so
2017-10-16 23:16:08 +0000  Skipping step: IDEDistributionCopyBCSymbolMapsStep because it said so
2017-10-16 23:16:08 +0000  Skipping step: IDEDistributionCopyBCSymbolMapsStep because it said so
2017-10-16 23:16:08 +0000  Skipping step: IDEDistributionCopyBCSymbolMapsStep because it said so
2017-10-16 23:16:08 +0000  Skipping step: IDEDistributionCopyBCSymbolMapsStep because it said so
2017-10-16 23:16:08 +0000  Skipping step: IDEDistributionCopyBCSymbolMapsStep because it said so
2017-10-16 23:16:08 +0000  Skipping step: IDEDistributionCopyBCSymbolMapsStep because it said so
2017-10-16 23:16:08 +0000  Skipping step: IDEDistributionCopyBCSymbolMapsStep because it said so
2017-10-16 23:16:08 +0000  Skipping step: IDEDistributionCopyBCSymbolMapsStep because it said so
2017-10-16 23:16:08 +0000  Skipping step: IDEDistributionCopyBCSymbolMapsStep because it said so
2017-10-16 23:16:08 +0000  Skipping step: IDEDistributionCopyBCSymbolMapsStep because it said so
2017-10-16 23:16:08 +0000  Skipping step: IDEDistributionCopyBCSymbolMapsStep because it said so
2017-10-16 23:16:08 +0000  Skipping step: IDEDistributionCopyBCSymbolMapsStep because it said so
2017-10-16 23:16:08 +0000  Skipping step: IDEDistributionCopyBCSymbolMapsStep because it said so
2017-10-16 23:16:08 +0000  Skipping step: IDEDistributionCopyBCSymbolMapsStep because it said so
2017-10-16 23:16:08 +0000  Processing step: IDEDistributionSymbolsStep
2017-10-16 23:16:08 +0000  Skipping step: IDEDistributionSymbolsStep because it said so
2017-10-16 23:16:08 +0000  Skipping step: IDEDistributionSymbolsStep because it said so
2017-10-16 23:16:08 +0000  Skipping step: IDEDistributionSymbolsStep because it said so
2017-10-16 23:16:08 +0000  Skipping step: IDEDistributionSymbolsStep because it said so
2017-10-16 23:16:08 +0000  Skipping step: IDEDistributionSymbolsStep because it said so
2017-10-16 23:16:08 +0000  Skipping step: IDEDistributionSymbolsStep because it said so
2017-10-16 23:16:08 +0000  Skipping step: IDEDistributionSymbolsStep because it said so
2017-10-16 23:16:08 +0000  Skipping step: IDEDistributionSymbolsStep because it said so
2017-10-16 23:16:08 +0000  Skipping step: IDEDistributionSymbolsStep because it said so
2017-10-16 23:16:08 +0000  Skipping step: IDEDistributionSymbolsStep because it said so
2017-10-16 23:16:08 +0000  Skipping step: IDEDistributionSymbolsStep because it said so
2017-10-16 23:16:08 +0000  Skipping step: IDEDistributionSymbolsStep because it said so
2017-10-16 23:16:08 +0000  Skipping step: IDEDistributionSymbolsStep because it said so
2017-10-16 23:16:08 +0000  Skipping step: IDEDistributionSymbolsStep because it said so
2017-10-16 23:16:08 +0000  Skipping step: IDEDistributionSymbolsStep because it said so
2017-10-16 23:16:08 +0000  Skipping step: IDEDistributionSymbolsStep because it said so
2017-10-16 23:16:08 +0000  Skipping step: IDEDistributionSymbolsStep because it said so
2017-10-16 23:16:08 +0000  Skipping step: IDEDistributionSymbolsStep because it said so
2017-10-16 23:16:08 +0000  Skipping step: IDEDistributionSymbolsStep because it said so
2017-10-16 23:16:08 +0000  Skipping step: IDEDistributionSymbolsStep because it said so
2017-10-16 23:16:08 +0000  Skipping step: IDEDistributionSymbolsStep because it said so
2017-10-16 23:16:08 +0000  Skipping step: IDEDistributionSymbolsStep because it said so
2017-10-16 23:16:08 +0000  Processing step: IDEDistributionAppThinningStep
2017-10-16 23:16:08 +0000  Skipping step: IDEDistributionAppThinningStep because it said so
2017-10-16 23:16:08 +0000  Processing step: IDEDistributionODRStep
2017-10-16 23:16:08 +0000  Processing step: IDEDistributionStripXattrsStep
2017-10-16 23:16:08 +0000  Skipping stripping extended attributes of item: <IDEDistributionItem: 0x7fec2d9a5090 'com.mastercard.ios.MasterpassQRCoreSDK' '<DVTFilePath:0x7fec198ed1f0:'/Users/amri/Library/Developer/Xcode/Archives/2017-10-17/MasterpassQR Demo 17-10-17, 7.13 AM.xcarchive/Products/Applications/MasterpassQR Demo.app/Frameworks/MasterpassQRCoreSDK.framework'>'>
2017-10-16 23:16:08 +0000  Skipping stripping extended attributes of item: <IDEDistributionItem: 0x7fec19743eb0 'com.mastercard.ios.MasterpassQRScanSDK' '<DVTFilePath:0x7fec38a458f0:'/Users/amri/Library/Developer/Xcode/Archives/2017-10-17/MasterpassQR Demo 17-10-17, 7.13 AM.xcarchive/Products/Applications/MasterpassQR Demo.app/Frameworks/MasterpassQRScanSDK.framework'>'>
2017-10-16 23:16:08 +0000  Skipping stripping extended attributes of item: <IDEDistributionItem: 0x7fec19bd0730 'com.apple.dt.runtime.swiftAVFoundation' '<DVTFilePath:0x7fec37b037a0:'/Users/amri/Library/Developer/Xcode/Archives/2017-10-17/MasterpassQR Demo 17-10-17, 7.13 AM.xcarchive/Products/Applications/MasterpassQR Demo.app/Frameworks/libswiftAVFoundation.dylib'>'>
2017-10-16 23:16:08 +0000  Skipping stripping extended attributes of item: <IDEDistributionItem: 0x7fec38c2fb40 'com.apple.dt.runtime.swiftCore' '<DVTFilePath:0x7fec2d326810:'/Users/amri/Library/Developer/Xcode/Archives/2017-10-17/MasterpassQR Demo 17-10-17, 7.13 AM.xcarchive/Products/Applications/MasterpassQR Demo.app/Frameworks/libswiftCore.dylib'>'>
2017-10-16 23:16:08 +0000  Skipping stripping extended attributes of item: <IDEDistributionItem: 0x7fec38f5dcd0 'com.apple.dt.runtime.swiftCoreAudio' '<DVTFilePath:0x7fec38b960a0:'/Users/amri/Library/Developer/Xcode/Archives/2017-10-17/MasterpassQR Demo 17-10-17, 7.13 AM.xcarchive/Products/Applications/MasterpassQR Demo.app/Frameworks/libswiftCoreAudio.dylib'>'>
2017-10-16 23:16:08 +0000  Skipping stripping extended attributes of item: <IDEDistributionItem: 0x7fec40e96260 'com.apple.dt.runtime.swiftCoreData' '<DVTFilePath:0x7fec42e355b0:'/Users/amri/Library/Developer/Xcode/Archives/2017-10-17/MasterpassQR Demo 17-10-17, 7.13 AM.xcarchive/Products/Applications/MasterpassQR Demo.app/Frameworks/libswiftCoreData.dylib'>'>
2017-10-16 23:16:08 +0000  Skipping stripping extended attributes of item: <IDEDistributionItem: 0x7fec2c538650 'com.apple.dt.runtime.swiftCoreFoundation' '<DVTFilePath:0x7fec19b4fc30:'/Users/amri/Library/Developer/Xcode/Archives/2017-10-17/MasterpassQR Demo 17-10-17, 7.13 AM.xcarchive/Products/Applications/MasterpassQR Demo.app/Frameworks/libswiftCoreFoundation.dylib'>'>
2017-10-16 23:16:08 +0000  Skipping stripping extended attributes of item: <IDEDistributionItem: 0x7fec19d01d50 'com.apple.dt.runtime.swiftCoreGraphics' '<DVTFilePath:0x7fec2d158b10:'/Users/amri/Library/Developer/Xcode/Archives/2017-10-17/MasterpassQR Demo 17-10-17, 7.13 AM.xcarchive/Products/Applications/MasterpassQR Demo.app/Frameworks/libswiftCoreGraphics.dylib'>'>
2017-10-16 23:16:08 +0000  Skipping stripping extended attributes of item: <IDEDistributionItem: 0x7fec57ae4490 'com.apple.dt.runtime.swiftCoreImage' '<DVTFilePath:0x7fec38f323f0:'/Users/amri/Library/Developer/Xcode/Archives/2017-10-17/MasterpassQR Demo 17-10-17, 7.13 AM.xcarchive/Products/Applications/MasterpassQR Demo.app/Frameworks/libswiftCoreImage.dylib'>'>
2017-10-16 23:16:08 +0000  Skipping stripping extended attributes of item: <IDEDistributionItem: 0x7fec1964ffd0 'com.apple.dt.runtime.swiftCoreLocation' '<DVTFilePath:0x7fec3900d250:'/Users/amri/Library/Developer/Xcode/Archives/2017-10-17/MasterpassQR Demo 17-10-17, 7.13 AM.xcarchive/Products/Applications/MasterpassQR Demo.app/Frameworks/libswiftCoreLocation.dylib'>'>
2017-10-16 23:16:08 +0000  Skipping stripping extended attributes of item: <IDEDistributionItem: 0x7fec3f71d190 'com.apple.dt.runtime.swiftCoreMedia' '<DVTFilePath:0x7fec38a96390:'/Users/amri/Library/Developer/Xcode/Archives/2017-10-17/MasterpassQR Demo 17-10-17, 7.13 AM.xcarchive/Products/Applications/MasterpassQR Demo.app/Frameworks/libswiftCoreMedia.dylib'>'>
2017-10-16 23:16:08 +0000  Skipping stripping extended attributes of item: <IDEDistributionItem: 0x7fec385edac0 'com.apple.dt.runtime.swiftDarwin' '<DVTFilePath:0x7fec36b2d2f0:'/Users/amri/Library/Developer/Xcode/Archives/2017-10-17/MasterpassQR Demo 17-10-17, 7.13 AM.xcarchive/Products/Applications/MasterpassQR Demo.app/Frameworks/libswiftDarwin.dylib'>'>
2017-10-16 23:16:08 +0000  Skipping stripping extended attributes of item: <IDEDistributionItem: 0x7fec377a2620 'com.apple.dt.runtime.swiftDispatch' '<DVTFilePath:0x7fec40640ba0:'/Users/amri/Library/Developer/Xcode/Archives/2017-10-17/MasterpassQR Demo 17-10-17, 7.13 AM.xcarchive/Products/Applications/MasterpassQR Demo.app/Frameworks/libswiftDispatch.dylib'>'>
2017-10-16 23:16:08 +0000  Skipping stripping extended attributes of item: <IDEDistributionItem: 0x7fec19d65a70 'com.apple.dt.runtime.swiftFoundation' '<DVTFilePath:0x7fec38e71950:'/Users/amri/Library/Developer/Xcode/Archives/2017-10-17/MasterpassQR Demo 17-10-17, 7.13 AM.xcarchive/Products/Applications/MasterpassQR Demo.app/Frameworks/libswiftFoundation.dylib'>'>
2017-10-16 23:16:08 +0000  Skipping stripping extended attributes of item: <IDEDistributionItem: 0x7fec76f4c820 'com.apple.dt.runtime.swiftMetal' '<DVTFilePath:0x7fec19bb9220:'/Users/amri/Library/Developer/Xcode/Archives/2017-10-17/MasterpassQR Demo 17-10-17, 7.13 AM.xcarchive/Products/Applications/MasterpassQR Demo.app/Frameworks/libswiftMetal.dylib'>'>
2017-10-16 23:16:08 +0000  Skipping stripping extended attributes of item: <IDEDistributionItem: 0x7fec19e09c90 'com.apple.dt.runtime.swiftObjectiveC' '<DVTFilePath:0x7fec38cc9ec0:'/Users/amri/Library/Developer/Xcode/Archives/2017-10-17/MasterpassQR Demo 17-10-17, 7.13 AM.xcarchive/Products/Applications/MasterpassQR Demo.app/Frameworks/libswiftObjectiveC.dylib'>'>
2017-10-16 23:16:08 +0000  Skipping stripping extended attributes of item: <IDEDistributionItem: 0x7fec391d7d00 'com.apple.dt.runtime.swiftPhotos' '<DVTFilePath:0x7fec4fa4eff0:'/Users/amri/Library/Developer/Xcode/Archives/2017-10-17/MasterpassQR Demo 17-10-17, 7.13 AM.xcarchive/Products/Applications/MasterpassQR Demo.app/Frameworks/libswiftPhotos.dylib'>'>
2017-10-16 23:16:08 +0000  Skipping stripping extended attributes of item: <IDEDistributionItem: 0x7fec38946b90 'com.apple.dt.runtime.swiftQuartzCore' '<DVTFilePath:0x7fec38b817d0:'/Users/amri/Library/Developer/Xcode/Archives/2017-10-17/MasterpassQR Demo 17-10-17, 7.13 AM.xcarchive/Products/Applications/MasterpassQR Demo.app/Frameworks/libswiftQuartzCore.dylib'>'>
2017-10-16 23:16:08 +0000  Skipping stripping extended attributes of item: <IDEDistributionItem: 0x7fec33f705c0 'com.apple.dt.runtime.swiftUIKit' '<DVTFilePath:0x7fec38bddbc0:'/Users/amri/Library/Developer/Xcode/Archives/2017-10-17/MasterpassQR Demo 17-10-17, 7.13 AM.xcarchive/Products/Applications/MasterpassQR Demo.app/Frameworks/libswiftUIKit.dylib'>'>
2017-10-16 23:16:08 +0000  Skipping stripping extended attributes of item: <IDEDistributionItem: 0x7fec4130e440 'com.apple.dt.runtime.swiftos' '<DVTFilePath:0x7fec390962b0:'/Users/amri/Library/Developer/Xcode/Archives/2017-10-17/MasterpassQR Demo 17-10-17, 7.13 AM.xcarchive/Products/Applications/MasterpassQR Demo.app/Frameworks/libswiftos.dylib'>'>
2017-10-16 23:16:08 +0000  Skipping stripping extended attributes of item: <IDEDistributionItem: 0x7fec4281aa30 'com.apple.dt.runtime.swiftsimd' '<DVTFilePath:0x7fec38d039f0:'/Users/amri/Library/Developer/Xcode/Archives/2017-10-17/MasterpassQR Demo 17-10-17, 7.13 AM.xcarchive/Products/Applications/MasterpassQR Demo.app/Frameworks/libswiftsimd.dylib'>'>
2017-10-16 23:16:08 +0000  Running /usr/bin/xattr '-cr' '/var/folders/9k/16d2bz8x33g22q2dn3nc7nyr0000gn/T/XcodeDistPipeline.v8o/Root/Payload/MasterpassQR Demo.app'
2017-10-16 23:16:08 +0000  /usr/bin/xattr exited with 0
2017-10-16 23:16:08 +0000  Processing step: IDEDistributionCodesignStep
2017-10-16 23:16:08 +0000  Applying entitlements delta for <IDEDistributionItem: 0x7fec2d9a5090 'com.mastercard.ios.MasterpassQRCoreSDK' '<DVTFilePath:0x7fec198ed1f0:'/Users/amri/Library/Developer/Xcode/Archives/2017-10-17/MasterpassQR Demo 17-10-17, 7.13 AM.xcarchive/Products/Applications/MasterpassQR Demo.app/Frameworks/MasterpassQRCoreSDK.framework'>'> from <IDEiCloudEntitlementsProcessor: 0x7fec2d0b0f70>: {
}
2017-10-16 23:16:08 +0000  Entitlements for <IDEDistributionItem: 0x7fec2d9a5090 'com.mastercard.ios.MasterpassQRCoreSDK' '<DVTFilePath:0x7fec198ed1f0:'/Users/amri/Library/Developer/Xcode/Archives/2017-10-17/MasterpassQR Demo 17-10-17, 7.13 AM.xcarchive/Products/Applications/MasterpassQR Demo.app/Frameworks/MasterpassQRCoreSDK.framework'>'>: {
}
2017-10-16 23:16:08 +0000  Writing entitlements for <IDEDistributionItem: 0x7fec2d9a5090 'com.mastercard.ios.MasterpassQRCoreSDK' '<DVTFilePath:0x7fec198ed1f0:'/Users/amri/Library/Developer/Xcode/Archives/2017-10-17/MasterpassQR Demo 17-10-17, 7.13 AM.xcarchive/Products/Applications/MasterpassQR Demo.app/Frameworks/MasterpassQRCoreSDK.framework'>'> to: /var/folders/9k/16d2bz8x33g22q2dn3nc7nyr0000gn/T/XcodeDistPipeline.v8o/entitlementsAcY9rb
2017-10-16 23:16:08 +0000  Running /usr/bin/codesign '-vvv' '--force' '--sign' 'CB9884B82F3F83493389714E86E4CF3B13C269C9' '--preserve-metadata=identifier,flags' '--entitlements' '/var/folders/9k/16d2bz8x33g22q2dn3nc7nyr0000gn/T/XcodeDistPipeline.v8o/entitlementsAcY9rb' '/var/folders/9k/16d2bz8x33g22q2dn3nc7nyr0000gn/T/XcodeDistPipeline.v8o/Root/Payload/MasterpassQR Demo.app/Frameworks/MasterpassQRCoreSDK.framework'
2017-10-16 23:16:09 +0000  /var/folders/9k/16d2bz8x33g22q2dn3nc7nyr0000gn/T/XcodeDistPipeline.v8o/Root/Payload/MasterpassQR Demo.app/Frameworks/MasterpassQRCoreSDK.framework: replacing existing signature
2017-10-16 23:16:09 +0000  /var/folders/9k/16d2bz8x33g22q2dn3nc7nyr0000gn/T/XcodeDistPipeline.v8o/Root/Payload/MasterpassQR Demo.app/Frameworks/MasterpassQRCoreSDK.framework: signed bundle with Mach-O universal (armv7 arm64) [com.mastercard.ios.MasterpassQRCoreSDK]
2017-10-16 23:16:09 +0000  /usr/bin/codesign exited with 0
2017-10-16 23:16:09 +0000  Applying entitlements delta for <IDEDistributionItem: 0x7fec19743eb0 'com.mastercard.ios.MasterpassQRScanSDK' '<DVTFilePath:0x7fec38a458f0:'/Users/amri/Library/Developer/Xcode/Archives/2017-10-17/MasterpassQR Demo 17-10-17, 7.13 AM.xcarchive/Products/Applications/MasterpassQR Demo.app/Frameworks/MasterpassQRScanSDK.framework'>'> from <IDEiCloudEntitlementsProcessor: 0x7fec6cc33860>: {
}
2017-10-16 23:16:09 +0000  Entitlements for <IDEDistributionItem: 0x7fec19743eb0 'com.mastercard.ios.MasterpassQRScanSDK' '<DVTFilePath:0x7fec38a458f0:'/Users/amri/Library/Developer/Xcode/Archives/2017-10-17/MasterpassQR Demo 17-10-17, 7.13 AM.xcarchive/Products/Applications/MasterpassQR Demo.app/Frameworks/MasterpassQRScanSDK.framework'>'>: {
}
2017-10-16 23:16:09 +0000  Writing entitlements for <IDEDistributionItem: 0x7fec19743eb0 'com.mastercard.ios.MasterpassQRScanSDK' '<DVTFilePath:0x7fec38a458f0:'/Users/amri/Library/Developer/Xcode/Archives/2017-10-17/MasterpassQR Demo 17-10-17, 7.13 AM.xcarchive/Products/Applications/MasterpassQR Demo.app/Frameworks/MasterpassQRScanSDK.framework'>'> to: /var/folders/9k/16d2bz8x33g22q2dn3nc7nyr0000gn/T/XcodeDistPipeline.v8o/entitlements7o6Kgr
2017-10-16 23:16:09 +0000  Running /usr/bin/codesign '-vvv' '--force' '--sign' 'CB9884B82F3F83493389714E86E4CF3B13C269C9' '--preserve-metadata=identifier,flags' '--entitlements' '/var/folders/9k/16d2bz8x33g22q2dn3nc7nyr0000gn/T/XcodeDistPipeline.v8o/entitlements7o6Kgr' '/var/folders/9k/16d2bz8x33g22q2dn3nc7nyr0000gn/T/XcodeDistPipeline.v8o/Root/Payload/MasterpassQR Demo.app/Frameworks/MasterpassQRScanSDK.framework'
2017-10-16 23:16:09 +0000  /var/folders/9k/16d2bz8x33g22q2dn3nc7nyr0000gn/T/XcodeDistPipeline.v8o/Root/Payload/MasterpassQR Demo.app/Frameworks/MasterpassQRScanSDK.framework: replacing existing signature
2017-10-16 23:16:09 +0000  /var/folders/9k/16d2bz8x33g22q2dn3nc7nyr0000gn/T/XcodeDistPipeline.v8o/Root/Payload/MasterpassQR Demo.app/Frameworks/MasterpassQRScanSDK.framework: signed bundle with Mach-O universal (armv7 arm64) [com.mastercard.ios.MasterpassQRScanSDK]
2017-10-16 23:16:09 +0000  /usr/bin/codesign exited with 0
2017-10-16 23:16:09 +0000  Applying entitlements delta for <IDEDistributionItem: 0x7fec19bd0730 'com.apple.dt.runtime.swiftAVFoundation' '<DVTFilePath:0x7fec37b037a0:'/Users/amri/Library/Developer/Xcode/Archives/2017-10-17/MasterpassQR Demo 17-10-17, 7.13 AM.xcarchive/Products/Applications/MasterpassQR Demo.app/Frameworks/libswiftAVFoundation.dylib'>'> from <IDEiCloudEntitlementsProcessor: 0x7fec42e95580>: {
}
2017-10-16 23:16:09 +0000  Entitlements for <IDEDistributionItem: 0x7fec19bd0730 'com.apple.dt.runtime.swiftAVFoundation' '<DVTFilePath:0x7fec37b037a0:'/Users/amri/Library/Developer/Xcode/Archives/2017-10-17/MasterpassQR Demo 17-10-17, 7.13 AM.xcarchive/Products/Applications/MasterpassQR Demo.app/Frameworks/libswiftAVFoundation.dylib'>'>: {
}
2017-10-16 23:16:09 +0000  Writing entitlements for <IDEDistributionItem: 0x7fec19bd0730 'com.apple.dt.runtime.swiftAVFoundation' '<DVTFilePath:0x7fec37b037a0:'/Users/amri/Library/Developer/Xcode/Archives/2017-10-17/MasterpassQR Demo 17-10-17, 7.13 AM.xcarchive/Products/Applications/MasterpassQR Demo.app/Frameworks/libswiftAVFoundation.dylib'>'> to: /var/folders/9k/16d2bz8x33g22q2dn3nc7nyr0000gn/T/XcodeDistPipeline.v8o/entitlements8Q2XOn
2017-10-16 23:16:09 +0000  Running /usr/bin/codesign '-vvv' '--force' '--sign' 'CB9884B82F3F83493389714E86E4CF3B13C269C9' '--preserve-metadata=identifier,flags' '--entitlements' '/var/folders/9k/16d2bz8x33g22q2dn3nc7nyr0000gn/T/XcodeDistPipeline.v8o/entitlements8Q2XOn' '/var/folders/9k/16d2bz8x33g22q2dn3nc7nyr0000gn/T/XcodeDistPipeline.v8o/Root/Payload/MasterpassQR Demo.app/Frameworks/libswiftAVFoundation.dylib'
2017-10-16 23:16:09 +0000  /var/folders/9k/16d2bz8x33g22q2dn3nc7nyr0000gn/T/XcodeDistPipeline.v8o/Root/Payload/MasterpassQR Demo.app/Frameworks/libswiftAVFoundation.dylib: replacing existing signature
2017-10-16 23:16:09 +0000  /var/folders/9k/16d2bz8x33g22q2dn3nc7nyr0000gn/T/XcodeDistPipeline.v8o/Root/Payload/MasterpassQR Demo.app/Frameworks/libswiftAVFoundation.dylib: signed Mach-O universal (armv7 armv7s arm64) [com.apple.dt.runtime.swiftAVFoundation]
2017-10-16 23:16:09 +0000  /usr/bin/codesign exited with 0
2017-10-16 23:16:09 +0000  Applying entitlements delta for <IDEDistributionItem: 0x7fec38c2fb40 'com.apple.dt.runtime.swiftCore' '<DVTFilePath:0x7fec2d326810:'/Users/amri/Library/Developer/Xcode/Archives/2017-10-17/MasterpassQR Demo 17-10-17, 7.13 AM.xcarchive/Products/Applications/MasterpassQR Demo.app/Frameworks/libswiftCore.dylib'>'> from <IDEiCloudEntitlementsProcessor: 0x7fec404b55f0>: {
}
2017-10-16 23:16:09 +0000  Entitlements for <IDEDistributionItem: 0x7fec38c2fb40 'com.apple.dt.runtime.swiftCore' '<DVTFilePath:0x7fec2d326810:'/Users/amri/Library/Developer/Xcode/Archives/2017-10-17/MasterpassQR Demo 17-10-17, 7.13 AM.xcarchive/Products/Applications/MasterpassQR Demo.app/Frameworks/libswiftCore.dylib'>'>: {
}
2017-10-16 23:16:09 +0000  Writing entitlements for <IDEDistributionItem: 0x7fec38c2fb40 'com.apple.dt.runtime.swiftCore' '<DVTFilePath:0x7fec2d326810:'/Users/amri/Library/Developer/Xcode/Archives/2017-10-17/MasterpassQR Demo 17-10-17, 7.13 AM.xcarchive/Products/Applications/MasterpassQR Demo.app/Frameworks/libswiftCore.dylib'>'> to: /var/folders/9k/16d2bz8x33g22q2dn3nc7nyr0000gn/T/XcodeDistPipeline.v8o/entitlementsoAlDwb
2017-10-16 23:16:09 +0000  Running /usr/bin/codesign '-vvv' '--force' '--sign' 'CB9884B82F3F83493389714E86E4CF3B13C269C9' '--preserve-metadata=identifier,flags' '--entitlements' '/var/folders/9k/16d2bz8x33g22q2dn3nc7nyr0000gn/T/XcodeDistPipeline.v8o/entitlementsoAlDwb' '/var/folders/9k/16d2bz8x33g22q2dn3nc7nyr0000gn/T/XcodeDistPipeline.v8o/Root/Payload/MasterpassQR Demo.app/Frameworks/libswiftCore.dylib'
2017-10-16 23:16:10 +0000  /var/folders/9k/16d2bz8x33g22q2dn3nc7nyr0000gn/T/XcodeDistPipeline.v8o/Root/Payload/MasterpassQR Demo.app/Frameworks/libswiftCore.dylib: replacing existing signature
2017-10-16 23:16:10 +0000  
2017-10-16 23:16:12 +0000  /var/folders/9k/16d2bz8x33g22q2dn3nc7nyr0000gn/T/XcodeDistPipeline.v8o/Root/Payload/MasterpassQR Demo.app/Frameworks/libswiftCore.dylib: signed Mach-O universal (armv7 armv7s arm64) [com.apple.dt.runtime.swiftCore]
2017-10-16 23:16:12 +0000  /usr/bin/codesign exited with 0
2017-10-16 23:16:12 +0000  Applying entitlements delta for <IDEDistributionItem: 0x7fec38f5dcd0 'com.apple.dt.runtime.swiftCoreAudio' '<DVTFilePath:0x7fec38b960a0:'/Users/amri/Library/Developer/Xcode/Archives/2017-10-17/MasterpassQR Demo 17-10-17, 7.13 AM.xcarchive/Products/Applications/MasterpassQR Demo.app/Frameworks/libswiftCoreAudio.dylib'>'> from <IDEiCloudEntitlementsProcessor: 0x7fec4bf8d5d0>: {
}
2017-10-16 23:16:12 +0000  Entitlements for <IDEDistributionItem: 0x7fec38f5dcd0 'com.apple.dt.runtime.swiftCoreAudio' '<DVTFilePath:0x7fec38b960a0:'/Users/amri/Library/Developer/Xcode/Archives/2017-10-17/MasterpassQR Demo 17-10-17, 7.13 AM.xcarchive/Products/Applications/MasterpassQR Demo.app/Frameworks/libswiftCoreAudio.dylib'>'>: {
}
2017-10-16 23:16:12 +0000  Writing entitlements for <IDEDistributionItem: 0x7fec38f5dcd0 'com.apple.dt.runtime.swiftCoreAudio' '<DVTFilePath:0x7fec38b960a0:'/Users/amri/Library/Developer/Xcode/Archives/2017-10-17/MasterpassQR Demo 17-10-17, 7.13 AM.xcarchive/Products/Applications/MasterpassQR Demo.app/Frameworks/libswiftCoreAudio.dylib'>'> to: /var/folders/9k/16d2bz8x33g22q2dn3nc7nyr0000gn/T/XcodeDistPipeline.v8o/entitlementsLr1nkR
2017-10-16 23:16:12 +0000  Running /usr/bin/codesign '-vvv' '--force' '--sign' 'CB9884B82F3F83493389714E86E4CF3B13C269C9' '--preserve-metadata=identifier,flags' '--entitlements' '/var/folders/9k/16d2bz8x33g22q2dn3nc7nyr0000gn/T/XcodeDistPipeline.v8o/entitlementsLr1nkR' '/var/folders/9k/16d2bz8x33g22q2dn3nc7nyr0000gn/T/XcodeDistPipeline.v8o/Root/Payload/MasterpassQR Demo.app/Frameworks/libswiftCoreAudio.dylib'
2017-10-16 23:16:12 +0000  /var/folders/9k/16d2bz8x33g22q2dn3nc7nyr0000gn/T/XcodeDistPipeline.v8o/Root/Payload/MasterpassQR Demo.app/Frameworks/libswiftCoreAudio.dylib: replacing existing signature
2017-10-16 23:16:13 +0000  /var/folders/9k/16d2bz8x33g22q2dn3nc7nyr0000gn/T/XcodeDistPipeline.v8o/Root/Payload/MasterpassQR Demo.app/Frameworks/libswiftCoreAudio.dylib: signed Mach-O universal (armv7 armv7s arm64) [com.apple.dt.runtime.swiftCoreAudio]
2017-10-16 23:16:13 +0000  /usr/bin/codesign exited with 0
2017-10-16 23:16:13 +0000  Applying entitlements delta for <IDEDistributionItem: 0x7fec40e96260 'com.apple.dt.runtime.swiftCoreData' '<DVTFilePath:0x7fec42e355b0:'/Users/amri/Library/Developer/Xcode/Archives/2017-10-17/MasterpassQR Demo 17-10-17, 7.13 AM.xcarchive/Products/Applications/MasterpassQR Demo.app/Frameworks/libswiftCoreData.dylib'>'> from <IDEiCloudEntitlementsProcessor: 0x7fec38ee3d20>: {
}
2017-10-16 23:16:13 +0000  Entitlements for <IDEDistributionItem: 0x7fec40e96260 'com.apple.dt.runtime.swiftCoreData' '<DVTFilePath:0x7fec42e355b0:'/Users/amri/Library/Developer/Xcode/Archives/2017-10-17/MasterpassQR Demo 17-10-17, 7.13 AM.xcarchive/Products/Applications/MasterpassQR Demo.app/Frameworks/libswiftCoreData.dylib'>'>: {
}
2017-10-16 23:16:13 +0000  Writing entitlements for <IDEDistributionItem: 0x7fec40e96260 'com.apple.dt.runtime.swiftCoreData' '<DVTFilePath:0x7fec42e355b0:'/Users/amri/Library/Developer/Xcode/Archives/2017-10-17/MasterpassQR Demo 17-10-17, 7.13 AM.xcarchive/Products/Applications/MasterpassQR Demo.app/Frameworks/libswiftCoreData.dylib'>'> to: /var/folders/9k/16d2bz8x33g22q2dn3nc7nyr0000gn/T/XcodeDistPipeline.v8o/entitlements1G3Mze
2017-10-16 23:16:13 +0000  Running /usr/bin/codesign '-vvv' '--force' '--sign' 'CB9884B82F3F83493389714E86E4CF3B13C269C9' '--preserve-metadata=identifier,flags' '--entitlements' '/var/folders/9k/16d2bz8x33g22q2dn3nc7nyr0000gn/T/XcodeDistPipeline.v8o/entitlements1G3Mze' '/var/folders/9k/16d2bz8x33g22q2dn3nc7nyr0000gn/T/XcodeDistPipeline.v8o/Root/Payload/MasterpassQR Demo.app/Frameworks/libswiftCoreData.dylib'
2017-10-16 23:16:13 +0000  /var/folders/9k/16d2bz8x33g22q2dn3nc7nyr0000gn/T/XcodeDistPipeline.v8o/Root/Payload/MasterpassQR Demo.app/Frameworks/libswiftCoreData.dylib: replacing existing signature
2017-10-16 23:16:14 +0000  /var/folders/9k/16d2bz8x33g22q2dn3nc7nyr0000gn/T/XcodeDistPipeline.v8o/Root/Payload/MasterpassQR Demo.app/Frameworks/libswiftCoreData.dylib: signed Mach-O universal (armv7 armv7s arm64) [com.apple.dt.runtime.swiftCoreData]
2017-10-16 23:16:14 +0000  
2017-10-16 23:16:14 +0000  /usr/bin/codesign exited with 0
2017-10-16 23:16:14 +0000  Applying entitlements delta for <IDEDistributionItem: 0x7fec2c538650 'com.apple.dt.runtime.swiftCoreFoundation' '<DVTFilePath:0x7fec19b4fc30:'/Users/amri/Library/Developer/Xcode/Archives/2017-10-17/MasterpassQR Demo 17-10-17, 7.13 AM.xcarchive/Products/Applications/MasterpassQR Demo.app/Frameworks/libswiftCoreFoundation.dylib'>'> from <IDEiCloudEntitlementsProcessor: 0x7fec2bce44d0>: {
}
2017-10-16 23:16:14 +0000  Entitlements for <IDEDistributionItem: 0x7fec2c538650 'com.apple.dt.runtime.swiftCoreFoundation' '<DVTFilePath:0x7fec19b4fc30:'/Users/amri/Library/Developer/Xcode/Archives/2017-10-17/MasterpassQR Demo 17-10-17, 7.13 AM.xcarchive/Products/Applications/MasterpassQR Demo.app/Frameworks/libswiftCoreFoundation.dylib'>'>: {
}
2017-10-16 23:16:14 +0000  Writing entitlements for <IDEDistributionItem: 0x7fec2c538650 'com.apple.dt.runtime.swiftCoreFoundation' '<DVTFilePath:0x7fec19b4fc30:'/Users/amri/Library/Developer/Xcode/Archives/2017-10-17/MasterpassQR Demo 17-10-17, 7.13 AM.xcarchive/Products/Applications/MasterpassQR Demo.app/Frameworks/libswiftCoreFoundation.dylib'>'> to: /var/folders/9k/16d2bz8x33g22q2dn3nc7nyr0000gn/T/XcodeDistPipeline.v8o/entitlementsndeMtC
2017-10-16 23:16:14 +0000  Running /usr/bin/codesign '-vvv' '--force' '--sign' 'CB9884B82F3F83493389714E86E4CF3B13C269C9' '--preserve-metadata=identifier,flags' '--entitlements' '/var/folders/9k/16d2bz8x33g22q2dn3nc7nyr0000gn/T/XcodeDistPipeline.v8o/entitlementsndeMtC' '/var/folders/9k/16d2bz8x33g22q2dn3nc7nyr0000gn/T/XcodeDistPipeline.v8o/Root/Payload/MasterpassQR Demo.app/Frameworks/libswiftCoreFoundation.dylib'
2017-10-16 23:16:14 +0000  /var/folders/9k/16d2bz8x33g22q2dn3nc7nyr0000gn/T/XcodeDistPipeline.v8o/Root/Payload/MasterpassQR Demo.app/Frameworks/libswiftCoreFoundation.dylib: replacing existing signature
2017-10-16 23:16:15 +0000  /var/folders/9k/16d2bz8x33g22q2dn3nc7nyr0000gn/T/XcodeDistPipeline.v8o/Root/Payload/MasterpassQR Demo.app/Frameworks/libswiftCoreFoundation.dylib: signed Mach-O universal (armv7 armv7s arm64) [com.apple.dt.runtime.swiftCoreFoundation]
2017-10-16 23:16:15 +0000  
2017-10-16 23:16:15 +0000  /usr/bin/codesign exited with 0
2017-10-16 23:16:15 +0000  Applying entitlements delta for <IDEDistributionItem: 0x7fec19d01d50 'com.apple.dt.runtime.swiftCoreGraphics' '<DVTFilePath:0x7fec2d158b10:'/Users/amri/Library/Developer/Xcode/Archives/2017-10-17/MasterpassQR Demo 17-10-17, 7.13 AM.xcarchive/Products/Applications/MasterpassQR Demo.app/Frameworks/libswiftCoreGraphics.dylib'>'> from <IDEiCloudEntitlementsProcessor: 0x7fec38e72590>: {
}
2017-10-16 23:16:15 +0000  Entitlements for <IDEDistributionItem: 0x7fec19d01d50 'com.apple.dt.runtime.swiftCoreGraphics' '<DVTFilePath:0x7fec2d158b10:'/Users/amri/Library/Developer/Xcode/Archives/2017-10-17/MasterpassQR Demo 17-10-17, 7.13 AM.xcarchive/Products/Applications/MasterpassQR Demo.app/Frameworks/libswiftCoreGraphics.dylib'>'>: {
}
2017-10-16 23:16:15 +0000  Writing entitlements for <IDEDistributionItem: 0x7fec19d01d50 'com.apple.dt.runtime.swiftCoreGraphics' '<DVTFilePath:0x7fec2d158b10:'/Users/amri/Library/Developer/Xcode/Archives/2017-10-17/MasterpassQR Demo 17-10-17, 7.13 AM.xcarchive/Products/Applications/MasterpassQR Demo.app/Frameworks/libswiftCoreGraphics.dylib'>'> to: /var/folders/9k/16d2bz8x33g22q2dn3nc7nyr0000gn/T/XcodeDistPipeline.v8o/entitlements1Ex5pM
2017-10-16 23:16:15 +0000  Running /usr/bin/codesign '-vvv' '--force' '--sign' 'CB9884B82F3F83493389714E86E4CF3B13C269C9' '--preserve-metadata=identifier,flags' '--entitlements' '/var/folders/9k/16d2bz8x33g22q2dn3nc7nyr0000gn/T/XcodeDistPipeline.v8o/entitlements1Ex5pM' '/var/folders/9k/16d2bz8x33g22q2dn3nc7nyr0000gn/T/XcodeDistPipeline.v8o/Root/Payload/MasterpassQR Demo.app/Frameworks/libswiftCoreGraphics.dylib'
2017-10-16 23:16:15 +0000  /var/folders/9k/16d2bz8x33g22q2dn3nc7nyr0000gn/T/XcodeDistPipeline.v8o/Root/Payload/MasterpassQR Demo.app/Frameworks/libswiftCoreGraphics.dylib: replacing existing signature
2017-10-16 23:16:16 +0000  /var/folders/9k/16d2bz8x33g22q2dn3nc7nyr0000gn/T/XcodeDistPipeline.v8o/Root/Payload/MasterpassQR Demo.app/Frameworks/libswiftCoreGraphics.dylib: signed Mach-O universal (armv7 armv7s arm64) [com.apple.dt.runtime.swiftCoreGraphics]
2017-10-16 23:16:16 +0000  /usr/bin/codesign exited with 0
2017-10-16 23:16:16 +0000  Applying entitlements delta for <IDEDistributionItem: 0x7fec57ae4490 'com.apple.dt.runtime.swiftCoreImage' '<DVTFilePath:0x7fec38f323f0:'/Users/amri/Library/Developer/Xcode/Archives/2017-10-17/MasterpassQR Demo 17-10-17, 7.13 AM.xcarchive/Products/Applications/MasterpassQR Demo.app/Frameworks/libswiftCoreImage.dylib'>'> from <IDEiCloudEntitlementsProcessor: 0x7fec384c4120>: {
}
2017-10-16 23:16:16 +0000  Entitlements for <IDEDistributionItem: 0x7fec57ae4490 'com.apple.dt.runtime.swiftCoreImage' '<DVTFilePath:0x7fec38f323f0:'/Users/amri/Library/Developer/Xcode/Archives/2017-10-17/MasterpassQR Demo 17-10-17, 7.13 AM.xcarchive/Products/Applications/MasterpassQR Demo.app/Frameworks/libswiftCoreImage.dylib'>'>: {
}
2017-10-16 23:16:16 +0000  Writing entitlements for <IDEDistributionItem: 0x7fec57ae4490 'com.apple.dt.runtime.swiftCoreImage' '<DVTFilePath:0x7fec38f323f0:'/Users/amri/Library/Developer/Xcode/Archives/2017-10-17/MasterpassQR Demo 17-10-17, 7.13 AM.xcarchive/Products/Applications/MasterpassQR Demo.app/Frameworks/libswiftCoreImage.dylib'>'> to: /var/folders/9k/16d2bz8x33g22q2dn3nc7nyr0000gn/T/XcodeDistPipeline.v8o/entitlementsF0nCil
2017-10-16 23:16:16 +0000  Running /usr/bin/codesign '-vvv' '--force' '--sign' 'CB9884B82F3F83493389714E86E4CF3B13C269C9' '--preserve-metadata=identifier,flags' '--entitlements' '/var/folders/9k/16d2bz8x33g22q2dn3nc7nyr0000gn/T/XcodeDistPipeline.v8o/entitlementsF0nCil' '/var/folders/9k/16d2bz8x33g22q2dn3nc7nyr0000gn/T/XcodeDistPipeline.v8o/Root/Payload/MasterpassQR Demo.app/Frameworks/libswiftCoreImage.dylib'
2017-10-16 23:16:16 +0000  /var/folders/9k/16d2bz8x33g22q2dn3nc7nyr0000gn/T/XcodeDistPipeline.v8o/Root/Payload/MasterpassQR Demo.app/Frameworks/libswiftCoreImage.dylib: replacing existing signature
2017-10-16 23:16:16 +0000  /var/folders/9k/16d2bz8x33g22q2dn3nc7nyr0000gn/T/XcodeDistPipeline.v8o/Root/Payload/MasterpassQR Demo.app/Frameworks/libswiftCoreImage.dylib: signed Mach-O universal (armv7 armv7s arm64) [com.apple.dt.runtime.swiftCoreImage]
2017-10-16 23:16:17 +0000  /usr/bin/codesign exited with 0
2017-10-16 23:16:17 +0000  Applying entitlements delta for <IDEDistributionItem: 0x7fec1964ffd0 'com.apple.dt.runtime.swiftCoreLocation' '<DVTFilePath:0x7fec3900d250:'/Users/amri/Library/Developer/Xcode/Archives/2017-10-17/MasterpassQR Demo 17-10-17, 7.13 AM.xcarchive/Products/Applications/MasterpassQR Demo.app/Frameworks/libswiftCoreLocation.dylib'>'> from <IDEiCloudEntitlementsProcessor: 0x7fec31073aa0>: {
}
2017-10-16 23:16:17 +0000  Entitlements for <IDEDistributionItem: 0x7fec1964ffd0 'com.apple.dt.runtime.swiftCoreLocation' '<DVTFilePath:0x7fec3900d250:'/Users/amri/Library/Developer/Xcode/Archives/2017-10-17/MasterpassQR Demo 17-10-17, 7.13 AM.xcarchive/Products/Applications/MasterpassQR Demo.app/Frameworks/libswiftCoreLocation.dylib'>'>: {
}
2017-10-16 23:16:17 +0000  Writing entitlements for <IDEDistributionItem: 0x7fec1964ffd0 'com.apple.dt.runtime.swiftCoreLocation' '<DVTFilePath:0x7fec3900d250:'/Users/amri/Library/Developer/Xcode/Archives/2017-10-17/MasterpassQR Demo 17-10-17, 7.13 AM.xcarchive/Products/Applications/MasterpassQR Demo.app/Frameworks/libswiftCoreLocation.dylib'>'> to: /var/folders/9k/16d2bz8x33g22q2dn3nc7nyr0000gn/T/XcodeDistPipeline.v8o/entitlementsrNiZGV
2017-10-16 23:16:17 +0000  Running /usr/bin/codesign '-vvv' '--force' '--sign' 'CB9884B82F3F83493389714E86E4CF3B13C269C9' '--preserve-metadata=identifier,flags' '--entitlements' '/var/folders/9k/16d2bz8x33g22q2dn3nc7nyr0000gn/T/XcodeDistPipeline.v8o/entitlementsrNiZGV' '/var/folders/9k/16d2bz8x33g22q2dn3nc7nyr0000gn/T/XcodeDistPipeline.v8o/Root/Payload/MasterpassQR Demo.app/Frameworks/libswiftCoreLocation.dylib'
2017-10-16 23:16:17 +0000  /var/folders/9k/16d2bz8x33g22q2dn3nc7nyr0000gn/T/XcodeDistPipeline.v8o/Root/Payload/MasterpassQR Demo.app/Frameworks/libswiftCoreLocation.dylib: replacing existing signature
2017-10-16 23:16:17 +0000  /var/folders/9k/16d2bz8x33g22q2dn3nc7nyr0000gn/T/XcodeDistPipeline.v8o/Root/Payload/MasterpassQR Demo.app/Frameworks/libswiftCoreLocation.dylib: signed Mach-O universal (armv7 armv7s arm64) [com.apple.dt.runtime.swiftCoreLocation]
2017-10-16 23:16:17 +0000  /usr/bin/codesign exited with 0
2017-10-16 23:16:17 +0000  Applying entitlements delta for <IDEDistributionItem: 0x7fec3f71d190 'com.apple.dt.runtime.swiftCoreMedia' '<DVTFilePath:0x7fec38a96390:'/Users/amri/Library/Developer/Xcode/Archives/2017-10-17/MasterpassQR Demo 17-10-17, 7.13 AM.xcarchive/Products/Applications/MasterpassQR Demo.app/Frameworks/libswiftCoreMedia.dylib'>'> from <IDEiCloudEntitlementsProcessor: 0x7fec62409540>: {
}
2017-10-16 23:16:17 +0000  Entitlements for <IDEDistributionItem: 0x7fec3f71d190 'com.apple.dt.runtime.swiftCoreMedia' '<DVTFilePath:0x7fec38a96390:'/Users/amri/Library/Developer/Xcode/Archives/2017-10-17/MasterpassQR Demo 17-10-17, 7.13 AM.xcarchive/Products/Applications/MasterpassQR Demo.app/Frameworks/libswiftCoreMedia.dylib'>'>: {
}
2017-10-16 23:16:17 +0000  Writing entitlements for <IDEDistributionItem: 0x7fec3f71d190 'com.apple.dt.runtime.swiftCoreMedia' '<DVTFilePath:0x7fec38a96390:'/Users/amri/Library/Developer/Xcode/Archives/2017-10-17/MasterpassQR Demo 17-10-17, 7.13 AM.xcarchive/Products/Applications/MasterpassQR Demo.app/Frameworks/libswiftCoreMedia.dylib'>'> to: /var/folders/9k/16d2bz8x33g22q2dn3nc7nyr0000gn/T/XcodeDistPipeline.v8o/entitlementsgX7ZFO
2017-10-16 23:16:17 +0000  Running /usr/bin/codesign '-vvv' '--force' '--sign' 'CB9884B82F3F83493389714E86E4CF3B13C269C9' '--preserve-metadata=identifier,flags' '--entitlements' '/var/folders/9k/16d2bz8x33g22q2dn3nc7nyr0000gn/T/XcodeDistPipeline.v8o/entitlementsgX7ZFO' '/var/folders/9k/16d2bz8x33g22q2dn3nc7nyr0000gn/T/XcodeDistPipeline.v8o/Root/Payload/MasterpassQR Demo.app/Frameworks/libswiftCoreMedia.dylib'
2017-10-16 23:16:17 +0000  /var/folders/9k/16d2bz8x33g22q2dn3nc7nyr0000gn/T/XcodeDistPipeline.v8o/Root/Payload/MasterpassQR Demo.app/Frameworks/libswiftCoreMedia.dylib: replacing existing signature
2017-10-16 23:16:18 +0000  /var/folders/9k/16d2bz8x33g22q2dn3nc7nyr0000gn/T/XcodeDistPipeline.v8o/Root/Payload/MasterpassQR Demo.app/Frameworks/libswiftCoreMedia.dylib: signed Mach-O universal (armv7 armv7s arm64) [com.apple.dt.runtime.swiftCoreMedia]
2017-10-16 23:16:18 +0000  /usr/bin/codesign exited with 0
2017-10-16 23:16:18 +0000  Applying entitlements delta for <IDEDistributionItem: 0x7fec385edac0 'com.apple.dt.runtime.swiftDarwin' '<DVTFilePath:0x7fec36b2d2f0:'/Users/amri/Library/Developer/Xcode/Archives/2017-10-17/MasterpassQR Demo 17-10-17, 7.13 AM.xcarchive/Products/Applications/MasterpassQR Demo.app/Frameworks/libswiftDarwin.dylib'>'> from <IDEiCloudEntitlementsProcessor: 0x7fec3e7fbf80>: {
}
2017-10-16 23:16:18 +0000  Entitlements for <IDEDistributionItem: 0x7fec385edac0 'com.apple.dt.runtime.swiftDarwin' '<DVTFilePath:0x7fec36b2d2f0:'/Users/amri/Library/Developer/Xcode/Archives/2017-10-17/MasterpassQR Demo 17-10-17, 7.13 AM.xcarchive/Products/Applications/MasterpassQR Demo.app/Frameworks/libswiftDarwin.dylib'>'>: {
}
2017-10-16 23:16:18 +0000  Writing entitlements for <IDEDistributionItem: 0x7fec385edac0 'com.apple.dt.runtime.swiftDarwin' '<DVTFilePath:0x7fec36b2d2f0:'/Users/amri/Library/Developer/Xcode/Archives/2017-10-17/MasterpassQR Demo 17-10-17, 7.13 AM.xcarchive/Products/Applications/MasterpassQR Demo.app/Frameworks/libswiftDarwin.dylib'>'> to: /var/folders/9k/16d2bz8x33g22q2dn3nc7nyr0000gn/T/XcodeDistPipeline.v8o/entitlementsLzk5fh
2017-10-16 23:16:18 +0000  Running /usr/bin/codesign '-vvv' '--force' '--sign' 'CB9884B82F3F83493389714E86E4CF3B13C269C9' '--preserve-metadata=identifier,flags' '--entitlements' '/var/folders/9k/16d2bz8x33g22q2dn3nc7nyr0000gn/T/XcodeDistPipeline.v8o/entitlementsLzk5fh' '/var/folders/9k/16d2bz8x33g22q2dn3nc7nyr0000gn/T/XcodeDistPipeline.v8o/Root/Payload/MasterpassQR Demo.app/Frameworks/libswiftDarwin.dylib'
2017-10-16 23:16:19 +0000  /var/folders/9k/16d2bz8x33g22q2dn3nc7nyr0000gn/T/XcodeDistPipeline.v8o/Root/Payload/MasterpassQR Demo.app/Frameworks/libswiftDarwin.dylib: replacing existing signature
2017-10-16 23:16:19 +0000  /var/folders/9k/16d2bz8x33g22q2dn3nc7nyr0000gn/T/XcodeDistPipeline.v8o/Root/Payload/MasterpassQR Demo.app/Frameworks/libswiftDarwin.dylib: signed Mach-O universal (armv7 armv7s arm64) [com.apple.dt.runtime.swiftDarwin]
2017-10-16 23:16:19 +0000  /usr/bin/codesign exited with 0
2017-10-16 23:16:19 +0000  Applying entitlements delta for <IDEDistributionItem: 0x7fec377a2620 'com.apple.dt.runtime.swiftDispatch' '<DVTFilePath:0x7fec40640ba0:'/Users/amri/Library/Developer/Xcode/Archives/2017-10-17/MasterpassQR Demo 17-10-17, 7.13 AM.xcarchive/Products/Applications/MasterpassQR Demo.app/Frameworks/libswiftDispatch.dylib'>'> from <IDEiCloudEntitlementsProcessor: 0x7fec38bae600>: {
}
2017-10-16 23:16:19 +0000  Entitlements for <IDEDistributionItem: 0x7fec377a2620 'com.apple.dt.runtime.swiftDispatch' '<DVTFilePath:0x7fec40640ba0:'/Users/amri/Library/Developer/Xcode/Archives/2017-10-17/MasterpassQR Demo 17-10-17, 7.13 AM.xcarchive/Products/Applications/MasterpassQR Demo.app/Frameworks/libswiftDispatch.dylib'>'>: {
}
2017-10-16 23:16:19 +0000  Writing entitlements for <IDEDistributionItem: 0x7fec377a2620 'com.apple.dt.runtime.swiftDispatch' '<DVTFilePath:0x7fec40640ba0:'/Users/amri/Library/Developer/Xcode/Archives/2017-10-17/MasterpassQR Demo 17-10-17, 7.13 AM.xcarchive/Products/Applications/MasterpassQR Demo.app/Frameworks/libswiftDispatch.dylib'>'> to: /var/folders/9k/16d2bz8x33g22q2dn3nc7nyr0000gn/T/XcodeDistPipeline.v8o/entitlementszsStMw
2017-10-16 23:16:19 +0000  Running /usr/bin/codesign '-vvv' '--force' '--sign' 'CB9884B82F3F83493389714E86E4CF3B13C269C9' '--preserve-metadata=identifier,flags' '--entitlements' '/var/folders/9k/16d2bz8x33g22q2dn3nc7nyr0000gn/T/XcodeDistPipeline.v8o/entitlementszsStMw' '/var/folders/9k/16d2bz8x33g22q2dn3nc7nyr0000gn/T/XcodeDistPipeline.v8o/Root/Payload/MasterpassQR Demo.app/Frameworks/libswiftDispatch.dylib'
2017-10-16 23:16:20 +0000  /var/folders/9k/16d2bz8x33g22q2dn3nc7nyr0000gn/T/XcodeDistPipeline.v8o/Root/Payload/MasterpassQR Demo.app/Frameworks/libswiftDispatch.dylib: replacing existing signature
2017-10-16 23:16:20 +0000  /var/folders/9k/16d2bz8x33g22q2dn3nc7nyr0000gn/T/XcodeDistPipeline.v8o/Root/Payload/MasterpassQR Demo.app/Frameworks/libswiftDispatch.dylib: signed Mach-O universal (armv7 armv7s arm64) [com.apple.dt.runtime.swiftDispatch]
2017-10-16 23:16:20 +0000  /usr/bin/codesign exited with 0
2017-10-16 23:16:20 +0000  Applying entitlements delta for <IDEDistributionItem: 0x7fec19d65a70 'com.apple.dt.runtime.swiftFoundation' '<DVTFilePath:0x7fec38e71950:'/Users/amri/Library/Developer/Xcode/Archives/2017-10-17/MasterpassQR Demo 17-10-17, 7.13 AM.xcarchive/Products/Applications/MasterpassQR Demo.app/Frameworks/libswiftFoundation.dylib'>'> from <IDEiCloudEntitlementsProcessor: 0x7fec19e31b40>: {
}
2017-10-16 23:16:20 +0000  Entitlements for <IDEDistributionItem: 0x7fec19d65a70 'com.apple.dt.runtime.swiftFoundation' '<DVTFilePath:0x7fec38e71950:'/Users/amri/Library/Developer/Xcode/Archives/2017-10-17/MasterpassQR Demo 17-10-17, 7.13 AM.xcarchive/Products/Applications/MasterpassQR Demo.app/Frameworks/libswiftFoundation.dylib'>'>: {
}
2017-10-16 23:16:20 +0000  Writing entitlements for <IDEDistributionItem: 0x7fec19d65a70 'com.apple.dt.runtime.swiftFoundation' '<DVTFilePath:0x7fec38e71950:'/Users/amri/Library/Developer/Xcode/Archives/2017-10-17/MasterpassQR Demo 17-10-17, 7.13 AM.xcarchive/Products/Applications/MasterpassQR Demo.app/Frameworks/libswiftFoundation.dylib'>'> to: /var/folders/9k/16d2bz8x33g22q2dn3nc7nyr0000gn/T/XcodeDistPipeline.v8o/entitlementskiH0TH
2017-10-16 23:16:20 +0000  Running /usr/bin/codesign '-vvv' '--force' '--sign' 'CB9884B82F3F83493389714E86E4CF3B13C269C9' '--preserve-metadata=identifier,flags' '--entitlements' '/var/folders/9k/16d2bz8x33g22q2dn3nc7nyr0000gn/T/XcodeDistPipeline.v8o/entitlementskiH0TH' '/var/folders/9k/16d2bz8x33g22q2dn3nc7nyr0000gn/T/XcodeDistPipeline.v8o/Root/Payload/MasterpassQR Demo.app/Frameworks/libswiftFoundation.dylib'
2017-10-16 23:16:20 +0000  /var/folders/9k/16d2bz8x33g22q2dn3nc7nyr0000gn/T/XcodeDistPipeline.v8o/Root/Payload/MasterpassQR Demo.app/Frameworks/libswiftFoundation.dylib: replacing existing signature
2017-10-16 23:16:20 +0000  
2017-10-16 23:16:22 +0000  /var/folders/9k/16d2bz8x33g22q2dn3nc7nyr0000gn/T/XcodeDistPipeline.v8o/Root/Payload/MasterpassQR Demo.app/Frameworks/libswiftFoundation.dylib: signed Mach-O universal (armv7 armv7s arm64) [com.apple.dt.runtime.swiftFoundation]
2017-10-16 23:16:22 +0000  /usr/bin/codesign exited with 0
2017-10-16 23:16:22 +0000  Applying entitlements delta for <IDEDistributionItem: 0x7fec76f4c820 'com.apple.dt.runtime.swiftMetal' '<DVTFilePath:0x7fec19bb9220:'/Users/amri/Library/Developer/Xcode/Archives/2017-10-17/MasterpassQR Demo 17-10-17, 7.13 AM.xcarchive/Products/Applications/MasterpassQR Demo.app/Frameworks/libswiftMetal.dylib'>'> from <IDEiCloudEntitlementsProcessor: 0x7fec38ea0890>: {
}
2017-10-16 23:16:22 +0000  Entitlements for <IDEDistributionItem: 0x7fec76f4c820 'com.apple.dt.runtime.swiftMetal' '<DVTFilePath:0x7fec19bb9220:'/Users/amri/Library/Developer/Xcode/Archives/2017-10-17/MasterpassQR Demo 17-10-17, 7.13 AM.xcarchive/Products/Applications/MasterpassQR Demo.app/Frameworks/libswiftMetal.dylib'>'>: {
}
2017-10-16 23:16:22 +0000  Writing entitlements for <IDEDistributionItem: 0x7fec76f4c820 'com.apple.dt.runtime.swiftMetal' '<DVTFilePath:0x7fec19bb9220:'/Users/amri/Library/Developer/Xcode/Archives/2017-10-17/MasterpassQR Demo 17-10-17, 7.13 AM.xcarchive/Products/Applications/MasterpassQR Demo.app/Frameworks/libswiftMetal.dylib'>'> to: /var/folders/9k/16d2bz8x33g22q2dn3nc7nyr0000gn/T/XcodeDistPipeline.v8o/entitlementsmKFHt5
2017-10-16 23:16:22 +0000  Running /usr/bin/codesign '-vvv' '--force' '--sign' 'CB9884B82F3F83493389714E86E4CF3B13C269C9' '--preserve-metadata=identifier,flags' '--entitlements' '/var/folders/9k/16d2bz8x33g22q2dn3nc7nyr0000gn/T/XcodeDistPipeline.v8o/entitlementsmKFHt5' '/var/folders/9k/16d2bz8x33g22q2dn3nc7nyr0000gn/T/XcodeDistPipeline.v8o/Root/Payload/MasterpassQR Demo.app/Frameworks/libswiftMetal.dylib'
2017-10-16 23:16:22 +0000  /var/folders/9k/16d2bz8x33g22q2dn3nc7nyr0000gn/T/XcodeDistPipeline.v8o/Root/Payload/MasterpassQR Demo.app/Frameworks/libswiftMetal.dylib: replacing existing signature
2017-10-16 23:16:22 +0000  /var/folders/9k/16d2bz8x33g22q2dn3nc7nyr0000gn/T/XcodeDistPipeline.v8o/Root/Payload/MasterpassQR Demo.app/Frameworks/libswiftMetal.dylib: signed Mach-O universal (armv7 armv7s arm64) [com.apple.dt.runtime.swiftMetal]
2017-10-16 23:16:22 +0000  /usr/bin/codesign exited with 0
2017-10-16 23:16:22 +0000  Applying entitlements delta for <IDEDistributionItem: 0x7fec19e09c90 'com.apple.dt.runtime.swiftObjectiveC' '<DVTFilePath:0x7fec38cc9ec0:'/Users/amri/Library/Developer/Xcode/Archives/2017-10-17/MasterpassQR Demo 17-10-17, 7.13 AM.xcarchive/Products/Applications/MasterpassQR Demo.app/Frameworks/libswiftObjectiveC.dylib'>'> from <IDEiCloudEntitlementsProcessor: 0x7fec38eaed80>: {
}
2017-10-16 23:16:22 +0000  Entitlements for <IDEDistributionItem: 0x7fec19e09c90 'com.apple.dt.runtime.swiftObjectiveC' '<DVTFilePath:0x7fec38cc9ec0:'/Users/amri/Library/Developer/Xcode/Archives/2017-10-17/MasterpassQR Demo 17-10-17, 7.13 AM.xcarchive/Products/Applications/MasterpassQR Demo.app/Frameworks/libswiftObjectiveC.dylib'>'>: {
}
2017-10-16 23:16:22 +0000  Writing entitlements for <IDEDistributionItem: 0x7fec19e09c90 'com.apple.dt.runtime.swiftObjectiveC' '<DVTFilePath:0x7fec38cc9ec0:'/Users/amri/Library/Developer/Xcode/Archives/2017-10-17/MasterpassQR Demo 17-10-17, 7.13 AM.xcarchive/Products/Applications/MasterpassQR Demo.app/Frameworks/libswiftObjectiveC.dylib'>'> to: /var/folders/9k/16d2bz8x33g22q2dn3nc7nyr0000gn/T/XcodeDistPipeline.v8o/entitlementssJOzFa
2017-10-16 23:16:22 +0000  Running /usr/bin/codesign '-vvv' '--force' '--sign' 'CB9884B82F3F83493389714E86E4CF3B13C269C9' '--preserve-metadata=identifier,flags' '--entitlements' '/var/folders/9k/16d2bz8x33g22q2dn3nc7nyr0000gn/T/XcodeDistPipeline.v8o/entitlementssJOzFa' '/var/folders/9k/16d2bz8x33g22q2dn3nc7nyr0000gn/T/XcodeDistPipeline.v8o/Root/Payload/MasterpassQR Demo.app/Frameworks/libswiftObjectiveC.dylib'
2017-10-16 23:16:23 +0000  /var/folders/9k/16d2bz8x33g22q2dn3nc7nyr0000gn/T/XcodeDistPipeline.v8o/Root/Payload/MasterpassQR Demo.app/Frameworks/libswiftObjectiveC.dylib: replacing existing signature
2017-10-16 23:16:23 +0000  /var/folders/9k/16d2bz8x33g22q2dn3nc7nyr0000gn/T/XcodeDistPipeline.v8o/Root/Payload/MasterpassQR Demo.app/Frameworks/libswiftObjectiveC.dylib: signed Mach-O universal (armv7 armv7s arm64) [com.apple.dt.runtime.swiftObjectiveC]
2017-10-16 23:16:24 +0000  /usr/bin/codesign exited with 0
2017-10-16 23:16:24 +0000  Applying entitlements delta for <IDEDistributionItem: 0x7fec391d7d00 'com.apple.dt.runtime.swiftPhotos' '<DVTFilePath:0x7fec4fa4eff0:'/Users/amri/Library/Developer/Xcode/Archives/2017-10-17/MasterpassQR Demo 17-10-17, 7.13 AM.xcarchive/Products/Applications/MasterpassQR Demo.app/Frameworks/libswiftPhotos.dylib'>'> from <IDEiCloudEntitlementsProcessor: 0x7fec426d5ae0>: {
}
2017-10-16 23:16:24 +0000  Entitlements for <IDEDistributionItem: 0x7fec391d7d00 'com.apple.dt.runtime.swiftPhotos' '<DVTFilePath:0x7fec4fa4eff0:'/Users/amri/Library/Developer/Xcode/Archives/2017-10-17/MasterpassQR Demo 17-10-17, 7.13 AM.xcarchive/Products/Applications/MasterpassQR Demo.app/Frameworks/libswiftPhotos.dylib'>'>: {
}
2017-10-16 23:16:24 +0000  Writing entitlements for <IDEDistributionItem: 0x7fec391d7d00 'com.apple.dt.runtime.swiftPhotos' '<DVTFilePath:0x7fec4fa4eff0:'/Users/amri/Library/Developer/Xcode/Archives/2017-10-17/MasterpassQR Demo 17-10-17, 7.13 AM.xcarchive/Products/Applications/MasterpassQR Demo.app/Frameworks/libswiftPhotos.dylib'>'> to: /var/folders/9k/16d2bz8x33g22q2dn3nc7nyr0000gn/T/XcodeDistPipeline.v8o/entitlementsbtBfu6
2017-10-16 23:16:24 +0000  Running /usr/bin/codesign '-vvv' '--force' '--sign' 'CB9884B82F3F83493389714E86E4CF3B13C269C9' '--preserve-metadata=identifier,flags' '--entitlements' '/var/folders/9k/16d2bz8x33g22q2dn3nc7nyr0000gn/T/XcodeDistPipeline.v8o/entitlementsbtBfu6' '/var/folders/9k/16d2bz8x33g22q2dn3nc7nyr0000gn/T/XcodeDistPipeline.v8o/Root/Payload/MasterpassQR Demo.app/Frameworks/libswiftPhotos.dylib'
2017-10-16 23:16:24 +0000  /var/folders/9k/16d2bz8x33g22q2dn3nc7nyr0000gn/T/XcodeDistPipeline.v8o/Root/Payload/MasterpassQR Demo.app/Frameworks/libswiftPhotos.dylib: replacing existing signature
2017-10-16 23:16:24 +0000  /var/folders/9k/16d2bz8x33g22q2dn3nc7nyr0000gn/T/XcodeDistPipeline.v8o/Root/Payload/MasterpassQR Demo.app/Frameworks/libswiftPhotos.dylib: signed Mach-O universal (armv7 armv7s arm64) [com.apple.dt.runtime.swiftPhotos]
2017-10-16 23:16:24 +0000  /usr/bin/codesign exited with 0
2017-10-16 23:16:24 +0000  Applying entitlements delta for <IDEDistributionItem: 0x7fec38946b90 'com.apple.dt.runtime.swiftQuartzCore' '<DVTFilePath:0x7fec38b817d0:'/Users/amri/Library/Developer/Xcode/Archives/2017-10-17/MasterpassQR Demo 17-10-17, 7.13 AM.xcarchive/Products/Applications/MasterpassQR Demo.app/Frameworks/libswiftQuartzCore.dylib'>'> from <IDEiCloudEntitlementsProcessor: 0x7fec38b59710>: {
}
2017-10-16 23:16:24 +0000  Entitlements for <IDEDistributionItem: 0x7fec38946b90 'com.apple.dt.runtime.swiftQuartzCore' '<DVTFilePath:0x7fec38b817d0:'/Users/amri/Library/Developer/Xcode/Archives/2017-10-17/MasterpassQR Demo 17-10-17, 7.13 AM.xcarchive/Products/Applications/MasterpassQR Demo.app/Frameworks/libswiftQuartzCore.dylib'>'>: {
}
2017-10-16 23:16:24 +0000  Writing entitlements for <IDEDistributionItem: 0x7fec38946b90 'com.apple.dt.runtime.swiftQuartzCore' '<DVTFilePath:0x7fec38b817d0:'/Users/amri/Library/Developer/Xcode/Archives/2017-10-17/MasterpassQR Demo 17-10-17, 7.13 AM.xcarchive/Products/Applications/MasterpassQR Demo.app/Frameworks/libswiftQuartzCore.dylib'>'> to: /var/folders/9k/16d2bz8x33g22q2dn3nc7nyr0000gn/T/XcodeDistPipeline.v8o/entitlementsEPnPKS
2017-10-16 23:16:24 +0000  Running /usr/bin/codesign '-vvv' '--force' '--sign' 'CB9884B82F3F83493389714E86E4CF3B13C269C9' '--preserve-metadata=identifier,flags' '--entitlements' '/var/folders/9k/16d2bz8x33g22q2dn3nc7nyr0000gn/T/XcodeDistPipeline.v8o/entitlementsEPnPKS' '/var/folders/9k/16d2bz8x33g22q2dn3nc7nyr0000gn/T/XcodeDistPipeline.v8o/Root/Payload/MasterpassQR Demo.app/Frameworks/libswiftQuartzCore.dylib'
2017-10-16 23:16:25 +0000  /var/folders/9k/16d2bz8x33g22q2dn3nc7nyr0000gn/T/XcodeDistPipeline.v8o/Root/Payload/MasterpassQR Demo.app/Frameworks/libswiftQuartzCore.dylib: replacing existing signature
2017-10-16 23:16:25 +0000  /var/folders/9k/16d2bz8x33g22q2dn3nc7nyr0000gn/T/XcodeDistPipeline.v8o/Root/Payload/MasterpassQR Demo.app/Frameworks/libswiftQuartzCore.dylib: signed Mach-O universal (armv7 armv7s arm64) [com.apple.dt.runtime.swiftQuartzCore]
2017-10-16 23:16:25 +0000  /usr/bin/codesign exited with 0
2017-10-16 23:16:25 +0000  Applying entitlements delta for <IDEDistributionItem: 0x7fec33f705c0 'com.apple.dt.runtime.swiftUIKit' '<DVTFilePath:0x7fec38bddbc0:'/Users/amri/Library/Developer/Xcode/Archives/2017-10-17/MasterpassQR Demo 17-10-17, 7.13 AM.xcarchive/Products/Applications/MasterpassQR Demo.app/Frameworks/libswiftUIKit.dylib'>'> from <IDEiCloudEntitlementsProcessor: 0x7fec38e4a3b0>: {
}
2017-10-16 23:16:25 +0000  Entitlements for <IDEDistributionItem: 0x7fec33f705c0 'com.apple.dt.runtime.swiftUIKit' '<DVTFilePath:0x7fec38bddbc0:'/Users/amri/Library/Developer/Xcode/Archives/2017-10-17/MasterpassQR Demo 17-10-17, 7.13 AM.xcarchive/Products/Applications/MasterpassQR Demo.app/Frameworks/libswiftUIKit.dylib'>'>: {
}
2017-10-16 23:16:25 +0000  Writing entitlements for <IDEDistributionItem: 0x7fec33f705c0 'com.apple.dt.runtime.swiftUIKit' '<DVTFilePath:0x7fec38bddbc0:'/Users/amri/Library/Developer/Xcode/Archives/2017-10-17/MasterpassQR Demo 17-10-17, 7.13 AM.xcarchive/Products/Applications/MasterpassQR Demo.app/Frameworks/libswiftUIKit.dylib'>'> to: /var/folders/9k/16d2bz8x33g22q2dn3nc7nyr0000gn/T/XcodeDistPipeline.v8o/entitlementsvmtPbi
2017-10-16 23:16:25 +0000  Running /usr/bin/codesign '-vvv' '--force' '--sign' 'CB9884B82F3F83493389714E86E4CF3B13C269C9' '--preserve-metadata=identifier,flags' '--entitlements' '/var/folders/9k/16d2bz8x33g22q2dn3nc7nyr0000gn/T/XcodeDistPipeline.v8o/entitlementsvmtPbi' '/var/folders/9k/16d2bz8x33g22q2dn3nc7nyr0000gn/T/XcodeDistPipeline.v8o/Root/Payload/MasterpassQR Demo.app/Frameworks/libswiftUIKit.dylib'
2017-10-16 23:16:25 +0000  /var/folders/9k/16d2bz8x33g22q2dn3nc7nyr0000gn/T/XcodeDistPipeline.v8o/Root/Payload/MasterpassQR Demo.app/Frameworks/libswiftUIKit.dylib: replacing existing signature
2017-10-16 23:16:26 +0000  /var/folders/9k/16d2bz8x33g22q2dn3nc7nyr0000gn/T/XcodeDistPipeline.v8o/Root/Payload/MasterpassQR Demo.app/Frameworks/libswiftUIKit.dylib: signed Mach-O universal (armv7 armv7s arm64) [com.apple.dt.runtime.swiftUIKit]
2017-10-16 23:16:26 +0000  /usr/bin/codesign exited with 0
2017-10-16 23:16:26 +0000  Applying entitlements delta for <IDEDistributionItem: 0x7fec4130e440 'com.apple.dt.runtime.swiftos' '<DVTFilePath:0x7fec390962b0:'/Users/amri/Library/Developer/Xcode/Archives/2017-10-17/MasterpassQR Demo 17-10-17, 7.13 AM.xcarchive/Products/Applications/MasterpassQR Demo.app/Frameworks/libswiftos.dylib'>'> from <IDEiCloudEntitlementsProcessor: 0x7fec378ba7a0>: {
}
2017-10-16 23:16:26 +0000  Entitlements for <IDEDistributionItem: 0x7fec4130e440 'com.apple.dt.runtime.swiftos' '<DVTFilePath:0x7fec390962b0:'/Users/amri/Library/Developer/Xcode/Archives/2017-10-17/MasterpassQR Demo 17-10-17, 7.13 AM.xcarchive/Products/Applications/MasterpassQR Demo.app/Frameworks/libswiftos.dylib'>'>: {
}
2017-10-16 23:16:26 +0000  Writing entitlements for <IDEDistributionItem: 0x7fec4130e440 'com.apple.dt.runtime.swiftos' '<DVTFilePath:0x7fec390962b0:'/Users/amri/Library/Developer/Xcode/Archives/2017-10-17/MasterpassQR Demo 17-10-17, 7.13 AM.xcarchive/Products/Applications/MasterpassQR Demo.app/Frameworks/libswiftos.dylib'>'> to: /var/folders/9k/16d2bz8x33g22q2dn3nc7nyr0000gn/T/XcodeDistPipeline.v8o/entitlementsVT0yrO
2017-10-16 23:16:26 +0000  Running /usr/bin/codesign '-vvv' '--force' '--sign' 'CB9884B82F3F83493389714E86E4CF3B13C269C9' '--preserve-metadata=identifier,flags' '--entitlements' '/var/folders/9k/16d2bz8x33g22q2dn3nc7nyr0000gn/T/XcodeDistPipeline.v8o/entitlementsVT0yrO' '/var/folders/9k/16d2bz8x33g22q2dn3nc7nyr0000gn/T/XcodeDistPipeline.v8o/Root/Payload/MasterpassQR Demo.app/Frameworks/libswiftos.dylib'
2017-10-16 23:16:26 +0000  /var/folders/9k/16d2bz8x33g22q2dn3nc7nyr0000gn/T/XcodeDistPipeline.v8o/Root/Payload/MasterpassQR Demo.app/Frameworks/libswiftos.dylib: replacing existing signature
2017-10-16 23:16:27 +0000  /var/folders/9k/16d2bz8x33g22q2dn3nc7nyr0000gn/T/XcodeDistPipeline.v8o/Root/Payload/MasterpassQR Demo.app/Frameworks/libswiftos.dylib: signed Mach-O universal (armv7 armv7s arm64) [com.apple.dt.runtime.swiftos]
2017-10-16 23:16:27 +0000  /usr/bin/codesign exited with 0
2017-10-16 23:16:27 +0000  Applying entitlements delta for <IDEDistributionItem: 0x7fec4281aa30 'com.apple.dt.runtime.swiftsimd' '<DVTFilePath:0x7fec38d039f0:'/Users/amri/Library/Developer/Xcode/Archives/2017-10-17/MasterpassQR Demo 17-10-17, 7.13 AM.xcarchive/Products/Applications/MasterpassQR Demo.app/Frameworks/libswiftsimd.dylib'>'> from <IDEiCloudEntitlementsProcessor: 0x7fec38b9e100>: {
}
2017-10-16 23:16:27 +0000  Entitlements for <IDEDistributionItem: 0x7fec4281aa30 'com.apple.dt.runtime.swiftsimd' '<DVTFilePath:0x7fec38d039f0:'/Users/amri/Library/Developer/Xcode/Archives/2017-10-17/MasterpassQR Demo 17-10-17, 7.13 AM.xcarchive/Products/Applications/MasterpassQR Demo.app/Frameworks/libswiftsimd.dylib'>'>: {
}
2017-10-16 23:16:27 +0000  Writing entitlements for <IDEDistributionItem: 0x7fec4281aa30 'com.apple.dt.runtime.swiftsimd' '<DVTFilePath:0x7fec38d039f0:'/Users/amri/Library/Developer/Xcode/Archives/2017-10-17/MasterpassQR Demo 17-10-17, 7.13 AM.xcarchive/Products/Applications/MasterpassQR Demo.app/Frameworks/libswiftsimd.dylib'>'> to: /var/folders/9k/16d2bz8x33g22q2dn3nc7nyr0000gn/T/XcodeDistPipeline.v8o/entitlementsKxTbXD
2017-10-16 23:16:27 +0000  Running /usr/bin/codesign '-vvv' '--force' '--sign' 'CB9884B82F3F83493389714E86E4CF3B13C269C9' '--preserve-metadata=identifier,flags' '--entitlements' '/var/folders/9k/16d2bz8x33g22q2dn3nc7nyr0000gn/T/XcodeDistPipeline.v8o/entitlementsKxTbXD' '/var/folders/9k/16d2bz8x33g22q2dn3nc7nyr0000gn/T/XcodeDistPipeline.v8o/Root/Payload/MasterpassQR Demo.app/Frameworks/libswiftsimd.dylib'
2017-10-16 23:16:27 +0000  /var/folders/9k/16d2bz8x33g22q2dn3nc7nyr0000gn/T/XcodeDistPipeline.v8o/Root/Payload/MasterpassQR Demo.app/Frameworks/libswiftsimd.dylib: replacing existing signature
2017-10-16 23:16:28 +0000  /var/folders/9k/16d2bz8x33g22q2dn3nc7nyr0000gn/T/XcodeDistPipeline.v8o/Root/Payload/MasterpassQR Demo.app/Frameworks/libswiftsimd.dylib: signed Mach-O universal (armv7 armv7s arm64) [com.apple.dt.runtime.swiftsimd]
2017-10-16 23:16:28 +0000  /usr/bin/codesign exited with 0
2017-10-16 23:16:28 +0000  Applying entitlements delta for <IDEDistributionItem: 0x7fec39200740 'com.mastercard.ios.MasterpassQR-Demo' '<DVTFilePath:0x7fec37128eb0:'/Users/amri/Library/Developer/Xcode/Archives/2017-10-17/MasterpassQR Demo 17-10-17, 7.13 AM.xcarchive/Products/Applications/MasterpassQR Demo.app'>'> from <IDEiCloudEntitlementsProcessor: 0x7fec2ba7d8d0>: {
}
2017-10-16 23:16:28 +0000  Entitlements for <IDEDistributionItem: 0x7fec39200740 'com.mastercard.ios.MasterpassQR-Demo' '<DVTFilePath:0x7fec37128eb0:'/Users/amri/Library/Developer/Xcode/Archives/2017-10-17/MasterpassQR Demo 17-10-17, 7.13 AM.xcarchive/Products/Applications/MasterpassQR Demo.app'>'>: {
    "application-identifier" = "FARWN7FEXX.com.mastercard.ios.MasterpassQR-Demo";
    "com.apple.developer.team-identifier" = FARWN7FEXX;
    "get-task-allow" = 0;
    "keychain-access-groups" =     (
        "FARWN7FEXX.com.mastercard.ios.MasterpassQR-Demo"
    );
}
2017-10-16 23:16:28 +0000  Writing entitlements for <IDEDistributionItem: 0x7fec39200740 'com.mastercard.ios.MasterpassQR-Demo' '<DVTFilePath:0x7fec37128eb0:'/Users/amri/Library/Developer/Xcode/Archives/2017-10-17/MasterpassQR Demo 17-10-17, 7.13 AM.xcarchive/Products/Applications/MasterpassQR Demo.app'>'> to: /var/folders/9k/16d2bz8x33g22q2dn3nc7nyr0000gn/T/XcodeDistPipeline.v8o/entitlements05LYwC
2017-10-16 23:16:28 +0000  Running /usr/bin/codesign '-vvv' '--force' '--sign' 'CB9884B82F3F83493389714E86E4CF3B13C269C9' '--preserve-metadata=identifier,flags' '--entitlements' '/var/folders/9k/16d2bz8x33g22q2dn3nc7nyr0000gn/T/XcodeDistPipeline.v8o/entitlements05LYwC' '/var/folders/9k/16d2bz8x33g22q2dn3nc7nyr0000gn/T/XcodeDistPipeline.v8o/Root/Payload/MasterpassQR Demo.app'
2017-10-16 23:16:28 +0000  /var/folders/9k/16d2bz8x33g22q2dn3nc7nyr0000gn/T/XcodeDistPipeline.v8o/Root/Payload/MasterpassQR Demo.app: replacing existing signature
2017-10-16 23:16:31 +0000  /var/folders/9k/16d2bz8x33g22q2dn3nc7nyr0000gn/T/XcodeDistPipeline.v8o/Root/Payload/MasterpassQR Demo.app: signed app bundle with Mach-O universal (armv7 arm64) [com.mastercard.ios.MasterpassQR-Demo]
2017-10-16 23:16:31 +0000  /usr/bin/codesign exited with 0
2017-10-16 23:16:31 +0000  Processing step: IDEDistributionStreamingZipItemStep
2017-10-16 23:16:31 +0000  Skipping step: IDEDistributionStreamingZipItemStep because it said so
2017-10-16 23:16:31 +0000  Skipping step: IDEDistributionStreamingZipItemStep because it said so
2017-10-16 23:16:31 +0000  Skipping step: IDEDistributionStreamingZipItemStep because it said so
2017-10-16 23:16:31 +0000  Skipping step: IDEDistributionStreamingZipItemStep because it said so
2017-10-16 23:16:31 +0000  Skipping step: IDEDistributionStreamingZipItemStep because it said so
2017-10-16 23:16:31 +0000  Skipping step: IDEDistributionStreamingZipItemStep because it said so
2017-10-16 23:16:31 +0000  Skipping step: IDEDistributionStreamingZipItemStep because it said so
2017-10-16 23:16:31 +0000  Skipping step: IDEDistributionStreamingZipItemStep because it said so
2017-10-16 23:16:31 +0000  Skipping step: IDEDistributionStreamingZipItemStep because it said so
2017-10-16 23:16:31 +0000  Skipping step: IDEDistributionStreamingZipItemStep because it said so
2017-10-16 23:16:31 +0000  Skipping step: IDEDistributionStreamingZipItemStep because it said so
2017-10-16 23:16:31 +0000  Skipping step: IDEDistributionStreamingZipItemStep because it said so
2017-10-16 23:16:31 +0000  Skipping step: IDEDistributionStreamingZipItemStep because it said so
2017-10-16 23:16:31 +0000  Skipping step: IDEDistributionStreamingZipItemStep because it said so
2017-10-16 23:16:31 +0000  Skipping step: IDEDistributionStreamingZipItemStep because it said so
2017-10-16 23:16:31 +0000  Skipping step: IDEDistributionStreamingZipItemStep because it said so
2017-10-16 23:16:31 +0000  Skipping step: IDEDistributionStreamingZipItemStep because it said so
2017-10-16 23:16:31 +0000  Skipping step: IDEDistributionStreamingZipItemStep because it said so
2017-10-16 23:16:31 +0000  Skipping step: IDEDistributionStreamingZipItemStep because it said so
2017-10-16 23:16:31 +0000  Skipping step: IDEDistributionStreamingZipItemStep because it said so
2017-10-16 23:16:31 +0000  Skipping step: IDEDistributionStreamingZipItemStep because it said so
2017-10-16 23:16:31 +0000  Skipping step: IDEDistributionStreamingZipItemStep because it said so
2017-10-16 23:16:31 +0000  Processing step: IDEDistributionCreateIPAStep
2017-10-16 23:16:31 +0000  Running /usr/bin/ditto '-V' '-c' '-k' '--norsrc' '/var/folders/9k/16d2bz8x33g22q2dn3nc7nyr0000gn/T/XcodeDistPipeline.v8o/Root' '/var/folders/9k/16d2bz8x33g22q2dn3nc7nyr0000gn/T/XcodeDistPipeline.v8o/Packages/MasterpassQR Demo.ipa'
2017-10-16 23:16:31 +0000  >>> Copying /var/folders/9k/16d2bz8x33g22q2dn3nc7nyr0000gn/T/XcodeDistPipeline.v8o/Root 
2017-10-16 23:16:31 +0000  
2017-10-16 23:16:31 +0000  copying file ./Payload/MasterpassQR Demo.app/_CodeSignature/CodeResources ... 
2017-10-16 23:16:31 +0000  18823 bytes for ./Payload/MasterpassQR Demo.app/_CodeSignature/CodeResources
2017-10-16 23:16:31 +0000  copying file ./Payload/MasterpassQR Demo.app/AppIcon20x20@2x.png ... 
2017-10-16 23:16:31 +0000  3081 bytes for ./Payload/MasterpassQR Demo.app/AppIcon20x20@2x.png
copying file ./Payload/MasterpassQR Demo.app/AppIcon20x20@3x.png ... 
2017-10-16 23:16:31 +0000  4429 bytes for ./Payload/MasterpassQR Demo.app/AppIcon20x20@3x.png
copying file ./Payload/MasterpassQR Demo.app/AppIcon29x29@2x.png ... 
2017-10-16 23:16:31 +0000  4241 bytes for ./Payload/MasterpassQR Demo.app/AppIcon29x29@2x.png
copying file ./Payload/MasterpassQR Demo.app/AppIcon29x29@3x.png ... 
2017-10-16 23:16:31 +0000  7561 bytes for ./Payload/MasterpassQR Demo.app/AppIcon29x29@3x.png
copying file ./Payload/MasterpassQR Demo.app/AppIcon40x40@2x.png ... 
2017-10-16 23:16:31 +0000  6629 bytes for ./Payload/MasterpassQR Demo.app/AppIcon40x40@2x.png
copying file ./Payload/MasterpassQR Demo.app/AppIcon40x40@3x.png ... 
2017-10-16 23:16:31 +0000  9268 bytes for ./Payload/MasterpassQR Demo.app/AppIcon40x40@3x.png
copying file ./Payload/MasterpassQR Demo.app/AppIcon60x60@2x.png ... 
2017-10-16 23:16:31 +0000  6013 bytes for ./Payload/MasterpassQR Demo.app/AppIcon60x60@2x.png
copying file ./Payload/MasterpassQR Demo.app/AppIcon60x60@3x.png ... 
2017-10-16 23:16:31 +0000  9349 bytes for ./Payload/MasterpassQR Demo.app/AppIcon60x60@3x.png
2017-10-16 23:16:31 +0000  copying file ./Payload/MasterpassQR Demo.app/archived-expanded-entitlements.xcent ... 
2017-10-16 23:16:31 +0000  410 bytes for ./Payload/MasterpassQR Demo.app/archived-expanded-entitlements.xcent
copying file ./Payload/MasterpassQR Demo.app/Assets.car ... 
2017-10-16 23:16:31 +0000  134008 bytes for ./Payload/MasterpassQR Demo.app/Assets.car
2017-10-16 23:16:31 +0000  copying file ./Payload/MasterpassQR Demo.app/Base.lproj/LaunchScreen.storyboardc/01J-lp-oVM-view-Ze5-6b-2t3.nib ... 
2017-10-16 23:16:31 +0000  1791 bytes for ./Payload/MasterpassQR Demo.app/Base.lproj/LaunchScreen.storyboardc/01J-lp-oVM-view-Ze5-6b-2t3.nib
copying file ./Payload/MasterpassQR Demo.app/Base.lproj/LaunchScreen.storyboardc/Info.plist ... 
2017-10-16 23:16:31 +0000  258 bytes for ./Payload/MasterpassQR Demo.app/Base.lproj/LaunchScreen.storyboardc/Info.plist
copying file ./Payload/MasterpassQR Demo.app/Base.lproj/LaunchScreen.storyboardc/UIViewController-01J-lp-oVM.nib ... 
2017-10-16 23:16:31 +0000  832 bytes for ./Payload/MasterpassQR Demo.app/Base.lproj/LaunchScreen.storyboardc/UIViewController-01J-lp-oVM.nib
copying file ./Payload/MasterpassQR Demo.app/Base.lproj/Main.storyboardc/BYZ-38-t0r-view-9fZ-FA-6Q7.nib ... 
7706 bytes for ./Payload/MasterpassQR Demo.app/Base.lproj/Main.storyboardc/BYZ-38-t0r-view-9fZ-FA-6Q7.nib
copying file ./Payload/MasterpassQR Demo.app/Base.lproj/Main.storyboardc/FLa-MJ-yeU-view-IX7-LA-49i.nib ... 
5311 bytes for ./Payload/MasterpassQR Demo.app/Base.lproj/Main.storyboardc/FLa-MJ-yeU-view-IX7-LA-49i.nib
copying file ./Payload/MasterpassQR Demo.app/Base.lproj/Main.storyboardc/hUj-tm-X23-view-s5M-Bq-OPM.nib ... 
3911 bytes for ./Payload/MasterpassQR Demo.app/Base.lproj/Main.storyboardc/hUj-tm-X23-view-s5M-Bq-OPM.nib
copying file ./Payload/MasterpassQR Demo.app/Base.lproj/Main.storyboardc/Info.plist ... 
403 bytes for ./Payload/MasterpassQR Demo.app/Base.lproj/Main.storyboardc/Info.plist
copying file ./Payload/MasterpassQR Demo.app/Base.lproj/Main.storyboardc/ResultViewController.nib ... 
1050 bytes for ./Payload/MasterpassQR Demo.app/Base.lproj/Main.storyboardc/ResultViewController.nib
copying file ./Payload/MasterpassQR Demo.app/Base.lproj/Main.storyboardc/UINavigationController-if8-TP-3c4.nib ... 
2044 bytes for ./Payload/MasterpassQR Demo.app/Base.lproj/Main.storyboardc/UINavigationController-if8-TP-3c4.nib
copying file ./Payload/MasterpassQR Demo.app/Base.lproj/Main.storyboardc/UIViewController-hUj-tm-X23.nib ... 
1485 bytes for ./Payload/MasterpassQR Demo.app/Base.lproj/Main.storyboardc/UIViewController-hUj-tm-X23.nib
copying file ./Payload/MasterpassQR Demo.app/embedded.mobileprovision ... 
7390 bytes for ./Payload/MasterpassQR Demo.app/embedded.mobileprovision
copying file ./Payload/MasterpassQR Demo.app/Frameworks/libswiftAVFoundation.dylib ... 
482416 bytes for ./Payload/MasterpassQR Demo.app/Frameworks/libswiftAVFoundation.dylib
copying file ./Payload/MasterpassQR Demo.app/Frameworks/libswiftCore.dylib ... 
2017-10-16 23:16:44 +0000  21046064 bytes for ./Payload/MasterpassQR Demo.app/Frameworks/libswiftCore.dylib
copying file ./Payload/MasterpassQR Demo.app/Frameworks/libswiftCoreAudio.dylib ... 
2017-10-16 23:16:44 +0000  354208 bytes for ./Payload/MasterpassQR Demo.app/Frameworks/libswiftCoreAudio.dylib
copying file ./Payload/MasterpassQR Demo.app/Frameworks/libswiftCoreData.dylib ... 
2017-10-16 23:16:44 +0000  394704 bytes for ./Payload/MasterpassQR Demo.app/Frameworks/libswiftCoreData.dylib
copying file ./Payload/MasterpassQR Demo.app/Frameworks/libswiftCoreFoundation.dylib ... 
2017-10-16 23:16:44 +0000  208656 bytes for ./Payload/MasterpassQR Demo.app/Frameworks/libswiftCoreFoundation.dylib
copying file ./Payload/MasterpassQR Demo.app/Frameworks/libswiftCoreGraphics.dylib ... 
2017-10-16 23:16:44 +0000  578112 bytes for ./Payload/MasterpassQR Demo.app/Frameworks/libswiftCoreGraphics.dylib
2017-10-16 23:16:44 +0000  copying file ./Payload/MasterpassQR Demo.app/Frameworks/libswiftCoreImage.dylib ... 
2017-10-16 23:16:44 +0000  209216 bytes for ./Payload/MasterpassQR Demo.app/Frameworks/libswiftCoreImage.dylib
copying file ./Payload/MasterpassQR Demo.app/Frameworks/libswiftCoreLocation.dylib ... 
2017-10-16 23:16:44 +0000  253648 bytes for ./Payload/MasterpassQR Demo.app/Frameworks/libswiftCoreLocation.dylib
copying file ./Payload/MasterpassQR Demo.app/Frameworks/libswiftCoreMedia.dylib ... 
2017-10-16 23:16:44 +0000  254000 bytes for ./Payload/MasterpassQR Demo.app/Frameworks/libswiftCoreMedia.dylib
copying file ./Payload/MasterpassQR Demo.app/Frameworks/libswiftDarwin.dylib ... 
2017-10-16 23:16:44 +0000  303424 bytes for ./Payload/MasterpassQR Demo.app/Frameworks/libswiftDarwin.dylib
2017-10-16 23:16:44 +0000  copying file ./Payload/MasterpassQR Demo.app/Frameworks/libswiftDispatch.dylib ... 
2017-10-16 23:16:45 +0000  1009600 bytes for ./Payload/MasterpassQR Demo.app/Frameworks/libswiftDispatch.dylib
copying file ./Payload/MasterpassQR Demo.app/Frameworks/libswiftFoundation.dylib ... 
2017-10-16 23:16:49 +0000  8526080 bytes for ./Payload/MasterpassQR Demo.app/Frameworks/libswiftFoundation.dylib
copying file ./Payload/MasterpassQR Demo.app/Frameworks/libswiftMetal.dylib ... 
2017-10-16 23:16:49 +0000  251600 bytes for ./Payload/MasterpassQR Demo.app/Frameworks/libswiftMetal.dylib
copying file ./Payload/MasterpassQR Demo.app/Frameworks/libswiftObjectiveC.dylib ... 
2017-10-16 23:16:49 +0000  259296 bytes for ./Payload/MasterpassQR Demo.app/Frameworks/libswiftObjectiveC.dylib
copying file ./Payload/MasterpassQR Demo.app/Frameworks/libswiftos.dylib ... 
2017-10-16 23:16:49 +0000  249264 bytes for ./Payload/MasterpassQR Demo.app/Frameworks/libswiftos.dylib
copying file ./Payload/MasterpassQR Demo.app/Frameworks/libswiftPhotos.dylib ... 
2017-10-16 23:16:49 +0000  210992 bytes for ./Payload/MasterpassQR Demo.app/Frameworks/libswiftPhotos.dylib
copying file ./Payload/MasterpassQR Demo.app/Frameworks/libswiftQuartzCore.dylib ... 
2017-10-16 23:16:49 +0000  212560 bytes for ./Payload/MasterpassQR Demo.app/Frameworks/libswiftQuartzCore.dylib
copying file ./Payload/MasterpassQR Demo.app/Frameworks/libswiftsimd.dylib ... 
2017-10-16 23:16:50 +0000  1361600 bytes for ./Payload/MasterpassQR Demo.app/Frameworks/libswiftsimd.dylib
copying file ./Payload/MasterpassQR Demo.app/Frameworks/libswiftUIKit.dylib ... 
2017-10-16 23:16:50 +0000  361840 bytes for ./Payload/MasterpassQR Demo.app/Frameworks/libswiftUIKit.dylib
copying file ./Payload/MasterpassQR Demo.app/Frameworks/MasterpassQRCoreSDK.framework/_CodeSignature/CodeResources ... 
2017-10-16 23:16:50 +0000  2506 bytes for ./Payload/MasterpassQR Demo.app/Frameworks/MasterpassQRCoreSDK.framework/_CodeSignature/CodeResources
copying file ./Payload/MasterpassQR Demo.app/Frameworks/MasterpassQRCoreSDK.framework/Info.plist ... 
2017-10-16 23:16:50 +0000  735 bytes for ./Payload/MasterpassQR Demo.app/Frameworks/MasterpassQRCoreSDK.framework/Info.plist
copying file ./Payload/MasterpassQR Demo.app/Frameworks/MasterpassQRCoreSDK.framework/MasterpassQRCoreSDK ... 
2017-10-16 23:16:50 +0000  584192 bytes for ./Payload/MasterpassQR Demo.app/Frameworks/MasterpassQRCoreSDK.framework/MasterpassQRCoreSDK
2017-10-16 23:16:50 +0000  copying file ./Payload/MasterpassQR Demo.app/Frameworks/MasterpassQRCoreSDK.framework/strip-frameworks.sh ... 
2017-10-16 23:16:50 +0000  3230 bytes for ./Payload/MasterpassQR Demo.app/Frameworks/MasterpassQRCoreSDK.framework/strip-frameworks.sh
2017-10-16 23:16:50 +0000  copying file ./Payload/MasterpassQR Demo.app/Frameworks/MasterpassQRScanSDK.framework/_CodeSignature/CodeResources ... 
2017-10-16 23:16:50 +0000  2784 bytes for ./Payload/MasterpassQR Demo.app/Frameworks/MasterpassQRScanSDK.framework/_CodeSignature/CodeResources
2017-10-16 23:16:50 +0000  copying file ./Payload/MasterpassQR Demo.app/Frameworks/MasterpassQRScanSDK.framework/Assets.car ... 
2017-10-16 23:16:50 +0000  82504 bytes for ./Payload/MasterpassQR Demo.app/Frameworks/MasterpassQRScanSDK.framework/Assets.car
copying file ./Payload/MasterpassQR Demo.app/Frameworks/MasterpassQRScanSDK.framework/Info.plist ... 
735 bytes for ./Payload/MasterpassQR Demo.app/Frameworks/MasterpassQRScanSDK.framework/Info.plist
copying file ./Payload/MasterpassQR Demo.app/Frameworks/MasterpassQRScanSDK.framework/MasterpassQRScanSDK ... 
2017-10-16 23:16:51 +0000  404464 bytes for ./Payload/MasterpassQR Demo.app/Frameworks/MasterpassQRScanSDK.framework/MasterpassQRScanSDK
copying file ./Payload/MasterpassQR Demo.app/Frameworks/MasterpassQRScanSDK.framework/strip-frameworks.sh ... 
2017-10-16 23:16:51 +0000  3230 bytes for ./Payload/MasterpassQR Demo.app/Frameworks/MasterpassQRScanSDK.framework/strip-frameworks.sh
2017-10-16 23:16:51 +0000  copying file ./Payload/MasterpassQR Demo.app/Info.plist ... 
2017-10-16 23:16:51 +0000  1290 bytes for ./Payload/MasterpassQR Demo.app/Info.plist
copying file ./Payload/MasterpassQR Demo.app/MasterpassQR Demo ... 
2017-10-16 23:16:51 +0000  414480 bytes for ./Payload/MasterpassQR Demo.app/MasterpassQR Demo
copying file ./Payload/MasterpassQR Demo.app/PkgInfo ... 
2017-10-16 23:16:51 +0000  8 bytes for ./Payload/MasterpassQR Demo.app/PkgInfo
2017-10-16 23:16:51 +0000  /usr/bin/ditto exited with 0
2017-10-16 23:16:51 +0000  Processing step: IDEDistributionCreateManifestStep
