2017-10-09 03:02:00 +0000  Initial pipeline context: <IDEDistributionProcessingPipelineContext: 0x7fbd2894d0e0; archive(resolved)='<IDEArchive: 0x7fbd3a055d70>', distributionTask(resolved)='2', distributionMethod(resolved)='<IDEDistributionMethodiOSEnterprise: 0x7fbd268ac380>', team(resolved)='<IDEProvisioningBasicTeam 0x7fbd3ab1a940: teamID: FARWN7FEXX, teamName: MasterCard Worldwide>'>
	Chain (11, self inclusive):
	<IDEDistributionProcessingPipelineContext: 0x7fbd2894d0e0; archive = '<IDEArchive: 0x7fbd3a055d70>', distributionMethod='<IDEDistributionMethodiOSEnterprise: 0x7fbd268ac380>', team='<IDEProvisioningBasicTeam 0x7fbd3ab1a940: teamID: FARWN7FEXX, teamName: MasterCard Worldwide>'>
	<IDEDistributionProcessingPipelineContext: 0x7fbd2899a620; archive = '<IDEArchive: 0x7fbd3a055d70>', distributionMethod='<IDEDistributionMethodiOSEnterprise: 0x7fbd268ac380>', team='<IDEProvisioningBasicTeam 0x7fbd3ab1a940: teamID: FARWN7FEXX, teamName: MasterCard Worldwide>'>
	<IDEDistributionContext: 0x7fbd29088de0; archive = '<IDEArchive: 0x7fbd3a055d70>', distributionMethod='<IDEDistributionMethodiOSEnterprise: 0x7fbd268ac380>', team='<IDEProvisioningBasicTeam 0x7fbd3ab1a940: teamID: FARWN7FEXX, teamName: MasterCard Worldwide>'>
	<IDEDistributionContext: 0x7fbd283d0a50; archive = '<IDEArchive: 0x7fbd3a055d70>', distributionMethod='<IDEDistributionMethodiOSEnterprise: 0x7fbd268ac380>', team='<IDEProvisioningBasicTeam 0x7fbd3ab1a940: teamID: FARWN7FEXX, teamName: MasterCard Worldwide>'>
	<IDEDistributionContext: 0x7fbd287b8770; archive = '<IDEArchive: 0x7fbd3a055d70>', distributionMethod='<IDEDistributionMethodiOSEnterprise: 0x7fbd268ac380>', team='<IDEProvisioningBasicTeam 0x7fbd3ab1a940: teamID: FARWN7FEXX, teamName: MasterCard Worldwide>'>
	<IDEDistributionContext: 0x7fbd254240a0; archive = '<IDEArchive: 0x7fbd3a055d70>', distributionMethod='<IDEDistributionMethodiOSEnterprise: 0x7fbd268ac380>', team='<IDEProvisioningBasicTeam 0x7fbd3ab1a940: teamID: FARWN7FEXX, teamName: MasterCard Worldwide>'>
	<IDEDistributionContext: 0x7fbd254809b0; archive = '<IDEArchive: 0x7fbd3a055d70>', distributionMethod='<IDEDistributionMethodiOSEnterprise: 0x7fbd268ac380>', team='<IDEProvisioningBasicTeam 0x7fbd3ab1a940: teamID: FARWN7FEXX, teamName: MasterCard Worldwide>'>
	<IDEDistributionContext: 0x7fbd28001630; archive = '<IDEArchive: 0x7fbd3a055d70>', distributionMethod='<IDEDistributionMethodiOSEnterprise: 0x7fbd268ac380>', team='<IDEProvisioningBasicTeam 0x7fbd3ab1a940: teamID: FARWN7FEXX, teamName: MasterCard Worldwide>'>
	<IDEDistributionContext: 0x7fbd25819a50; archive = '<IDEArchive: 0x7fbd3a055d70>', distributionMethod='<IDEDistributionMethodiOSEnterprise: 0x7fbd268ac380>', team='<IDEProvisioningBasicTeam 0x7fbd3ab1a940: teamID: FARWN7FEXX, teamName: MasterCard Worldwide>'>
	<IDEDistributionContext: 0x7fbd25414cf0; archive = '<IDEArchive: 0x7fbd3a055d70>', distributionMethod='<IDEDistributionMethodiOSEnterprise: 0x7fbd268ac380>', team='(null)'>
	<IDEDistributionContext: 0x7fbd396a3f70; archive = '<IDEArchive: 0x7fbd3a055d70>', distributionMethod='(null)', team='(null)'>
</IDEDistributionProcessingPipelineContext: 0x7fbd2894d0e0>
2017-10-09 03:02:00 +0000  Processing step: IDEDistributionCreateDestRootStep
2017-10-09 03:02:00 +0000  Processing step: IDEDistributionCopyItemStep
2017-10-09 03:02:00 +0000  Running /usr/bin/ditto '-V' '/Users/amri/Library/Developer/Xcode/Archives/2017-10-09/MasterpassQR Demo 9-10-17, 10.59 AM.xcarchive/Products/Applications/MasterpassQR Demo.app' '/var/folders/9k/16d2bz8x33g22q2dn3nc7nyr0000gn/T/XcodeDistPipeline.q5C/Root/Payload/MasterpassQR Demo.app'
2017-10-09 03:02:00 +0000  >>> Copying /Users/amri/Library/Developer/Xcode/Archives/2017-10-09/MasterpassQR Demo 9-10-17, 10.59 AM.xcarchive/Products/Applications/MasterpassQR Demo.app 
2017-10-09 03:02:00 +0000  
2017-10-09 03:02:00 +0000  copying file ./_CodeSignature/CodeResources ... 
2017-10-09 03:02:00 +0000  18823 bytes for ./_CodeSignature/CodeResources
2017-10-09 03:02:00 +0000  copying file ./AppIcon20x20@2x.png ... 
2017-10-09 03:02:00 +0000  3081 bytes for ./AppIcon20x20@2x.png
copying file ./AppIcon20x20@3x.png ... 
2017-10-09 03:02:00 +0000  4429 bytes for ./AppIcon20x20@3x.png
copying file ./AppIcon29x29@2x.png ... 
2017-10-09 03:02:00 +0000  4241 bytes for ./AppIcon29x29@2x.png
copying file ./AppIcon29x29@3x.png ... 
2017-10-09 03:02:00 +0000  7561 bytes for ./AppIcon29x29@3x.png
copying file ./AppIcon40x40@2x.png ... 
2017-10-09 03:02:00 +0000  6629 bytes for ./AppIcon40x40@2x.png
2017-10-09 03:02:00 +0000  copying file ./AppIcon40x40@3x.png ... 
2017-10-09 03:02:00 +0000  9268 bytes for ./AppIcon40x40@3x.png
2017-10-09 03:02:00 +0000  copying file ./AppIcon60x60@2x.png ... 
2017-10-09 03:02:00 +0000  6013 bytes for ./AppIcon60x60@2x.png
copying file ./AppIcon60x60@3x.png ... 
2017-10-09 03:02:00 +0000  9349 bytes for ./AppIcon60x60@3x.png
copying file ./archived-expanded-entitlements.xcent ... 
2017-10-09 03:02:00 +0000  410 bytes for ./archived-expanded-entitlements.xcent
copying file ./Assets.car ... 
2017-10-09 03:02:00 +0000  134008 bytes for ./Assets.car
2017-10-09 03:02:00 +0000  copying file ./Base.lproj/LaunchScreen.storyboardc/01J-lp-oVM-view-Ze5-6b-2t3.nib ... 
2017-10-09 03:02:00 +0000  1791 bytes for ./Base.lproj/LaunchScreen.storyboardc/01J-lp-oVM-view-Ze5-6b-2t3.nib
2017-10-09 03:02:00 +0000  copying file ./Base.lproj/LaunchScreen.storyboardc/Info.plist ... 
2017-10-09 03:02:00 +0000  258 bytes for ./Base.lproj/LaunchScreen.storyboardc/Info.plist
2017-10-09 03:02:00 +0000  copying file ./Base.lproj/LaunchScreen.storyboardc/UIViewController-01J-lp-oVM.nib ... 
2017-10-09 03:02:00 +0000  832 bytes for ./Base.lproj/LaunchScreen.storyboardc/UIViewController-01J-lp-oVM.nib
2017-10-09 03:02:00 +0000  copying file ./Base.lproj/Main.storyboardc/BYZ-38-t0r-view-9fZ-FA-6Q7.nib ... 
2017-10-09 03:02:00 +0000  7712 bytes for ./Base.lproj/Main.storyboardc/BYZ-38-t0r-view-9fZ-FA-6Q7.nib
copying file ./Base.lproj/Main.storyboardc/FLa-MJ-yeU-view-IX7-LA-49i.nib ... 
2017-10-09 03:02:00 +0000  5300 bytes for ./Base.lproj/Main.storyboardc/FLa-MJ-yeU-view-IX7-LA-49i.nib
copying file ./Base.lproj/Main.storyboardc/hUj-tm-X23-view-s5M-Bq-OPM.nib ... 
2017-10-09 03:02:00 +0000  3914 bytes for ./Base.lproj/Main.storyboardc/hUj-tm-X23-view-s5M-Bq-OPM.nib
2017-10-09 03:02:00 +0000  copying file ./Base.lproj/Main.storyboardc/Info.plist ... 
2017-10-09 03:02:00 +0000  403 bytes for ./Base.lproj/Main.storyboardc/Info.plist
copying file ./Base.lproj/Main.storyboardc/ResultViewController.nib ... 
2017-10-09 03:02:00 +0000  1050 bytes for ./Base.lproj/Main.storyboardc/ResultViewController.nib
copying file ./Base.lproj/Main.storyboardc/UINavigationController-if8-TP-3c4.nib ... 
2017-10-09 03:02:00 +0000  2044 bytes for ./Base.lproj/Main.storyboardc/UINavigationController-if8-TP-3c4.nib
2017-10-09 03:02:00 +0000  copying file ./Base.lproj/Main.storyboardc/UIViewController-hUj-tm-X23.nib ... 
2017-10-09 03:02:00 +0000  1485 bytes for ./Base.lproj/Main.storyboardc/UIViewController-hUj-tm-X23.nib
2017-10-09 03:02:00 +0000  copying file ./embedded.mobileprovision ... 
2017-10-09 03:02:00 +0000  236171 bytes for ./embedded.mobileprovision
2017-10-09 03:02:00 +0000  copying file ./Frameworks/libswiftAVFoundation.dylib ... 
2017-10-09 03:02:00 +0000  482064 bytes for ./Frameworks/libswiftAVFoundation.dylib
copying file ./Frameworks/libswiftCore.dylib ... 
2017-10-09 03:02:00 +0000  21045712 bytes for ./Frameworks/libswiftCore.dylib
copying file ./Frameworks/libswiftCoreAudio.dylib ... 
2017-10-09 03:02:00 +0000  353856 bytes for ./Frameworks/libswiftCoreAudio.dylib
copying file ./Frameworks/libswiftCoreData.dylib ... 
361584 bytes for ./Frameworks/libswiftCoreData.dylib
copying file ./Frameworks/libswiftCoreFoundation.dylib ... 
208288 bytes for ./Frameworks/libswiftCoreFoundation.dylib
copying file ./Frameworks/libswiftCoreGraphics.dylib ... 
2017-10-09 03:02:00 +0000  577760 bytes for ./Frameworks/libswiftCoreGraphics.dylib
copying file ./Frameworks/libswiftCoreImage.dylib ... 
208864 bytes for ./Frameworks/libswiftCoreImage.dylib
copying file ./Frameworks/libswiftCoreLocation.dylib ... 
253296 bytes for ./Frameworks/libswiftCoreLocation.dylib
copying file ./Frameworks/libswiftCoreMedia.dylib ... 
253648 bytes for ./Frameworks/libswiftCoreMedia.dylib
copying file ./Frameworks/libswiftDarwin.dylib ... 
2017-10-09 03:02:00 +0000  303072 bytes for ./Frameworks/libswiftDarwin.dylib
copying file ./Frameworks/libswiftDispatch.dylib ... 
2017-10-09 03:02:00 +0000  1009248 bytes for ./Frameworks/libswiftDispatch.dylib
copying file ./Frameworks/libswiftFoundation.dylib ... 
2017-10-09 03:02:00 +0000  8525728 bytes for ./Frameworks/libswiftFoundation.dylib
copying file ./Frameworks/libswiftMetal.dylib ... 
2017-10-09 03:02:00 +0000  251248 bytes for ./Frameworks/libswiftMetal.dylib
copying file ./Frameworks/libswiftObjectiveC.dylib ... 
258944 bytes for ./Frameworks/libswiftObjectiveC.dylib
copying file ./Frameworks/libswiftos.dylib ... 
248912 bytes for ./Frameworks/libswiftos.dylib
copying file ./Frameworks/libswiftPhotos.dylib ... 
210640 bytes for ./Frameworks/libswiftPhotos.dylib
copying file ./Frameworks/libswiftQuartzCore.dylib ... 
212208 bytes for ./Frameworks/libswiftQuartzCore.dylib
copying file ./Frameworks/libswiftsimd.dylib ... 
2017-10-09 03:02:00 +0000  1361248 bytes for ./Frameworks/libswiftsimd.dylib
copying file ./Frameworks/libswiftUIKit.dylib ... 
2017-10-09 03:02:00 +0000  361488 bytes for ./Frameworks/libswiftUIKit.dylib
copying file ./Frameworks/MasterpassQRCoreSDK.framework/_CodeSignature/CodeResources ... 
2506 bytes for ./Frameworks/MasterpassQRCoreSDK.framework/_CodeSignature/CodeResources
copying file ./Frameworks/MasterpassQRCoreSDK.framework/Info.plist ... 
2017-10-09 03:02:00 +0000  735 bytes for ./Frameworks/MasterpassQRCoreSDK.framework/Info.plist
2017-10-09 03:02:00 +0000  copying file ./Frameworks/MasterpassQRCoreSDK.framework/MasterpassQRCoreSDK ... 
2017-10-09 03:02:00 +0000  583888 bytes for ./Frameworks/MasterpassQRCoreSDK.framework/MasterpassQRCoreSDK
copying file ./Frameworks/MasterpassQRCoreSDK.framework/strip-frameworks.sh ... 
2017-10-09 03:02:00 +0000  3230 bytes for ./Frameworks/MasterpassQRCoreSDK.framework/strip-frameworks.sh
2017-10-09 03:02:00 +0000  copying file ./Frameworks/MasterpassQRScanSDK.framework/_CodeSignature/CodeResources ... 
2017-10-09 03:02:00 +0000  2784 bytes for ./Frameworks/MasterpassQRScanSDK.framework/_CodeSignature/CodeResources
2017-10-09 03:02:00 +0000  copying file ./Frameworks/MasterpassQRScanSDK.framework/Assets.car ... 
2017-10-09 03:02:00 +0000  82504 bytes for ./Frameworks/MasterpassQRScanSDK.framework/Assets.car
2017-10-09 03:02:00 +0000  copying file ./Frameworks/MasterpassQRScanSDK.framework/Info.plist ... 
2017-10-09 03:02:00 +0000  735 bytes for ./Frameworks/MasterpassQRScanSDK.framework/Info.plist
copying file ./Frameworks/MasterpassQRScanSDK.framework/MasterpassQRScanSDK ... 
2017-10-09 03:02:00 +0000  404160 bytes for ./Frameworks/MasterpassQRScanSDK.framework/MasterpassQRScanSDK
copying file ./Frameworks/MasterpassQRScanSDK.framework/strip-frameworks.sh ... 
2017-10-09 03:02:00 +0000  3230 bytes for ./Frameworks/MasterpassQRScanSDK.framework/strip-frameworks.sh
2017-10-09 03:02:00 +0000  copying file ./Info.plist ... 
2017-10-09 03:02:00 +0000  1290 bytes for ./Info.plist
copying file ./MasterpassQR Demo ... 
2017-10-09 03:02:00 +0000  414480 bytes for ./MasterpassQR Demo
copying file ./PkgInfo ... 
2017-10-09 03:02:00 +0000  8 bytes for ./PkgInfo
2017-10-09 03:02:00 +0000  /usr/bin/ditto exited with 0
2017-10-09 03:02:00 +0000  Processing step: IDEDistributionEmbedProfileStep
2017-10-09 03:02:00 +0000  Skipping profile for item: <IDEDistributionItem: 0x7fbd2476e830 'com.mastercard.ios.MasterpassQRCoreSDK' '<DVTFilePath:0x7fbd2830f020:'/Users/amri/Library/Developer/Xcode/Archives/2017-10-09/MasterpassQR Demo 9-10-17, 10.59 AM.xcarchive/Products/Applications/MasterpassQR Demo.app/Frameworks/MasterpassQRCoreSDK.framework'>'>
2017-10-09 03:02:00 +0000  Skipping profile for item: <IDEDistributionItem: 0x7fbd42bd6800 'com.mastercard.ios.MasterpassQRScanSDK' '<DVTFilePath:0x7fbd28334750:'/Users/amri/Library/Developer/Xcode/Archives/2017-10-09/MasterpassQR Demo 9-10-17, 10.59 AM.xcarchive/Products/Applications/MasterpassQR Demo.app/Frameworks/MasterpassQRScanSDK.framework'>'>
2017-10-09 03:02:00 +0000  Skipping profile for item: <IDEDistributionItem: 0x7fbd3f8fa9e0 'com.apple.dt.runtime.swiftAVFoundation' '<DVTFilePath:0x7fbd2547da00:'/Users/amri/Library/Developer/Xcode/Archives/2017-10-09/MasterpassQR Demo 9-10-17, 10.59 AM.xcarchive/Products/Applications/MasterpassQR Demo.app/Frameworks/libswiftAVFoundation.dylib'>'>
2017-10-09 03:02:00 +0000  Skipping profile for item: <IDEDistributionItem: 0x7fbd2832fc70 'com.apple.dt.runtime.swiftCore' '<DVTFilePath:0x7fbd376b0010:'/Users/amri/Library/Developer/Xcode/Archives/2017-10-09/MasterpassQR Demo 9-10-17, 10.59 AM.xcarchive/Products/Applications/MasterpassQR Demo.app/Frameworks/libswiftCore.dylib'>'>
2017-10-09 03:02:00 +0000  Skipping profile for item: <IDEDistributionItem: 0x7fbd28359450 'com.apple.dt.runtime.swiftCoreAudio' '<DVTFilePath:0x7fbd3fa21910:'/Users/amri/Library/Developer/Xcode/Archives/2017-10-09/MasterpassQR Demo 9-10-17, 10.59 AM.xcarchive/Products/Applications/MasterpassQR Demo.app/Frameworks/libswiftCoreAudio.dylib'>'>
2017-10-09 03:02:00 +0000  Skipping profile for item: <IDEDistributionItem: 0x7fbd25e26810 'com.apple.dt.runtime.swiftCoreData' '<DVTFilePath:0x7fbd27f94d40:'/Users/amri/Library/Developer/Xcode/Archives/2017-10-09/MasterpassQR Demo 9-10-17, 10.59 AM.xcarchive/Products/Applications/MasterpassQR Demo.app/Frameworks/libswiftCoreData.dylib'>'>
2017-10-09 03:02:00 +0000  Skipping profile for item: <IDEDistributionItem: 0x7fbd28388510 'com.apple.dt.runtime.swiftCoreFoundation' '<DVTFilePath:0x7fbd27f0b600:'/Users/amri/Library/Developer/Xcode/Archives/2017-10-09/MasterpassQR Demo 9-10-17, 10.59 AM.xcarchive/Products/Applications/MasterpassQR Demo.app/Frameworks/libswiftCoreFoundation.dylib'>'>
2017-10-09 03:02:00 +0000  Skipping profile for item: <IDEDistributionItem: 0x7fbd25852970 'com.apple.dt.runtime.swiftCoreGraphics' '<DVTFilePath:0x7fbd28190a10:'/Users/amri/Library/Developer/Xcode/Archives/2017-10-09/MasterpassQR Demo 9-10-17, 10.59 AM.xcarchive/Products/Applications/MasterpassQR Demo.app/Frameworks/libswiftCoreGraphics.dylib'>'>
2017-10-09 03:02:00 +0000  Skipping profile for item: <IDEDistributionItem: 0x7fbd25003c60 'com.apple.dt.runtime.swiftCoreImage' '<DVTFilePath:0x7fbd25854440:'/Users/amri/Library/Developer/Xcode/Archives/2017-10-09/MasterpassQR Demo 9-10-17, 10.59 AM.xcarchive/Products/Applications/MasterpassQR Demo.app/Frameworks/libswiftCoreImage.dylib'>'>
2017-10-09 03:02:00 +0000  Skipping profile for item: <IDEDistributionItem: 0x7fbd3948fb30 'com.apple.dt.runtime.swiftCoreLocation' '<DVTFilePath:0x7fbd267248b0:'/Users/amri/Library/Developer/Xcode/Archives/2017-10-09/MasterpassQR Demo 9-10-17, 10.59 AM.xcarchive/Products/Applications/MasterpassQR Demo.app/Frameworks/libswiftCoreLocation.dylib'>'>
2017-10-09 03:02:00 +0000  Skipping profile for item: <IDEDistributionItem: 0x7fbd398f26b0 'com.apple.dt.runtime.swiftCoreMedia' '<DVTFilePath:0x7fbd27e6a120:'/Users/amri/Library/Developer/Xcode/Archives/2017-10-09/MasterpassQR Demo 9-10-17, 10.59 AM.xcarchive/Products/Applications/MasterpassQR Demo.app/Frameworks/libswiftCoreMedia.dylib'>'>
2017-10-09 03:02:00 +0000  Skipping profile for item: <IDEDistributionItem: 0x7fbd428f2750 'com.apple.dt.runtime.swiftDarwin' '<DVTFilePath:0x7fbd25247c80:'/Users/amri/Library/Developer/Xcode/Archives/2017-10-09/MasterpassQR Demo 9-10-17, 10.59 AM.xcarchive/Products/Applications/MasterpassQR Demo.app/Frameworks/libswiftDarwin.dylib'>'>
2017-10-09 03:02:00 +0000  Skipping profile for item: <IDEDistributionItem: 0x7fbd2531e970 'com.apple.dt.runtime.swiftDispatch' '<DVTFilePath:0x7fbd276261a0:'/Users/amri/Library/Developer/Xcode/Archives/2017-10-09/MasterpassQR Demo 9-10-17, 10.59 AM.xcarchive/Products/Applications/MasterpassQR Demo.app/Frameworks/libswiftDispatch.dylib'>'>
2017-10-09 03:02:00 +0000  Skipping profile for item: <IDEDistributionItem: 0x7fbd3ffdb140 'com.apple.dt.runtime.swiftFoundation' '<DVTFilePath:0x7fbd282139b0:'/Users/amri/Library/Developer/Xcode/Archives/2017-10-09/MasterpassQR Demo 9-10-17, 10.59 AM.xcarchive/Products/Applications/MasterpassQR Demo.app/Frameworks/libswiftFoundation.dylib'>'>
2017-10-09 03:02:00 +0000  Skipping profile for item: <IDEDistributionItem: 0x7fbd376a3fe0 'com.apple.dt.runtime.swiftMetal' '<DVTFilePath:0x7fbd26e10850:'/Users/amri/Library/Developer/Xcode/Archives/2017-10-09/MasterpassQR Demo 9-10-17, 10.59 AM.xcarchive/Products/Applications/MasterpassQR Demo.app/Frameworks/libswiftMetal.dylib'>'>
2017-10-09 03:02:00 +0000  Skipping profile for item: <IDEDistributionItem: 0x7fbd27800c10 'com.apple.dt.runtime.swiftObjectiveC' '<DVTFilePath:0x7fbd28283fa0:'/Users/amri/Library/Developer/Xcode/Archives/2017-10-09/MasterpassQR Demo 9-10-17, 10.59 AM.xcarchive/Products/Applications/MasterpassQR Demo.app/Frameworks/libswiftObjectiveC.dylib'>'>
2017-10-09 03:02:00 +0000  Skipping profile for item: <IDEDistributionItem: 0x7fbd25456350 'com.apple.dt.runtime.swiftPhotos' '<DVTFilePath:0x7fbd25ad4290:'/Users/amri/Library/Developer/Xcode/Archives/2017-10-09/MasterpassQR Demo 9-10-17, 10.59 AM.xcarchive/Products/Applications/MasterpassQR Demo.app/Frameworks/libswiftPhotos.dylib'>'>
2017-10-09 03:02:00 +0000  Skipping profile for item: <IDEDistributionItem: 0x7fbd25672300 'com.apple.dt.runtime.swiftQuartzCore' '<DVTFilePath:0x7fbd27ee1fc0:'/Users/amri/Library/Developer/Xcode/Archives/2017-10-09/MasterpassQR Demo 9-10-17, 10.59 AM.xcarchive/Products/Applications/MasterpassQR Demo.app/Frameworks/libswiftQuartzCore.dylib'>'>
2017-10-09 03:02:00 +0000  Skipping profile for item: <IDEDistributionItem: 0x7fbd282191e0 'com.apple.dt.runtime.swiftUIKit' '<DVTFilePath:0x7fbd27ee9820:'/Users/amri/Library/Developer/Xcode/Archives/2017-10-09/MasterpassQR Demo 9-10-17, 10.59 AM.xcarchive/Products/Applications/MasterpassQR Demo.app/Frameworks/libswiftUIKit.dylib'>'>
2017-10-09 03:02:00 +0000  Skipping profile for item: <IDEDistributionItem: 0x7fbd25832c80 'com.apple.dt.runtime.swiftos' '<DVTFilePath:0x7fbd429d44b0:'/Users/amri/Library/Developer/Xcode/Archives/2017-10-09/MasterpassQR Demo 9-10-17, 10.59 AM.xcarchive/Products/Applications/MasterpassQR Demo.app/Frameworks/libswiftos.dylib'>'>
2017-10-09 03:02:00 +0000  Skipping profile for item: <IDEDistributionItem: 0x7fbd39600340 'com.apple.dt.runtime.swiftsimd' '<DVTFilePath:0x7fbd28208a00:'/Users/amri/Library/Developer/Xcode/Archives/2017-10-09/MasterpassQR Demo 9-10-17, 10.59 AM.xcarchive/Products/Applications/MasterpassQR Demo.app/Frameworks/libswiftsimd.dylib'>'>
2017-10-09 03:02:00 +0000  Processing step: IDEDistributionAppThinningPlistStep
2017-10-09 03:02:00 +0000  Skipping step: IDEDistributionAppThinningPlistStep because it said so
2017-10-09 03:02:00 +0000  Processing step: IDEDistributionCompileBitcodeStep
2017-10-09 03:02:00 +0000  Skipping step: IDEDistributionCompileBitcodeStep because it said so
2017-10-09 03:02:00 +0000  Processing step: IDEDistributionCodeSlimmingStep
2017-10-09 03:02:00 +0000  Processing step: IDEDistributionCopyBCSymbolMapsStep
2017-10-09 03:02:00 +0000  Skipping step: IDEDistributionCopyBCSymbolMapsStep because it said so
2017-10-09 03:02:00 +0000  Skipping step: IDEDistributionCopyBCSymbolMapsStep because it said so
2017-10-09 03:02:00 +0000  Skipping step: IDEDistributionCopyBCSymbolMapsStep because it said so
2017-10-09 03:02:00 +0000  Skipping step: IDEDistributionCopyBCSymbolMapsStep because it said so
2017-10-09 03:02:00 +0000  Skipping step: IDEDistributionCopyBCSymbolMapsStep because it said so
2017-10-09 03:02:00 +0000  Skipping step: IDEDistributionCopyBCSymbolMapsStep because it said so
2017-10-09 03:02:00 +0000  Skipping step: IDEDistributionCopyBCSymbolMapsStep because it said so
2017-10-09 03:02:00 +0000  Skipping step: IDEDistributionCopyBCSymbolMapsStep because it said so
2017-10-09 03:02:00 +0000  Skipping step: IDEDistributionCopyBCSymbolMapsStep because it said so
2017-10-09 03:02:00 +0000  Skipping step: IDEDistributionCopyBCSymbolMapsStep because it said so
2017-10-09 03:02:00 +0000  Skipping step: IDEDistributionCopyBCSymbolMapsStep because it said so
2017-10-09 03:02:00 +0000  Skipping step: IDEDistributionCopyBCSymbolMapsStep because it said so
2017-10-09 03:02:00 +0000  Skipping step: IDEDistributionCopyBCSymbolMapsStep because it said so
2017-10-09 03:02:00 +0000  Skipping step: IDEDistributionCopyBCSymbolMapsStep because it said so
2017-10-09 03:02:00 +0000  Skipping step: IDEDistributionCopyBCSymbolMapsStep because it said so
2017-10-09 03:02:00 +0000  Skipping step: IDEDistributionCopyBCSymbolMapsStep because it said so
2017-10-09 03:02:00 +0000  Skipping step: IDEDistributionCopyBCSymbolMapsStep because it said so
2017-10-09 03:02:00 +0000  Skipping step: IDEDistributionCopyBCSymbolMapsStep because it said so
2017-10-09 03:02:00 +0000  Skipping step: IDEDistributionCopyBCSymbolMapsStep because it said so
2017-10-09 03:02:00 +0000  Skipping step: IDEDistributionCopyBCSymbolMapsStep because it said so
2017-10-09 03:02:00 +0000  Skipping step: IDEDistributionCopyBCSymbolMapsStep because it said so
2017-10-09 03:02:00 +0000  Skipping step: IDEDistributionCopyBCSymbolMapsStep because it said so
2017-10-09 03:02:00 +0000  Processing step: IDEDistributionSymbolsStep
2017-10-09 03:02:00 +0000  Skipping step: IDEDistributionSymbolsStep because it said so
2017-10-09 03:02:00 +0000  Skipping step: IDEDistributionSymbolsStep because it said so
2017-10-09 03:02:00 +0000  Skipping step: IDEDistributionSymbolsStep because it said so
2017-10-09 03:02:00 +0000  Skipping step: IDEDistributionSymbolsStep because it said so
2017-10-09 03:02:00 +0000  Skipping step: IDEDistributionSymbolsStep because it said so
2017-10-09 03:02:00 +0000  Skipping step: IDEDistributionSymbolsStep because it said so
2017-10-09 03:02:00 +0000  Skipping step: IDEDistributionSymbolsStep because it said so
2017-10-09 03:02:00 +0000  Skipping step: IDEDistributionSymbolsStep because it said so
2017-10-09 03:02:00 +0000  Skipping step: IDEDistributionSymbolsStep because it said so
2017-10-09 03:02:00 +0000  Skipping step: IDEDistributionSymbolsStep because it said so
2017-10-09 03:02:00 +0000  Skipping step: IDEDistributionSymbolsStep because it said so
2017-10-09 03:02:00 +0000  Skipping step: IDEDistributionSymbolsStep because it said so
2017-10-09 03:02:00 +0000  Skipping step: IDEDistributionSymbolsStep because it said so
2017-10-09 03:02:00 +0000  Skipping step: IDEDistributionSymbolsStep because it said so
2017-10-09 03:02:00 +0000  Skipping step: IDEDistributionSymbolsStep because it said so
2017-10-09 03:02:00 +0000  Skipping step: IDEDistributionSymbolsStep because it said so
2017-10-09 03:02:00 +0000  Skipping step: IDEDistributionSymbolsStep because it said so
2017-10-09 03:02:00 +0000  Skipping step: IDEDistributionSymbolsStep because it said so
2017-10-09 03:02:00 +0000  Skipping step: IDEDistributionSymbolsStep because it said so
2017-10-09 03:02:00 +0000  Skipping step: IDEDistributionSymbolsStep because it said so
2017-10-09 03:02:00 +0000  Skipping step: IDEDistributionSymbolsStep because it said so
2017-10-09 03:02:00 +0000  Skipping step: IDEDistributionSymbolsStep because it said so
2017-10-09 03:02:00 +0000  Processing step: IDEDistributionAppThinningStep
2017-10-09 03:02:00 +0000  Skipping step: IDEDistributionAppThinningStep because it said so
2017-10-09 03:02:00 +0000  Processing step: IDEDistributionODRStep
2017-10-09 03:02:00 +0000  Processing step: IDEDistributionStripXattrsStep
2017-10-09 03:02:00 +0000  Skipping stripping extended attributes of item: <IDEDistributionItem: 0x7fbd2476e830 'com.mastercard.ios.MasterpassQRCoreSDK' '<DVTFilePath:0x7fbd2830f020:'/Users/amri/Library/Developer/Xcode/Archives/2017-10-09/MasterpassQR Demo 9-10-17, 10.59 AM.xcarchive/Products/Applications/MasterpassQR Demo.app/Frameworks/MasterpassQRCoreSDK.framework'>'>
2017-10-09 03:02:01 +0000  Skipping stripping extended attributes of item: <IDEDistributionItem: 0x7fbd42bd6800 'com.mastercard.ios.MasterpassQRScanSDK' '<DVTFilePath:0x7fbd28334750:'/Users/amri/Library/Developer/Xcode/Archives/2017-10-09/MasterpassQR Demo 9-10-17, 10.59 AM.xcarchive/Products/Applications/MasterpassQR Demo.app/Frameworks/MasterpassQRScanSDK.framework'>'>
2017-10-09 03:02:01 +0000  Skipping stripping extended attributes of item: <IDEDistributionItem: 0x7fbd3f8fa9e0 'com.apple.dt.runtime.swiftAVFoundation' '<DVTFilePath:0x7fbd2547da00:'/Users/amri/Library/Developer/Xcode/Archives/2017-10-09/MasterpassQR Demo 9-10-17, 10.59 AM.xcarchive/Products/Applications/MasterpassQR Demo.app/Frameworks/libswiftAVFoundation.dylib'>'>
2017-10-09 03:02:01 +0000  Skipping stripping extended attributes of item: <IDEDistributionItem: 0x7fbd2832fc70 'com.apple.dt.runtime.swiftCore' '<DVTFilePath:0x7fbd376b0010:'/Users/amri/Library/Developer/Xcode/Archives/2017-10-09/MasterpassQR Demo 9-10-17, 10.59 AM.xcarchive/Products/Applications/MasterpassQR Demo.app/Frameworks/libswiftCore.dylib'>'>
2017-10-09 03:02:01 +0000  Skipping stripping extended attributes of item: <IDEDistributionItem: 0x7fbd28359450 'com.apple.dt.runtime.swiftCoreAudio' '<DVTFilePath:0x7fbd3fa21910:'/Users/amri/Library/Developer/Xcode/Archives/2017-10-09/MasterpassQR Demo 9-10-17, 10.59 AM.xcarchive/Products/Applications/MasterpassQR Demo.app/Frameworks/libswiftCoreAudio.dylib'>'>
2017-10-09 03:02:01 +0000  Skipping stripping extended attributes of item: <IDEDistributionItem: 0x7fbd25e26810 'com.apple.dt.runtime.swiftCoreData' '<DVTFilePath:0x7fbd27f94d40:'/Users/amri/Library/Developer/Xcode/Archives/2017-10-09/MasterpassQR Demo 9-10-17, 10.59 AM.xcarchive/Products/Applications/MasterpassQR Demo.app/Frameworks/libswiftCoreData.dylib'>'>
2017-10-09 03:02:01 +0000  Skipping stripping extended attributes of item: <IDEDistributionItem: 0x7fbd28388510 'com.apple.dt.runtime.swiftCoreFoundation' '<DVTFilePath:0x7fbd27f0b600:'/Users/amri/Library/Developer/Xcode/Archives/2017-10-09/MasterpassQR Demo 9-10-17, 10.59 AM.xcarchive/Products/Applications/MasterpassQR Demo.app/Frameworks/libswiftCoreFoundation.dylib'>'>
2017-10-09 03:02:01 +0000  Skipping stripping extended attributes of item: <IDEDistributionItem: 0x7fbd25852970 'com.apple.dt.runtime.swiftCoreGraphics' '<DVTFilePath:0x7fbd28190a10:'/Users/amri/Library/Developer/Xcode/Archives/2017-10-09/MasterpassQR Demo 9-10-17, 10.59 AM.xcarchive/Products/Applications/MasterpassQR Demo.app/Frameworks/libswiftCoreGraphics.dylib'>'>
2017-10-09 03:02:01 +0000  Skipping stripping extended attributes of item: <IDEDistributionItem: 0x7fbd25003c60 'com.apple.dt.runtime.swiftCoreImage' '<DVTFilePath:0x7fbd25854440:'/Users/amri/Library/Developer/Xcode/Archives/2017-10-09/MasterpassQR Demo 9-10-17, 10.59 AM.xcarchive/Products/Applications/MasterpassQR Demo.app/Frameworks/libswiftCoreImage.dylib'>'>
2017-10-09 03:02:01 +0000  Skipping stripping extended attributes of item: <IDEDistributionItem: 0x7fbd3948fb30 'com.apple.dt.runtime.swiftCoreLocation' '<DVTFilePath:0x7fbd267248b0:'/Users/amri/Library/Developer/Xcode/Archives/2017-10-09/MasterpassQR Demo 9-10-17, 10.59 AM.xcarchive/Products/Applications/MasterpassQR Demo.app/Frameworks/libswiftCoreLocation.dylib'>'>
2017-10-09 03:02:01 +0000  Skipping stripping extended attributes of item: <IDEDistributionItem: 0x7fbd398f26b0 'com.apple.dt.runtime.swiftCoreMedia' '<DVTFilePath:0x7fbd27e6a120:'/Users/amri/Library/Developer/Xcode/Archives/2017-10-09/MasterpassQR Demo 9-10-17, 10.59 AM.xcarchive/Products/Applications/MasterpassQR Demo.app/Frameworks/libswiftCoreMedia.dylib'>'>
2017-10-09 03:02:01 +0000  Skipping stripping extended attributes of item: <IDEDistributionItem: 0x7fbd428f2750 'com.apple.dt.runtime.swiftDarwin' '<DVTFilePath:0x7fbd25247c80:'/Users/amri/Library/Developer/Xcode/Archives/2017-10-09/MasterpassQR Demo 9-10-17, 10.59 AM.xcarchive/Products/Applications/MasterpassQR Demo.app/Frameworks/libswiftDarwin.dylib'>'>
2017-10-09 03:02:01 +0000  Skipping stripping extended attributes of item: <IDEDistributionItem: 0x7fbd2531e970 'com.apple.dt.runtime.swiftDispatch' '<DVTFilePath:0x7fbd276261a0:'/Users/amri/Library/Developer/Xcode/Archives/2017-10-09/MasterpassQR Demo 9-10-17, 10.59 AM.xcarchive/Products/Applications/MasterpassQR Demo.app/Frameworks/libswiftDispatch.dylib'>'>
2017-10-09 03:02:01 +0000  Skipping stripping extended attributes of item: <IDEDistributionItem: 0x7fbd3ffdb140 'com.apple.dt.runtime.swiftFoundation' '<DVTFilePath:0x7fbd282139b0:'/Users/amri/Library/Developer/Xcode/Archives/2017-10-09/MasterpassQR Demo 9-10-17, 10.59 AM.xcarchive/Products/Applications/MasterpassQR Demo.app/Frameworks/libswiftFoundation.dylib'>'>
2017-10-09 03:02:01 +0000  Skipping stripping extended attributes of item: <IDEDistributionItem: 0x7fbd376a3fe0 'com.apple.dt.runtime.swiftMetal' '<DVTFilePath:0x7fbd26e10850:'/Users/amri/Library/Developer/Xcode/Archives/2017-10-09/MasterpassQR Demo 9-10-17, 10.59 AM.xcarchive/Products/Applications/MasterpassQR Demo.app/Frameworks/libswiftMetal.dylib'>'>
2017-10-09 03:02:01 +0000  Skipping stripping extended attributes of item: <IDEDistributionItem: 0x7fbd27800c10 'com.apple.dt.runtime.swiftObjectiveC' '<DVTFilePath:0x7fbd28283fa0:'/Users/amri/Library/Developer/Xcode/Archives/2017-10-09/MasterpassQR Demo 9-10-17, 10.59 AM.xcarchive/Products/Applications/MasterpassQR Demo.app/Frameworks/libswiftObjectiveC.dylib'>'>
2017-10-09 03:02:01 +0000  Skipping stripping extended attributes of item: <IDEDistributionItem: 0x7fbd25456350 'com.apple.dt.runtime.swiftPhotos' '<DVTFilePath:0x7fbd25ad4290:'/Users/amri/Library/Developer/Xcode/Archives/2017-10-09/MasterpassQR Demo 9-10-17, 10.59 AM.xcarchive/Products/Applications/MasterpassQR Demo.app/Frameworks/libswiftPhotos.dylib'>'>
2017-10-09 03:02:01 +0000  Skipping stripping extended attributes of item: <IDEDistributionItem: 0x7fbd25672300 'com.apple.dt.runtime.swiftQuartzCore' '<DVTFilePath:0x7fbd27ee1fc0:'/Users/amri/Library/Developer/Xcode/Archives/2017-10-09/MasterpassQR Demo 9-10-17, 10.59 AM.xcarchive/Products/Applications/MasterpassQR Demo.app/Frameworks/libswiftQuartzCore.dylib'>'>
2017-10-09 03:02:01 +0000  Skipping stripping extended attributes of item: <IDEDistributionItem: 0x7fbd282191e0 'com.apple.dt.runtime.swiftUIKit' '<DVTFilePath:0x7fbd27ee9820:'/Users/amri/Library/Developer/Xcode/Archives/2017-10-09/MasterpassQR Demo 9-10-17, 10.59 AM.xcarchive/Products/Applications/MasterpassQR Demo.app/Frameworks/libswiftUIKit.dylib'>'>
2017-10-09 03:02:01 +0000  Skipping stripping extended attributes of item: <IDEDistributionItem: 0x7fbd25832c80 'com.apple.dt.runtime.swiftos' '<DVTFilePath:0x7fbd429d44b0:'/Users/amri/Library/Developer/Xcode/Archives/2017-10-09/MasterpassQR Demo 9-10-17, 10.59 AM.xcarchive/Products/Applications/MasterpassQR Demo.app/Frameworks/libswiftos.dylib'>'>
2017-10-09 03:02:01 +0000  Skipping stripping extended attributes of item: <IDEDistributionItem: 0x7fbd39600340 'com.apple.dt.runtime.swiftsimd' '<DVTFilePath:0x7fbd28208a00:'/Users/amri/Library/Developer/Xcode/Archives/2017-10-09/MasterpassQR Demo 9-10-17, 10.59 AM.xcarchive/Products/Applications/MasterpassQR Demo.app/Frameworks/libswiftsimd.dylib'>'>
2017-10-09 03:02:01 +0000  Running /usr/bin/xattr '-cr' '/var/folders/9k/16d2bz8x33g22q2dn3nc7nyr0000gn/T/XcodeDistPipeline.q5C/Root/Payload/MasterpassQR Demo.app'
2017-10-09 03:02:01 +0000  /usr/bin/xattr exited with 0
2017-10-09 03:02:01 +0000  Processing step: IDEDistributionCodesignStep
2017-10-09 03:02:01 +0000  Applying entitlements delta for <IDEDistributionItem: 0x7fbd2476e830 'com.mastercard.ios.MasterpassQRCoreSDK' '<DVTFilePath:0x7fbd2830f020:'/Users/amri/Library/Developer/Xcode/Archives/2017-10-09/MasterpassQR Demo 9-10-17, 10.59 AM.xcarchive/Products/Applications/MasterpassQR Demo.app/Frameworks/MasterpassQRCoreSDK.framework'>'> from <IDEiCloudEntitlementsProcessor: 0x7fbd2587f3d0>: {
}
2017-10-09 03:02:01 +0000  Entitlements for <IDEDistributionItem: 0x7fbd2476e830 'com.mastercard.ios.MasterpassQRCoreSDK' '<DVTFilePath:0x7fbd2830f020:'/Users/amri/Library/Developer/Xcode/Archives/2017-10-09/MasterpassQR Demo 9-10-17, 10.59 AM.xcarchive/Products/Applications/MasterpassQR Demo.app/Frameworks/MasterpassQRCoreSDK.framework'>'>: {
}
2017-10-09 03:02:01 +0000  Writing entitlements for <IDEDistributionItem: 0x7fbd2476e830 'com.mastercard.ios.MasterpassQRCoreSDK' '<DVTFilePath:0x7fbd2830f020:'/Users/amri/Library/Developer/Xcode/Archives/2017-10-09/MasterpassQR Demo 9-10-17, 10.59 AM.xcarchive/Products/Applications/MasterpassQR Demo.app/Frameworks/MasterpassQRCoreSDK.framework'>'> to: /var/folders/9k/16d2bz8x33g22q2dn3nc7nyr0000gn/T/XcodeDistPipeline.q5C/entitlementsvtjlCS
2017-10-09 03:02:01 +0000  Running /usr/bin/codesign '-vvv' '--force' '--sign' 'CB9884B82F3F83493389714E86E4CF3B13C269C9' '--preserve-metadata=identifier,flags' '--entitlements' '/var/folders/9k/16d2bz8x33g22q2dn3nc7nyr0000gn/T/XcodeDistPipeline.q5C/entitlementsvtjlCS' '/var/folders/9k/16d2bz8x33g22q2dn3nc7nyr0000gn/T/XcodeDistPipeline.q5C/Root/Payload/MasterpassQR Demo.app/Frameworks/MasterpassQRCoreSDK.framework'
2017-10-09 03:02:01 +0000  /var/folders/9k/16d2bz8x33g22q2dn3nc7nyr0000gn/T/XcodeDistPipeline.q5C/Root/Payload/MasterpassQR Demo.app/Frameworks/MasterpassQRCoreSDK.framework: replacing existing signature
2017-10-09 03:02:01 +0000  /var/folders/9k/16d2bz8x33g22q2dn3nc7nyr0000gn/T/XcodeDistPipeline.q5C/Root/Payload/MasterpassQR Demo.app/Frameworks/MasterpassQRCoreSDK.framework: signed bundle with Mach-O universal (armv7 arm64) [com.mastercard.ios.MasterpassQRCoreSDK]
2017-10-09 03:02:01 +0000  /usr/bin/codesign exited with 0
2017-10-09 03:02:01 +0000  Applying entitlements delta for <IDEDistributionItem: 0x7fbd42bd6800 'com.mastercard.ios.MasterpassQRScanSDK' '<DVTFilePath:0x7fbd28334750:'/Users/amri/Library/Developer/Xcode/Archives/2017-10-09/MasterpassQR Demo 9-10-17, 10.59 AM.xcarchive/Products/Applications/MasterpassQR Demo.app/Frameworks/MasterpassQRScanSDK.framework'>'> from <IDEiCloudEntitlementsProcessor: 0x7fbd42ca7a70>: {
}
2017-10-09 03:02:01 +0000  Entitlements for <IDEDistributionItem: 0x7fbd42bd6800 'com.mastercard.ios.MasterpassQRScanSDK' '<DVTFilePath:0x7fbd28334750:'/Users/amri/Library/Developer/Xcode/Archives/2017-10-09/MasterpassQR Demo 9-10-17, 10.59 AM.xcarchive/Products/Applications/MasterpassQR Demo.app/Frameworks/MasterpassQRScanSDK.framework'>'>: {
}
2017-10-09 03:02:01 +0000  Writing entitlements for <IDEDistributionItem: 0x7fbd42bd6800 'com.mastercard.ios.MasterpassQRScanSDK' '<DVTFilePath:0x7fbd28334750:'/Users/amri/Library/Developer/Xcode/Archives/2017-10-09/MasterpassQR Demo 9-10-17, 10.59 AM.xcarchive/Products/Applications/MasterpassQR Demo.app/Frameworks/MasterpassQRScanSDK.framework'>'> to: /var/folders/9k/16d2bz8x33g22q2dn3nc7nyr0000gn/T/XcodeDistPipeline.q5C/entitlementsSzofmt
2017-10-09 03:02:01 +0000  Running /usr/bin/codesign '-vvv' '--force' '--sign' 'CB9884B82F3F83493389714E86E4CF3B13C269C9' '--preserve-metadata=identifier,flags' '--entitlements' '/var/folders/9k/16d2bz8x33g22q2dn3nc7nyr0000gn/T/XcodeDistPipeline.q5C/entitlementsSzofmt' '/var/folders/9k/16d2bz8x33g22q2dn3nc7nyr0000gn/T/XcodeDistPipeline.q5C/Root/Payload/MasterpassQR Demo.app/Frameworks/MasterpassQRScanSDK.framework'
2017-10-09 03:02:01 +0000  /var/folders/9k/16d2bz8x33g22q2dn3nc7nyr0000gn/T/XcodeDistPipeline.q5C/Root/Payload/MasterpassQR Demo.app/Frameworks/MasterpassQRScanSDK.framework: replacing existing signature
2017-10-09 03:02:01 +0000  /var/folders/9k/16d2bz8x33g22q2dn3nc7nyr0000gn/T/XcodeDistPipeline.q5C/Root/Payload/MasterpassQR Demo.app/Frameworks/MasterpassQRScanSDK.framework: signed bundle with Mach-O universal (armv7 arm64) [com.mastercard.ios.MasterpassQRScanSDK]
2017-10-09 03:02:01 +0000  /usr/bin/codesign exited with 0
2017-10-09 03:02:01 +0000  Applying entitlements delta for <IDEDistributionItem: 0x7fbd3f8fa9e0 'com.apple.dt.runtime.swiftAVFoundation' '<DVTFilePath:0x7fbd2547da00:'/Users/amri/Library/Developer/Xcode/Archives/2017-10-09/MasterpassQR Demo 9-10-17, 10.59 AM.xcarchive/Products/Applications/MasterpassQR Demo.app/Frameworks/libswiftAVFoundation.dylib'>'> from <IDEiCloudEntitlementsProcessor: 0x7fbd2835f930>: {
}
2017-10-09 03:02:01 +0000  Entitlements for <IDEDistributionItem: 0x7fbd3f8fa9e0 'com.apple.dt.runtime.swiftAVFoundation' '<DVTFilePath:0x7fbd2547da00:'/Users/amri/Library/Developer/Xcode/Archives/2017-10-09/MasterpassQR Demo 9-10-17, 10.59 AM.xcarchive/Products/Applications/MasterpassQR Demo.app/Frameworks/libswiftAVFoundation.dylib'>'>: {
}
2017-10-09 03:02:01 +0000  Writing entitlements for <IDEDistributionItem: 0x7fbd3f8fa9e0 'com.apple.dt.runtime.swiftAVFoundation' '<DVTFilePath:0x7fbd2547da00:'/Users/amri/Library/Developer/Xcode/Archives/2017-10-09/MasterpassQR Demo 9-10-17, 10.59 AM.xcarchive/Products/Applications/MasterpassQR Demo.app/Frameworks/libswiftAVFoundation.dylib'>'> to: /var/folders/9k/16d2bz8x33g22q2dn3nc7nyr0000gn/T/XcodeDistPipeline.q5C/entitlementsx7Fxed
2017-10-09 03:02:01 +0000  Running /usr/bin/codesign '-vvv' '--force' '--sign' 'CB9884B82F3F83493389714E86E4CF3B13C269C9' '--preserve-metadata=identifier,flags' '--entitlements' '/var/folders/9k/16d2bz8x33g22q2dn3nc7nyr0000gn/T/XcodeDistPipeline.q5C/entitlementsx7Fxed' '/var/folders/9k/16d2bz8x33g22q2dn3nc7nyr0000gn/T/XcodeDistPipeline.q5C/Root/Payload/MasterpassQR Demo.app/Frameworks/libswiftAVFoundation.dylib'
2017-10-09 03:02:01 +0000  /var/folders/9k/16d2bz8x33g22q2dn3nc7nyr0000gn/T/XcodeDistPipeline.q5C/Root/Payload/MasterpassQR Demo.app/Frameworks/libswiftAVFoundation.dylib: replacing existing signature
2017-10-09 03:02:01 +0000  /var/folders/9k/16d2bz8x33g22q2dn3nc7nyr0000gn/T/XcodeDistPipeline.q5C/Root/Payload/MasterpassQR Demo.app/Frameworks/libswiftAVFoundation.dylib: signed Mach-O universal (armv7 armv7s arm64) [com.apple.dt.runtime.swiftAVFoundation]
2017-10-09 03:02:01 +0000  /usr/bin/codesign exited with 0
2017-10-09 03:02:01 +0000  Applying entitlements delta for <IDEDistributionItem: 0x7fbd2832fc70 'com.apple.dt.runtime.swiftCore' '<DVTFilePath:0x7fbd376b0010:'/Users/amri/Library/Developer/Xcode/Archives/2017-10-09/MasterpassQR Demo 9-10-17, 10.59 AM.xcarchive/Products/Applications/MasterpassQR Demo.app/Frameworks/libswiftCore.dylib'>'> from <IDEiCloudEntitlementsProcessor: 0x7fbd25323d50>: {
}
2017-10-09 03:02:01 +0000  Entitlements for <IDEDistributionItem: 0x7fbd2832fc70 'com.apple.dt.runtime.swiftCore' '<DVTFilePath:0x7fbd376b0010:'/Users/amri/Library/Developer/Xcode/Archives/2017-10-09/MasterpassQR Demo 9-10-17, 10.59 AM.xcarchive/Products/Applications/MasterpassQR Demo.app/Frameworks/libswiftCore.dylib'>'>: {
}
2017-10-09 03:02:01 +0000  Writing entitlements for <IDEDistributionItem: 0x7fbd2832fc70 'com.apple.dt.runtime.swiftCore' '<DVTFilePath:0x7fbd376b0010:'/Users/amri/Library/Developer/Xcode/Archives/2017-10-09/MasterpassQR Demo 9-10-17, 10.59 AM.xcarchive/Products/Applications/MasterpassQR Demo.app/Frameworks/libswiftCore.dylib'>'> to: /var/folders/9k/16d2bz8x33g22q2dn3nc7nyr0000gn/T/XcodeDistPipeline.q5C/entitlementseYz6Va
2017-10-09 03:02:01 +0000  Running /usr/bin/codesign '-vvv' '--force' '--sign' 'CB9884B82F3F83493389714E86E4CF3B13C269C9' '--preserve-metadata=identifier,flags' '--entitlements' '/var/folders/9k/16d2bz8x33g22q2dn3nc7nyr0000gn/T/XcodeDistPipeline.q5C/entitlementseYz6Va' '/var/folders/9k/16d2bz8x33g22q2dn3nc7nyr0000gn/T/XcodeDistPipeline.q5C/Root/Payload/MasterpassQR Demo.app/Frameworks/libswiftCore.dylib'
2017-10-09 03:02:01 +0000  /var/folders/9k/16d2bz8x33g22q2dn3nc7nyr0000gn/T/XcodeDistPipeline.q5C/Root/Payload/MasterpassQR Demo.app/Frameworks/libswiftCore.dylib: replacing existing signature
2017-10-09 03:02:02 +0000  /var/folders/9k/16d2bz8x33g22q2dn3nc7nyr0000gn/T/XcodeDistPipeline.q5C/Root/Payload/MasterpassQR Demo.app/Frameworks/libswiftCore.dylib: signed Mach-O universal (armv7 armv7s arm64) [com.apple.dt.runtime.swiftCore]
2017-10-09 03:02:02 +0000  /usr/bin/codesign exited with 0
2017-10-09 03:02:02 +0000  Applying entitlements delta for <IDEDistributionItem: 0x7fbd28359450 'com.apple.dt.runtime.swiftCoreAudio' '<DVTFilePath:0x7fbd3fa21910:'/Users/amri/Library/Developer/Xcode/Archives/2017-10-09/MasterpassQR Demo 9-10-17, 10.59 AM.xcarchive/Products/Applications/MasterpassQR Demo.app/Frameworks/libswiftCoreAudio.dylib'>'> from <IDEiCloudEntitlementsProcessor: 0x7fbd28048f30>: {
}
2017-10-09 03:02:02 +0000  Entitlements for <IDEDistributionItem: 0x7fbd28359450 'com.apple.dt.runtime.swiftCoreAudio' '<DVTFilePath:0x7fbd3fa21910:'/Users/amri/Library/Developer/Xcode/Archives/2017-10-09/MasterpassQR Demo 9-10-17, 10.59 AM.xcarchive/Products/Applications/MasterpassQR Demo.app/Frameworks/libswiftCoreAudio.dylib'>'>: {
}
2017-10-09 03:02:02 +0000  Writing entitlements for <IDEDistributionItem: 0x7fbd28359450 'com.apple.dt.runtime.swiftCoreAudio' '<DVTFilePath:0x7fbd3fa21910:'/Users/amri/Library/Developer/Xcode/Archives/2017-10-09/MasterpassQR Demo 9-10-17, 10.59 AM.xcarchive/Products/Applications/MasterpassQR Demo.app/Frameworks/libswiftCoreAudio.dylib'>'> to: /var/folders/9k/16d2bz8x33g22q2dn3nc7nyr0000gn/T/XcodeDistPipeline.q5C/entitlements7OtET6
2017-10-09 03:02:02 +0000  Running /usr/bin/codesign '-vvv' '--force' '--sign' 'CB9884B82F3F83493389714E86E4CF3B13C269C9' '--preserve-metadata=identifier,flags' '--entitlements' '/var/folders/9k/16d2bz8x33g22q2dn3nc7nyr0000gn/T/XcodeDistPipeline.q5C/entitlements7OtET6' '/var/folders/9k/16d2bz8x33g22q2dn3nc7nyr0000gn/T/XcodeDistPipeline.q5C/Root/Payload/MasterpassQR Demo.app/Frameworks/libswiftCoreAudio.dylib'
2017-10-09 03:02:02 +0000  /var/folders/9k/16d2bz8x33g22q2dn3nc7nyr0000gn/T/XcodeDistPipeline.q5C/Root/Payload/MasterpassQR Demo.app/Frameworks/libswiftCoreAudio.dylib: replacing existing signature
2017-10-09 03:02:02 +0000  /var/folders/9k/16d2bz8x33g22q2dn3nc7nyr0000gn/T/XcodeDistPipeline.q5C/Root/Payload/MasterpassQR Demo.app/Frameworks/libswiftCoreAudio.dylib: signed Mach-O universal (armv7 armv7s arm64) [com.apple.dt.runtime.swiftCoreAudio]
2017-10-09 03:02:02 +0000  /usr/bin/codesign exited with 0
2017-10-09 03:02:02 +0000  Applying entitlements delta for <IDEDistributionItem: 0x7fbd25e26810 'com.apple.dt.runtime.swiftCoreData' '<DVTFilePath:0x7fbd27f94d40:'/Users/amri/Library/Developer/Xcode/Archives/2017-10-09/MasterpassQR Demo 9-10-17, 10.59 AM.xcarchive/Products/Applications/MasterpassQR Demo.app/Frameworks/libswiftCoreData.dylib'>'> from <IDEiCloudEntitlementsProcessor: 0x7fbd2804df20>: {
}
2017-10-09 03:02:02 +0000  Entitlements for <IDEDistributionItem: 0x7fbd25e26810 'com.apple.dt.runtime.swiftCoreData' '<DVTFilePath:0x7fbd27f94d40:'/Users/amri/Library/Developer/Xcode/Archives/2017-10-09/MasterpassQR Demo 9-10-17, 10.59 AM.xcarchive/Products/Applications/MasterpassQR Demo.app/Frameworks/libswiftCoreData.dylib'>'>: {
}
2017-10-09 03:02:02 +0000  Writing entitlements for <IDEDistributionItem: 0x7fbd25e26810 'com.apple.dt.runtime.swiftCoreData' '<DVTFilePath:0x7fbd27f94d40:'/Users/amri/Library/Developer/Xcode/Archives/2017-10-09/MasterpassQR Demo 9-10-17, 10.59 AM.xcarchive/Products/Applications/MasterpassQR Demo.app/Frameworks/libswiftCoreData.dylib'>'> to: /var/folders/9k/16d2bz8x33g22q2dn3nc7nyr0000gn/T/XcodeDistPipeline.q5C/entitlementspHZh6r
2017-10-09 03:02:02 +0000  Running /usr/bin/codesign '-vvv' '--force' '--sign' 'CB9884B82F3F83493389714E86E4CF3B13C269C9' '--preserve-metadata=identifier,flags' '--entitlements' '/var/folders/9k/16d2bz8x33g22q2dn3nc7nyr0000gn/T/XcodeDistPipeline.q5C/entitlementspHZh6r' '/var/folders/9k/16d2bz8x33g22q2dn3nc7nyr0000gn/T/XcodeDistPipeline.q5C/Root/Payload/MasterpassQR Demo.app/Frameworks/libswiftCoreData.dylib'
2017-10-09 03:02:02 +0000  /var/folders/9k/16d2bz8x33g22q2dn3nc7nyr0000gn/T/XcodeDistPipeline.q5C/Root/Payload/MasterpassQR Demo.app/Frameworks/libswiftCoreData.dylib: replacing existing signature
2017-10-09 03:02:02 +0000  /var/folders/9k/16d2bz8x33g22q2dn3nc7nyr0000gn/T/XcodeDistPipeline.q5C/Root/Payload/MasterpassQR Demo.app/Frameworks/libswiftCoreData.dylib: signed Mach-O universal (armv7 armv7s arm64) [com.apple.dt.runtime.swiftCoreData]
2017-10-09 03:02:02 +0000  /usr/bin/codesign exited with 0
2017-10-09 03:02:02 +0000  Applying entitlements delta for <IDEDistributionItem: 0x7fbd28388510 'com.apple.dt.runtime.swiftCoreFoundation' '<DVTFilePath:0x7fbd27f0b600:'/Users/amri/Library/Developer/Xcode/Archives/2017-10-09/MasterpassQR Demo 9-10-17, 10.59 AM.xcarchive/Products/Applications/MasterpassQR Demo.app/Frameworks/libswiftCoreFoundation.dylib'>'> from <IDEiCloudEntitlementsProcessor: 0x7fbd2804e180>: {
}
2017-10-09 03:02:02 +0000  Entitlements for <IDEDistributionItem: 0x7fbd28388510 'com.apple.dt.runtime.swiftCoreFoundation' '<DVTFilePath:0x7fbd27f0b600:'/Users/amri/Library/Developer/Xcode/Archives/2017-10-09/MasterpassQR Demo 9-10-17, 10.59 AM.xcarchive/Products/Applications/MasterpassQR Demo.app/Frameworks/libswiftCoreFoundation.dylib'>'>: {
}
2017-10-09 03:02:02 +0000  Writing entitlements for <IDEDistributionItem: 0x7fbd28388510 'com.apple.dt.runtime.swiftCoreFoundation' '<DVTFilePath:0x7fbd27f0b600:'/Users/amri/Library/Developer/Xcode/Archives/2017-10-09/MasterpassQR Demo 9-10-17, 10.59 AM.xcarchive/Products/Applications/MasterpassQR Demo.app/Frameworks/libswiftCoreFoundation.dylib'>'> to: /var/folders/9k/16d2bz8x33g22q2dn3nc7nyr0000gn/T/XcodeDistPipeline.q5C/entitlementslMiv1I
2017-10-09 03:02:02 +0000  Running /usr/bin/codesign '-vvv' '--force' '--sign' 'CB9884B82F3F83493389714E86E4CF3B13C269C9' '--preserve-metadata=identifier,flags' '--entitlements' '/var/folders/9k/16d2bz8x33g22q2dn3nc7nyr0000gn/T/XcodeDistPipeline.q5C/entitlementslMiv1I' '/var/folders/9k/16d2bz8x33g22q2dn3nc7nyr0000gn/T/XcodeDistPipeline.q5C/Root/Payload/MasterpassQR Demo.app/Frameworks/libswiftCoreFoundation.dylib'
2017-10-09 03:02:02 +0000  /var/folders/9k/16d2bz8x33g22q2dn3nc7nyr0000gn/T/XcodeDistPipeline.q5C/Root/Payload/MasterpassQR Demo.app/Frameworks/libswiftCoreFoundation.dylib: replacing existing signature
2017-10-09 03:02:02 +0000  /var/folders/9k/16d2bz8x33g22q2dn3nc7nyr0000gn/T/XcodeDistPipeline.q5C/Root/Payload/MasterpassQR Demo.app/Frameworks/libswiftCoreFoundation.dylib: signed Mach-O universal (armv7 armv7s arm64) [com.apple.dt.runtime.swiftCoreFoundation]
2017-10-09 03:02:02 +0000  /usr/bin/codesign exited with 0
2017-10-09 03:02:02 +0000  Applying entitlements delta for <IDEDistributionItem: 0x7fbd25852970 'com.apple.dt.runtime.swiftCoreGraphics' '<DVTFilePath:0x7fbd28190a10:'/Users/amri/Library/Developer/Xcode/Archives/2017-10-09/MasterpassQR Demo 9-10-17, 10.59 AM.xcarchive/Products/Applications/MasterpassQR Demo.app/Frameworks/libswiftCoreGraphics.dylib'>'> from <IDEiCloudEntitlementsProcessor: 0x7fbd25836170>: {
}
2017-10-09 03:02:02 +0000  Entitlements for <IDEDistributionItem: 0x7fbd25852970 'com.apple.dt.runtime.swiftCoreGraphics' '<DVTFilePath:0x7fbd28190a10:'/Users/amri/Library/Developer/Xcode/Archives/2017-10-09/MasterpassQR Demo 9-10-17, 10.59 AM.xcarchive/Products/Applications/MasterpassQR Demo.app/Frameworks/libswiftCoreGraphics.dylib'>'>: {
}
2017-10-09 03:02:02 +0000  Writing entitlements for <IDEDistributionItem: 0x7fbd25852970 'com.apple.dt.runtime.swiftCoreGraphics' '<DVTFilePath:0x7fbd28190a10:'/Users/amri/Library/Developer/Xcode/Archives/2017-10-09/MasterpassQR Demo 9-10-17, 10.59 AM.xcarchive/Products/Applications/MasterpassQR Demo.app/Frameworks/libswiftCoreGraphics.dylib'>'> to: /var/folders/9k/16d2bz8x33g22q2dn3nc7nyr0000gn/T/XcodeDistPipeline.q5C/entitlementsPtzXqs
2017-10-09 03:02:02 +0000  Running /usr/bin/codesign '-vvv' '--force' '--sign' 'CB9884B82F3F83493389714E86E4CF3B13C269C9' '--preserve-metadata=identifier,flags' '--entitlements' '/var/folders/9k/16d2bz8x33g22q2dn3nc7nyr0000gn/T/XcodeDistPipeline.q5C/entitlementsPtzXqs' '/var/folders/9k/16d2bz8x33g22q2dn3nc7nyr0000gn/T/XcodeDistPipeline.q5C/Root/Payload/MasterpassQR Demo.app/Frameworks/libswiftCoreGraphics.dylib'
2017-10-09 03:02:02 +0000  /var/folders/9k/16d2bz8x33g22q2dn3nc7nyr0000gn/T/XcodeDistPipeline.q5C/Root/Payload/MasterpassQR Demo.app/Frameworks/libswiftCoreGraphics.dylib: replacing existing signature
2017-10-09 03:02:02 +0000  /var/folders/9k/16d2bz8x33g22q2dn3nc7nyr0000gn/T/XcodeDistPipeline.q5C/Root/Payload/MasterpassQR Demo.app/Frameworks/libswiftCoreGraphics.dylib: signed Mach-O universal (armv7 armv7s arm64) [com.apple.dt.runtime.swiftCoreGraphics]
2017-10-09 03:02:02 +0000  /usr/bin/codesign exited with 0
2017-10-09 03:02:02 +0000  Applying entitlements delta for <IDEDistributionItem: 0x7fbd25003c60 'com.apple.dt.runtime.swiftCoreImage' '<DVTFilePath:0x7fbd25854440:'/Users/amri/Library/Developer/Xcode/Archives/2017-10-09/MasterpassQR Demo 9-10-17, 10.59 AM.xcarchive/Products/Applications/MasterpassQR Demo.app/Frameworks/libswiftCoreImage.dylib'>'> from <IDEiCloudEntitlementsProcessor: 0x7fbd251aea20>: {
}
2017-10-09 03:02:02 +0000  Entitlements for <IDEDistributionItem: 0x7fbd25003c60 'com.apple.dt.runtime.swiftCoreImage' '<DVTFilePath:0x7fbd25854440:'/Users/amri/Library/Developer/Xcode/Archives/2017-10-09/MasterpassQR Demo 9-10-17, 10.59 AM.xcarchive/Products/Applications/MasterpassQR Demo.app/Frameworks/libswiftCoreImage.dylib'>'>: {
}
2017-10-09 03:02:02 +0000  Writing entitlements for <IDEDistributionItem: 0x7fbd25003c60 'com.apple.dt.runtime.swiftCoreImage' '<DVTFilePath:0x7fbd25854440:'/Users/amri/Library/Developer/Xcode/Archives/2017-10-09/MasterpassQR Demo 9-10-17, 10.59 AM.xcarchive/Products/Applications/MasterpassQR Demo.app/Frameworks/libswiftCoreImage.dylib'>'> to: /var/folders/9k/16d2bz8x33g22q2dn3nc7nyr0000gn/T/XcodeDistPipeline.q5C/entitlementsAv980p
2017-10-09 03:02:02 +0000  Running /usr/bin/codesign '-vvv' '--force' '--sign' 'CB9884B82F3F83493389714E86E4CF3B13C269C9' '--preserve-metadata=identifier,flags' '--entitlements' '/var/folders/9k/16d2bz8x33g22q2dn3nc7nyr0000gn/T/XcodeDistPipeline.q5C/entitlementsAv980p' '/var/folders/9k/16d2bz8x33g22q2dn3nc7nyr0000gn/T/XcodeDistPipeline.q5C/Root/Payload/MasterpassQR Demo.app/Frameworks/libswiftCoreImage.dylib'
2017-10-09 03:02:02 +0000  /var/folders/9k/16d2bz8x33g22q2dn3nc7nyr0000gn/T/XcodeDistPipeline.q5C/Root/Payload/MasterpassQR Demo.app/Frameworks/libswiftCoreImage.dylib: replacing existing signature
2017-10-09 03:02:02 +0000  /var/folders/9k/16d2bz8x33g22q2dn3nc7nyr0000gn/T/XcodeDistPipeline.q5C/Root/Payload/MasterpassQR Demo.app/Frameworks/libswiftCoreImage.dylib: signed Mach-O universal (armv7 armv7s arm64) [com.apple.dt.runtime.swiftCoreImage]
2017-10-09 03:02:02 +0000  /usr/bin/codesign exited with 0
2017-10-09 03:02:02 +0000  Applying entitlements delta for <IDEDistributionItem: 0x7fbd3948fb30 'com.apple.dt.runtime.swiftCoreLocation' '<DVTFilePath:0x7fbd267248b0:'/Users/amri/Library/Developer/Xcode/Archives/2017-10-09/MasterpassQR Demo 9-10-17, 10.59 AM.xcarchive/Products/Applications/MasterpassQR Demo.app/Frameworks/libswiftCoreLocation.dylib'>'> from <IDEiCloudEntitlementsProcessor: 0x7fbd2535da40>: {
}
2017-10-09 03:02:02 +0000  Entitlements for <IDEDistributionItem: 0x7fbd3948fb30 'com.apple.dt.runtime.swiftCoreLocation' '<DVTFilePath:0x7fbd267248b0:'/Users/amri/Library/Developer/Xcode/Archives/2017-10-09/MasterpassQR Demo 9-10-17, 10.59 AM.xcarchive/Products/Applications/MasterpassQR Demo.app/Frameworks/libswiftCoreLocation.dylib'>'>: {
}
2017-10-09 03:02:02 +0000  Writing entitlements for <IDEDistributionItem: 0x7fbd3948fb30 'com.apple.dt.runtime.swiftCoreLocation' '<DVTFilePath:0x7fbd267248b0:'/Users/amri/Library/Developer/Xcode/Archives/2017-10-09/MasterpassQR Demo 9-10-17, 10.59 AM.xcarchive/Products/Applications/MasterpassQR Demo.app/Frameworks/libswiftCoreLocation.dylib'>'> to: /var/folders/9k/16d2bz8x33g22q2dn3nc7nyr0000gn/T/XcodeDistPipeline.q5C/entitlementsQZvSGk
2017-10-09 03:02:02 +0000  Running /usr/bin/codesign '-vvv' '--force' '--sign' 'CB9884B82F3F83493389714E86E4CF3B13C269C9' '--preserve-metadata=identifier,flags' '--entitlements' '/var/folders/9k/16d2bz8x33g22q2dn3nc7nyr0000gn/T/XcodeDistPipeline.q5C/entitlementsQZvSGk' '/var/folders/9k/16d2bz8x33g22q2dn3nc7nyr0000gn/T/XcodeDistPipeline.q5C/Root/Payload/MasterpassQR Demo.app/Frameworks/libswiftCoreLocation.dylib'
2017-10-09 03:02:02 +0000  /var/folders/9k/16d2bz8x33g22q2dn3nc7nyr0000gn/T/XcodeDistPipeline.q5C/Root/Payload/MasterpassQR Demo.app/Frameworks/libswiftCoreLocation.dylib: replacing existing signature
2017-10-09 03:02:02 +0000  /var/folders/9k/16d2bz8x33g22q2dn3nc7nyr0000gn/T/XcodeDistPipeline.q5C/Root/Payload/MasterpassQR Demo.app/Frameworks/libswiftCoreLocation.dylib: signed Mach-O universal (armv7 armv7s arm64) [com.apple.dt.runtime.swiftCoreLocation]
2017-10-09 03:02:02 +0000  /usr/bin/codesign exited with 0
2017-10-09 03:02:02 +0000  Applying entitlements delta for <IDEDistributionItem: 0x7fbd398f26b0 'com.apple.dt.runtime.swiftCoreMedia' '<DVTFilePath:0x7fbd27e6a120:'/Users/amri/Library/Developer/Xcode/Archives/2017-10-09/MasterpassQR Demo 9-10-17, 10.59 AM.xcarchive/Products/Applications/MasterpassQR Demo.app/Frameworks/libswiftCoreMedia.dylib'>'> from <IDEiCloudEntitlementsProcessor: 0x7fbd28094f40>: {
}
2017-10-09 03:02:02 +0000  Entitlements for <IDEDistributionItem: 0x7fbd398f26b0 'com.apple.dt.runtime.swiftCoreMedia' '<DVTFilePath:0x7fbd27e6a120:'/Users/amri/Library/Developer/Xcode/Archives/2017-10-09/MasterpassQR Demo 9-10-17, 10.59 AM.xcarchive/Products/Applications/MasterpassQR Demo.app/Frameworks/libswiftCoreMedia.dylib'>'>: {
}
2017-10-09 03:02:02 +0000  Writing entitlements for <IDEDistributionItem: 0x7fbd398f26b0 'com.apple.dt.runtime.swiftCoreMedia' '<DVTFilePath:0x7fbd27e6a120:'/Users/amri/Library/Developer/Xcode/Archives/2017-10-09/MasterpassQR Demo 9-10-17, 10.59 AM.xcarchive/Products/Applications/MasterpassQR Demo.app/Frameworks/libswiftCoreMedia.dylib'>'> to: /var/folders/9k/16d2bz8x33g22q2dn3nc7nyr0000gn/T/XcodeDistPipeline.q5C/entitlementsfkaEm6
2017-10-09 03:02:02 +0000  Running /usr/bin/codesign '-vvv' '--force' '--sign' 'CB9884B82F3F83493389714E86E4CF3B13C269C9' '--preserve-metadata=identifier,flags' '--entitlements' '/var/folders/9k/16d2bz8x33g22q2dn3nc7nyr0000gn/T/XcodeDistPipeline.q5C/entitlementsfkaEm6' '/var/folders/9k/16d2bz8x33g22q2dn3nc7nyr0000gn/T/XcodeDistPipeline.q5C/Root/Payload/MasterpassQR Demo.app/Frameworks/libswiftCoreMedia.dylib'
2017-10-09 03:02:02 +0000  /var/folders/9k/16d2bz8x33g22q2dn3nc7nyr0000gn/T/XcodeDistPipeline.q5C/Root/Payload/MasterpassQR Demo.app/Frameworks/libswiftCoreMedia.dylib: replacing existing signature
2017-10-09 03:02:02 +0000  /var/folders/9k/16d2bz8x33g22q2dn3nc7nyr0000gn/T/XcodeDistPipeline.q5C/Root/Payload/MasterpassQR Demo.app/Frameworks/libswiftCoreMedia.dylib: signed Mach-O universal (armv7 armv7s arm64) [com.apple.dt.runtime.swiftCoreMedia]
2017-10-09 03:02:02 +0000  /usr/bin/codesign exited with 0
2017-10-09 03:02:02 +0000  Applying entitlements delta for <IDEDistributionItem: 0x7fbd428f2750 'com.apple.dt.runtime.swiftDarwin' '<DVTFilePath:0x7fbd25247c80:'/Users/amri/Library/Developer/Xcode/Archives/2017-10-09/MasterpassQR Demo 9-10-17, 10.59 AM.xcarchive/Products/Applications/MasterpassQR Demo.app/Frameworks/libswiftDarwin.dylib'>'> from <IDEiCloudEntitlementsProcessor: 0x7fbd280b9520>: {
}
2017-10-09 03:02:02 +0000  Entitlements for <IDEDistributionItem: 0x7fbd428f2750 'com.apple.dt.runtime.swiftDarwin' '<DVTFilePath:0x7fbd25247c80:'/Users/amri/Library/Developer/Xcode/Archives/2017-10-09/MasterpassQR Demo 9-10-17, 10.59 AM.xcarchive/Products/Applications/MasterpassQR Demo.app/Frameworks/libswiftDarwin.dylib'>'>: {
}
2017-10-09 03:02:02 +0000  Writing entitlements for <IDEDistributionItem: 0x7fbd428f2750 'com.apple.dt.runtime.swiftDarwin' '<DVTFilePath:0x7fbd25247c80:'/Users/amri/Library/Developer/Xcode/Archives/2017-10-09/MasterpassQR Demo 9-10-17, 10.59 AM.xcarchive/Products/Applications/MasterpassQR Demo.app/Frameworks/libswiftDarwin.dylib'>'> to: /var/folders/9k/16d2bz8x33g22q2dn3nc7nyr0000gn/T/XcodeDistPipeline.q5C/entitlementsHEnoc4
2017-10-09 03:02:02 +0000  Running /usr/bin/codesign '-vvv' '--force' '--sign' 'CB9884B82F3F83493389714E86E4CF3B13C269C9' '--preserve-metadata=identifier,flags' '--entitlements' '/var/folders/9k/16d2bz8x33g22q2dn3nc7nyr0000gn/T/XcodeDistPipeline.q5C/entitlementsHEnoc4' '/var/folders/9k/16d2bz8x33g22q2dn3nc7nyr0000gn/T/XcodeDistPipeline.q5C/Root/Payload/MasterpassQR Demo.app/Frameworks/libswiftDarwin.dylib'
2017-10-09 03:02:03 +0000  /var/folders/9k/16d2bz8x33g22q2dn3nc7nyr0000gn/T/XcodeDistPipeline.q5C/Root/Payload/MasterpassQR Demo.app/Frameworks/libswiftDarwin.dylib: replacing existing signature
2017-10-09 03:02:03 +0000  /var/folders/9k/16d2bz8x33g22q2dn3nc7nyr0000gn/T/XcodeDistPipeline.q5C/Root/Payload/MasterpassQR Demo.app/Frameworks/libswiftDarwin.dylib: signed Mach-O universal (armv7 armv7s arm64) [com.apple.dt.runtime.swiftDarwin]
2017-10-09 03:02:03 +0000  /usr/bin/codesign exited with 0
2017-10-09 03:02:03 +0000  Applying entitlements delta for <IDEDistributionItem: 0x7fbd2531e970 'com.apple.dt.runtime.swiftDispatch' '<DVTFilePath:0x7fbd276261a0:'/Users/amri/Library/Developer/Xcode/Archives/2017-10-09/MasterpassQR Demo 9-10-17, 10.59 AM.xcarchive/Products/Applications/MasterpassQR Demo.app/Frameworks/libswiftDispatch.dylib'>'> from <IDEiCloudEntitlementsProcessor: 0x7fbd25454820>: {
}
2017-10-09 03:02:03 +0000  Entitlements for <IDEDistributionItem: 0x7fbd2531e970 'com.apple.dt.runtime.swiftDispatch' '<DVTFilePath:0x7fbd276261a0:'/Users/amri/Library/Developer/Xcode/Archives/2017-10-09/MasterpassQR Demo 9-10-17, 10.59 AM.xcarchive/Products/Applications/MasterpassQR Demo.app/Frameworks/libswiftDispatch.dylib'>'>: {
}
2017-10-09 03:02:03 +0000  Writing entitlements for <IDEDistributionItem: 0x7fbd2531e970 'com.apple.dt.runtime.swiftDispatch' '<DVTFilePath:0x7fbd276261a0:'/Users/amri/Library/Developer/Xcode/Archives/2017-10-09/MasterpassQR Demo 9-10-17, 10.59 AM.xcarchive/Products/Applications/MasterpassQR Demo.app/Frameworks/libswiftDispatch.dylib'>'> to: /var/folders/9k/16d2bz8x33g22q2dn3nc7nyr0000gn/T/XcodeDistPipeline.q5C/entitlements6VlDmZ
2017-10-09 03:02:03 +0000  Running /usr/bin/codesign '-vvv' '--force' '--sign' 'CB9884B82F3F83493389714E86E4CF3B13C269C9' '--preserve-metadata=identifier,flags' '--entitlements' '/var/folders/9k/16d2bz8x33g22q2dn3nc7nyr0000gn/T/XcodeDistPipeline.q5C/entitlements6VlDmZ' '/var/folders/9k/16d2bz8x33g22q2dn3nc7nyr0000gn/T/XcodeDistPipeline.q5C/Root/Payload/MasterpassQR Demo.app/Frameworks/libswiftDispatch.dylib'
2017-10-09 03:02:03 +0000  /var/folders/9k/16d2bz8x33g22q2dn3nc7nyr0000gn/T/XcodeDistPipeline.q5C/Root/Payload/MasterpassQR Demo.app/Frameworks/libswiftDispatch.dylib: replacing existing signature
2017-10-09 03:02:03 +0000  /var/folders/9k/16d2bz8x33g22q2dn3nc7nyr0000gn/T/XcodeDistPipeline.q5C/Root/Payload/MasterpassQR Demo.app/Frameworks/libswiftDispatch.dylib: signed Mach-O universal (armv7 armv7s arm64) [com.apple.dt.runtime.swiftDispatch]
2017-10-09 03:02:03 +0000  /usr/bin/codesign exited with 0
2017-10-09 03:02:03 +0000  Applying entitlements delta for <IDEDistributionItem: 0x7fbd3ffdb140 'com.apple.dt.runtime.swiftFoundation' '<DVTFilePath:0x7fbd282139b0:'/Users/amri/Library/Developer/Xcode/Archives/2017-10-09/MasterpassQR Demo 9-10-17, 10.59 AM.xcarchive/Products/Applications/MasterpassQR Demo.app/Frameworks/libswiftFoundation.dylib'>'> from <IDEiCloudEntitlementsProcessor: 0x7fbd25837a60>: {
}
2017-10-09 03:02:03 +0000  Entitlements for <IDEDistributionItem: 0x7fbd3ffdb140 'com.apple.dt.runtime.swiftFoundation' '<DVTFilePath:0x7fbd282139b0:'/Users/amri/Library/Developer/Xcode/Archives/2017-10-09/MasterpassQR Demo 9-10-17, 10.59 AM.xcarchive/Products/Applications/MasterpassQR Demo.app/Frameworks/libswiftFoundation.dylib'>'>: {
}
2017-10-09 03:02:03 +0000  Writing entitlements for <IDEDistributionItem: 0x7fbd3ffdb140 'com.apple.dt.runtime.swiftFoundation' '<DVTFilePath:0x7fbd282139b0:'/Users/amri/Library/Developer/Xcode/Archives/2017-10-09/MasterpassQR Demo 9-10-17, 10.59 AM.xcarchive/Products/Applications/MasterpassQR Demo.app/Frameworks/libswiftFoundation.dylib'>'> to: /var/folders/9k/16d2bz8x33g22q2dn3nc7nyr0000gn/T/XcodeDistPipeline.q5C/entitlements1iN8R7
2017-10-09 03:02:03 +0000  Running /usr/bin/codesign '-vvv' '--force' '--sign' 'CB9884B82F3F83493389714E86E4CF3B13C269C9' '--preserve-metadata=identifier,flags' '--entitlements' '/var/folders/9k/16d2bz8x33g22q2dn3nc7nyr0000gn/T/XcodeDistPipeline.q5C/entitlements1iN8R7' '/var/folders/9k/16d2bz8x33g22q2dn3nc7nyr0000gn/T/XcodeDistPipeline.q5C/Root/Payload/MasterpassQR Demo.app/Frameworks/libswiftFoundation.dylib'
2017-10-09 03:02:03 +0000  /var/folders/9k/16d2bz8x33g22q2dn3nc7nyr0000gn/T/XcodeDistPipeline.q5C/Root/Payload/MasterpassQR Demo.app/Frameworks/libswiftFoundation.dylib: replacing existing signature
2017-10-09 03:02:03 +0000  /var/folders/9k/16d2bz8x33g22q2dn3nc7nyr0000gn/T/XcodeDistPipeline.q5C/Root/Payload/MasterpassQR Demo.app/Frameworks/libswiftFoundation.dylib: signed Mach-O universal (armv7 armv7s arm64) [com.apple.dt.runtime.swiftFoundation]
2017-10-09 03:02:03 +0000  /usr/bin/codesign exited with 0
2017-10-09 03:02:03 +0000  Applying entitlements delta for <IDEDistributionItem: 0x7fbd376a3fe0 'com.apple.dt.runtime.swiftMetal' '<DVTFilePath:0x7fbd26e10850:'/Users/amri/Library/Developer/Xcode/Archives/2017-10-09/MasterpassQR Demo 9-10-17, 10.59 AM.xcarchive/Products/Applications/MasterpassQR Demo.app/Frameworks/libswiftMetal.dylib'>'> from <IDEiCloudEntitlementsProcessor: 0x7fbd280423f0>: {
}
2017-10-09 03:02:03 +0000  Entitlements for <IDEDistributionItem: 0x7fbd376a3fe0 'com.apple.dt.runtime.swiftMetal' '<DVTFilePath:0x7fbd26e10850:'/Users/amri/Library/Developer/Xcode/Archives/2017-10-09/MasterpassQR Demo 9-10-17, 10.59 AM.xcarchive/Products/Applications/MasterpassQR Demo.app/Frameworks/libswiftMetal.dylib'>'>: {
}
2017-10-09 03:02:03 +0000  Writing entitlements for <IDEDistributionItem: 0x7fbd376a3fe0 'com.apple.dt.runtime.swiftMetal' '<DVTFilePath:0x7fbd26e10850:'/Users/amri/Library/Developer/Xcode/Archives/2017-10-09/MasterpassQR Demo 9-10-17, 10.59 AM.xcarchive/Products/Applications/MasterpassQR Demo.app/Frameworks/libswiftMetal.dylib'>'> to: /var/folders/9k/16d2bz8x33g22q2dn3nc7nyr0000gn/T/XcodeDistPipeline.q5C/entitlementsGs0sAw
2017-10-09 03:02:03 +0000  Running /usr/bin/codesign '-vvv' '--force' '--sign' 'CB9884B82F3F83493389714E86E4CF3B13C269C9' '--preserve-metadata=identifier,flags' '--entitlements' '/var/folders/9k/16d2bz8x33g22q2dn3nc7nyr0000gn/T/XcodeDistPipeline.q5C/entitlementsGs0sAw' '/var/folders/9k/16d2bz8x33g22q2dn3nc7nyr0000gn/T/XcodeDistPipeline.q5C/Root/Payload/MasterpassQR Demo.app/Frameworks/libswiftMetal.dylib'
2017-10-09 03:02:03 +0000  /var/folders/9k/16d2bz8x33g22q2dn3nc7nyr0000gn/T/XcodeDistPipeline.q5C/Root/Payload/MasterpassQR Demo.app/Frameworks/libswiftMetal.dylib: replacing existing signature
2017-10-09 03:02:03 +0000  /var/folders/9k/16d2bz8x33g22q2dn3nc7nyr0000gn/T/XcodeDistPipeline.q5C/Root/Payload/MasterpassQR Demo.app/Frameworks/libswiftMetal.dylib: signed Mach-O universal (armv7 armv7s arm64) [com.apple.dt.runtime.swiftMetal]
2017-10-09 03:02:03 +0000  /usr/bin/codesign exited with 0
2017-10-09 03:02:03 +0000  Applying entitlements delta for <IDEDistributionItem: 0x7fbd27800c10 'com.apple.dt.runtime.swiftObjectiveC' '<DVTFilePath:0x7fbd28283fa0:'/Users/amri/Library/Developer/Xcode/Archives/2017-10-09/MasterpassQR Demo 9-10-17, 10.59 AM.xcarchive/Products/Applications/MasterpassQR Demo.app/Frameworks/libswiftObjectiveC.dylib'>'> from <IDEiCloudEntitlementsProcessor: 0x7fbd28349120>: {
}
2017-10-09 03:02:03 +0000  Entitlements for <IDEDistributionItem: 0x7fbd27800c10 'com.apple.dt.runtime.swiftObjectiveC' '<DVTFilePath:0x7fbd28283fa0:'/Users/amri/Library/Developer/Xcode/Archives/2017-10-09/MasterpassQR Demo 9-10-17, 10.59 AM.xcarchive/Products/Applications/MasterpassQR Demo.app/Frameworks/libswiftObjectiveC.dylib'>'>: {
}
2017-10-09 03:02:03 +0000  Writing entitlements for <IDEDistributionItem: 0x7fbd27800c10 'com.apple.dt.runtime.swiftObjectiveC' '<DVTFilePath:0x7fbd28283fa0:'/Users/amri/Library/Developer/Xcode/Archives/2017-10-09/MasterpassQR Demo 9-10-17, 10.59 AM.xcarchive/Products/Applications/MasterpassQR Demo.app/Frameworks/libswiftObjectiveC.dylib'>'> to: /var/folders/9k/16d2bz8x33g22q2dn3nc7nyr0000gn/T/XcodeDistPipeline.q5C/entitlementsR0JQMK
2017-10-09 03:02:03 +0000  Running /usr/bin/codesign '-vvv' '--force' '--sign' 'CB9884B82F3F83493389714E86E4CF3B13C269C9' '--preserve-metadata=identifier,flags' '--entitlements' '/var/folders/9k/16d2bz8x33g22q2dn3nc7nyr0000gn/T/XcodeDistPipeline.q5C/entitlementsR0JQMK' '/var/folders/9k/16d2bz8x33g22q2dn3nc7nyr0000gn/T/XcodeDistPipeline.q5C/Root/Payload/MasterpassQR Demo.app/Frameworks/libswiftObjectiveC.dylib'
2017-10-09 03:02:03 +0000  /var/folders/9k/16d2bz8x33g22q2dn3nc7nyr0000gn/T/XcodeDistPipeline.q5C/Root/Payload/MasterpassQR Demo.app/Frameworks/libswiftObjectiveC.dylib: replacing existing signature
2017-10-09 03:02:03 +0000  /var/folders/9k/16d2bz8x33g22q2dn3nc7nyr0000gn/T/XcodeDistPipeline.q5C/Root/Payload/MasterpassQR Demo.app/Frameworks/libswiftObjectiveC.dylib: signed Mach-O universal (armv7 armv7s arm64) [com.apple.dt.runtime.swiftObjectiveC]
2017-10-09 03:02:03 +0000  /usr/bin/codesign exited with 0
2017-10-09 03:02:03 +0000  Applying entitlements delta for <IDEDistributionItem: 0x7fbd25456350 'com.apple.dt.runtime.swiftPhotos' '<DVTFilePath:0x7fbd25ad4290:'/Users/amri/Library/Developer/Xcode/Archives/2017-10-09/MasterpassQR Demo 9-10-17, 10.59 AM.xcarchive/Products/Applications/MasterpassQR Demo.app/Frameworks/libswiftPhotos.dylib'>'> from <IDEiCloudEntitlementsProcessor: 0x7fbd25322f80>: {
}
2017-10-09 03:02:03 +0000  Entitlements for <IDEDistributionItem: 0x7fbd25456350 'com.apple.dt.runtime.swiftPhotos' '<DVTFilePath:0x7fbd25ad4290:'/Users/amri/Library/Developer/Xcode/Archives/2017-10-09/MasterpassQR Demo 9-10-17, 10.59 AM.xcarchive/Products/Applications/MasterpassQR Demo.app/Frameworks/libswiftPhotos.dylib'>'>: {
}
2017-10-09 03:02:03 +0000  Writing entitlements for <IDEDistributionItem: 0x7fbd25456350 'com.apple.dt.runtime.swiftPhotos' '<DVTFilePath:0x7fbd25ad4290:'/Users/amri/Library/Developer/Xcode/Archives/2017-10-09/MasterpassQR Demo 9-10-17, 10.59 AM.xcarchive/Products/Applications/MasterpassQR Demo.app/Frameworks/libswiftPhotos.dylib'>'> to: /var/folders/9k/16d2bz8x33g22q2dn3nc7nyr0000gn/T/XcodeDistPipeline.q5C/entitlements0Rt6DE
2017-10-09 03:02:03 +0000  Running /usr/bin/codesign '-vvv' '--force' '--sign' 'CB9884B82F3F83493389714E86E4CF3B13C269C9' '--preserve-metadata=identifier,flags' '--entitlements' '/var/folders/9k/16d2bz8x33g22q2dn3nc7nyr0000gn/T/XcodeDistPipeline.q5C/entitlements0Rt6DE' '/var/folders/9k/16d2bz8x33g22q2dn3nc7nyr0000gn/T/XcodeDistPipeline.q5C/Root/Payload/MasterpassQR Demo.app/Frameworks/libswiftPhotos.dylib'
2017-10-09 03:02:03 +0000  /var/folders/9k/16d2bz8x33g22q2dn3nc7nyr0000gn/T/XcodeDistPipeline.q5C/Root/Payload/MasterpassQR Demo.app/Frameworks/libswiftPhotos.dylib: replacing existing signature
2017-10-09 03:02:03 +0000  /var/folders/9k/16d2bz8x33g22q2dn3nc7nyr0000gn/T/XcodeDistPipeline.q5C/Root/Payload/MasterpassQR Demo.app/Frameworks/libswiftPhotos.dylib: signed Mach-O universal (armv7 armv7s arm64) [com.apple.dt.runtime.swiftPhotos]
2017-10-09 03:02:03 +0000  /usr/bin/codesign exited with 0
2017-10-09 03:02:03 +0000  Applying entitlements delta for <IDEDistributionItem: 0x7fbd25672300 'com.apple.dt.runtime.swiftQuartzCore' '<DVTFilePath:0x7fbd27ee1fc0:'/Users/amri/Library/Developer/Xcode/Archives/2017-10-09/MasterpassQR Demo 9-10-17, 10.59 AM.xcarchive/Products/Applications/MasterpassQR Demo.app/Frameworks/libswiftQuartzCore.dylib'>'> from <IDEiCloudEntitlementsProcessor: 0x7fbd3aa311c0>: {
}
2017-10-09 03:02:03 +0000  Entitlements for <IDEDistributionItem: 0x7fbd25672300 'com.apple.dt.runtime.swiftQuartzCore' '<DVTFilePath:0x7fbd27ee1fc0:'/Users/amri/Library/Developer/Xcode/Archives/2017-10-09/MasterpassQR Demo 9-10-17, 10.59 AM.xcarchive/Products/Applications/MasterpassQR Demo.app/Frameworks/libswiftQuartzCore.dylib'>'>: {
}
2017-10-09 03:02:03 +0000  Writing entitlements for <IDEDistributionItem: 0x7fbd25672300 'com.apple.dt.runtime.swiftQuartzCore' '<DVTFilePath:0x7fbd27ee1fc0:'/Users/amri/Library/Developer/Xcode/Archives/2017-10-09/MasterpassQR Demo 9-10-17, 10.59 AM.xcarchive/Products/Applications/MasterpassQR Demo.app/Frameworks/libswiftQuartzCore.dylib'>'> to: /var/folders/9k/16d2bz8x33g22q2dn3nc7nyr0000gn/T/XcodeDistPipeline.q5C/entitlementsttfs7Q
2017-10-09 03:02:03 +0000  Running /usr/bin/codesign '-vvv' '--force' '--sign' 'CB9884B82F3F83493389714E86E4CF3B13C269C9' '--preserve-metadata=identifier,flags' '--entitlements' '/var/folders/9k/16d2bz8x33g22q2dn3nc7nyr0000gn/T/XcodeDistPipeline.q5C/entitlementsttfs7Q' '/var/folders/9k/16d2bz8x33g22q2dn3nc7nyr0000gn/T/XcodeDistPipeline.q5C/Root/Payload/MasterpassQR Demo.app/Frameworks/libswiftQuartzCore.dylib'
2017-10-09 03:02:03 +0000  /var/folders/9k/16d2bz8x33g22q2dn3nc7nyr0000gn/T/XcodeDistPipeline.q5C/Root/Payload/MasterpassQR Demo.app/Frameworks/libswiftQuartzCore.dylib: replacing existing signature
2017-10-09 03:02:04 +0000  /var/folders/9k/16d2bz8x33g22q2dn3nc7nyr0000gn/T/XcodeDistPipeline.q5C/Root/Payload/MasterpassQR Demo.app/Frameworks/libswiftQuartzCore.dylib: signed Mach-O universal (armv7 armv7s arm64) [com.apple.dt.runtime.swiftQuartzCore]
2017-10-09 03:02:04 +0000  /usr/bin/codesign exited with 0
2017-10-09 03:02:04 +0000  Applying entitlements delta for <IDEDistributionItem: 0x7fbd282191e0 'com.apple.dt.runtime.swiftUIKit' '<DVTFilePath:0x7fbd27ee9820:'/Users/amri/Library/Developer/Xcode/Archives/2017-10-09/MasterpassQR Demo 9-10-17, 10.59 AM.xcarchive/Products/Applications/MasterpassQR Demo.app/Frameworks/libswiftUIKit.dylib'>'> from <IDEiCloudEntitlementsProcessor: 0x7fbd25306040>: {
}
2017-10-09 03:02:04 +0000  Entitlements for <IDEDistributionItem: 0x7fbd282191e0 'com.apple.dt.runtime.swiftUIKit' '<DVTFilePath:0x7fbd27ee9820:'/Users/amri/Library/Developer/Xcode/Archives/2017-10-09/MasterpassQR Demo 9-10-17, 10.59 AM.xcarchive/Products/Applications/MasterpassQR Demo.app/Frameworks/libswiftUIKit.dylib'>'>: {
}
2017-10-09 03:02:04 +0000  Writing entitlements for <IDEDistributionItem: 0x7fbd282191e0 'com.apple.dt.runtime.swiftUIKit' '<DVTFilePath:0x7fbd27ee9820:'/Users/amri/Library/Developer/Xcode/Archives/2017-10-09/MasterpassQR Demo 9-10-17, 10.59 AM.xcarchive/Products/Applications/MasterpassQR Demo.app/Frameworks/libswiftUIKit.dylib'>'> to: /var/folders/9k/16d2bz8x33g22q2dn3nc7nyr0000gn/T/XcodeDistPipeline.q5C/entitlementsm0gAZl
2017-10-09 03:02:04 +0000  Running /usr/bin/codesign '-vvv' '--force' '--sign' 'CB9884B82F3F83493389714E86E4CF3B13C269C9' '--preserve-metadata=identifier,flags' '--entitlements' '/var/folders/9k/16d2bz8x33g22q2dn3nc7nyr0000gn/T/XcodeDistPipeline.q5C/entitlementsm0gAZl' '/var/folders/9k/16d2bz8x33g22q2dn3nc7nyr0000gn/T/XcodeDistPipeline.q5C/Root/Payload/MasterpassQR Demo.app/Frameworks/libswiftUIKit.dylib'
2017-10-09 03:02:04 +0000  /var/folders/9k/16d2bz8x33g22q2dn3nc7nyr0000gn/T/XcodeDistPipeline.q5C/Root/Payload/MasterpassQR Demo.app/Frameworks/libswiftUIKit.dylib: replacing existing signature
2017-10-09 03:02:04 +0000  /var/folders/9k/16d2bz8x33g22q2dn3nc7nyr0000gn/T/XcodeDistPipeline.q5C/Root/Payload/MasterpassQR Demo.app/Frameworks/libswiftUIKit.dylib: signed Mach-O universal (armv7 armv7s arm64) [com.apple.dt.runtime.swiftUIKit]
2017-10-09 03:02:04 +0000  /usr/bin/codesign exited with 0
2017-10-09 03:02:04 +0000  Applying entitlements delta for <IDEDistributionItem: 0x7fbd25832c80 'com.apple.dt.runtime.swiftos' '<DVTFilePath:0x7fbd429d44b0:'/Users/amri/Library/Developer/Xcode/Archives/2017-10-09/MasterpassQR Demo 9-10-17, 10.59 AM.xcarchive/Products/Applications/MasterpassQR Demo.app/Frameworks/libswiftos.dylib'>'> from <IDEiCloudEntitlementsProcessor: 0x7fbd25d8f2f0>: {
}
2017-10-09 03:02:04 +0000  Entitlements for <IDEDistributionItem: 0x7fbd25832c80 'com.apple.dt.runtime.swiftos' '<DVTFilePath:0x7fbd429d44b0:'/Users/amri/Library/Developer/Xcode/Archives/2017-10-09/MasterpassQR Demo 9-10-17, 10.59 AM.xcarchive/Products/Applications/MasterpassQR Demo.app/Frameworks/libswiftos.dylib'>'>: {
}
2017-10-09 03:02:04 +0000  Writing entitlements for <IDEDistributionItem: 0x7fbd25832c80 'com.apple.dt.runtime.swiftos' '<DVTFilePath:0x7fbd429d44b0:'/Users/amri/Library/Developer/Xcode/Archives/2017-10-09/MasterpassQR Demo 9-10-17, 10.59 AM.xcarchive/Products/Applications/MasterpassQR Demo.app/Frameworks/libswiftos.dylib'>'> to: /var/folders/9k/16d2bz8x33g22q2dn3nc7nyr0000gn/T/XcodeDistPipeline.q5C/entitlementsj4krZ0
2017-10-09 03:02:04 +0000  Running /usr/bin/codesign '-vvv' '--force' '--sign' 'CB9884B82F3F83493389714E86E4CF3B13C269C9' '--preserve-metadata=identifier,flags' '--entitlements' '/var/folders/9k/16d2bz8x33g22q2dn3nc7nyr0000gn/T/XcodeDistPipeline.q5C/entitlementsj4krZ0' '/var/folders/9k/16d2bz8x33g22q2dn3nc7nyr0000gn/T/XcodeDistPipeline.q5C/Root/Payload/MasterpassQR Demo.app/Frameworks/libswiftos.dylib'
2017-10-09 03:02:04 +0000  /var/folders/9k/16d2bz8x33g22q2dn3nc7nyr0000gn/T/XcodeDistPipeline.q5C/Root/Payload/MasterpassQR Demo.app/Frameworks/libswiftos.dylib: replacing existing signature
2017-10-09 03:02:04 +0000  /var/folders/9k/16d2bz8x33g22q2dn3nc7nyr0000gn/T/XcodeDistPipeline.q5C/Root/Payload/MasterpassQR Demo.app/Frameworks/libswiftos.dylib: signed Mach-O universal (armv7 armv7s arm64) [com.apple.dt.runtime.swiftos]
2017-10-09 03:02:04 +0000  /usr/bin/codesign exited with 0
2017-10-09 03:02:04 +0000  Applying entitlements delta for <IDEDistributionItem: 0x7fbd39600340 'com.apple.dt.runtime.swiftsimd' '<DVTFilePath:0x7fbd28208a00:'/Users/amri/Library/Developer/Xcode/Archives/2017-10-09/MasterpassQR Demo 9-10-17, 10.59 AM.xcarchive/Products/Applications/MasterpassQR Demo.app/Frameworks/libswiftsimd.dylib'>'> from <IDEiCloudEntitlementsProcessor: 0x7fbd280f5940>: {
}
2017-10-09 03:02:04 +0000  Entitlements for <IDEDistributionItem: 0x7fbd39600340 'com.apple.dt.runtime.swiftsimd' '<DVTFilePath:0x7fbd28208a00:'/Users/amri/Library/Developer/Xcode/Archives/2017-10-09/MasterpassQR Demo 9-10-17, 10.59 AM.xcarchive/Products/Applications/MasterpassQR Demo.app/Frameworks/libswiftsimd.dylib'>'>: {
}
2017-10-09 03:02:04 +0000  Writing entitlements for <IDEDistributionItem: 0x7fbd39600340 'com.apple.dt.runtime.swiftsimd' '<DVTFilePath:0x7fbd28208a00:'/Users/amri/Library/Developer/Xcode/Archives/2017-10-09/MasterpassQR Demo 9-10-17, 10.59 AM.xcarchive/Products/Applications/MasterpassQR Demo.app/Frameworks/libswiftsimd.dylib'>'> to: /var/folders/9k/16d2bz8x33g22q2dn3nc7nyr0000gn/T/XcodeDistPipeline.q5C/entitlementsVp53ze
2017-10-09 03:02:04 +0000  Running /usr/bin/codesign '-vvv' '--force' '--sign' 'CB9884B82F3F83493389714E86E4CF3B13C269C9' '--preserve-metadata=identifier,flags' '--entitlements' '/var/folders/9k/16d2bz8x33g22q2dn3nc7nyr0000gn/T/XcodeDistPipeline.q5C/entitlementsVp53ze' '/var/folders/9k/16d2bz8x33g22q2dn3nc7nyr0000gn/T/XcodeDistPipeline.q5C/Root/Payload/MasterpassQR Demo.app/Frameworks/libswiftsimd.dylib'
2017-10-09 03:02:04 +0000  /var/folders/9k/16d2bz8x33g22q2dn3nc7nyr0000gn/T/XcodeDistPipeline.q5C/Root/Payload/MasterpassQR Demo.app/Frameworks/libswiftsimd.dylib: replacing existing signature
2017-10-09 03:02:04 +0000  /var/folders/9k/16d2bz8x33g22q2dn3nc7nyr0000gn/T/XcodeDistPipeline.q5C/Root/Payload/MasterpassQR Demo.app/Frameworks/libswiftsimd.dylib: signed Mach-O universal (armv7 armv7s arm64) [com.apple.dt.runtime.swiftsimd]
2017-10-09 03:02:04 +0000  /usr/bin/codesign exited with 0
2017-10-09 03:02:04 +0000  Applying entitlements delta for <IDEDistributionItem: 0x7fbd25ed2e50 'com.mastercard.ios.MasterpassQR-Demo' '<DVTFilePath:0x7fbd3fb24c00:'/Users/amri/Library/Developer/Xcode/Archives/2017-10-09/MasterpassQR Demo 9-10-17, 10.59 AM.xcarchive/Products/Applications/MasterpassQR Demo.app'>'> from <IDEiCloudEntitlementsProcessor: 0x7fbd258205c0>: {
}
2017-10-09 03:02:04 +0000  Entitlements for <IDEDistributionItem: 0x7fbd25ed2e50 'com.mastercard.ios.MasterpassQR-Demo' '<DVTFilePath:0x7fbd3fb24c00:'/Users/amri/Library/Developer/Xcode/Archives/2017-10-09/MasterpassQR Demo 9-10-17, 10.59 AM.xcarchive/Products/Applications/MasterpassQR Demo.app'>'>: {
    "application-identifier" = "FARWN7FEXX.com.mastercard.ios.MasterpassQR-Demo";
    "com.apple.developer.team-identifier" = FARWN7FEXX;
    "get-task-allow" = 0;
    "keychain-access-groups" =     (
        "FARWN7FEXX.com.mastercard.ios.MasterpassQR-Demo"
    );
}
2017-10-09 03:02:04 +0000  Writing entitlements for <IDEDistributionItem: 0x7fbd25ed2e50 'com.mastercard.ios.MasterpassQR-Demo' '<DVTFilePath:0x7fbd3fb24c00:'/Users/amri/Library/Developer/Xcode/Archives/2017-10-09/MasterpassQR Demo 9-10-17, 10.59 AM.xcarchive/Products/Applications/MasterpassQR Demo.app'>'> to: /var/folders/9k/16d2bz8x33g22q2dn3nc7nyr0000gn/T/XcodeDistPipeline.q5C/entitlementsjo5Dc8
2017-10-09 03:02:04 +0000  Running /usr/bin/codesign '-vvv' '--force' '--sign' 'CB9884B82F3F83493389714E86E4CF3B13C269C9' '--preserve-metadata=identifier,flags' '--entitlements' '/var/folders/9k/16d2bz8x33g22q2dn3nc7nyr0000gn/T/XcodeDistPipeline.q5C/entitlementsjo5Dc8' '/var/folders/9k/16d2bz8x33g22q2dn3nc7nyr0000gn/T/XcodeDistPipeline.q5C/Root/Payload/MasterpassQR Demo.app'
2017-10-09 03:02:04 +0000  /var/folders/9k/16d2bz8x33g22q2dn3nc7nyr0000gn/T/XcodeDistPipeline.q5C/Root/Payload/MasterpassQR Demo.app: replacing existing signature
2017-10-09 03:02:04 +0000  /var/folders/9k/16d2bz8x33g22q2dn3nc7nyr0000gn/T/XcodeDistPipeline.q5C/Root/Payload/MasterpassQR Demo.app: signed app bundle with Mach-O universal (armv7 arm64) [com.mastercard.ios.MasterpassQR-Demo]
2017-10-09 03:02:04 +0000  /usr/bin/codesign exited with 0
2017-10-09 03:02:04 +0000  Processing step: IDEDistributionStreamingZipItemStep
2017-10-09 03:02:04 +0000  Skipping step: IDEDistributionStreamingZipItemStep because it said so
2017-10-09 03:02:04 +0000  Skipping step: IDEDistributionStreamingZipItemStep because it said so
2017-10-09 03:02:04 +0000  Skipping step: IDEDistributionStreamingZipItemStep because it said so
2017-10-09 03:02:04 +0000  Skipping step: IDEDistributionStreamingZipItemStep because it said so
2017-10-09 03:02:04 +0000  Skipping step: IDEDistributionStreamingZipItemStep because it said so
2017-10-09 03:02:04 +0000  Skipping step: IDEDistributionStreamingZipItemStep because it said so
2017-10-09 03:02:04 +0000  Skipping step: IDEDistributionStreamingZipItemStep because it said so
2017-10-09 03:02:04 +0000  Skipping step: IDEDistributionStreamingZipItemStep because it said so
2017-10-09 03:02:04 +0000  Skipping step: IDEDistributionStreamingZipItemStep because it said so
2017-10-09 03:02:04 +0000  Skipping step: IDEDistributionStreamingZipItemStep because it said so
2017-10-09 03:02:04 +0000  Skipping step: IDEDistributionStreamingZipItemStep because it said so
2017-10-09 03:02:04 +0000  Skipping step: IDEDistributionStreamingZipItemStep because it said so
2017-10-09 03:02:04 +0000  Skipping step: IDEDistributionStreamingZipItemStep because it said so
2017-10-09 03:02:04 +0000  Skipping step: IDEDistributionStreamingZipItemStep because it said so
2017-10-09 03:02:04 +0000  Skipping step: IDEDistributionStreamingZipItemStep because it said so
2017-10-09 03:02:04 +0000  Skipping step: IDEDistributionStreamingZipItemStep because it said so
2017-10-09 03:02:04 +0000  Skipping step: IDEDistributionStreamingZipItemStep because it said so
2017-10-09 03:02:04 +0000  Skipping step: IDEDistributionStreamingZipItemStep because it said so
2017-10-09 03:02:04 +0000  Skipping step: IDEDistributionStreamingZipItemStep because it said so
2017-10-09 03:02:04 +0000  Skipping step: IDEDistributionStreamingZipItemStep because it said so
2017-10-09 03:02:04 +0000  Skipping step: IDEDistributionStreamingZipItemStep because it said so
2017-10-09 03:02:04 +0000  Skipping step: IDEDistributionStreamingZipItemStep because it said so
2017-10-09 03:02:04 +0000  Processing step: IDEDistributionCreateIPAStep
2017-10-09 03:02:04 +0000  Running /usr/bin/ditto '-V' '-c' '-k' '--norsrc' '/var/folders/9k/16d2bz8x33g22q2dn3nc7nyr0000gn/T/XcodeDistPipeline.q5C/Root' '/var/folders/9k/16d2bz8x33g22q2dn3nc7nyr0000gn/T/XcodeDistPipeline.q5C/Packages/MasterpassQR Demo.ipa'
2017-10-09 03:02:04 +0000  >>> Copying /var/folders/9k/16d2bz8x33g22q2dn3nc7nyr0000gn/T/XcodeDistPipeline.q5C/Root 
2017-10-09 03:02:04 +0000  copying file ./Payload/MasterpassQR Demo.app/_CodeSignature/CodeResources ... 
2017-10-09 03:02:04 +0000  18823 bytes for ./Payload/MasterpassQR Demo.app/_CodeSignature/CodeResources
2017-10-09 03:02:04 +0000  copying file ./Payload/MasterpassQR Demo.app/AppIcon20x20@2x.png ... 
2017-10-09 03:02:04 +0000  3081 bytes for ./Payload/MasterpassQR Demo.app/AppIcon20x20@2x.png
copying file ./Payload/MasterpassQR Demo.app/AppIcon20x20@3x.png ... 
2017-10-09 03:02:04 +0000  4429 bytes for ./Payload/MasterpassQR Demo.app/AppIcon20x20@3x.png
copying file ./Payload/MasterpassQR Demo.app/AppIcon29x29@2x.png ... 
2017-10-09 03:02:04 +0000  4241 bytes for ./Payload/MasterpassQR Demo.app/AppIcon29x29@2x.png
copying file ./Payload/MasterpassQR Demo.app/AppIcon29x29@3x.png ... 
2017-10-09 03:02:04 +0000  7561 bytes for ./Payload/MasterpassQR Demo.app/AppIcon29x29@3x.png
copying file ./Payload/MasterpassQR Demo.app/AppIcon40x40@2x.png ... 
2017-10-09 03:02:04 +0000  6629 bytes for ./Payload/MasterpassQR Demo.app/AppIcon40x40@2x.png
copying file ./Payload/MasterpassQR Demo.app/AppIcon40x40@3x.png ... 
2017-10-09 03:02:04 +0000  9268 bytes for ./Payload/MasterpassQR Demo.app/AppIcon40x40@3x.png
copying file ./Payload/MasterpassQR Demo.app/AppIcon60x60@2x.png ... 
2017-10-09 03:02:04 +0000  6013 bytes for ./Payload/MasterpassQR Demo.app/AppIcon60x60@2x.png
copying file ./Payload/MasterpassQR Demo.app/AppIcon60x60@3x.png ... 
2017-10-09 03:02:04 +0000  9349 bytes for ./Payload/MasterpassQR Demo.app/AppIcon60x60@3x.png
2017-10-09 03:02:04 +0000  copying file ./Payload/MasterpassQR Demo.app/archived-expanded-entitlements.xcent ... 
410 bytes for ./Payload/MasterpassQR Demo.app/archived-expanded-entitlements.xcent
copying file ./Payload/MasterpassQR Demo.app/Assets.car ... 
2017-10-09 03:02:04 +0000  134008 bytes for ./Payload/MasterpassQR Demo.app/Assets.car
2017-10-09 03:02:04 +0000  copying file ./Payload/MasterpassQR Demo.app/Base.lproj/LaunchScreen.storyboardc/01J-lp-oVM-view-Ze5-6b-2t3.nib ... 
1791 bytes for ./Payload/MasterpassQR Demo.app/Base.lproj/LaunchScreen.storyboardc/01J-lp-oVM-view-Ze5-6b-2t3.nib
2017-10-09 03:02:04 +0000  copying file ./Payload/MasterpassQR Demo.app/Base.lproj/LaunchScreen.storyboardc/Info.plist ... 
258 bytes for ./Payload/MasterpassQR Demo.app/Base.lproj/LaunchScreen.storyboardc/Info.plist
copying file ./Payload/MasterpassQR Demo.app/Base.lproj/LaunchScreen.storyboardc/UIViewController-01J-lp-oVM.nib ... 
2017-10-09 03:02:04 +0000  832 bytes for ./Payload/MasterpassQR Demo.app/Base.lproj/LaunchScreen.storyboardc/UIViewController-01J-lp-oVM.nib
copying file ./Payload/MasterpassQR Demo.app/Base.lproj/Main.storyboardc/BYZ-38-t0r-view-9fZ-FA-6Q7.nib ... 
2017-10-09 03:02:04 +0000  7712 bytes for ./Payload/MasterpassQR Demo.app/Base.lproj/Main.storyboardc/BYZ-38-t0r-view-9fZ-FA-6Q7.nib
copying file ./Payload/MasterpassQR Demo.app/Base.lproj/Main.storyboardc/FLa-MJ-yeU-view-IX7-LA-49i.nib ... 
2017-10-09 03:02:04 +0000  5300 bytes for ./Payload/MasterpassQR Demo.app/Base.lproj/Main.storyboardc/FLa-MJ-yeU-view-IX7-LA-49i.nib
copying file ./Payload/MasterpassQR Demo.app/Base.lproj/Main.storyboardc/hUj-tm-X23-view-s5M-Bq-OPM.nib ... 
2017-10-09 03:02:04 +0000  3914 bytes for ./Payload/MasterpassQR Demo.app/Base.lproj/Main.storyboardc/hUj-tm-X23-view-s5M-Bq-OPM.nib
copying file ./Payload/MasterpassQR Demo.app/Base.lproj/Main.storyboardc/Info.plist ... 
2017-10-09 03:02:04 +0000  403 bytes for ./Payload/MasterpassQR Demo.app/Base.lproj/Main.storyboardc/Info.plist
copying file ./Payload/MasterpassQR Demo.app/Base.lproj/Main.storyboardc/ResultViewController.nib ... 
2017-10-09 03:02:04 +0000  1050 bytes for ./Payload/MasterpassQR Demo.app/Base.lproj/Main.storyboardc/ResultViewController.nib
copying file ./Payload/MasterpassQR Demo.app/Base.lproj/Main.storyboardc/UINavigationController-if8-TP-3c4.nib ... 
2017-10-09 03:02:04 +0000  2044 bytes for ./Payload/MasterpassQR Demo.app/Base.lproj/Main.storyboardc/UINavigationController-if8-TP-3c4.nib
copying file ./Payload/MasterpassQR Demo.app/Base.lproj/Main.storyboardc/UIViewController-hUj-tm-X23.nib ... 
2017-10-09 03:02:04 +0000  1485 bytes for ./Payload/MasterpassQR Demo.app/Base.lproj/Main.storyboardc/UIViewController-hUj-tm-X23.nib
2017-10-09 03:02:04 +0000  copying file ./Payload/MasterpassQR Demo.app/embedded.mobileprovision ... 
2017-10-09 03:02:04 +0000  7390 bytes for ./Payload/MasterpassQR Demo.app/embedded.mobileprovision
2017-10-09 03:02:04 +0000  copying file ./Payload/MasterpassQR Demo.app/Frameworks/libswiftAVFoundation.dylib ... 
2017-10-09 03:02:04 +0000  482416 bytes for ./Payload/MasterpassQR Demo.app/Frameworks/libswiftAVFoundation.dylib
copying file ./Payload/MasterpassQR Demo.app/Frameworks/libswiftCore.dylib ... 
2017-10-09 03:02:05 +0000  21046064 bytes for ./Payload/MasterpassQR Demo.app/Frameworks/libswiftCore.dylib
copying file ./Payload/MasterpassQR Demo.app/Frameworks/libswiftCoreAudio.dylib ... 
2017-10-09 03:02:05 +0000  354208 bytes for ./Payload/MasterpassQR Demo.app/Frameworks/libswiftCoreAudio.dylib
copying file ./Payload/MasterpassQR Demo.app/Frameworks/libswiftCoreData.dylib ... 
2017-10-09 03:02:05 +0000  394704 bytes for ./Payload/MasterpassQR Demo.app/Frameworks/libswiftCoreData.dylib
copying file ./Payload/MasterpassQR Demo.app/Frameworks/libswiftCoreFoundation.dylib ... 
2017-10-09 03:02:05 +0000  208656 bytes for ./Payload/MasterpassQR Demo.app/Frameworks/libswiftCoreFoundation.dylib
copying file ./Payload/MasterpassQR Demo.app/Frameworks/libswiftCoreGraphics.dylib ... 
2017-10-09 03:02:05 +0000  578112 bytes for ./Payload/MasterpassQR Demo.app/Frameworks/libswiftCoreGraphics.dylib
copying file ./Payload/MasterpassQR Demo.app/Frameworks/libswiftCoreImage.dylib ... 
2017-10-09 03:02:05 +0000  209216 bytes for ./Payload/MasterpassQR Demo.app/Frameworks/libswiftCoreImage.dylib
copying file ./Payload/MasterpassQR Demo.app/Frameworks/libswiftCoreLocation.dylib ... 
2017-10-09 03:02:05 +0000  253648 bytes for ./Payload/MasterpassQR Demo.app/Frameworks/libswiftCoreLocation.dylib
copying file ./Payload/MasterpassQR Demo.app/Frameworks/libswiftCoreMedia.dylib ... 
2017-10-09 03:02:05 +0000  254000 bytes for ./Payload/MasterpassQR Demo.app/Frameworks/libswiftCoreMedia.dylib
copying file ./Payload/MasterpassQR Demo.app/Frameworks/libswiftDarwin.dylib ... 
2017-10-09 03:02:05 +0000  303424 bytes for ./Payload/MasterpassQR Demo.app/Frameworks/libswiftDarwin.dylib
copying file ./Payload/MasterpassQR Demo.app/Frameworks/libswiftDispatch.dylib ... 
2017-10-09 03:02:05 +0000  1009600 bytes for ./Payload/MasterpassQR Demo.app/Frameworks/libswiftDispatch.dylib
copying file ./Payload/MasterpassQR Demo.app/Frameworks/libswiftFoundation.dylib ... 
2017-10-09 03:02:06 +0000  8526080 bytes for ./Payload/MasterpassQR Demo.app/Frameworks/libswiftFoundation.dylib
copying file ./Payload/MasterpassQR Demo.app/Frameworks/libswiftMetal.dylib ... 
2017-10-09 03:02:06 +0000  251600 bytes for ./Payload/MasterpassQR Demo.app/Frameworks/libswiftMetal.dylib
2017-10-09 03:02:06 +0000  copying file ./Payload/MasterpassQR Demo.app/Frameworks/libswiftObjectiveC.dylib ... 
2017-10-09 03:02:06 +0000  259296 bytes for ./Payload/MasterpassQR Demo.app/Frameworks/libswiftObjectiveC.dylib
copying file ./Payload/MasterpassQR Demo.app/Frameworks/libswiftos.dylib ... 
2017-10-09 03:02:06 +0000  249264 bytes for ./Payload/MasterpassQR Demo.app/Frameworks/libswiftos.dylib
copying file ./Payload/MasterpassQR Demo.app/Frameworks/libswiftPhotos.dylib ... 
2017-10-09 03:02:06 +0000  210992 bytes for ./Payload/MasterpassQR Demo.app/Frameworks/libswiftPhotos.dylib
2017-10-09 03:02:06 +0000  copying file ./Payload/MasterpassQR Demo.app/Frameworks/libswiftQuartzCore.dylib ... 
2017-10-09 03:02:06 +0000  212560 bytes for ./Payload/MasterpassQR Demo.app/Frameworks/libswiftQuartzCore.dylib
copying file ./Payload/MasterpassQR Demo.app/Frameworks/libswiftsimd.dylib ... 
2017-10-09 03:02:06 +0000  1361600 bytes for ./Payload/MasterpassQR Demo.app/Frameworks/libswiftsimd.dylib
copying file ./Payload/MasterpassQR Demo.app/Frameworks/libswiftUIKit.dylib ... 
2017-10-09 03:02:06 +0000  361840 bytes for ./Payload/MasterpassQR Demo.app/Frameworks/libswiftUIKit.dylib
2017-10-09 03:02:06 +0000  copying file ./Payload/MasterpassQR Demo.app/Frameworks/MasterpassQRCoreSDK.framework/_CodeSignature/CodeResources ... 
2017-10-09 03:02:06 +0000  2506 bytes for ./Payload/MasterpassQR Demo.app/Frameworks/MasterpassQRCoreSDK.framework/_CodeSignature/CodeResources
copying file ./Payload/MasterpassQR Demo.app/Frameworks/MasterpassQRCoreSDK.framework/Info.plist ... 
735 bytes for ./Payload/MasterpassQR Demo.app/Frameworks/MasterpassQRCoreSDK.framework/Info.plist
copying file ./Payload/MasterpassQR Demo.app/Frameworks/MasterpassQRCoreSDK.framework/MasterpassQRCoreSDK ... 
2017-10-09 03:02:06 +0000  584192 bytes for ./Payload/MasterpassQR Demo.app/Frameworks/MasterpassQRCoreSDK.framework/MasterpassQRCoreSDK
copying file ./Payload/MasterpassQR Demo.app/Frameworks/MasterpassQRCoreSDK.framework/strip-frameworks.sh ... 
2017-10-09 03:02:06 +0000  3230 bytes for ./Payload/MasterpassQR Demo.app/Frameworks/MasterpassQRCoreSDK.framework/strip-frameworks.sh
copying file ./Payload/MasterpassQR Demo.app/Frameworks/MasterpassQRScanSDK.framework/_CodeSignature/CodeResources ... 
2784 bytes for ./Payload/MasterpassQR Demo.app/Frameworks/MasterpassQRScanSDK.framework/_CodeSignature/CodeResources
copying file ./Payload/MasterpassQR Demo.app/Frameworks/MasterpassQRScanSDK.framework/Assets.car ... 
2017-10-09 03:02:06 +0000  82504 bytes for ./Payload/MasterpassQR Demo.app/Frameworks/MasterpassQRScanSDK.framework/Assets.car
copying file ./Payload/MasterpassQR Demo.app/Frameworks/MasterpassQRScanSDK.framework/Info.plist ... 
2017-10-09 03:02:06 +0000  735 bytes for ./Payload/MasterpassQR Demo.app/Frameworks/MasterpassQRScanSDK.framework/Info.plist
copying file ./Payload/MasterpassQR Demo.app/Frameworks/MasterpassQRScanSDK.framework/MasterpassQRScanSDK ... 
2017-10-09 03:02:06 +0000  404464 bytes for ./Payload/MasterpassQR Demo.app/Frameworks/MasterpassQRScanSDK.framework/MasterpassQRScanSDK
copying file ./Payload/MasterpassQR Demo.app/Frameworks/MasterpassQRScanSDK.framework/strip-frameworks.sh ... 
2017-10-09 03:02:06 +0000  3230 bytes for ./Payload/MasterpassQR Demo.app/Frameworks/MasterpassQRScanSDK.framework/strip-frameworks.sh
copying file ./Payload/MasterpassQR Demo.app/Info.plist ... 
2017-10-09 03:02:06 +0000  1290 bytes for ./Payload/MasterpassQR Demo.app/Info.plist
copying file ./Payload/MasterpassQR Demo.app/MasterpassQR Demo ... 
2017-10-09 03:02:06 +0000  414480 bytes for ./Payload/MasterpassQR Demo.app/MasterpassQR Demo
copying file ./Payload/MasterpassQR Demo.app/PkgInfo ... 
2017-10-09 03:02:06 +0000  8 bytes for ./Payload/MasterpassQR Demo.app/PkgInfo
2017-10-09 03:02:06 +0000  /usr/bin/ditto exited with 0
2017-10-09 03:02:06 +0000  Processing step: IDEDistributionCreateManifestStep
