2017-10-02 07:25:15 +0000  Initial pipeline context: <IDEDistributionProcessingPipelineContext: 0x7ffc18baac20; archive(resolved)='<IDEArchive: 0x7ffc183d2de0>', distributionTask(resolved)='2', distributionMethod(resolved)='<IDEDistributionMethodiOSEnterprise: 0x7ffc31fb6c90>', team(resolved)='<IDEProvisioningBasicTeam 0x7ffc19a1cbe0: teamID: FARWN7FEXX, teamName: MasterCard Worldwide>'>
	Chain (11, self inclusive):
	<IDEDistributionProcessingPipelineContext: 0x7ffc18baac20; archive = '<IDEArchive: 0x7ffc183d2de0>', distributionMethod='<IDEDistributionMethodiOSEnterprise: 0x7ffc31fb6c90>', team='<IDEProvisioningBasicTeam 0x7ffc19a1cbe0: teamID: FARWN7FEXX, teamName: MasterCard Worldwide>'>
	<IDEDistributionProcessingPipelineContext: 0x7ffc1a42f110; archive = '<IDEArchive: 0x7ffc183d2de0>', distributionMethod='<IDEDistributionMethodiOSEnterprise: 0x7ffc31fb6c90>', team='<IDEProvisioningBasicTeam 0x7ffc19a1cbe0: teamID: FARWN7FEXX, teamName: MasterCard Worldwide>'>
	<IDEDistributionContext: 0x7ffc1766a820; archive = '<IDEArchive: 0x7ffc183d2de0>', distributionMethod='<IDEDistributionMethodiOSEnterprise: 0x7ffc31fb6c90>', team='<IDEProvisioningBasicTeam 0x7ffc19a1cbe0: teamID: FARWN7FEXX, teamName: MasterCard Worldwide>'>
	<IDEDistributionContext: 0x7ffc19d0feb0; archive = '<IDEArchive: 0x7ffc183d2de0>', distributionMethod='<IDEDistributionMethodiOSEnterprise: 0x7ffc31fb6c90>', team='<IDEProvisioningBasicTeam 0x7ffc19a1cbe0: teamID: FARWN7FEXX, teamName: MasterCard Worldwide>'>
	<IDEDistributionContext: 0x7ffc1928cb90; archive = '<IDEArchive: 0x7ffc183d2de0>', distributionMethod='<IDEDistributionMethodiOSEnterprise: 0x7ffc31fb6c90>', team='<IDEProvisioningBasicTeam 0x7ffc19a1cbe0: teamID: FARWN7FEXX, teamName: MasterCard Worldwide>'>
	<IDEDistributionContext: 0x7ffc1965d670; archive = '<IDEArchive: 0x7ffc183d2de0>', distributionMethod='<IDEDistributionMethodiOSEnterprise: 0x7ffc31fb6c90>', team='<IDEProvisioningBasicTeam 0x7ffc19a1cbe0: teamID: FARWN7FEXX, teamName: MasterCard Worldwide>'>
	<IDEDistributionContext: 0x7ffc19d2c700; archive = '<IDEArchive: 0x7ffc183d2de0>', distributionMethod='<IDEDistributionMethodiOSEnterprise: 0x7ffc31fb6c90>', team='<IDEProvisioningBasicTeam 0x7ffc19a1cbe0: teamID: FARWN7FEXX, teamName: MasterCard Worldwide>'>
	<IDEDistributionContext: 0x7ffc19a4ace0; archive = '<IDEArchive: 0x7ffc183d2de0>', distributionMethod='<IDEDistributionMethodiOSEnterprise: 0x7ffc31fb6c90>', team='<IDEProvisioningBasicTeam 0x7ffc19a1cbe0: teamID: FARWN7FEXX, teamName: MasterCard Worldwide>'>
	<IDEDistributionContext: 0x7ffc19d27810; archive = '<IDEArchive: 0x7ffc183d2de0>', distributionMethod='<IDEDistributionMethodiOSEnterprise: 0x7ffc31fb6c90>', team='<IDEProvisioningBasicTeam 0x7ffc19a1cbe0: teamID: FARWN7FEXX, teamName: MasterCard Worldwide>'>
	<IDEDistributionContext: 0x7ffc1945e1e0; archive = '<IDEArchive: 0x7ffc183d2de0>', distributionMethod='<IDEDistributionMethodiOSEnterprise: 0x7ffc31fb6c90>', team='(null)'>
	<IDEDistributionContext: 0x7ffc19b85cf0; archive = '<IDEArchive: 0x7ffc183d2de0>', distributionMethod='(null)', team='(null)'>
</IDEDistributionProcessingPipelineContext: 0x7ffc18baac20>
2017-10-02 07:25:15 +0000  Processing step: IDEDistributionCreateDestRootStep
2017-10-02 07:25:15 +0000  Processing step: IDEDistributionCopyItemStep
2017-10-02 07:25:15 +0000  Running /usr/bin/ditto '-V' '/Users/amri/Library/Developer/Xcode/Archives/2017-10-02/MasterpassQR Demo 2-10-17, 3.20 PM.xcarchive/Products/Applications/MasterpassQR Demo.app' '/var/folders/9k/16d2bz8x33g22q2dn3nc7nyr0000gn/T/XcodeDistPipeline.qgO/Root/Payload/MasterpassQR Demo.app'
2017-10-02 07:25:15 +0000  >>> Copying /Users/amri/Library/Developer/Xcode/Archives/2017-10-02/MasterpassQR Demo 2-10-17, 3.20 PM.xcarchive/Products/Applications/MasterpassQR Demo.app 
2017-10-02 07:25:15 +0000  copying file ./_CodeSignature/CodeResources ... 
2017-10-02 07:25:15 +0000  18461 bytes for ./_CodeSignature/CodeResources
2017-10-02 07:25:15 +0000  copying file ./AppIcon20x20@2x.png ... 
2017-10-02 07:25:15 +0000  3081 bytes for ./AppIcon20x20@2x.png
copying file ./AppIcon20x20@3x.png ... 
2017-10-02 07:25:15 +0000  4429 bytes for ./AppIcon20x20@3x.png
2017-10-02 07:25:15 +0000  copying file ./AppIcon29x29@2x.png ... 
2017-10-02 07:25:15 +0000  4241 bytes for ./AppIcon29x29@2x.png
copying file ./AppIcon29x29@3x.png ... 
2017-10-02 07:25:15 +0000  7561 bytes for ./AppIcon29x29@3x.png
copying file ./AppIcon40x40@2x.png ... 
2017-10-02 07:25:15 +0000  6629 bytes for ./AppIcon40x40@2x.png
2017-10-02 07:25:15 +0000  copying file ./AppIcon40x40@3x.png ... 
2017-10-02 07:25:15 +0000  9268 bytes for ./AppIcon40x40@3x.png
copying file ./AppIcon60x60@2x.png ... 
2017-10-02 07:25:15 +0000  6013 bytes for ./AppIcon60x60@2x.png
copying file ./AppIcon60x60@3x.png ... 
2017-10-02 07:25:15 +0000  9349 bytes for ./AppIcon60x60@3x.png
2017-10-02 07:25:15 +0000  copying file ./archived-expanded-entitlements.xcent ... 
2017-10-02 07:25:15 +0000  410 bytes for ./archived-expanded-entitlements.xcent
2017-10-02 07:25:15 +0000  copying file ./Assets.car ... 
2017-10-02 07:25:15 +0000  134008 bytes for ./Assets.car
2017-10-02 07:25:15 +0000  copying file ./Base.lproj/LaunchScreen.storyboardc/01J-lp-oVM-view-Ze5-6b-2t3.nib ... 
2017-10-02 07:25:15 +0000  1791 bytes for ./Base.lproj/LaunchScreen.storyboardc/01J-lp-oVM-view-Ze5-6b-2t3.nib
2017-10-02 07:25:15 +0000  copying file ./Base.lproj/LaunchScreen.storyboardc/Info.plist ... 
2017-10-02 07:25:15 +0000  258 bytes for ./Base.lproj/LaunchScreen.storyboardc/Info.plist
copying file ./Base.lproj/LaunchScreen.storyboardc/UIViewController-01J-lp-oVM.nib ... 
2017-10-02 07:25:15 +0000  832 bytes for ./Base.lproj/LaunchScreen.storyboardc/UIViewController-01J-lp-oVM.nib
2017-10-02 07:25:15 +0000  copying file ./Base.lproj/Main.storyboardc/BYZ-38-t0r-view-9fZ-FA-6Q7.nib ... 
2017-10-02 07:25:15 +0000  7708 bytes for ./Base.lproj/Main.storyboardc/BYZ-38-t0r-view-9fZ-FA-6Q7.nib
copying file ./Base.lproj/Main.storyboardc/FLa-MJ-yeU-view-IX7-LA-49i.nib ... 
2017-10-02 07:25:15 +0000  5309 bytes for ./Base.lproj/Main.storyboardc/FLa-MJ-yeU-view-IX7-LA-49i.nib
2017-10-02 07:25:15 +0000  copying file ./Base.lproj/Main.storyboardc/hUj-tm-X23-view-s5M-Bq-OPM.nib ... 
2017-10-02 07:25:15 +0000  3906 bytes for ./Base.lproj/Main.storyboardc/hUj-tm-X23-view-s5M-Bq-OPM.nib
2017-10-02 07:25:15 +0000  copying file ./Base.lproj/Main.storyboardc/Info.plist ... 
2017-10-02 07:25:15 +0000  403 bytes for ./Base.lproj/Main.storyboardc/Info.plist
2017-10-02 07:25:15 +0000  copying file ./Base.lproj/Main.storyboardc/ResultViewController.nib ... 
2017-10-02 07:25:15 +0000  1050 bytes for ./Base.lproj/Main.storyboardc/ResultViewController.nib
copying file ./Base.lproj/Main.storyboardc/UINavigationController-if8-TP-3c4.nib ... 
2017-10-02 07:25:15 +0000  2044 bytes for ./Base.lproj/Main.storyboardc/UINavigationController-if8-TP-3c4.nib
2017-10-02 07:25:15 +0000  copying file ./Base.lproj/Main.storyboardc/UIViewController-hUj-tm-X23.nib ... 
2017-10-02 07:25:15 +0000  1485 bytes for ./Base.lproj/Main.storyboardc/UIViewController-hUj-tm-X23.nib
2017-10-02 07:25:15 +0000  copying file ./embedded.mobileprovision ... 
2017-10-02 07:25:15 +0000  236171 bytes for ./embedded.mobileprovision
2017-10-02 07:25:15 +0000  copying file ./Frameworks/libswiftAVFoundation.dylib ... 
2017-10-02 07:25:15 +0000  482064 bytes for ./Frameworks/libswiftAVFoundation.dylib
2017-10-02 07:25:15 +0000  copying file ./Frameworks/libswiftCore.dylib ... 
2017-10-02 07:25:15 +0000  21045712 bytes for ./Frameworks/libswiftCore.dylib
copying file ./Frameworks/libswiftCoreAudio.dylib ... 
2017-10-02 07:25:15 +0000  353856 bytes for ./Frameworks/libswiftCoreAudio.dylib
copying file ./Frameworks/libswiftCoreData.dylib ... 
361584 bytes for ./Frameworks/libswiftCoreData.dylib
copying file ./Frameworks/libswiftCoreFoundation.dylib ... 
208288 bytes for ./Frameworks/libswiftCoreFoundation.dylib
copying file ./Frameworks/libswiftCoreGraphics.dylib ... 
2017-10-02 07:25:15 +0000  577760 bytes for ./Frameworks/libswiftCoreGraphics.dylib
copying file ./Frameworks/libswiftCoreImage.dylib ... 
208864 bytes for ./Frameworks/libswiftCoreImage.dylib
copying file ./Frameworks/libswiftCoreLocation.dylib ... 
253296 bytes for ./Frameworks/libswiftCoreLocation.dylib
copying file ./Frameworks/libswiftCoreMedia.dylib ... 
253648 bytes for ./Frameworks/libswiftCoreMedia.dylib
copying file ./Frameworks/libswiftDarwin.dylib ... 
2017-10-02 07:25:15 +0000  303072 bytes for ./Frameworks/libswiftDarwin.dylib
copying file ./Frameworks/libswiftDispatch.dylib ... 
2017-10-02 07:25:15 +0000  1009248 bytes for ./Frameworks/libswiftDispatch.dylib
copying file ./Frameworks/libswiftFoundation.dylib ... 
2017-10-02 07:25:15 +0000  8525728 bytes for ./Frameworks/libswiftFoundation.dylib
2017-10-02 07:25:15 +0000  copying file ./Frameworks/libswiftMetal.dylib ... 
251248 bytes for ./Frameworks/libswiftMetal.dylib
copying file ./Frameworks/libswiftObjectiveC.dylib ... 
258944 bytes for ./Frameworks/libswiftObjectiveC.dylib
copying file ./Frameworks/libswiftos.dylib ... 
248912 bytes for ./Frameworks/libswiftos.dylib
copying file ./Frameworks/libswiftPhotos.dylib ... 
210640 bytes for ./Frameworks/libswiftPhotos.dylib
copying file ./Frameworks/libswiftQuartzCore.dylib ... 
212208 bytes for ./Frameworks/libswiftQuartzCore.dylib
copying file ./Frameworks/libswiftsimd.dylib ... 
2017-10-02 07:25:15 +0000  1361248 bytes for ./Frameworks/libswiftsimd.dylib
copying file ./Frameworks/libswiftUIKit.dylib ... 
361488 bytes for ./Frameworks/libswiftUIKit.dylib
2017-10-02 07:25:15 +0000  copying file ./Frameworks/MasterpassQRCoreSDKV2.framework/_CodeSignature/CodeResources ... 
2202 bytes for ./Frameworks/MasterpassQRCoreSDKV2.framework/_CodeSignature/CodeResources
copying file ./Frameworks/MasterpassQRCoreSDKV2.framework/Info.plist ... 
2017-10-02 07:25:15 +0000  737 bytes for ./Frameworks/MasterpassQRCoreSDKV2.framework/Info.plist
copying file ./Frameworks/MasterpassQRCoreSDKV2.framework/MasterpassQRCoreSDKV2 ... 
2017-10-02 07:25:15 +0000  953936 bytes for ./Frameworks/MasterpassQRCoreSDKV2.framework/MasterpassQRCoreSDKV2
2017-10-02 07:25:15 +0000  copying file ./Frameworks/MasterpassQRScanSDK.framework/_CodeSignature/CodeResources ... 
2784 bytes for ./Frameworks/MasterpassQRScanSDK.framework/_CodeSignature/CodeResources
copying file ./Frameworks/MasterpassQRScanSDK.framework/Assets.car ... 
2017-10-02 07:25:15 +0000  82504 bytes for ./Frameworks/MasterpassQRScanSDK.framework/Assets.car
copying file ./Frameworks/MasterpassQRScanSDK.framework/Info.plist ... 
2017-10-02 07:25:15 +0000  735 bytes for ./Frameworks/MasterpassQRScanSDK.framework/Info.plist
copying file ./Frameworks/MasterpassQRScanSDK.framework/MasterpassQRScanSDK ... 
2017-10-02 07:25:15 +0000  404160 bytes for ./Frameworks/MasterpassQRScanSDK.framework/MasterpassQRScanSDK
copying file ./Frameworks/MasterpassQRScanSDK.framework/strip-frameworks.sh ... 
2017-10-02 07:25:15 +0000  3230 bytes for ./Frameworks/MasterpassQRScanSDK.framework/strip-frameworks.sh
2017-10-02 07:25:15 +0000  copying file ./Info.plist ... 
2017-10-02 07:25:15 +0000  1289 bytes for ./Info.plist
2017-10-02 07:25:15 +0000  copying file ./MasterpassQR Demo ... 
2017-10-02 07:25:15 +0000  397888 bytes for ./MasterpassQR Demo
copying file ./PkgInfo ... 
2017-10-02 07:25:15 +0000  8 bytes for ./PkgInfo
2017-10-02 07:25:15 +0000  /usr/bin/ditto exited with 0
2017-10-02 07:25:15 +0000  Processing step: IDEDistributionEmbedProfileStep
2017-10-02 07:25:15 +0000  Skipping profile for item: <IDEDistributionItem: 0x7ffc19d4d4b0 'com.mastercard.ios.MasterpassQRCoreSDKV2' '<DVTFilePath:0x7ffc1944f9c0:'/Users/amri/Library/Developer/Xcode/Archives/2017-10-02/MasterpassQR Demo 2-10-17, 3.20 PM.xcarchive/Products/Applications/MasterpassQR Demo.app/Frameworks/MasterpassQRCoreSDKV2.framework'>'>
2017-10-02 07:25:15 +0000  Skipping profile for item: <IDEDistributionItem: 0x7ffc19a8e1e0 'com.mastercard.ios.MasterpassQRScanSDK' '<DVTFilePath:0x7ffc194b55e0:'/Users/amri/Library/Developer/Xcode/Archives/2017-10-02/MasterpassQR Demo 2-10-17, 3.20 PM.xcarchive/Products/Applications/MasterpassQR Demo.app/Frameworks/MasterpassQRScanSDK.framework'>'>
2017-10-02 07:25:15 +0000  Skipping profile for item: <IDEDistributionItem: 0x7ffc197144c0 'com.apple.dt.runtime.swiftAVFoundation' '<DVTFilePath:0x7ffc194e6230:'/Users/amri/Library/Developer/Xcode/Archives/2017-10-02/MasterpassQR Demo 2-10-17, 3.20 PM.xcarchive/Products/Applications/MasterpassQR Demo.app/Frameworks/libswiftAVFoundation.dylib'>'>
2017-10-02 07:25:15 +0000  Skipping profile for item: <IDEDistributionItem: 0x7ffc19d50230 'com.apple.dt.runtime.swiftCore' '<DVTFilePath:0x7ffc19417650:'/Users/amri/Library/Developer/Xcode/Archives/2017-10-02/MasterpassQR Demo 2-10-17, 3.20 PM.xcarchive/Products/Applications/MasterpassQR Demo.app/Frameworks/libswiftCore.dylib'>'>
2017-10-02 07:25:15 +0000  Skipping profile for item: <IDEDistributionItem: 0x7ffc142a4a10 'com.apple.dt.runtime.swiftCoreAudio' '<DVTFilePath:0x7ffc19b2b6b0:'/Users/amri/Library/Developer/Xcode/Archives/2017-10-02/MasterpassQR Demo 2-10-17, 3.20 PM.xcarchive/Products/Applications/MasterpassQR Demo.app/Frameworks/libswiftCoreAudio.dylib'>'>
2017-10-02 07:25:15 +0000  Skipping profile for item: <IDEDistributionItem: 0x7ffc19d4ba50 'com.apple.dt.runtime.swiftCoreData' '<DVTFilePath:0x7ffc19804550:'/Users/amri/Library/Developer/Xcode/Archives/2017-10-02/MasterpassQR Demo 2-10-17, 3.20 PM.xcarchive/Products/Applications/MasterpassQR Demo.app/Frameworks/libswiftCoreData.dylib'>'>
2017-10-02 07:25:15 +0000  Skipping profile for item: <IDEDistributionItem: 0x7ffc32057ae0 'com.apple.dt.runtime.swiftCoreFoundation' '<DVTFilePath:0x7ffc19b2ec90:'/Users/amri/Library/Developer/Xcode/Archives/2017-10-02/MasterpassQR Demo 2-10-17, 3.20 PM.xcarchive/Products/Applications/MasterpassQR Demo.app/Frameworks/libswiftCoreFoundation.dylib'>'>
2017-10-02 07:25:15 +0000  Skipping profile for item: <IDEDistributionItem: 0x7ffc197e1a20 'com.apple.dt.runtime.swiftCoreGraphics' '<DVTFilePath:0x7ffc19bbc120:'/Users/amri/Library/Developer/Xcode/Archives/2017-10-02/MasterpassQR Demo 2-10-17, 3.20 PM.xcarchive/Products/Applications/MasterpassQR Demo.app/Frameworks/libswiftCoreGraphics.dylib'>'>
2017-10-02 07:25:15 +0000  Skipping profile for item: <IDEDistributionItem: 0x7ffc19a51160 'com.apple.dt.runtime.swiftCoreImage' '<DVTFilePath:0x7ffc1982dd10:'/Users/amri/Library/Developer/Xcode/Archives/2017-10-02/MasterpassQR Demo 2-10-17, 3.20 PM.xcarchive/Products/Applications/MasterpassQR Demo.app/Frameworks/libswiftCoreImage.dylib'>'>
2017-10-02 07:25:15 +0000  Skipping profile for item: <IDEDistributionItem: 0x7ffc199007f0 'com.apple.dt.runtime.swiftCoreLocation' '<DVTFilePath:0x7ffc19820780:'/Users/amri/Library/Developer/Xcode/Archives/2017-10-02/MasterpassQR Demo 2-10-17, 3.20 PM.xcarchive/Products/Applications/MasterpassQR Demo.app/Frameworks/libswiftCoreLocation.dylib'>'>
2017-10-02 07:25:15 +0000  Skipping profile for item: <IDEDistributionItem: 0x7ffc19d499d0 'com.apple.dt.runtime.swiftCoreMedia' '<DVTFilePath:0x7ffc19810860:'/Users/amri/Library/Developer/Xcode/Archives/2017-10-02/MasterpassQR Demo 2-10-17, 3.20 PM.xcarchive/Products/Applications/MasterpassQR Demo.app/Frameworks/libswiftCoreMedia.dylib'>'>
2017-10-02 07:25:15 +0000  Skipping profile for item: <IDEDistributionItem: 0x7ffc19d34b90 'com.apple.dt.runtime.swiftDarwin' '<DVTFilePath:0x7ffc147b85e0:'/Users/amri/Library/Developer/Xcode/Archives/2017-10-02/MasterpassQR Demo 2-10-17, 3.20 PM.xcarchive/Products/Applications/MasterpassQR Demo.app/Frameworks/libswiftDarwin.dylib'>'>
2017-10-02 07:25:15 +0000  Skipping profile for item: <IDEDistributionItem: 0x7ffc196c8ea0 'com.apple.dt.runtime.swiftDispatch' '<DVTFilePath:0x7ffc19c75510:'/Users/amri/Library/Developer/Xcode/Archives/2017-10-02/MasterpassQR Demo 2-10-17, 3.20 PM.xcarchive/Products/Applications/MasterpassQR Demo.app/Frameworks/libswiftDispatch.dylib'>'>
2017-10-02 07:25:15 +0000  Skipping profile for item: <IDEDistributionItem: 0x7ffc192f8a80 'com.apple.dt.runtime.swiftFoundation' '<DVTFilePath:0x7ffc13bdfa30:'/Users/amri/Library/Developer/Xcode/Archives/2017-10-02/MasterpassQR Demo 2-10-17, 3.20 PM.xcarchive/Products/Applications/MasterpassQR Demo.app/Frameworks/libswiftFoundation.dylib'>'>
2017-10-02 07:25:15 +0000  Skipping profile for item: <IDEDistributionItem: 0x7ffc19a64050 'com.apple.dt.runtime.swiftMetal' '<DVTFilePath:0x7ffc18ec4ba0:'/Users/amri/Library/Developer/Xcode/Archives/2017-10-02/MasterpassQR Demo 2-10-17, 3.20 PM.xcarchive/Products/Applications/MasterpassQR Demo.app/Frameworks/libswiftMetal.dylib'>'>
2017-10-02 07:25:15 +0000  Skipping profile for item: <IDEDistributionItem: 0x7ffc180af670 'com.apple.dt.runtime.swiftObjectiveC' '<DVTFilePath:0x7ffc19b5c180:'/Users/amri/Library/Developer/Xcode/Archives/2017-10-02/MasterpassQR Demo 2-10-17, 3.20 PM.xcarchive/Products/Applications/MasterpassQR Demo.app/Frameworks/libswiftObjectiveC.dylib'>'>
2017-10-02 07:25:15 +0000  Skipping profile for item: <IDEDistributionItem: 0x7ffc19d1da40 'com.apple.dt.runtime.swiftPhotos' '<DVTFilePath:0x7ffc19d0e080:'/Users/amri/Library/Developer/Xcode/Archives/2017-10-02/MasterpassQR Demo 2-10-17, 3.20 PM.xcarchive/Products/Applications/MasterpassQR Demo.app/Frameworks/libswiftPhotos.dylib'>'>
2017-10-02 07:25:15 +0000  Skipping profile for item: <IDEDistributionItem: 0x7ffc19a82d40 'com.apple.dt.runtime.swiftQuartzCore' '<DVTFilePath:0x7ffc18409b30:'/Users/amri/Library/Developer/Xcode/Archives/2017-10-02/MasterpassQR Demo 2-10-17, 3.20 PM.xcarchive/Products/Applications/MasterpassQR Demo.app/Frameworks/libswiftQuartzCore.dylib'>'>
2017-10-02 07:25:15 +0000  Skipping profile for item: <IDEDistributionItem: 0x7ffc19d4f610 'com.apple.dt.runtime.swiftUIKit' '<DVTFilePath:0x7ffc192ae950:'/Users/amri/Library/Developer/Xcode/Archives/2017-10-02/MasterpassQR Demo 2-10-17, 3.20 PM.xcarchive/Products/Applications/MasterpassQR Demo.app/Frameworks/libswiftUIKit.dylib'>'>
2017-10-02 07:25:15 +0000  Skipping profile for item: <IDEDistributionItem: 0x7ffc19a7ac80 'com.apple.dt.runtime.swiftos' '<DVTFilePath:0x7ffc182f6a90:'/Users/amri/Library/Developer/Xcode/Archives/2017-10-02/MasterpassQR Demo 2-10-17, 3.20 PM.xcarchive/Products/Applications/MasterpassQR Demo.app/Frameworks/libswiftos.dylib'>'>
2017-10-02 07:25:15 +0000  Skipping profile for item: <IDEDistributionItem: 0x7ffc19a44a10 'com.apple.dt.runtime.swiftsimd' '<DVTFilePath:0x7ffc19d1c480:'/Users/amri/Library/Developer/Xcode/Archives/2017-10-02/MasterpassQR Demo 2-10-17, 3.20 PM.xcarchive/Products/Applications/MasterpassQR Demo.app/Frameworks/libswiftsimd.dylib'>'>
2017-10-02 07:25:15 +0000  Processing step: IDEDistributionAppThinningPlistStep
2017-10-02 07:25:15 +0000  Skipping step: IDEDistributionAppThinningPlistStep because it said so
2017-10-02 07:25:15 +0000  Processing step: IDEDistributionCompileBitcodeStep
2017-10-02 07:25:15 +0000  Skipping step: IDEDistributionCompileBitcodeStep because it said so
2017-10-02 07:25:15 +0000  Processing step: IDEDistributionCodeSlimmingStep
2017-10-02 07:25:16 +0000  Processing step: IDEDistributionCopyBCSymbolMapsStep
2017-10-02 07:25:16 +0000  Skipping step: IDEDistributionCopyBCSymbolMapsStep because it said so
2017-10-02 07:25:16 +0000  Skipping step: IDEDistributionCopyBCSymbolMapsStep because it said so
2017-10-02 07:25:16 +0000  Skipping step: IDEDistributionCopyBCSymbolMapsStep because it said so
2017-10-02 07:25:16 +0000  Skipping step: IDEDistributionCopyBCSymbolMapsStep because it said so
2017-10-02 07:25:16 +0000  Skipping step: IDEDistributionCopyBCSymbolMapsStep because it said so
2017-10-02 07:25:16 +0000  Skipping step: IDEDistributionCopyBCSymbolMapsStep because it said so
2017-10-02 07:25:16 +0000  Skipping step: IDEDistributionCopyBCSymbolMapsStep because it said so
2017-10-02 07:25:16 +0000  Skipping step: IDEDistributionCopyBCSymbolMapsStep because it said so
2017-10-02 07:25:16 +0000  Skipping step: IDEDistributionCopyBCSymbolMapsStep because it said so
2017-10-02 07:25:16 +0000  Skipping step: IDEDistributionCopyBCSymbolMapsStep because it said so
2017-10-02 07:25:16 +0000  Skipping step: IDEDistributionCopyBCSymbolMapsStep because it said so
2017-10-02 07:25:16 +0000  Skipping step: IDEDistributionCopyBCSymbolMapsStep because it said so
2017-10-02 07:25:16 +0000  Skipping step: IDEDistributionCopyBCSymbolMapsStep because it said so
2017-10-02 07:25:16 +0000  Skipping step: IDEDistributionCopyBCSymbolMapsStep because it said so
2017-10-02 07:25:16 +0000  Skipping step: IDEDistributionCopyBCSymbolMapsStep because it said so
2017-10-02 07:25:16 +0000  Skipping step: IDEDistributionCopyBCSymbolMapsStep because it said so
2017-10-02 07:25:16 +0000  Skipping step: IDEDistributionCopyBCSymbolMapsStep because it said so
2017-10-02 07:25:16 +0000  Skipping step: IDEDistributionCopyBCSymbolMapsStep because it said so
2017-10-02 07:25:16 +0000  Skipping step: IDEDistributionCopyBCSymbolMapsStep because it said so
2017-10-02 07:25:16 +0000  Skipping step: IDEDistributionCopyBCSymbolMapsStep because it said so
2017-10-02 07:25:16 +0000  Skipping step: IDEDistributionCopyBCSymbolMapsStep because it said so
2017-10-02 07:25:16 +0000  Skipping step: IDEDistributionCopyBCSymbolMapsStep because it said so
2017-10-02 07:25:16 +0000  Processing step: IDEDistributionSymbolsStep
2017-10-02 07:25:16 +0000  Skipping step: IDEDistributionSymbolsStep because it said so
2017-10-02 07:25:16 +0000  Skipping step: IDEDistributionSymbolsStep because it said so
2017-10-02 07:25:16 +0000  Skipping step: IDEDistributionSymbolsStep because it said so
2017-10-02 07:25:16 +0000  Skipping step: IDEDistributionSymbolsStep because it said so
2017-10-02 07:25:16 +0000  Skipping step: IDEDistributionSymbolsStep because it said so
2017-10-02 07:25:16 +0000  Skipping step: IDEDistributionSymbolsStep because it said so
2017-10-02 07:25:16 +0000  Skipping step: IDEDistributionSymbolsStep because it said so
2017-10-02 07:25:16 +0000  Skipping step: IDEDistributionSymbolsStep because it said so
2017-10-02 07:25:16 +0000  Skipping step: IDEDistributionSymbolsStep because it said so
2017-10-02 07:25:16 +0000  Skipping step: IDEDistributionSymbolsStep because it said so
2017-10-02 07:25:16 +0000  Skipping step: IDEDistributionSymbolsStep because it said so
2017-10-02 07:25:16 +0000  Skipping step: IDEDistributionSymbolsStep because it said so
2017-10-02 07:25:16 +0000  Skipping step: IDEDistributionSymbolsStep because it said so
2017-10-02 07:25:16 +0000  Skipping step: IDEDistributionSymbolsStep because it said so
2017-10-02 07:25:16 +0000  Skipping step: IDEDistributionSymbolsStep because it said so
2017-10-02 07:25:16 +0000  Skipping step: IDEDistributionSymbolsStep because it said so
2017-10-02 07:25:16 +0000  Skipping step: IDEDistributionSymbolsStep because it said so
2017-10-02 07:25:16 +0000  Skipping step: IDEDistributionSymbolsStep because it said so
2017-10-02 07:25:16 +0000  Skipping step: IDEDistributionSymbolsStep because it said so
2017-10-02 07:25:16 +0000  Skipping step: IDEDistributionSymbolsStep because it said so
2017-10-02 07:25:16 +0000  Skipping step: IDEDistributionSymbolsStep because it said so
2017-10-02 07:25:16 +0000  Skipping step: IDEDistributionSymbolsStep because it said so
2017-10-02 07:25:16 +0000  Processing step: IDEDistributionAppThinningStep
2017-10-02 07:25:16 +0000  Skipping step: IDEDistributionAppThinningStep because it said so
2017-10-02 07:25:16 +0000  Processing step: IDEDistributionODRStep
2017-10-02 07:25:16 +0000  Processing step: IDEDistributionStripXattrsStep
2017-10-02 07:25:16 +0000  Skipping stripping extended attributes of item: <IDEDistributionItem: 0x7ffc19d4d4b0 'com.mastercard.ios.MasterpassQRCoreSDKV2' '<DVTFilePath:0x7ffc1944f9c0:'/Users/amri/Library/Developer/Xcode/Archives/2017-10-02/MasterpassQR Demo 2-10-17, 3.20 PM.xcarchive/Products/Applications/MasterpassQR Demo.app/Frameworks/MasterpassQRCoreSDKV2.framework'>'>
2017-10-02 07:25:16 +0000  Skipping stripping extended attributes of item: <IDEDistributionItem: 0x7ffc19a8e1e0 'com.mastercard.ios.MasterpassQRScanSDK' '<DVTFilePath:0x7ffc194b55e0:'/Users/amri/Library/Developer/Xcode/Archives/2017-10-02/MasterpassQR Demo 2-10-17, 3.20 PM.xcarchive/Products/Applications/MasterpassQR Demo.app/Frameworks/MasterpassQRScanSDK.framework'>'>
2017-10-02 07:25:16 +0000  Skipping stripping extended attributes of item: <IDEDistributionItem: 0x7ffc197144c0 'com.apple.dt.runtime.swiftAVFoundation' '<DVTFilePath:0x7ffc194e6230:'/Users/amri/Library/Developer/Xcode/Archives/2017-10-02/MasterpassQR Demo 2-10-17, 3.20 PM.xcarchive/Products/Applications/MasterpassQR Demo.app/Frameworks/libswiftAVFoundation.dylib'>'>
2017-10-02 07:25:16 +0000  Skipping stripping extended attributes of item: <IDEDistributionItem: 0x7ffc19d50230 'com.apple.dt.runtime.swiftCore' '<DVTFilePath:0x7ffc19417650:'/Users/amri/Library/Developer/Xcode/Archives/2017-10-02/MasterpassQR Demo 2-10-17, 3.20 PM.xcarchive/Products/Applications/MasterpassQR Demo.app/Frameworks/libswiftCore.dylib'>'>
2017-10-02 07:25:16 +0000  Skipping stripping extended attributes of item: <IDEDistributionItem: 0x7ffc142a4a10 'com.apple.dt.runtime.swiftCoreAudio' '<DVTFilePath:0x7ffc19b2b6b0:'/Users/amri/Library/Developer/Xcode/Archives/2017-10-02/MasterpassQR Demo 2-10-17, 3.20 PM.xcarchive/Products/Applications/MasterpassQR Demo.app/Frameworks/libswiftCoreAudio.dylib'>'>
2017-10-02 07:25:16 +0000  Skipping stripping extended attributes of item: <IDEDistributionItem: 0x7ffc19d4ba50 'com.apple.dt.runtime.swiftCoreData' '<DVTFilePath:0x7ffc19804550:'/Users/amri/Library/Developer/Xcode/Archives/2017-10-02/MasterpassQR Demo 2-10-17, 3.20 PM.xcarchive/Products/Applications/MasterpassQR Demo.app/Frameworks/libswiftCoreData.dylib'>'>
2017-10-02 07:25:16 +0000  Skipping stripping extended attributes of item: <IDEDistributionItem: 0x7ffc32057ae0 'com.apple.dt.runtime.swiftCoreFoundation' '<DVTFilePath:0x7ffc19b2ec90:'/Users/amri/Library/Developer/Xcode/Archives/2017-10-02/MasterpassQR Demo 2-10-17, 3.20 PM.xcarchive/Products/Applications/MasterpassQR Demo.app/Frameworks/libswiftCoreFoundation.dylib'>'>
2017-10-02 07:25:16 +0000  Skipping stripping extended attributes of item: <IDEDistributionItem: 0x7ffc197e1a20 'com.apple.dt.runtime.swiftCoreGraphics' '<DVTFilePath:0x7ffc19bbc120:'/Users/amri/Library/Developer/Xcode/Archives/2017-10-02/MasterpassQR Demo 2-10-17, 3.20 PM.xcarchive/Products/Applications/MasterpassQR Demo.app/Frameworks/libswiftCoreGraphics.dylib'>'>
2017-10-02 07:25:16 +0000  Skipping stripping extended attributes of item: <IDEDistributionItem: 0x7ffc19a51160 'com.apple.dt.runtime.swiftCoreImage' '<DVTFilePath:0x7ffc1982dd10:'/Users/amri/Library/Developer/Xcode/Archives/2017-10-02/MasterpassQR Demo 2-10-17, 3.20 PM.xcarchive/Products/Applications/MasterpassQR Demo.app/Frameworks/libswiftCoreImage.dylib'>'>
2017-10-02 07:25:16 +0000  Skipping stripping extended attributes of item: <IDEDistributionItem: 0x7ffc199007f0 'com.apple.dt.runtime.swiftCoreLocation' '<DVTFilePath:0x7ffc19820780:'/Users/amri/Library/Developer/Xcode/Archives/2017-10-02/MasterpassQR Demo 2-10-17, 3.20 PM.xcarchive/Products/Applications/MasterpassQR Demo.app/Frameworks/libswiftCoreLocation.dylib'>'>
2017-10-02 07:25:16 +0000  Skipping stripping extended attributes of item: <IDEDistributionItem: 0x7ffc19d499d0 'com.apple.dt.runtime.swiftCoreMedia' '<DVTFilePath:0x7ffc19810860:'/Users/amri/Library/Developer/Xcode/Archives/2017-10-02/MasterpassQR Demo 2-10-17, 3.20 PM.xcarchive/Products/Applications/MasterpassQR Demo.app/Frameworks/libswiftCoreMedia.dylib'>'>
2017-10-02 07:25:16 +0000  Skipping stripping extended attributes of item: <IDEDistributionItem: 0x7ffc19d34b90 'com.apple.dt.runtime.swiftDarwin' '<DVTFilePath:0x7ffc147b85e0:'/Users/amri/Library/Developer/Xcode/Archives/2017-10-02/MasterpassQR Demo 2-10-17, 3.20 PM.xcarchive/Products/Applications/MasterpassQR Demo.app/Frameworks/libswiftDarwin.dylib'>'>
2017-10-02 07:25:16 +0000  Skipping stripping extended attributes of item: <IDEDistributionItem: 0x7ffc196c8ea0 'com.apple.dt.runtime.swiftDispatch' '<DVTFilePath:0x7ffc19c75510:'/Users/amri/Library/Developer/Xcode/Archives/2017-10-02/MasterpassQR Demo 2-10-17, 3.20 PM.xcarchive/Products/Applications/MasterpassQR Demo.app/Frameworks/libswiftDispatch.dylib'>'>
2017-10-02 07:25:16 +0000  Skipping stripping extended attributes of item: <IDEDistributionItem: 0x7ffc192f8a80 'com.apple.dt.runtime.swiftFoundation' '<DVTFilePath:0x7ffc13bdfa30:'/Users/amri/Library/Developer/Xcode/Archives/2017-10-02/MasterpassQR Demo 2-10-17, 3.20 PM.xcarchive/Products/Applications/MasterpassQR Demo.app/Frameworks/libswiftFoundation.dylib'>'>
2017-10-02 07:25:16 +0000  Skipping stripping extended attributes of item: <IDEDistributionItem: 0x7ffc19a64050 'com.apple.dt.runtime.swiftMetal' '<DVTFilePath:0x7ffc18ec4ba0:'/Users/amri/Library/Developer/Xcode/Archives/2017-10-02/MasterpassQR Demo 2-10-17, 3.20 PM.xcarchive/Products/Applications/MasterpassQR Demo.app/Frameworks/libswiftMetal.dylib'>'>
2017-10-02 07:25:16 +0000  Skipping stripping extended attributes of item: <IDEDistributionItem: 0x7ffc180af670 'com.apple.dt.runtime.swiftObjectiveC' '<DVTFilePath:0x7ffc19b5c180:'/Users/amri/Library/Developer/Xcode/Archives/2017-10-02/MasterpassQR Demo 2-10-17, 3.20 PM.xcarchive/Products/Applications/MasterpassQR Demo.app/Frameworks/libswiftObjectiveC.dylib'>'>
2017-10-02 07:25:16 +0000  Skipping stripping extended attributes of item: <IDEDistributionItem: 0x7ffc19d1da40 'com.apple.dt.runtime.swiftPhotos' '<DVTFilePath:0x7ffc19d0e080:'/Users/amri/Library/Developer/Xcode/Archives/2017-10-02/MasterpassQR Demo 2-10-17, 3.20 PM.xcarchive/Products/Applications/MasterpassQR Demo.app/Frameworks/libswiftPhotos.dylib'>'>
2017-10-02 07:25:16 +0000  Skipping stripping extended attributes of item: <IDEDistributionItem: 0x7ffc19a82d40 'com.apple.dt.runtime.swiftQuartzCore' '<DVTFilePath:0x7ffc18409b30:'/Users/amri/Library/Developer/Xcode/Archives/2017-10-02/MasterpassQR Demo 2-10-17, 3.20 PM.xcarchive/Products/Applications/MasterpassQR Demo.app/Frameworks/libswiftQuartzCore.dylib'>'>
2017-10-02 07:25:16 +0000  Skipping stripping extended attributes of item: <IDEDistributionItem: 0x7ffc19d4f610 'com.apple.dt.runtime.swiftUIKit' '<DVTFilePath:0x7ffc192ae950:'/Users/amri/Library/Developer/Xcode/Archives/2017-10-02/MasterpassQR Demo 2-10-17, 3.20 PM.xcarchive/Products/Applications/MasterpassQR Demo.app/Frameworks/libswiftUIKit.dylib'>'>
2017-10-02 07:25:16 +0000  Skipping stripping extended attributes of item: <IDEDistributionItem: 0x7ffc19a7ac80 'com.apple.dt.runtime.swiftos' '<DVTFilePath:0x7ffc182f6a90:'/Users/amri/Library/Developer/Xcode/Archives/2017-10-02/MasterpassQR Demo 2-10-17, 3.20 PM.xcarchive/Products/Applications/MasterpassQR Demo.app/Frameworks/libswiftos.dylib'>'>
2017-10-02 07:25:16 +0000  Skipping stripping extended attributes of item: <IDEDistributionItem: 0x7ffc19a44a10 'com.apple.dt.runtime.swiftsimd' '<DVTFilePath:0x7ffc19d1c480:'/Users/amri/Library/Developer/Xcode/Archives/2017-10-02/MasterpassQR Demo 2-10-17, 3.20 PM.xcarchive/Products/Applications/MasterpassQR Demo.app/Frameworks/libswiftsimd.dylib'>'>
2017-10-02 07:25:16 +0000  Running /usr/bin/xattr '-cr' '/var/folders/9k/16d2bz8x33g22q2dn3nc7nyr0000gn/T/XcodeDistPipeline.qgO/Root/Payload/MasterpassQR Demo.app'
2017-10-02 07:25:16 +0000  /usr/bin/xattr exited with 0
2017-10-02 07:25:16 +0000  Processing step: IDEDistributionCodesignStep
2017-10-02 07:25:16 +0000  Applying entitlements delta for <IDEDistributionItem: 0x7ffc19d4d4b0 'com.mastercard.ios.MasterpassQRCoreSDKV2' '<DVTFilePath:0x7ffc1944f9c0:'/Users/amri/Library/Developer/Xcode/Archives/2017-10-02/MasterpassQR Demo 2-10-17, 3.20 PM.xcarchive/Products/Applications/MasterpassQR Demo.app/Frameworks/MasterpassQRCoreSDKV2.framework'>'> from <IDEiCloudEntitlementsProcessor: 0x7ffc19d1c6b0>: {
}
2017-10-02 07:25:16 +0000  Entitlements for <IDEDistributionItem: 0x7ffc19d4d4b0 'com.mastercard.ios.MasterpassQRCoreSDKV2' '<DVTFilePath:0x7ffc1944f9c0:'/Users/amri/Library/Developer/Xcode/Archives/2017-10-02/MasterpassQR Demo 2-10-17, 3.20 PM.xcarchive/Products/Applications/MasterpassQR Demo.app/Frameworks/MasterpassQRCoreSDKV2.framework'>'>: {
}
2017-10-02 07:25:16 +0000  Writing entitlements for <IDEDistributionItem: 0x7ffc19d4d4b0 'com.mastercard.ios.MasterpassQRCoreSDKV2' '<DVTFilePath:0x7ffc1944f9c0:'/Users/amri/Library/Developer/Xcode/Archives/2017-10-02/MasterpassQR Demo 2-10-17, 3.20 PM.xcarchive/Products/Applications/MasterpassQR Demo.app/Frameworks/MasterpassQRCoreSDKV2.framework'>'> to: /var/folders/9k/16d2bz8x33g22q2dn3nc7nyr0000gn/T/XcodeDistPipeline.qgO/entitlements64xc5U
2017-10-02 07:25:16 +0000  Running /usr/bin/codesign '-vvv' '--force' '--sign' 'CB9884B82F3F83493389714E86E4CF3B13C269C9' '--preserve-metadata=identifier,flags' '--entitlements' '/var/folders/9k/16d2bz8x33g22q2dn3nc7nyr0000gn/T/XcodeDistPipeline.qgO/entitlements64xc5U' '/var/folders/9k/16d2bz8x33g22q2dn3nc7nyr0000gn/T/XcodeDistPipeline.qgO/Root/Payload/MasterpassQR Demo.app/Frameworks/MasterpassQRCoreSDKV2.framework'
2017-10-02 07:25:16 +0000  /var/folders/9k/16d2bz8x33g22q2dn3nc7nyr0000gn/T/XcodeDistPipeline.qgO/Root/Payload/MasterpassQR Demo.app/Frameworks/MasterpassQRCoreSDKV2.framework: replacing existing signature
2017-10-02 07:25:16 +0000  /var/folders/9k/16d2bz8x33g22q2dn3nc7nyr0000gn/T/XcodeDistPipeline.qgO/Root/Payload/MasterpassQR Demo.app/Frameworks/MasterpassQRCoreSDKV2.framework: signed bundle with Mach-O universal (armv7 arm64) [com.mastercard.ios.MasterpassQRCoreSDKV2]
2017-10-02 07:25:16 +0000  /usr/bin/codesign exited with 0
2017-10-02 07:25:16 +0000  Applying entitlements delta for <IDEDistributionItem: 0x7ffc19a8e1e0 'com.mastercard.ios.MasterpassQRScanSDK' '<DVTFilePath:0x7ffc194b55e0:'/Users/amri/Library/Developer/Xcode/Archives/2017-10-02/MasterpassQR Demo 2-10-17, 3.20 PM.xcarchive/Products/Applications/MasterpassQR Demo.app/Frameworks/MasterpassQRScanSDK.framework'>'> from <IDEiCloudEntitlementsProcessor: 0x7ffc18697ae0>: {
}
2017-10-02 07:25:16 +0000  Entitlements for <IDEDistributionItem: 0x7ffc19a8e1e0 'com.mastercard.ios.MasterpassQRScanSDK' '<DVTFilePath:0x7ffc194b55e0:'/Users/amri/Library/Developer/Xcode/Archives/2017-10-02/MasterpassQR Demo 2-10-17, 3.20 PM.xcarchive/Products/Applications/MasterpassQR Demo.app/Frameworks/MasterpassQRScanSDK.framework'>'>: {
}
2017-10-02 07:25:16 +0000  Writing entitlements for <IDEDistributionItem: 0x7ffc19a8e1e0 'com.mastercard.ios.MasterpassQRScanSDK' '<DVTFilePath:0x7ffc194b55e0:'/Users/amri/Library/Developer/Xcode/Archives/2017-10-02/MasterpassQR Demo 2-10-17, 3.20 PM.xcarchive/Products/Applications/MasterpassQR Demo.app/Frameworks/MasterpassQRScanSDK.framework'>'> to: /var/folders/9k/16d2bz8x33g22q2dn3nc7nyr0000gn/T/XcodeDistPipeline.qgO/entitlementsq5kloA
2017-10-02 07:25:16 +0000  Running /usr/bin/codesign '-vvv' '--force' '--sign' 'CB9884B82F3F83493389714E86E4CF3B13C269C9' '--preserve-metadata=identifier,flags' '--entitlements' '/var/folders/9k/16d2bz8x33g22q2dn3nc7nyr0000gn/T/XcodeDistPipeline.qgO/entitlementsq5kloA' '/var/folders/9k/16d2bz8x33g22q2dn3nc7nyr0000gn/T/XcodeDistPipeline.qgO/Root/Payload/MasterpassQR Demo.app/Frameworks/MasterpassQRScanSDK.framework'
2017-10-02 07:25:16 +0000  /var/folders/9k/16d2bz8x33g22q2dn3nc7nyr0000gn/T/XcodeDistPipeline.qgO/Root/Payload/MasterpassQR Demo.app/Frameworks/MasterpassQRScanSDK.framework: replacing existing signature
2017-10-02 07:25:16 +0000  /var/folders/9k/16d2bz8x33g22q2dn3nc7nyr0000gn/T/XcodeDistPipeline.qgO/Root/Payload/MasterpassQR Demo.app/Frameworks/MasterpassQRScanSDK.framework: signed bundle with Mach-O universal (armv7 arm64) [com.mastercard.ios.MasterpassQRScanSDK]
2017-10-02 07:25:16 +0000  /usr/bin/codesign exited with 0
2017-10-02 07:25:16 +0000  Applying entitlements delta for <IDEDistributionItem: 0x7ffc197144c0 'com.apple.dt.runtime.swiftAVFoundation' '<DVTFilePath:0x7ffc194e6230:'/Users/amri/Library/Developer/Xcode/Archives/2017-10-02/MasterpassQR Demo 2-10-17, 3.20 PM.xcarchive/Products/Applications/MasterpassQR Demo.app/Frameworks/libswiftAVFoundation.dylib'>'> from <IDEiCloudEntitlementsProcessor: 0x7ffc19d25610>: {
}
2017-10-02 07:25:16 +0000  Entitlements for <IDEDistributionItem: 0x7ffc197144c0 'com.apple.dt.runtime.swiftAVFoundation' '<DVTFilePath:0x7ffc194e6230:'/Users/amri/Library/Developer/Xcode/Archives/2017-10-02/MasterpassQR Demo 2-10-17, 3.20 PM.xcarchive/Products/Applications/MasterpassQR Demo.app/Frameworks/libswiftAVFoundation.dylib'>'>: {
}
2017-10-02 07:25:16 +0000  Writing entitlements for <IDEDistributionItem: 0x7ffc197144c0 'com.apple.dt.runtime.swiftAVFoundation' '<DVTFilePath:0x7ffc194e6230:'/Users/amri/Library/Developer/Xcode/Archives/2017-10-02/MasterpassQR Demo 2-10-17, 3.20 PM.xcarchive/Products/Applications/MasterpassQR Demo.app/Frameworks/libswiftAVFoundation.dylib'>'> to: /var/folders/9k/16d2bz8x33g22q2dn3nc7nyr0000gn/T/XcodeDistPipeline.qgO/entitlements9E2cTP
2017-10-02 07:25:16 +0000  Running /usr/bin/codesign '-vvv' '--force' '--sign' 'CB9884B82F3F83493389714E86E4CF3B13C269C9' '--preserve-metadata=identifier,flags' '--entitlements' '/var/folders/9k/16d2bz8x33g22q2dn3nc7nyr0000gn/T/XcodeDistPipeline.qgO/entitlements9E2cTP' '/var/folders/9k/16d2bz8x33g22q2dn3nc7nyr0000gn/T/XcodeDistPipeline.qgO/Root/Payload/MasterpassQR Demo.app/Frameworks/libswiftAVFoundation.dylib'
2017-10-02 07:25:16 +0000  /var/folders/9k/16d2bz8x33g22q2dn3nc7nyr0000gn/T/XcodeDistPipeline.qgO/Root/Payload/MasterpassQR Demo.app/Frameworks/libswiftAVFoundation.dylib: replacing existing signature
2017-10-02 07:25:16 +0000  /var/folders/9k/16d2bz8x33g22q2dn3nc7nyr0000gn/T/XcodeDistPipeline.qgO/Root/Payload/MasterpassQR Demo.app/Frameworks/libswiftAVFoundation.dylib: signed Mach-O universal (armv7 armv7s arm64) [com.apple.dt.runtime.swiftAVFoundation]
2017-10-02 07:25:16 +0000  /usr/bin/codesign exited with 0
2017-10-02 07:25:16 +0000  Applying entitlements delta for <IDEDistributionItem: 0x7ffc19d50230 'com.apple.dt.runtime.swiftCore' '<DVTFilePath:0x7ffc19417650:'/Users/amri/Library/Developer/Xcode/Archives/2017-10-02/MasterpassQR Demo 2-10-17, 3.20 PM.xcarchive/Products/Applications/MasterpassQR Demo.app/Frameworks/libswiftCore.dylib'>'> from <IDEiCloudEntitlementsProcessor: 0x7ffc19d3dee0>: {
}
2017-10-02 07:25:16 +0000  Entitlements for <IDEDistributionItem: 0x7ffc19d50230 'com.apple.dt.runtime.swiftCore' '<DVTFilePath:0x7ffc19417650:'/Users/amri/Library/Developer/Xcode/Archives/2017-10-02/MasterpassQR Demo 2-10-17, 3.20 PM.xcarchive/Products/Applications/MasterpassQR Demo.app/Frameworks/libswiftCore.dylib'>'>: {
}
2017-10-02 07:25:16 +0000  Writing entitlements for <IDEDistributionItem: 0x7ffc19d50230 'com.apple.dt.runtime.swiftCore' '<DVTFilePath:0x7ffc19417650:'/Users/amri/Library/Developer/Xcode/Archives/2017-10-02/MasterpassQR Demo 2-10-17, 3.20 PM.xcarchive/Products/Applications/MasterpassQR Demo.app/Frameworks/libswiftCore.dylib'>'> to: /var/folders/9k/16d2bz8x33g22q2dn3nc7nyr0000gn/T/XcodeDistPipeline.qgO/entitlementsHfheiV
2017-10-02 07:25:16 +0000  Running /usr/bin/codesign '-vvv' '--force' '--sign' 'CB9884B82F3F83493389714E86E4CF3B13C269C9' '--preserve-metadata=identifier,flags' '--entitlements' '/var/folders/9k/16d2bz8x33g22q2dn3nc7nyr0000gn/T/XcodeDistPipeline.qgO/entitlementsHfheiV' '/var/folders/9k/16d2bz8x33g22q2dn3nc7nyr0000gn/T/XcodeDistPipeline.qgO/Root/Payload/MasterpassQR Demo.app/Frameworks/libswiftCore.dylib'
2017-10-02 07:25:16 +0000  /var/folders/9k/16d2bz8x33g22q2dn3nc7nyr0000gn/T/XcodeDistPipeline.qgO/Root/Payload/MasterpassQR Demo.app/Frameworks/libswiftCore.dylib: replacing existing signature
2017-10-02 07:25:17 +0000  /var/folders/9k/16d2bz8x33g22q2dn3nc7nyr0000gn/T/XcodeDistPipeline.qgO/Root/Payload/MasterpassQR Demo.app/Frameworks/libswiftCore.dylib: signed Mach-O universal (armv7 armv7s arm64) [com.apple.dt.runtime.swiftCore]
2017-10-02 07:25:17 +0000  /usr/bin/codesign exited with 0
2017-10-02 07:25:17 +0000  Applying entitlements delta for <IDEDistributionItem: 0x7ffc142a4a10 'com.apple.dt.runtime.swiftCoreAudio' '<DVTFilePath:0x7ffc19b2b6b0:'/Users/amri/Library/Developer/Xcode/Archives/2017-10-02/MasterpassQR Demo 2-10-17, 3.20 PM.xcarchive/Products/Applications/MasterpassQR Demo.app/Frameworks/libswiftCoreAudio.dylib'>'> from <IDEiCloudEntitlementsProcessor: 0x7ffc198812d0>: {
}
2017-10-02 07:25:17 +0000  Entitlements for <IDEDistributionItem: 0x7ffc142a4a10 'com.apple.dt.runtime.swiftCoreAudio' '<DVTFilePath:0x7ffc19b2b6b0:'/Users/amri/Library/Developer/Xcode/Archives/2017-10-02/MasterpassQR Demo 2-10-17, 3.20 PM.xcarchive/Products/Applications/MasterpassQR Demo.app/Frameworks/libswiftCoreAudio.dylib'>'>: {
}
2017-10-02 07:25:17 +0000  Writing entitlements for <IDEDistributionItem: 0x7ffc142a4a10 'com.apple.dt.runtime.swiftCoreAudio' '<DVTFilePath:0x7ffc19b2b6b0:'/Users/amri/Library/Developer/Xcode/Archives/2017-10-02/MasterpassQR Demo 2-10-17, 3.20 PM.xcarchive/Products/Applications/MasterpassQR Demo.app/Frameworks/libswiftCoreAudio.dylib'>'> to: /var/folders/9k/16d2bz8x33g22q2dn3nc7nyr0000gn/T/XcodeDistPipeline.qgO/entitlements0Enuwt
2017-10-02 07:25:17 +0000  Running /usr/bin/codesign '-vvv' '--force' '--sign' 'CB9884B82F3F83493389714E86E4CF3B13C269C9' '--preserve-metadata=identifier,flags' '--entitlements' '/var/folders/9k/16d2bz8x33g22q2dn3nc7nyr0000gn/T/XcodeDistPipeline.qgO/entitlements0Enuwt' '/var/folders/9k/16d2bz8x33g22q2dn3nc7nyr0000gn/T/XcodeDistPipeline.qgO/Root/Payload/MasterpassQR Demo.app/Frameworks/libswiftCoreAudio.dylib'
2017-10-02 07:25:17 +0000  /var/folders/9k/16d2bz8x33g22q2dn3nc7nyr0000gn/T/XcodeDistPipeline.qgO/Root/Payload/MasterpassQR Demo.app/Frameworks/libswiftCoreAudio.dylib: replacing existing signature
2017-10-02 07:25:17 +0000  /var/folders/9k/16d2bz8x33g22q2dn3nc7nyr0000gn/T/XcodeDistPipeline.qgO/Root/Payload/MasterpassQR Demo.app/Frameworks/libswiftCoreAudio.dylib: signed Mach-O universal (armv7 armv7s arm64) [com.apple.dt.runtime.swiftCoreAudio]
2017-10-02 07:25:17 +0000  /usr/bin/codesign exited with 0
2017-10-02 07:25:17 +0000  Applying entitlements delta for <IDEDistributionItem: 0x7ffc19d4ba50 'com.apple.dt.runtime.swiftCoreData' '<DVTFilePath:0x7ffc19804550:'/Users/amri/Library/Developer/Xcode/Archives/2017-10-02/MasterpassQR Demo 2-10-17, 3.20 PM.xcarchive/Products/Applications/MasterpassQR Demo.app/Frameworks/libswiftCoreData.dylib'>'> from <IDEiCloudEntitlementsProcessor: 0x7ffc192e1d60>: {
}
2017-10-02 07:25:17 +0000  Entitlements for <IDEDistributionItem: 0x7ffc19d4ba50 'com.apple.dt.runtime.swiftCoreData' '<DVTFilePath:0x7ffc19804550:'/Users/amri/Library/Developer/Xcode/Archives/2017-10-02/MasterpassQR Demo 2-10-17, 3.20 PM.xcarchive/Products/Applications/MasterpassQR Demo.app/Frameworks/libswiftCoreData.dylib'>'>: {
}
2017-10-02 07:25:17 +0000  Writing entitlements for <IDEDistributionItem: 0x7ffc19d4ba50 'com.apple.dt.runtime.swiftCoreData' '<DVTFilePath:0x7ffc19804550:'/Users/amri/Library/Developer/Xcode/Archives/2017-10-02/MasterpassQR Demo 2-10-17, 3.20 PM.xcarchive/Products/Applications/MasterpassQR Demo.app/Frameworks/libswiftCoreData.dylib'>'> to: /var/folders/9k/16d2bz8x33g22q2dn3nc7nyr0000gn/T/XcodeDistPipeline.qgO/entitlements6pPfe3
2017-10-02 07:25:17 +0000  Running /usr/bin/codesign '-vvv' '--force' '--sign' 'CB9884B82F3F83493389714E86E4CF3B13C269C9' '--preserve-metadata=identifier,flags' '--entitlements' '/var/folders/9k/16d2bz8x33g22q2dn3nc7nyr0000gn/T/XcodeDistPipeline.qgO/entitlements6pPfe3' '/var/folders/9k/16d2bz8x33g22q2dn3nc7nyr0000gn/T/XcodeDistPipeline.qgO/Root/Payload/MasterpassQR Demo.app/Frameworks/libswiftCoreData.dylib'
2017-10-02 07:25:17 +0000  /var/folders/9k/16d2bz8x33g22q2dn3nc7nyr0000gn/T/XcodeDistPipeline.qgO/Root/Payload/MasterpassQR Demo.app/Frameworks/libswiftCoreData.dylib: replacing existing signature
2017-10-02 07:25:17 +0000  /var/folders/9k/16d2bz8x33g22q2dn3nc7nyr0000gn/T/XcodeDistPipeline.qgO/Root/Payload/MasterpassQR Demo.app/Frameworks/libswiftCoreData.dylib: signed Mach-O universal (armv7 armv7s arm64) [com.apple.dt.runtime.swiftCoreData]
2017-10-02 07:25:17 +0000  /usr/bin/codesign exited with 0
2017-10-02 07:25:17 +0000  Applying entitlements delta for <IDEDistributionItem: 0x7ffc32057ae0 'com.apple.dt.runtime.swiftCoreFoundation' '<DVTFilePath:0x7ffc19b2ec90:'/Users/amri/Library/Developer/Xcode/Archives/2017-10-02/MasterpassQR Demo 2-10-17, 3.20 PM.xcarchive/Products/Applications/MasterpassQR Demo.app/Frameworks/libswiftCoreFoundation.dylib'>'> from <IDEiCloudEntitlementsProcessor: 0x7ffc19d31ac0>: {
}
2017-10-02 07:25:17 +0000  Entitlements for <IDEDistributionItem: 0x7ffc32057ae0 'com.apple.dt.runtime.swiftCoreFoundation' '<DVTFilePath:0x7ffc19b2ec90:'/Users/amri/Library/Developer/Xcode/Archives/2017-10-02/MasterpassQR Demo 2-10-17, 3.20 PM.xcarchive/Products/Applications/MasterpassQR Demo.app/Frameworks/libswiftCoreFoundation.dylib'>'>: {
}
2017-10-02 07:25:17 +0000  Writing entitlements for <IDEDistributionItem: 0x7ffc32057ae0 'com.apple.dt.runtime.swiftCoreFoundation' '<DVTFilePath:0x7ffc19b2ec90:'/Users/amri/Library/Developer/Xcode/Archives/2017-10-02/MasterpassQR Demo 2-10-17, 3.20 PM.xcarchive/Products/Applications/MasterpassQR Demo.app/Frameworks/libswiftCoreFoundation.dylib'>'> to: /var/folders/9k/16d2bz8x33g22q2dn3nc7nyr0000gn/T/XcodeDistPipeline.qgO/entitlementsXSl0Xy
2017-10-02 07:25:17 +0000  Running /usr/bin/codesign '-vvv' '--force' '--sign' 'CB9884B82F3F83493389714E86E4CF3B13C269C9' '--preserve-metadata=identifier,flags' '--entitlements' '/var/folders/9k/16d2bz8x33g22q2dn3nc7nyr0000gn/T/XcodeDistPipeline.qgO/entitlementsXSl0Xy' '/var/folders/9k/16d2bz8x33g22q2dn3nc7nyr0000gn/T/XcodeDistPipeline.qgO/Root/Payload/MasterpassQR Demo.app/Frameworks/libswiftCoreFoundation.dylib'
2017-10-02 07:25:17 +0000  /var/folders/9k/16d2bz8x33g22q2dn3nc7nyr0000gn/T/XcodeDistPipeline.qgO/Root/Payload/MasterpassQR Demo.app/Frameworks/libswiftCoreFoundation.dylib: replacing existing signature
2017-10-02 07:25:17 +0000  /var/folders/9k/16d2bz8x33g22q2dn3nc7nyr0000gn/T/XcodeDistPipeline.qgO/Root/Payload/MasterpassQR Demo.app/Frameworks/libswiftCoreFoundation.dylib: signed Mach-O universal (armv7 armv7s arm64) [com.apple.dt.runtime.swiftCoreFoundation]
2017-10-02 07:25:17 +0000  /usr/bin/codesign exited with 0
2017-10-02 07:25:17 +0000  Applying entitlements delta for <IDEDistributionItem: 0x7ffc197e1a20 'com.apple.dt.runtime.swiftCoreGraphics' '<DVTFilePath:0x7ffc19bbc120:'/Users/amri/Library/Developer/Xcode/Archives/2017-10-02/MasterpassQR Demo 2-10-17, 3.20 PM.xcarchive/Products/Applications/MasterpassQR Demo.app/Frameworks/libswiftCoreGraphics.dylib'>'> from <IDEiCloudEntitlementsProcessor: 0x7ffc19d3bd30>: {
}
2017-10-02 07:25:17 +0000  Entitlements for <IDEDistributionItem: 0x7ffc197e1a20 'com.apple.dt.runtime.swiftCoreGraphics' '<DVTFilePath:0x7ffc19bbc120:'/Users/amri/Library/Developer/Xcode/Archives/2017-10-02/MasterpassQR Demo 2-10-17, 3.20 PM.xcarchive/Products/Applications/MasterpassQR Demo.app/Frameworks/libswiftCoreGraphics.dylib'>'>: {
}
2017-10-02 07:25:17 +0000  Writing entitlements for <IDEDistributionItem: 0x7ffc197e1a20 'com.apple.dt.runtime.swiftCoreGraphics' '<DVTFilePath:0x7ffc19bbc120:'/Users/amri/Library/Developer/Xcode/Archives/2017-10-02/MasterpassQR Demo 2-10-17, 3.20 PM.xcarchive/Products/Applications/MasterpassQR Demo.app/Frameworks/libswiftCoreGraphics.dylib'>'> to: /var/folders/9k/16d2bz8x33g22q2dn3nc7nyr0000gn/T/XcodeDistPipeline.qgO/entitlementsgPwWLp
2017-10-02 07:25:17 +0000  Running /usr/bin/codesign '-vvv' '--force' '--sign' 'CB9884B82F3F83493389714E86E4CF3B13C269C9' '--preserve-metadata=identifier,flags' '--entitlements' '/var/folders/9k/16d2bz8x33g22q2dn3nc7nyr0000gn/T/XcodeDistPipeline.qgO/entitlementsgPwWLp' '/var/folders/9k/16d2bz8x33g22q2dn3nc7nyr0000gn/T/XcodeDistPipeline.qgO/Root/Payload/MasterpassQR Demo.app/Frameworks/libswiftCoreGraphics.dylib'
2017-10-02 07:25:17 +0000  /var/folders/9k/16d2bz8x33g22q2dn3nc7nyr0000gn/T/XcodeDistPipeline.qgO/Root/Payload/MasterpassQR Demo.app/Frameworks/libswiftCoreGraphics.dylib: replacing existing signature
2017-10-02 07:25:17 +0000  /var/folders/9k/16d2bz8x33g22q2dn3nc7nyr0000gn/T/XcodeDistPipeline.qgO/Root/Payload/MasterpassQR Demo.app/Frameworks/libswiftCoreGraphics.dylib: signed Mach-O universal (armv7 armv7s arm64) [com.apple.dt.runtime.swiftCoreGraphics]
2017-10-02 07:25:17 +0000  /usr/bin/codesign exited with 0
2017-10-02 07:25:17 +0000  Applying entitlements delta for <IDEDistributionItem: 0x7ffc19a51160 'com.apple.dt.runtime.swiftCoreImage' '<DVTFilePath:0x7ffc1982dd10:'/Users/amri/Library/Developer/Xcode/Archives/2017-10-02/MasterpassQR Demo 2-10-17, 3.20 PM.xcarchive/Products/Applications/MasterpassQR Demo.app/Frameworks/libswiftCoreImage.dylib'>'> from <IDEiCloudEntitlementsProcessor: 0x7ffc19d32070>: {
}
2017-10-02 07:25:17 +0000  Entitlements for <IDEDistributionItem: 0x7ffc19a51160 'com.apple.dt.runtime.swiftCoreImage' '<DVTFilePath:0x7ffc1982dd10:'/Users/amri/Library/Developer/Xcode/Archives/2017-10-02/MasterpassQR Demo 2-10-17, 3.20 PM.xcarchive/Products/Applications/MasterpassQR Demo.app/Frameworks/libswiftCoreImage.dylib'>'>: {
}
2017-10-02 07:25:17 +0000  Writing entitlements for <IDEDistributionItem: 0x7ffc19a51160 'com.apple.dt.runtime.swiftCoreImage' '<DVTFilePath:0x7ffc1982dd10:'/Users/amri/Library/Developer/Xcode/Archives/2017-10-02/MasterpassQR Demo 2-10-17, 3.20 PM.xcarchive/Products/Applications/MasterpassQR Demo.app/Frameworks/libswiftCoreImage.dylib'>'> to: /var/folders/9k/16d2bz8x33g22q2dn3nc7nyr0000gn/T/XcodeDistPipeline.qgO/entitlementsk8l05y
2017-10-02 07:25:17 +0000  Running /usr/bin/codesign '-vvv' '--force' '--sign' 'CB9884B82F3F83493389714E86E4CF3B13C269C9' '--preserve-metadata=identifier,flags' '--entitlements' '/var/folders/9k/16d2bz8x33g22q2dn3nc7nyr0000gn/T/XcodeDistPipeline.qgO/entitlementsk8l05y' '/var/folders/9k/16d2bz8x33g22q2dn3nc7nyr0000gn/T/XcodeDistPipeline.qgO/Root/Payload/MasterpassQR Demo.app/Frameworks/libswiftCoreImage.dylib'
2017-10-02 07:25:17 +0000  /var/folders/9k/16d2bz8x33g22q2dn3nc7nyr0000gn/T/XcodeDistPipeline.qgO/Root/Payload/MasterpassQR Demo.app/Frameworks/libswiftCoreImage.dylib: replacing existing signature
2017-10-02 07:25:17 +0000  /var/folders/9k/16d2bz8x33g22q2dn3nc7nyr0000gn/T/XcodeDistPipeline.qgO/Root/Payload/MasterpassQR Demo.app/Frameworks/libswiftCoreImage.dylib: signed Mach-O universal (armv7 armv7s arm64) [com.apple.dt.runtime.swiftCoreImage]
2017-10-02 07:25:17 +0000  /usr/bin/codesign exited with 0
2017-10-02 07:25:17 +0000  Applying entitlements delta for <IDEDistributionItem: 0x7ffc199007f0 'com.apple.dt.runtime.swiftCoreLocation' '<DVTFilePath:0x7ffc19820780:'/Users/amri/Library/Developer/Xcode/Archives/2017-10-02/MasterpassQR Demo 2-10-17, 3.20 PM.xcarchive/Products/Applications/MasterpassQR Demo.app/Frameworks/libswiftCoreLocation.dylib'>'> from <IDEiCloudEntitlementsProcessor: 0x7ffc186273c0>: {
}
2017-10-02 07:25:17 +0000  Entitlements for <IDEDistributionItem: 0x7ffc199007f0 'com.apple.dt.runtime.swiftCoreLocation' '<DVTFilePath:0x7ffc19820780:'/Users/amri/Library/Developer/Xcode/Archives/2017-10-02/MasterpassQR Demo 2-10-17, 3.20 PM.xcarchive/Products/Applications/MasterpassQR Demo.app/Frameworks/libswiftCoreLocation.dylib'>'>: {
}
2017-10-02 07:25:17 +0000  Writing entitlements for <IDEDistributionItem: 0x7ffc199007f0 'com.apple.dt.runtime.swiftCoreLocation' '<DVTFilePath:0x7ffc19820780:'/Users/amri/Library/Developer/Xcode/Archives/2017-10-02/MasterpassQR Demo 2-10-17, 3.20 PM.xcarchive/Products/Applications/MasterpassQR Demo.app/Frameworks/libswiftCoreLocation.dylib'>'> to: /var/folders/9k/16d2bz8x33g22q2dn3nc7nyr0000gn/T/XcodeDistPipeline.qgO/entitlements8Iu0BJ
2017-10-02 07:25:17 +0000  Running /usr/bin/codesign '-vvv' '--force' '--sign' 'CB9884B82F3F83493389714E86E4CF3B13C269C9' '--preserve-metadata=identifier,flags' '--entitlements' '/var/folders/9k/16d2bz8x33g22q2dn3nc7nyr0000gn/T/XcodeDistPipeline.qgO/entitlements8Iu0BJ' '/var/folders/9k/16d2bz8x33g22q2dn3nc7nyr0000gn/T/XcodeDistPipeline.qgO/Root/Payload/MasterpassQR Demo.app/Frameworks/libswiftCoreLocation.dylib'
2017-10-02 07:25:17 +0000  /var/folders/9k/16d2bz8x33g22q2dn3nc7nyr0000gn/T/XcodeDistPipeline.qgO/Root/Payload/MasterpassQR Demo.app/Frameworks/libswiftCoreLocation.dylib: replacing existing signature
2017-10-02 07:25:17 +0000  /var/folders/9k/16d2bz8x33g22q2dn3nc7nyr0000gn/T/XcodeDistPipeline.qgO/Root/Payload/MasterpassQR Demo.app/Frameworks/libswiftCoreLocation.dylib: signed Mach-O universal (armv7 armv7s arm64) [com.apple.dt.runtime.swiftCoreLocation]
2017-10-02 07:25:17 +0000  /usr/bin/codesign exited with 0
2017-10-02 07:25:17 +0000  Applying entitlements delta for <IDEDistributionItem: 0x7ffc19d499d0 'com.apple.dt.runtime.swiftCoreMedia' '<DVTFilePath:0x7ffc19810860:'/Users/amri/Library/Developer/Xcode/Archives/2017-10-02/MasterpassQR Demo 2-10-17, 3.20 PM.xcarchive/Products/Applications/MasterpassQR Demo.app/Frameworks/libswiftCoreMedia.dylib'>'> from <IDEiCloudEntitlementsProcessor: 0x7ffc13a04020>: {
}
2017-10-02 07:25:17 +0000  Entitlements for <IDEDistributionItem: 0x7ffc19d499d0 'com.apple.dt.runtime.swiftCoreMedia' '<DVTFilePath:0x7ffc19810860:'/Users/amri/Library/Developer/Xcode/Archives/2017-10-02/MasterpassQR Demo 2-10-17, 3.20 PM.xcarchive/Products/Applications/MasterpassQR Demo.app/Frameworks/libswiftCoreMedia.dylib'>'>: {
}
2017-10-02 07:25:17 +0000  Writing entitlements for <IDEDistributionItem: 0x7ffc19d499d0 'com.apple.dt.runtime.swiftCoreMedia' '<DVTFilePath:0x7ffc19810860:'/Users/amri/Library/Developer/Xcode/Archives/2017-10-02/MasterpassQR Demo 2-10-17, 3.20 PM.xcarchive/Products/Applications/MasterpassQR Demo.app/Frameworks/libswiftCoreMedia.dylib'>'> to: /var/folders/9k/16d2bz8x33g22q2dn3nc7nyr0000gn/T/XcodeDistPipeline.qgO/entitlementsO3PnQ0
2017-10-02 07:25:17 +0000  Running /usr/bin/codesign '-vvv' '--force' '--sign' 'CB9884B82F3F83493389714E86E4CF3B13C269C9' '--preserve-metadata=identifier,flags' '--entitlements' '/var/folders/9k/16d2bz8x33g22q2dn3nc7nyr0000gn/T/XcodeDistPipeline.qgO/entitlementsO3PnQ0' '/var/folders/9k/16d2bz8x33g22q2dn3nc7nyr0000gn/T/XcodeDistPipeline.qgO/Root/Payload/MasterpassQR Demo.app/Frameworks/libswiftCoreMedia.dylib'
2017-10-02 07:25:18 +0000  /var/folders/9k/16d2bz8x33g22q2dn3nc7nyr0000gn/T/XcodeDistPipeline.qgO/Root/Payload/MasterpassQR Demo.app/Frameworks/libswiftCoreMedia.dylib: replacing existing signature
2017-10-02 07:25:18 +0000  /var/folders/9k/16d2bz8x33g22q2dn3nc7nyr0000gn/T/XcodeDistPipeline.qgO/Root/Payload/MasterpassQR Demo.app/Frameworks/libswiftCoreMedia.dylib: signed Mach-O universal (armv7 armv7s arm64) [com.apple.dt.runtime.swiftCoreMedia]
2017-10-02 07:25:18 +0000  /usr/bin/codesign exited with 0
2017-10-02 07:25:18 +0000  Applying entitlements delta for <IDEDistributionItem: 0x7ffc19d34b90 'com.apple.dt.runtime.swiftDarwin' '<DVTFilePath:0x7ffc147b85e0:'/Users/amri/Library/Developer/Xcode/Archives/2017-10-02/MasterpassQR Demo 2-10-17, 3.20 PM.xcarchive/Products/Applications/MasterpassQR Demo.app/Frameworks/libswiftDarwin.dylib'>'> from <IDEiCloudEntitlementsProcessor: 0x7ffc19d1c100>: {
}
2017-10-02 07:25:18 +0000  Entitlements for <IDEDistributionItem: 0x7ffc19d34b90 'com.apple.dt.runtime.swiftDarwin' '<DVTFilePath:0x7ffc147b85e0:'/Users/amri/Library/Developer/Xcode/Archives/2017-10-02/MasterpassQR Demo 2-10-17, 3.20 PM.xcarchive/Products/Applications/MasterpassQR Demo.app/Frameworks/libswiftDarwin.dylib'>'>: {
}
2017-10-02 07:25:18 +0000  Writing entitlements for <IDEDistributionItem: 0x7ffc19d34b90 'com.apple.dt.runtime.swiftDarwin' '<DVTFilePath:0x7ffc147b85e0:'/Users/amri/Library/Developer/Xcode/Archives/2017-10-02/MasterpassQR Demo 2-10-17, 3.20 PM.xcarchive/Products/Applications/MasterpassQR Demo.app/Frameworks/libswiftDarwin.dylib'>'> to: /var/folders/9k/16d2bz8x33g22q2dn3nc7nyr0000gn/T/XcodeDistPipeline.qgO/entitlementsWkykoL
2017-10-02 07:25:18 +0000  Running /usr/bin/codesign '-vvv' '--force' '--sign' 'CB9884B82F3F83493389714E86E4CF3B13C269C9' '--preserve-metadata=identifier,flags' '--entitlements' '/var/folders/9k/16d2bz8x33g22q2dn3nc7nyr0000gn/T/XcodeDistPipeline.qgO/entitlementsWkykoL' '/var/folders/9k/16d2bz8x33g22q2dn3nc7nyr0000gn/T/XcodeDistPipeline.qgO/Root/Payload/MasterpassQR Demo.app/Frameworks/libswiftDarwin.dylib'
2017-10-02 07:25:18 +0000  /var/folders/9k/16d2bz8x33g22q2dn3nc7nyr0000gn/T/XcodeDistPipeline.qgO/Root/Payload/MasterpassQR Demo.app/Frameworks/libswiftDarwin.dylib: replacing existing signature
2017-10-02 07:25:18 +0000  /var/folders/9k/16d2bz8x33g22q2dn3nc7nyr0000gn/T/XcodeDistPipeline.qgO/Root/Payload/MasterpassQR Demo.app/Frameworks/libswiftDarwin.dylib: signed Mach-O universal (armv7 armv7s arm64) [com.apple.dt.runtime.swiftDarwin]
2017-10-02 07:25:18 +0000  /usr/bin/codesign exited with 0
2017-10-02 07:25:18 +0000  Applying entitlements delta for <IDEDistributionItem: 0x7ffc196c8ea0 'com.apple.dt.runtime.swiftDispatch' '<DVTFilePath:0x7ffc19c75510:'/Users/amri/Library/Developer/Xcode/Archives/2017-10-02/MasterpassQR Demo 2-10-17, 3.20 PM.xcarchive/Products/Applications/MasterpassQR Demo.app/Frameworks/libswiftDispatch.dylib'>'> from <IDEiCloudEntitlementsProcessor: 0x7ffc1925a830>: {
}
2017-10-02 07:25:18 +0000  Entitlements for <IDEDistributionItem: 0x7ffc196c8ea0 'com.apple.dt.runtime.swiftDispatch' '<DVTFilePath:0x7ffc19c75510:'/Users/amri/Library/Developer/Xcode/Archives/2017-10-02/MasterpassQR Demo 2-10-17, 3.20 PM.xcarchive/Products/Applications/MasterpassQR Demo.app/Frameworks/libswiftDispatch.dylib'>'>: {
}
2017-10-02 07:25:18 +0000  Writing entitlements for <IDEDistributionItem: 0x7ffc196c8ea0 'com.apple.dt.runtime.swiftDispatch' '<DVTFilePath:0x7ffc19c75510:'/Users/amri/Library/Developer/Xcode/Archives/2017-10-02/MasterpassQR Demo 2-10-17, 3.20 PM.xcarchive/Products/Applications/MasterpassQR Demo.app/Frameworks/libswiftDispatch.dylib'>'> to: /var/folders/9k/16d2bz8x33g22q2dn3nc7nyr0000gn/T/XcodeDistPipeline.qgO/entitlementssRWVxf
2017-10-02 07:25:18 +0000  Running /usr/bin/codesign '-vvv' '--force' '--sign' 'CB9884B82F3F83493389714E86E4CF3B13C269C9' '--preserve-metadata=identifier,flags' '--entitlements' '/var/folders/9k/16d2bz8x33g22q2dn3nc7nyr0000gn/T/XcodeDistPipeline.qgO/entitlementssRWVxf' '/var/folders/9k/16d2bz8x33g22q2dn3nc7nyr0000gn/T/XcodeDistPipeline.qgO/Root/Payload/MasterpassQR Demo.app/Frameworks/libswiftDispatch.dylib'
2017-10-02 07:25:18 +0000  /var/folders/9k/16d2bz8x33g22q2dn3nc7nyr0000gn/T/XcodeDistPipeline.qgO/Root/Payload/MasterpassQR Demo.app/Frameworks/libswiftDispatch.dylib: replacing existing signature
2017-10-02 07:25:18 +0000  /var/folders/9k/16d2bz8x33g22q2dn3nc7nyr0000gn/T/XcodeDistPipeline.qgO/Root/Payload/MasterpassQR Demo.app/Frameworks/libswiftDispatch.dylib: signed Mach-O universal (armv7 armv7s arm64) [com.apple.dt.runtime.swiftDispatch]
2017-10-02 07:25:18 +0000  /usr/bin/codesign exited with 0
2017-10-02 07:25:18 +0000  Applying entitlements delta for <IDEDistributionItem: 0x7ffc192f8a80 'com.apple.dt.runtime.swiftFoundation' '<DVTFilePath:0x7ffc13bdfa30:'/Users/amri/Library/Developer/Xcode/Archives/2017-10-02/MasterpassQR Demo 2-10-17, 3.20 PM.xcarchive/Products/Applications/MasterpassQR Demo.app/Frameworks/libswiftFoundation.dylib'>'> from <IDEiCloudEntitlementsProcessor: 0x7ffc1732d1d0>: {
}
2017-10-02 07:25:18 +0000  Entitlements for <IDEDistributionItem: 0x7ffc192f8a80 'com.apple.dt.runtime.swiftFoundation' '<DVTFilePath:0x7ffc13bdfa30:'/Users/amri/Library/Developer/Xcode/Archives/2017-10-02/MasterpassQR Demo 2-10-17, 3.20 PM.xcarchive/Products/Applications/MasterpassQR Demo.app/Frameworks/libswiftFoundation.dylib'>'>: {
}
2017-10-02 07:25:18 +0000  Writing entitlements for <IDEDistributionItem: 0x7ffc192f8a80 'com.apple.dt.runtime.swiftFoundation' '<DVTFilePath:0x7ffc13bdfa30:'/Users/amri/Library/Developer/Xcode/Archives/2017-10-02/MasterpassQR Demo 2-10-17, 3.20 PM.xcarchive/Products/Applications/MasterpassQR Demo.app/Frameworks/libswiftFoundation.dylib'>'> to: /var/folders/9k/16d2bz8x33g22q2dn3nc7nyr0000gn/T/XcodeDistPipeline.qgO/entitlementsqDQwPU
2017-10-02 07:25:18 +0000  Running /usr/bin/codesign '-vvv' '--force' '--sign' 'CB9884B82F3F83493389714E86E4CF3B13C269C9' '--preserve-metadata=identifier,flags' '--entitlements' '/var/folders/9k/16d2bz8x33g22q2dn3nc7nyr0000gn/T/XcodeDistPipeline.qgO/entitlementsqDQwPU' '/var/folders/9k/16d2bz8x33g22q2dn3nc7nyr0000gn/T/XcodeDistPipeline.qgO/Root/Payload/MasterpassQR Demo.app/Frameworks/libswiftFoundation.dylib'
2017-10-02 07:25:18 +0000  /var/folders/9k/16d2bz8x33g22q2dn3nc7nyr0000gn/T/XcodeDistPipeline.qgO/Root/Payload/MasterpassQR Demo.app/Frameworks/libswiftFoundation.dylib: replacing existing signature
2017-10-02 07:25:18 +0000  /var/folders/9k/16d2bz8x33g22q2dn3nc7nyr0000gn/T/XcodeDistPipeline.qgO/Root/Payload/MasterpassQR Demo.app/Frameworks/libswiftFoundation.dylib: signed Mach-O universal (armv7 armv7s arm64) [com.apple.dt.runtime.swiftFoundation]
2017-10-02 07:25:18 +0000  /usr/bin/codesign exited with 0
2017-10-02 07:25:18 +0000  Applying entitlements delta for <IDEDistributionItem: 0x7ffc19a64050 'com.apple.dt.runtime.swiftMetal' '<DVTFilePath:0x7ffc18ec4ba0:'/Users/amri/Library/Developer/Xcode/Archives/2017-10-02/MasterpassQR Demo 2-10-17, 3.20 PM.xcarchive/Products/Applications/MasterpassQR Demo.app/Frameworks/libswiftMetal.dylib'>'> from <IDEiCloudEntitlementsProcessor: 0x7ffc144d2ae0>: {
}
2017-10-02 07:25:18 +0000  Entitlements for <IDEDistributionItem: 0x7ffc19a64050 'com.apple.dt.runtime.swiftMetal' '<DVTFilePath:0x7ffc18ec4ba0:'/Users/amri/Library/Developer/Xcode/Archives/2017-10-02/MasterpassQR Demo 2-10-17, 3.20 PM.xcarchive/Products/Applications/MasterpassQR Demo.app/Frameworks/libswiftMetal.dylib'>'>: {
}
2017-10-02 07:25:18 +0000  Writing entitlements for <IDEDistributionItem: 0x7ffc19a64050 'com.apple.dt.runtime.swiftMetal' '<DVTFilePath:0x7ffc18ec4ba0:'/Users/amri/Library/Developer/Xcode/Archives/2017-10-02/MasterpassQR Demo 2-10-17, 3.20 PM.xcarchive/Products/Applications/MasterpassQR Demo.app/Frameworks/libswiftMetal.dylib'>'> to: /var/folders/9k/16d2bz8x33g22q2dn3nc7nyr0000gn/T/XcodeDistPipeline.qgO/entitlements7xwsK5
2017-10-02 07:25:18 +0000  Running /usr/bin/codesign '-vvv' '--force' '--sign' 'CB9884B82F3F83493389714E86E4CF3B13C269C9' '--preserve-metadata=identifier,flags' '--entitlements' '/var/folders/9k/16d2bz8x33g22q2dn3nc7nyr0000gn/T/XcodeDistPipeline.qgO/entitlements7xwsK5' '/var/folders/9k/16d2bz8x33g22q2dn3nc7nyr0000gn/T/XcodeDistPipeline.qgO/Root/Payload/MasterpassQR Demo.app/Frameworks/libswiftMetal.dylib'
2017-10-02 07:25:18 +0000  /var/folders/9k/16d2bz8x33g22q2dn3nc7nyr0000gn/T/XcodeDistPipeline.qgO/Root/Payload/MasterpassQR Demo.app/Frameworks/libswiftMetal.dylib: replacing existing signature
2017-10-02 07:25:18 +0000  /var/folders/9k/16d2bz8x33g22q2dn3nc7nyr0000gn/T/XcodeDistPipeline.qgO/Root/Payload/MasterpassQR Demo.app/Frameworks/libswiftMetal.dylib: signed Mach-O universal (armv7 armv7s arm64) [com.apple.dt.runtime.swiftMetal]
2017-10-02 07:25:18 +0000  /usr/bin/codesign exited with 0
2017-10-02 07:25:18 +0000  Applying entitlements delta for <IDEDistributionItem: 0x7ffc180af670 'com.apple.dt.runtime.swiftObjectiveC' '<DVTFilePath:0x7ffc19b5c180:'/Users/amri/Library/Developer/Xcode/Archives/2017-10-02/MasterpassQR Demo 2-10-17, 3.20 PM.xcarchive/Products/Applications/MasterpassQR Demo.app/Frameworks/libswiftObjectiveC.dylib'>'> from <IDEiCloudEntitlementsProcessor: 0x7ffc14985310>: {
}
2017-10-02 07:25:18 +0000  Entitlements for <IDEDistributionItem: 0x7ffc180af670 'com.apple.dt.runtime.swiftObjectiveC' '<DVTFilePath:0x7ffc19b5c180:'/Users/amri/Library/Developer/Xcode/Archives/2017-10-02/MasterpassQR Demo 2-10-17, 3.20 PM.xcarchive/Products/Applications/MasterpassQR Demo.app/Frameworks/libswiftObjectiveC.dylib'>'>: {
}
2017-10-02 07:25:18 +0000  Writing entitlements for <IDEDistributionItem: 0x7ffc180af670 'com.apple.dt.runtime.swiftObjectiveC' '<DVTFilePath:0x7ffc19b5c180:'/Users/amri/Library/Developer/Xcode/Archives/2017-10-02/MasterpassQR Demo 2-10-17, 3.20 PM.xcarchive/Products/Applications/MasterpassQR Demo.app/Frameworks/libswiftObjectiveC.dylib'>'> to: /var/folders/9k/16d2bz8x33g22q2dn3nc7nyr0000gn/T/XcodeDistPipeline.qgO/entitlementsUO2m8I
2017-10-02 07:25:18 +0000  Running /usr/bin/codesign '-vvv' '--force' '--sign' 'CB9884B82F3F83493389714E86E4CF3B13C269C9' '--preserve-metadata=identifier,flags' '--entitlements' '/var/folders/9k/16d2bz8x33g22q2dn3nc7nyr0000gn/T/XcodeDistPipeline.qgO/entitlementsUO2m8I' '/var/folders/9k/16d2bz8x33g22q2dn3nc7nyr0000gn/T/XcodeDistPipeline.qgO/Root/Payload/MasterpassQR Demo.app/Frameworks/libswiftObjectiveC.dylib'
2017-10-02 07:25:18 +0000  /var/folders/9k/16d2bz8x33g22q2dn3nc7nyr0000gn/T/XcodeDistPipeline.qgO/Root/Payload/MasterpassQR Demo.app/Frameworks/libswiftObjectiveC.dylib: replacing existing signature
2017-10-02 07:25:18 +0000  /var/folders/9k/16d2bz8x33g22q2dn3nc7nyr0000gn/T/XcodeDistPipeline.qgO/Root/Payload/MasterpassQR Demo.app/Frameworks/libswiftObjectiveC.dylib: signed Mach-O universal (armv7 armv7s arm64) [com.apple.dt.runtime.swiftObjectiveC]
2017-10-02 07:25:18 +0000  /usr/bin/codesign exited with 0
2017-10-02 07:25:18 +0000  Applying entitlements delta for <IDEDistributionItem: 0x7ffc19d1da40 'com.apple.dt.runtime.swiftPhotos' '<DVTFilePath:0x7ffc19d0e080:'/Users/amri/Library/Developer/Xcode/Archives/2017-10-02/MasterpassQR Demo 2-10-17, 3.20 PM.xcarchive/Products/Applications/MasterpassQR Demo.app/Frameworks/libswiftPhotos.dylib'>'> from <IDEiCloudEntitlementsProcessor: 0x7ffc19270af0>: {
}
2017-10-02 07:25:18 +0000  Entitlements for <IDEDistributionItem: 0x7ffc19d1da40 'com.apple.dt.runtime.swiftPhotos' '<DVTFilePath:0x7ffc19d0e080:'/Users/amri/Library/Developer/Xcode/Archives/2017-10-02/MasterpassQR Demo 2-10-17, 3.20 PM.xcarchive/Products/Applications/MasterpassQR Demo.app/Frameworks/libswiftPhotos.dylib'>'>: {
}
2017-10-02 07:25:18 +0000  Writing entitlements for <IDEDistributionItem: 0x7ffc19d1da40 'com.apple.dt.runtime.swiftPhotos' '<DVTFilePath:0x7ffc19d0e080:'/Users/amri/Library/Developer/Xcode/Archives/2017-10-02/MasterpassQR Demo 2-10-17, 3.20 PM.xcarchive/Products/Applications/MasterpassQR Demo.app/Frameworks/libswiftPhotos.dylib'>'> to: /var/folders/9k/16d2bz8x33g22q2dn3nc7nyr0000gn/T/XcodeDistPipeline.qgO/entitlementsZc0C6Q
2017-10-02 07:25:18 +0000  Running /usr/bin/codesign '-vvv' '--force' '--sign' 'CB9884B82F3F83493389714E86E4CF3B13C269C9' '--preserve-metadata=identifier,flags' '--entitlements' '/var/folders/9k/16d2bz8x33g22q2dn3nc7nyr0000gn/T/XcodeDistPipeline.qgO/entitlementsZc0C6Q' '/var/folders/9k/16d2bz8x33g22q2dn3nc7nyr0000gn/T/XcodeDistPipeline.qgO/Root/Payload/MasterpassQR Demo.app/Frameworks/libswiftPhotos.dylib'
2017-10-02 07:25:18 +0000  /var/folders/9k/16d2bz8x33g22q2dn3nc7nyr0000gn/T/XcodeDistPipeline.qgO/Root/Payload/MasterpassQR Demo.app/Frameworks/libswiftPhotos.dylib: replacing existing signature
2017-10-02 07:25:19 +0000  /var/folders/9k/16d2bz8x33g22q2dn3nc7nyr0000gn/T/XcodeDistPipeline.qgO/Root/Payload/MasterpassQR Demo.app/Frameworks/libswiftPhotos.dylib: signed Mach-O universal (armv7 armv7s arm64) [com.apple.dt.runtime.swiftPhotos]
2017-10-02 07:25:19 +0000  /usr/bin/codesign exited with 0
2017-10-02 07:25:19 +0000  Applying entitlements delta for <IDEDistributionItem: 0x7ffc19a82d40 'com.apple.dt.runtime.swiftQuartzCore' '<DVTFilePath:0x7ffc18409b30:'/Users/amri/Library/Developer/Xcode/Archives/2017-10-02/MasterpassQR Demo 2-10-17, 3.20 PM.xcarchive/Products/Applications/MasterpassQR Demo.app/Frameworks/libswiftQuartzCore.dylib'>'> from <IDEiCloudEntitlementsProcessor: 0x7ffc19b1d7e0>: {
}
2017-10-02 07:25:19 +0000  Entitlements for <IDEDistributionItem: 0x7ffc19a82d40 'com.apple.dt.runtime.swiftQuartzCore' '<DVTFilePath:0x7ffc18409b30:'/Users/amri/Library/Developer/Xcode/Archives/2017-10-02/MasterpassQR Demo 2-10-17, 3.20 PM.xcarchive/Products/Applications/MasterpassQR Demo.app/Frameworks/libswiftQuartzCore.dylib'>'>: {
}
2017-10-02 07:25:19 +0000  Writing entitlements for <IDEDistributionItem: 0x7ffc19a82d40 'com.apple.dt.runtime.swiftQuartzCore' '<DVTFilePath:0x7ffc18409b30:'/Users/amri/Library/Developer/Xcode/Archives/2017-10-02/MasterpassQR Demo 2-10-17, 3.20 PM.xcarchive/Products/Applications/MasterpassQR Demo.app/Frameworks/libswiftQuartzCore.dylib'>'> to: /var/folders/9k/16d2bz8x33g22q2dn3nc7nyr0000gn/T/XcodeDistPipeline.qgO/entitlementsDnyAvl
2017-10-02 07:25:19 +0000  Running /usr/bin/codesign '-vvv' '--force' '--sign' 'CB9884B82F3F83493389714E86E4CF3B13C269C9' '--preserve-metadata=identifier,flags' '--entitlements' '/var/folders/9k/16d2bz8x33g22q2dn3nc7nyr0000gn/T/XcodeDistPipeline.qgO/entitlementsDnyAvl' '/var/folders/9k/16d2bz8x33g22q2dn3nc7nyr0000gn/T/XcodeDistPipeline.qgO/Root/Payload/MasterpassQR Demo.app/Frameworks/libswiftQuartzCore.dylib'
2017-10-02 07:25:19 +0000  /var/folders/9k/16d2bz8x33g22q2dn3nc7nyr0000gn/T/XcodeDistPipeline.qgO/Root/Payload/MasterpassQR Demo.app/Frameworks/libswiftQuartzCore.dylib: replacing existing signature
2017-10-02 07:25:19 +0000  /var/folders/9k/16d2bz8x33g22q2dn3nc7nyr0000gn/T/XcodeDistPipeline.qgO/Root/Payload/MasterpassQR Demo.app/Frameworks/libswiftQuartzCore.dylib: signed Mach-O universal (armv7 armv7s arm64) [com.apple.dt.runtime.swiftQuartzCore]
2017-10-02 07:25:19 +0000  /usr/bin/codesign exited with 0
2017-10-02 07:25:19 +0000  Applying entitlements delta for <IDEDistributionItem: 0x7ffc19d4f610 'com.apple.dt.runtime.swiftUIKit' '<DVTFilePath:0x7ffc192ae950:'/Users/amri/Library/Developer/Xcode/Archives/2017-10-02/MasterpassQR Demo 2-10-17, 3.20 PM.xcarchive/Products/Applications/MasterpassQR Demo.app/Frameworks/libswiftUIKit.dylib'>'> from <IDEiCloudEntitlementsProcessor: 0x7ffc19d26990>: {
}
2017-10-02 07:25:19 +0000  Entitlements for <IDEDistributionItem: 0x7ffc19d4f610 'com.apple.dt.runtime.swiftUIKit' '<DVTFilePath:0x7ffc192ae950:'/Users/amri/Library/Developer/Xcode/Archives/2017-10-02/MasterpassQR Demo 2-10-17, 3.20 PM.xcarchive/Products/Applications/MasterpassQR Demo.app/Frameworks/libswiftUIKit.dylib'>'>: {
}
2017-10-02 07:25:19 +0000  Writing entitlements for <IDEDistributionItem: 0x7ffc19d4f610 'com.apple.dt.runtime.swiftUIKit' '<DVTFilePath:0x7ffc192ae950:'/Users/amri/Library/Developer/Xcode/Archives/2017-10-02/MasterpassQR Demo 2-10-17, 3.20 PM.xcarchive/Products/Applications/MasterpassQR Demo.app/Frameworks/libswiftUIKit.dylib'>'> to: /var/folders/9k/16d2bz8x33g22q2dn3nc7nyr0000gn/T/XcodeDistPipeline.qgO/entitlementscI2mAK
2017-10-02 07:25:19 +0000  Running /usr/bin/codesign '-vvv' '--force' '--sign' 'CB9884B82F3F83493389714E86E4CF3B13C269C9' '--preserve-metadata=identifier,flags' '--entitlements' '/var/folders/9k/16d2bz8x33g22q2dn3nc7nyr0000gn/T/XcodeDistPipeline.qgO/entitlementscI2mAK' '/var/folders/9k/16d2bz8x33g22q2dn3nc7nyr0000gn/T/XcodeDistPipeline.qgO/Root/Payload/MasterpassQR Demo.app/Frameworks/libswiftUIKit.dylib'
2017-10-02 07:25:19 +0000  /var/folders/9k/16d2bz8x33g22q2dn3nc7nyr0000gn/T/XcodeDistPipeline.qgO/Root/Payload/MasterpassQR Demo.app/Frameworks/libswiftUIKit.dylib: replacing existing signature
2017-10-02 07:25:19 +0000  /var/folders/9k/16d2bz8x33g22q2dn3nc7nyr0000gn/T/XcodeDistPipeline.qgO/Root/Payload/MasterpassQR Demo.app/Frameworks/libswiftUIKit.dylib: signed Mach-O universal (armv7 armv7s arm64) [com.apple.dt.runtime.swiftUIKit]
2017-10-02 07:25:19 +0000  /usr/bin/codesign exited with 0
2017-10-02 07:25:19 +0000  Applying entitlements delta for <IDEDistributionItem: 0x7ffc19a7ac80 'com.apple.dt.runtime.swiftos' '<DVTFilePath:0x7ffc182f6a90:'/Users/amri/Library/Developer/Xcode/Archives/2017-10-02/MasterpassQR Demo 2-10-17, 3.20 PM.xcarchive/Products/Applications/MasterpassQR Demo.app/Frameworks/libswiftos.dylib'>'> from <IDEiCloudEntitlementsProcessor: 0x7ffc19d27ca0>: {
}
2017-10-02 07:25:19 +0000  Entitlements for <IDEDistributionItem: 0x7ffc19a7ac80 'com.apple.dt.runtime.swiftos' '<DVTFilePath:0x7ffc182f6a90:'/Users/amri/Library/Developer/Xcode/Archives/2017-10-02/MasterpassQR Demo 2-10-17, 3.20 PM.xcarchive/Products/Applications/MasterpassQR Demo.app/Frameworks/libswiftos.dylib'>'>: {
}
2017-10-02 07:25:19 +0000  Writing entitlements for <IDEDistributionItem: 0x7ffc19a7ac80 'com.apple.dt.runtime.swiftos' '<DVTFilePath:0x7ffc182f6a90:'/Users/amri/Library/Developer/Xcode/Archives/2017-10-02/MasterpassQR Demo 2-10-17, 3.20 PM.xcarchive/Products/Applications/MasterpassQR Demo.app/Frameworks/libswiftos.dylib'>'> to: /var/folders/9k/16d2bz8x33g22q2dn3nc7nyr0000gn/T/XcodeDistPipeline.qgO/entitlementsjqfb2f
2017-10-02 07:25:19 +0000  Running /usr/bin/codesign '-vvv' '--force' '--sign' 'CB9884B82F3F83493389714E86E4CF3B13C269C9' '--preserve-metadata=identifier,flags' '--entitlements' '/var/folders/9k/16d2bz8x33g22q2dn3nc7nyr0000gn/T/XcodeDistPipeline.qgO/entitlementsjqfb2f' '/var/folders/9k/16d2bz8x33g22q2dn3nc7nyr0000gn/T/XcodeDistPipeline.qgO/Root/Payload/MasterpassQR Demo.app/Frameworks/libswiftos.dylib'
2017-10-02 07:25:19 +0000  /var/folders/9k/16d2bz8x33g22q2dn3nc7nyr0000gn/T/XcodeDistPipeline.qgO/Root/Payload/MasterpassQR Demo.app/Frameworks/libswiftos.dylib: replacing existing signature
2017-10-02 07:25:19 +0000  /var/folders/9k/16d2bz8x33g22q2dn3nc7nyr0000gn/T/XcodeDistPipeline.qgO/Root/Payload/MasterpassQR Demo.app/Frameworks/libswiftos.dylib: signed Mach-O universal (armv7 armv7s arm64) [com.apple.dt.runtime.swiftos]
2017-10-02 07:25:19 +0000  /usr/bin/codesign exited with 0
2017-10-02 07:25:19 +0000  Applying entitlements delta for <IDEDistributionItem: 0x7ffc19a44a10 'com.apple.dt.runtime.swiftsimd' '<DVTFilePath:0x7ffc19d1c480:'/Users/amri/Library/Developer/Xcode/Archives/2017-10-02/MasterpassQR Demo 2-10-17, 3.20 PM.xcarchive/Products/Applications/MasterpassQR Demo.app/Frameworks/libswiftsimd.dylib'>'> from <IDEiCloudEntitlementsProcessor: 0x7ffc19b83bd0>: {
}
2017-10-02 07:25:19 +0000  Entitlements for <IDEDistributionItem: 0x7ffc19a44a10 'com.apple.dt.runtime.swiftsimd' '<DVTFilePath:0x7ffc19d1c480:'/Users/amri/Library/Developer/Xcode/Archives/2017-10-02/MasterpassQR Demo 2-10-17, 3.20 PM.xcarchive/Products/Applications/MasterpassQR Demo.app/Frameworks/libswiftsimd.dylib'>'>: {
}
2017-10-02 07:25:19 +0000  Writing entitlements for <IDEDistributionItem: 0x7ffc19a44a10 'com.apple.dt.runtime.swiftsimd' '<DVTFilePath:0x7ffc19d1c480:'/Users/amri/Library/Developer/Xcode/Archives/2017-10-02/MasterpassQR Demo 2-10-17, 3.20 PM.xcarchive/Products/Applications/MasterpassQR Demo.app/Frameworks/libswiftsimd.dylib'>'> to: /var/folders/9k/16d2bz8x33g22q2dn3nc7nyr0000gn/T/XcodeDistPipeline.qgO/entitlements2NsHre
2017-10-02 07:25:19 +0000  Running /usr/bin/codesign '-vvv' '--force' '--sign' 'CB9884B82F3F83493389714E86E4CF3B13C269C9' '--preserve-metadata=identifier,flags' '--entitlements' '/var/folders/9k/16d2bz8x33g22q2dn3nc7nyr0000gn/T/XcodeDistPipeline.qgO/entitlements2NsHre' '/var/folders/9k/16d2bz8x33g22q2dn3nc7nyr0000gn/T/XcodeDistPipeline.qgO/Root/Payload/MasterpassQR Demo.app/Frameworks/libswiftsimd.dylib'
2017-10-02 07:25:19 +0000  /var/folders/9k/16d2bz8x33g22q2dn3nc7nyr0000gn/T/XcodeDistPipeline.qgO/Root/Payload/MasterpassQR Demo.app/Frameworks/libswiftsimd.dylib: replacing existing signature
2017-10-02 07:25:19 +0000  /var/folders/9k/16d2bz8x33g22q2dn3nc7nyr0000gn/T/XcodeDistPipeline.qgO/Root/Payload/MasterpassQR Demo.app/Frameworks/libswiftsimd.dylib: signed Mach-O universal (armv7 armv7s arm64) [com.apple.dt.runtime.swiftsimd]
2017-10-02 07:25:19 +0000  /usr/bin/codesign exited with 0
2017-10-02 07:25:19 +0000  Applying entitlements delta for <IDEDistributionItem: 0x7ffc19a613d0 'com.mastercard.ios.MasterpassQR-Demo' '<DVTFilePath:0x7ffc14a0bd70:'/Users/amri/Library/Developer/Xcode/Archives/2017-10-02/MasterpassQR Demo 2-10-17, 3.20 PM.xcarchive/Products/Applications/MasterpassQR Demo.app'>'> from <IDEiCloudEntitlementsProcessor: 0x7ffc19d2c2b0>: {
}
2017-10-02 07:25:19 +0000  Entitlements for <IDEDistributionItem: 0x7ffc19a613d0 'com.mastercard.ios.MasterpassQR-Demo' '<DVTFilePath:0x7ffc14a0bd70:'/Users/amri/Library/Developer/Xcode/Archives/2017-10-02/MasterpassQR Demo 2-10-17, 3.20 PM.xcarchive/Products/Applications/MasterpassQR Demo.app'>'>: {
    "application-identifier" = "FARWN7FEXX.com.mastercard.ios.MasterpassQR-Demo";
    "com.apple.developer.team-identifier" = FARWN7FEXX;
    "get-task-allow" = 0;
    "keychain-access-groups" =     (
        "FARWN7FEXX.com.mastercard.ios.MasterpassQR-Demo"
    );
}
2017-10-02 07:25:19 +0000  Writing entitlements for <IDEDistributionItem: 0x7ffc19a613d0 'com.mastercard.ios.MasterpassQR-Demo' '<DVTFilePath:0x7ffc14a0bd70:'/Users/amri/Library/Developer/Xcode/Archives/2017-10-02/MasterpassQR Demo 2-10-17, 3.20 PM.xcarchive/Products/Applications/MasterpassQR Demo.app'>'> to: /var/folders/9k/16d2bz8x33g22q2dn3nc7nyr0000gn/T/XcodeDistPipeline.qgO/entitlementssbvEKe
2017-10-02 07:25:19 +0000  Running /usr/bin/codesign '-vvv' '--force' '--sign' 'CB9884B82F3F83493389714E86E4CF3B13C269C9' '--preserve-metadata=identifier,flags' '--entitlements' '/var/folders/9k/16d2bz8x33g22q2dn3nc7nyr0000gn/T/XcodeDistPipeline.qgO/entitlementssbvEKe' '/var/folders/9k/16d2bz8x33g22q2dn3nc7nyr0000gn/T/XcodeDistPipeline.qgO/Root/Payload/MasterpassQR Demo.app'
2017-10-02 07:25:19 +0000  /var/folders/9k/16d2bz8x33g22q2dn3nc7nyr0000gn/T/XcodeDistPipeline.qgO/Root/Payload/MasterpassQR Demo.app: replacing existing signature
2017-10-02 07:25:19 +0000  /var/folders/9k/16d2bz8x33g22q2dn3nc7nyr0000gn/T/XcodeDistPipeline.qgO/Root/Payload/MasterpassQR Demo.app: signed app bundle with Mach-O universal (armv7 arm64) [com.mastercard.ios.MasterpassQR-Demo]
2017-10-02 07:25:19 +0000  /usr/bin/codesign exited with 0
2017-10-02 07:25:19 +0000  Processing step: IDEDistributionStreamingZipItemStep
2017-10-02 07:25:19 +0000  Skipping step: IDEDistributionStreamingZipItemStep because it said so
2017-10-02 07:25:19 +0000  Skipping step: IDEDistributionStreamingZipItemStep because it said so
2017-10-02 07:25:19 +0000  Skipping step: IDEDistributionStreamingZipItemStep because it said so
2017-10-02 07:25:19 +0000  Skipping step: IDEDistributionStreamingZipItemStep because it said so
2017-10-02 07:25:19 +0000  Skipping step: IDEDistributionStreamingZipItemStep because it said so
2017-10-02 07:25:19 +0000  Skipping step: IDEDistributionStreamingZipItemStep because it said so
2017-10-02 07:25:19 +0000  Skipping step: IDEDistributionStreamingZipItemStep because it said so
2017-10-02 07:25:19 +0000  Skipping step: IDEDistributionStreamingZipItemStep because it said so
2017-10-02 07:25:19 +0000  Skipping step: IDEDistributionStreamingZipItemStep because it said so
2017-10-02 07:25:19 +0000  Skipping step: IDEDistributionStreamingZipItemStep because it said so
2017-10-02 07:25:19 +0000  Skipping step: IDEDistributionStreamingZipItemStep because it said so
2017-10-02 07:25:19 +0000  Skipping step: IDEDistributionStreamingZipItemStep because it said so
2017-10-02 07:25:19 +0000  Skipping step: IDEDistributionStreamingZipItemStep because it said so
2017-10-02 07:25:19 +0000  Skipping step: IDEDistributionStreamingZipItemStep because it said so
2017-10-02 07:25:19 +0000  Skipping step: IDEDistributionStreamingZipItemStep because it said so
2017-10-02 07:25:19 +0000  Skipping step: IDEDistributionStreamingZipItemStep because it said so
2017-10-02 07:25:19 +0000  Skipping step: IDEDistributionStreamingZipItemStep because it said so
2017-10-02 07:25:19 +0000  Skipping step: IDEDistributionStreamingZipItemStep because it said so
2017-10-02 07:25:19 +0000  Skipping step: IDEDistributionStreamingZipItemStep because it said so
2017-10-02 07:25:19 +0000  Skipping step: IDEDistributionStreamingZipItemStep because it said so
2017-10-02 07:25:19 +0000  Skipping step: IDEDistributionStreamingZipItemStep because it said so
2017-10-02 07:25:19 +0000  Skipping step: IDEDistributionStreamingZipItemStep because it said so
2017-10-02 07:25:19 +0000  Processing step: IDEDistributionCreateIPAStep
2017-10-02 07:25:19 +0000  Running /usr/bin/ditto '-V' '-c' '-k' '--norsrc' '/var/folders/9k/16d2bz8x33g22q2dn3nc7nyr0000gn/T/XcodeDistPipeline.qgO/Root' '/var/folders/9k/16d2bz8x33g22q2dn3nc7nyr0000gn/T/XcodeDistPipeline.qgO/Packages/MasterpassQR Demo.ipa'
2017-10-02 07:25:19 +0000  >>> Copying /var/folders/9k/16d2bz8x33g22q2dn3nc7nyr0000gn/T/XcodeDistPipeline.qgO/Root 
2017-10-02 07:25:19 +0000  copying file ./Payload/MasterpassQR Demo.app/_CodeSignature/CodeResources ... 
2017-10-02 07:25:19 +0000  18461 bytes for ./Payload/MasterpassQR Demo.app/_CodeSignature/CodeResources
2017-10-02 07:25:19 +0000  copying file ./Payload/MasterpassQR Demo.app/AppIcon20x20@2x.png ... 
2017-10-02 07:25:19 +0000  3081 bytes for ./Payload/MasterpassQR Demo.app/AppIcon20x20@2x.png
copying file ./Payload/MasterpassQR Demo.app/AppIcon20x20@3x.png ... 
2017-10-02 07:25:19 +0000  4429 bytes for ./Payload/MasterpassQR Demo.app/AppIcon20x20@3x.png
copying file ./Payload/MasterpassQR Demo.app/AppIcon29x29@2x.png ... 
2017-10-02 07:25:19 +0000  4241 bytes for ./Payload/MasterpassQR Demo.app/AppIcon29x29@2x.png
copying file ./Payload/MasterpassQR Demo.app/AppIcon29x29@3x.png ... 
2017-10-02 07:25:19 +0000  7561 bytes for ./Payload/MasterpassQR Demo.app/AppIcon29x29@3x.png
copying file ./Payload/MasterpassQR Demo.app/AppIcon40x40@2x.png ... 
2017-10-02 07:25:19 +0000  6629 bytes for ./Payload/MasterpassQR Demo.app/AppIcon40x40@2x.png
2017-10-02 07:25:19 +0000  copying file ./Payload/MasterpassQR Demo.app/AppIcon40x40@3x.png ... 
2017-10-02 07:25:19 +0000  9268 bytes for ./Payload/MasterpassQR Demo.app/AppIcon40x40@3x.png
2017-10-02 07:25:19 +0000  copying file ./Payload/MasterpassQR Demo.app/AppIcon60x60@2x.png ... 
2017-10-02 07:25:19 +0000  6013 bytes for ./Payload/MasterpassQR Demo.app/AppIcon60x60@2x.png
copying file ./Payload/MasterpassQR Demo.app/AppIcon60x60@3x.png ... 
2017-10-02 07:25:19 +0000  9349 bytes for ./Payload/MasterpassQR Demo.app/AppIcon60x60@3x.png
copying file ./Payload/MasterpassQR Demo.app/archived-expanded-entitlements.xcent ... 
2017-10-02 07:25:19 +0000  410 bytes for ./Payload/MasterpassQR Demo.app/archived-expanded-entitlements.xcent
copying file ./Payload/MasterpassQR Demo.app/Assets.car ... 
2017-10-02 07:25:19 +0000  134008 bytes for ./Payload/MasterpassQR Demo.app/Assets.car
2017-10-02 07:25:19 +0000  copying file ./Payload/MasterpassQR Demo.app/Base.lproj/LaunchScreen.storyboardc/01J-lp-oVM-view-Ze5-6b-2t3.nib ... 
2017-10-02 07:25:19 +0000  1791 bytes for ./Payload/MasterpassQR Demo.app/Base.lproj/LaunchScreen.storyboardc/01J-lp-oVM-view-Ze5-6b-2t3.nib
copying file ./Payload/MasterpassQR Demo.app/Base.lproj/LaunchScreen.storyboardc/Info.plist ... 
258 bytes for ./Payload/MasterpassQR Demo.app/Base.lproj/LaunchScreen.storyboardc/Info.plist
copying file ./Payload/MasterpassQR Demo.app/Base.lproj/LaunchScreen.storyboardc/UIViewController-01J-lp-oVM.nib ... 
2017-10-02 07:25:19 +0000  832 bytes for ./Payload/MasterpassQR Demo.app/Base.lproj/LaunchScreen.storyboardc/UIViewController-01J-lp-oVM.nib
2017-10-02 07:25:19 +0000  copying file ./Payload/MasterpassQR Demo.app/Base.lproj/Main.storyboardc/BYZ-38-t0r-view-9fZ-FA-6Q7.nib ... 
2017-10-02 07:25:19 +0000  7708 bytes for ./Payload/MasterpassQR Demo.app/Base.lproj/Main.storyboardc/BYZ-38-t0r-view-9fZ-FA-6Q7.nib
copying file ./Payload/MasterpassQR Demo.app/Base.lproj/Main.storyboardc/FLa-MJ-yeU-view-IX7-LA-49i.nib ... 
2017-10-02 07:25:19 +0000  5309 bytes for ./Payload/MasterpassQR Demo.app/Base.lproj/Main.storyboardc/FLa-MJ-yeU-view-IX7-LA-49i.nib
copying file ./Payload/MasterpassQR Demo.app/Base.lproj/Main.storyboardc/hUj-tm-X23-view-s5M-Bq-OPM.nib ... 
2017-10-02 07:25:19 +0000  3906 bytes for ./Payload/MasterpassQR Demo.app/Base.lproj/Main.storyboardc/hUj-tm-X23-view-s5M-Bq-OPM.nib
copying file ./Payload/MasterpassQR Demo.app/Base.lproj/Main.storyboardc/Info.plist ... 
2017-10-02 07:25:19 +0000  403 bytes for ./Payload/MasterpassQR Demo.app/Base.lproj/Main.storyboardc/Info.plist
copying file ./Payload/MasterpassQR Demo.app/Base.lproj/Main.storyboardc/ResultViewController.nib ... 
2017-10-02 07:25:19 +0000  1050 bytes for ./Payload/MasterpassQR Demo.app/Base.lproj/Main.storyboardc/ResultViewController.nib
copying file ./Payload/MasterpassQR Demo.app/Base.lproj/Main.storyboardc/UINavigationController-if8-TP-3c4.nib ... 
2017-10-02 07:25:19 +0000  2044 bytes for ./Payload/MasterpassQR Demo.app/Base.lproj/Main.storyboardc/UINavigationController-if8-TP-3c4.nib
copying file ./Payload/MasterpassQR Demo.app/Base.lproj/Main.storyboardc/UIViewController-hUj-tm-X23.nib ... 
2017-10-02 07:25:19 +0000  1485 bytes for ./Payload/MasterpassQR Demo.app/Base.lproj/Main.storyboardc/UIViewController-hUj-tm-X23.nib
2017-10-02 07:25:19 +0000  copying file ./Payload/MasterpassQR Demo.app/embedded.mobileprovision ... 
2017-10-02 07:25:19 +0000  7390 bytes for ./Payload/MasterpassQR Demo.app/embedded.mobileprovision
2017-10-02 07:25:19 +0000  copying file ./Payload/MasterpassQR Demo.app/Frameworks/libswiftAVFoundation.dylib ... 
2017-10-02 07:25:19 +0000  482416 bytes for ./Payload/MasterpassQR Demo.app/Frameworks/libswiftAVFoundation.dylib
copying file ./Payload/MasterpassQR Demo.app/Frameworks/libswiftCore.dylib ... 
2017-10-02 07:25:20 +0000  21046064 bytes for ./Payload/MasterpassQR Demo.app/Frameworks/libswiftCore.dylib
copying file ./Payload/MasterpassQR Demo.app/Frameworks/libswiftCoreAudio.dylib ... 
2017-10-02 07:25:20 +0000  354208 bytes for ./Payload/MasterpassQR Demo.app/Frameworks/libswiftCoreAudio.dylib
copying file ./Payload/MasterpassQR Demo.app/Frameworks/libswiftCoreData.dylib ... 
2017-10-02 07:25:20 +0000  394704 bytes for ./Payload/MasterpassQR Demo.app/Frameworks/libswiftCoreData.dylib
copying file ./Payload/MasterpassQR Demo.app/Frameworks/libswiftCoreFoundation.dylib ... 
2017-10-02 07:25:20 +0000  208656 bytes for ./Payload/MasterpassQR Demo.app/Frameworks/libswiftCoreFoundation.dylib
copying file ./Payload/MasterpassQR Demo.app/Frameworks/libswiftCoreGraphics.dylib ... 
2017-10-02 07:25:20 +0000  578112 bytes for ./Payload/MasterpassQR Demo.app/Frameworks/libswiftCoreGraphics.dylib
copying file ./Payload/MasterpassQR Demo.app/Frameworks/libswiftCoreImage.dylib ... 
2017-10-02 07:25:20 +0000  209216 bytes for ./Payload/MasterpassQR Demo.app/Frameworks/libswiftCoreImage.dylib
2017-10-02 07:25:20 +0000  copying file ./Payload/MasterpassQR Demo.app/Frameworks/libswiftCoreLocation.dylib ... 
2017-10-02 07:25:20 +0000  253648 bytes for ./Payload/MasterpassQR Demo.app/Frameworks/libswiftCoreLocation.dylib
copying file ./Payload/MasterpassQR Demo.app/Frameworks/libswiftCoreMedia.dylib ... 
2017-10-02 07:25:20 +0000  254000 bytes for ./Payload/MasterpassQR Demo.app/Frameworks/libswiftCoreMedia.dylib
2017-10-02 07:25:20 +0000  copying file ./Payload/MasterpassQR Demo.app/Frameworks/libswiftDarwin.dylib ... 
2017-10-02 07:25:20 +0000  303424 bytes for ./Payload/MasterpassQR Demo.app/Frameworks/libswiftDarwin.dylib
copying file ./Payload/MasterpassQR Demo.app/Frameworks/libswiftDispatch.dylib ... 
2017-10-02 07:25:21 +0000  1009600 bytes for ./Payload/MasterpassQR Demo.app/Frameworks/libswiftDispatch.dylib
copying file ./Payload/MasterpassQR Demo.app/Frameworks/libswiftFoundation.dylib ... 
2017-10-02 07:25:21 +0000  8526080 bytes for ./Payload/MasterpassQR Demo.app/Frameworks/libswiftFoundation.dylib
copying file ./Payload/MasterpassQR Demo.app/Frameworks/libswiftMetal.dylib ... 
2017-10-02 07:25:21 +0000  251600 bytes for ./Payload/MasterpassQR Demo.app/Frameworks/libswiftMetal.dylib
copying file ./Payload/MasterpassQR Demo.app/Frameworks/libswiftObjectiveC.dylib ... 
2017-10-02 07:25:21 +0000  259296 bytes for ./Payload/MasterpassQR Demo.app/Frameworks/libswiftObjectiveC.dylib
copying file ./Payload/MasterpassQR Demo.app/Frameworks/libswiftos.dylib ... 
2017-10-02 07:25:21 +0000  249264 bytes for ./Payload/MasterpassQR Demo.app/Frameworks/libswiftos.dylib
copying file ./Payload/MasterpassQR Demo.app/Frameworks/libswiftPhotos.dylib ... 
2017-10-02 07:25:21 +0000  210992 bytes for ./Payload/MasterpassQR Demo.app/Frameworks/libswiftPhotos.dylib
copying file ./Payload/MasterpassQR Demo.app/Frameworks/libswiftQuartzCore.dylib ... 
2017-10-02 07:25:21 +0000  212560 bytes for ./Payload/MasterpassQR Demo.app/Frameworks/libswiftQuartzCore.dylib
copying file ./Payload/MasterpassQR Demo.app/Frameworks/libswiftsimd.dylib ... 
2017-10-02 07:25:21 +0000  1361600 bytes for ./Payload/MasterpassQR Demo.app/Frameworks/libswiftsimd.dylib
copying file ./Payload/MasterpassQR Demo.app/Frameworks/libswiftUIKit.dylib ... 
2017-10-02 07:25:21 +0000  361840 bytes for ./Payload/MasterpassQR Demo.app/Frameworks/libswiftUIKit.dylib
2017-10-02 07:25:21 +0000  copying file ./Payload/MasterpassQR Demo.app/Frameworks/MasterpassQRCoreSDKV2.framework/_CodeSignature/CodeResources ... 
2017-10-02 07:25:21 +0000  2202 bytes for ./Payload/MasterpassQR Demo.app/Frameworks/MasterpassQRCoreSDKV2.framework/_CodeSignature/CodeResources
copying file ./Payload/MasterpassQR Demo.app/Frameworks/MasterpassQRCoreSDKV2.framework/Info.plist ... 
2017-10-02 07:25:21 +0000  737 bytes for ./Payload/MasterpassQR Demo.app/Frameworks/MasterpassQRCoreSDKV2.framework/Info.plist
copying file ./Payload/MasterpassQR Demo.app/Frameworks/MasterpassQRCoreSDKV2.framework/MasterpassQRCoreSDKV2 ... 
2017-10-02 07:25:21 +0000  954240 bytes for ./Payload/MasterpassQR Demo.app/Frameworks/MasterpassQRCoreSDKV2.framework/MasterpassQRCoreSDKV2
2017-10-02 07:25:21 +0000  copying file ./Payload/MasterpassQR Demo.app/Frameworks/MasterpassQRScanSDK.framework/_CodeSignature/CodeResources ... 
2784 bytes for ./Payload/MasterpassQR Demo.app/Frameworks/MasterpassQRScanSDK.framework/_CodeSignature/CodeResources
2017-10-02 07:25:21 +0000  copying file ./Payload/MasterpassQR Demo.app/Frameworks/MasterpassQRScanSDK.framework/Assets.car ... 
2017-10-02 07:25:21 +0000  82504 bytes for ./Payload/MasterpassQR Demo.app/Frameworks/MasterpassQRScanSDK.framework/Assets.car
copying file ./Payload/MasterpassQR Demo.app/Frameworks/MasterpassQRScanSDK.framework/Info.plist ... 
2017-10-02 07:25:21 +0000  735 bytes for ./Payload/MasterpassQR Demo.app/Frameworks/MasterpassQRScanSDK.framework/Info.plist
copying file ./Payload/MasterpassQR Demo.app/Frameworks/MasterpassQRScanSDK.framework/MasterpassQRScanSDK ... 
2017-10-02 07:25:21 +0000  404464 bytes for ./Payload/MasterpassQR Demo.app/Frameworks/MasterpassQRScanSDK.framework/MasterpassQRScanSDK
copying file ./Payload/MasterpassQR Demo.app/Frameworks/MasterpassQRScanSDK.framework/strip-frameworks.sh ... 
2017-10-02 07:25:21 +0000  3230 bytes for ./Payload/MasterpassQR Demo.app/Frameworks/MasterpassQRScanSDK.framework/strip-frameworks.sh
2017-10-02 07:25:21 +0000  copying file ./Payload/MasterpassQR Demo.app/Info.plist ... 
2017-10-02 07:25:21 +0000  1289 bytes for ./Payload/MasterpassQR Demo.app/Info.plist
copying file ./Payload/MasterpassQR Demo.app/MasterpassQR Demo ... 
2017-10-02 07:25:21 +0000  397888 bytes for ./Payload/MasterpassQR Demo.app/MasterpassQR Demo
copying file ./Payload/MasterpassQR Demo.app/PkgInfo ... 
2017-10-02 07:25:21 +0000  8 bytes for ./Payload/MasterpassQR Demo.app/PkgInfo
2017-10-02 07:25:21 +0000  /usr/bin/ditto exited with 0
2017-10-02 07:25:21 +0000  Processing step: IDEDistributionCreateManifestStep
