2017-10-18 13:56:14 +0000  Initial pipeline context: <IDEDistributionProcessingPipelineContext: 0x7fd89c05a040; archive(resolved)='<IDEArchive: 0x7fd89d35e900>', distributionTask(resolved)='2', distributionMethod(resolved)='<IDEDistributionMethodiOSEnterprise: 0x7fd893ed9ac0>', team(resolved)='<IDEProvisioningBasicTeam 0x7fd89c562550: teamID: FARWN7FEXX, teamName: MasterCard Worldwide>'>
	Chain (11, self inclusive):
	<IDEDistributionProcessingPipelineContext: 0x7fd89c05a040; archive = '<IDEArchive: 0x7fd89d35e900>', distributionMethod='<IDEDistributionMethodiOSEnterprise: 0x7fd893ed9ac0>', team='<IDEProvisioningBasicTeam 0x7fd89c562550: teamID: FARWN7FEXX, teamName: MasterCard Worldwide>'>
	<IDEDistributionProcessingPipelineContext: 0x7fd89e1cfc70; archive = '<IDEArchive: 0x7fd89d35e900>', distributionMethod='<IDEDistributionMethodiOSEnterprise: 0x7fd893ed9ac0>', team='<IDEProvisioningBasicTeam 0x7fd89c562550: teamID: FARWN7FEXX, teamName: MasterCard Worldwide>'>
	<IDEDistributionContext: 0x7fd89e64ee60; archive = '<IDEArchive: 0x7fd89d35e900>', distributionMethod='<IDEDistributionMethodiOSEnterprise: 0x7fd893ed9ac0>', team='<IDEProvisioningBasicTeam 0x7fd89c562550: teamID: FARWN7FEXX, teamName: MasterCard Worldwide>'>
	<IDEDistributionContext: 0x7fd89bb7c7a0; archive = '<IDEArchive: 0x7fd89d35e900>', distributionMethod='<IDEDistributionMethodiOSEnterprise: 0x7fd893ed9ac0>', team='<IDEProvisioningBasicTeam 0x7fd89c562550: teamID: FARWN7FEXX, teamName: MasterCard Worldwide>'>
	<IDEDistributionContext: 0x7fd89d331270; archive = '<IDEArchive: 0x7fd89d35e900>', distributionMethod='<IDEDistributionMethodiOSEnterprise: 0x7fd893ed9ac0>', team='<IDEProvisioningBasicTeam 0x7fd89c562550: teamID: FARWN7FEXX, teamName: MasterCard Worldwide>'>
	<IDEDistributionContext: 0x7fd89d26af80; archive = '<IDEArchive: 0x7fd89d35e900>', distributionMethod='<IDEDistributionMethodiOSEnterprise: 0x7fd893ed9ac0>', team='<IDEProvisioningBasicTeam 0x7fd89c562550: teamID: FARWN7FEXX, teamName: MasterCard Worldwide>'>
	<IDEDistributionContext: 0x7fd89dcda950; archive = '<IDEArchive: 0x7fd89d35e900>', distributionMethod='<IDEDistributionMethodiOSEnterprise: 0x7fd893ed9ac0>', team='<IDEProvisioningBasicTeam 0x7fd89c562550: teamID: FARWN7FEXX, teamName: MasterCard Worldwide>'>
	<IDEDistributionContext: 0x7fd89cc60bf0; archive = '<IDEArchive: 0x7fd89d35e900>', distributionMethod='<IDEDistributionMethodiOSEnterprise: 0x7fd893ed9ac0>', team='<IDEProvisioningBasicTeam 0x7fd89c562550: teamID: FARWN7FEXX, teamName: MasterCard Worldwide>'>
	<IDEDistributionContext: 0x7fd89db7fe70; archive = '<IDEArchive: 0x7fd89d35e900>', distributionMethod='<IDEDistributionMethodiOSEnterprise: 0x7fd893ed9ac0>', team='<IDEProvisioningBasicTeam 0x7fd89c562550: teamID: FARWN7FEXX, teamName: MasterCard Worldwide>'>
	<IDEDistributionContext: 0x7fd89d1d38e0; archive = '<IDEArchive: 0x7fd89d35e900>', distributionMethod='<IDEDistributionMethodiOSEnterprise: 0x7fd893ed9ac0>', team='(null)'>
	<IDEDistributionContext: 0x7fd89d503d80; archive = '<IDEArchive: 0x7fd89d35e900>', distributionMethod='(null)', team='(null)'>
</IDEDistributionProcessingPipelineContext: 0x7fd89c05a040>
2017-10-18 13:56:14 +0000  Processing step: IDEDistributionCreateDestRootStep
2017-10-18 13:56:14 +0000  Processing step: IDEDistributionCopyItemStep
2017-10-18 13:56:14 +0000  Running /usr/bin/ditto '-V' '/Users/amri/Library/Developer/Xcode/Archives/2017-10-18/MasterpassQR Demo 18-10-17, 9.40 PM.xcarchive/Products/Applications/MasterpassQR Demo.app' '/var/folders/9k/16d2bz8x33g22q2dn3nc7nyr0000gn/T/XcodeDistPipeline.ssb/Root/Payload/MasterpassQR Demo.app'
2017-10-18 13:56:14 +0000  >>> Copying /Users/amri/Library/Developer/Xcode/Archives/2017-10-18/MasterpassQR Demo 18-10-17, 9.40 PM.xcarchive/Products/Applications/MasterpassQR Demo.app 
2017-10-18 13:56:14 +0000  copying file ./_CodeSignature/CodeResources ... 
2017-10-18 13:56:14 +0000  18085 bytes for ./_CodeSignature/CodeResources
2017-10-18 13:56:14 +0000  copying file ./AppIcon20x20@2x.png ... 
2017-10-18 13:56:14 +0000  3081 bytes for ./AppIcon20x20@2x.png
copying file ./AppIcon20x20@3x.png ... 
2017-10-18 13:56:14 +0000  4429 bytes for ./AppIcon20x20@3x.png
copying file ./AppIcon29x29@2x.png ... 
2017-10-18 13:56:14 +0000  4241 bytes for ./AppIcon29x29@2x.png
copying file ./AppIcon29x29@3x.png ... 
2017-10-18 13:56:14 +0000  7561 bytes for ./AppIcon29x29@3x.png
2017-10-18 13:56:14 +0000  copying file ./AppIcon40x40@2x.png ... 
2017-10-18 13:56:14 +0000  6629 bytes for ./AppIcon40x40@2x.png
2017-10-18 13:56:14 +0000  copying file ./AppIcon40x40@3x.png ... 
2017-10-18 13:56:14 +0000  9268 bytes for ./AppIcon40x40@3x.png
copying file ./AppIcon60x60@2x.png ... 
2017-10-18 13:56:14 +0000  6013 bytes for ./AppIcon60x60@2x.png
2017-10-18 13:56:14 +0000  copying file ./AppIcon60x60@3x.png ... 
2017-10-18 13:56:14 +0000  9349 bytes for ./AppIcon60x60@3x.png
copying file ./archived-expanded-entitlements.xcent ... 
2017-10-18 13:56:14 +0000  410 bytes for ./archived-expanded-entitlements.xcent
2017-10-18 13:56:14 +0000  copying file ./Assets.car ... 
2017-10-18 13:56:14 +0000  134008 bytes for ./Assets.car
2017-10-18 13:56:14 +0000  copying file ./Base.lproj/LaunchScreen.storyboardc/01J-lp-oVM-view-Ze5-6b-2t3.nib ... 
2017-10-18 13:56:14 +0000  1792 bytes for ./Base.lproj/LaunchScreen.storyboardc/01J-lp-oVM-view-Ze5-6b-2t3.nib
copying file ./Base.lproj/LaunchScreen.storyboardc/Info.plist ... 
2017-10-18 13:56:14 +0000  258 bytes for ./Base.lproj/LaunchScreen.storyboardc/Info.plist
copying file ./Base.lproj/LaunchScreen.storyboardc/UIViewController-01J-lp-oVM.nib ... 
2017-10-18 13:56:14 +0000  832 bytes for ./Base.lproj/LaunchScreen.storyboardc/UIViewController-01J-lp-oVM.nib
2017-10-18 13:56:14 +0000  copying file ./Base.lproj/Main.storyboardc/BYZ-38-t0r-view-9fZ-FA-6Q7.nib ... 
2017-10-18 13:56:14 +0000  7800 bytes for ./Base.lproj/Main.storyboardc/BYZ-38-t0r-view-9fZ-FA-6Q7.nib
copying file ./Base.lproj/Main.storyboardc/FLa-MJ-yeU-view-IX7-LA-49i.nib ... 
2017-10-18 13:56:14 +0000  5304 bytes for ./Base.lproj/Main.storyboardc/FLa-MJ-yeU-view-IX7-LA-49i.nib
copying file ./Base.lproj/Main.storyboardc/hUj-tm-X23-view-s5M-Bq-OPM.nib ... 
2017-10-18 13:56:14 +0000  3904 bytes for ./Base.lproj/Main.storyboardc/hUj-tm-X23-view-s5M-Bq-OPM.nib
copying file ./Base.lproj/Main.storyboardc/Info.plist ... 
2017-10-18 13:56:14 +0000  403 bytes for ./Base.lproj/Main.storyboardc/Info.plist
copying file ./Base.lproj/Main.storyboardc/ResultViewController.nib ... 
2017-10-18 13:56:14 +0000  1080 bytes for ./Base.lproj/Main.storyboardc/ResultViewController.nib
2017-10-18 13:56:14 +0000  copying file ./Base.lproj/Main.storyboardc/UINavigationController-if8-TP-3c4.nib ... 
2017-10-18 13:56:14 +0000  2044 bytes for ./Base.lproj/Main.storyboardc/UINavigationController-if8-TP-3c4.nib
copying file ./Base.lproj/Main.storyboardc/UIViewController-hUj-tm-X23.nib ... 
2017-10-18 13:56:14 +0000  1485 bytes for ./Base.lproj/Main.storyboardc/UIViewController-hUj-tm-X23.nib
2017-10-18 13:56:14 +0000  copying file ./embedded.mobileprovision ... 
2017-10-18 13:56:14 +0000  236171 bytes for ./embedded.mobileprovision
2017-10-18 13:56:14 +0000  copying file ./Frameworks/libswiftAVFoundation.dylib ... 
2017-10-18 13:56:14 +0000  482064 bytes for ./Frameworks/libswiftAVFoundation.dylib
copying file ./Frameworks/libswiftCore.dylib ... 
2017-10-18 13:56:14 +0000  21045712 bytes for ./Frameworks/libswiftCore.dylib
copying file ./Frameworks/libswiftCoreAudio.dylib ... 
2017-10-18 13:56:14 +0000  353856 bytes for ./Frameworks/libswiftCoreAudio.dylib
copying file ./Frameworks/libswiftCoreData.dylib ... 
361584 bytes for ./Frameworks/libswiftCoreData.dylib
copying file ./Frameworks/libswiftCoreFoundation.dylib ... 
208288 bytes for ./Frameworks/libswiftCoreFoundation.dylib
copying file ./Frameworks/libswiftCoreGraphics.dylib ... 
577760 bytes for ./Frameworks/libswiftCoreGraphics.dylib
copying file ./Frameworks/libswiftCoreImage.dylib ... 
2017-10-18 13:56:14 +0000  208864 bytes for ./Frameworks/libswiftCoreImage.dylib
copying file ./Frameworks/libswiftCoreLocation.dylib ... 
253296 bytes for ./Frameworks/libswiftCoreLocation.dylib
copying file ./Frameworks/libswiftCoreMedia.dylib ... 
253648 bytes for ./Frameworks/libswiftCoreMedia.dylib
copying file ./Frameworks/libswiftDarwin.dylib ... 
303072 bytes for ./Frameworks/libswiftDarwin.dylib
copying file ./Frameworks/libswiftDispatch.dylib ... 
2017-10-18 13:56:14 +0000  1009248 bytes for ./Frameworks/libswiftDispatch.dylib
copying file ./Frameworks/libswiftFoundation.dylib ... 
2017-10-18 13:56:14 +0000  8525728 bytes for ./Frameworks/libswiftFoundation.dylib
copying file ./Frameworks/libswiftMetal.dylib ... 
2017-10-18 13:56:14 +0000  251248 bytes for ./Frameworks/libswiftMetal.dylib
copying file ./Frameworks/libswiftObjectiveC.dylib ... 
258944 bytes for ./Frameworks/libswiftObjectiveC.dylib
copying file ./Frameworks/libswiftos.dylib ... 
248912 bytes for ./Frameworks/libswiftos.dylib
copying file ./Frameworks/libswiftPhotos.dylib ... 
210640 bytes for ./Frameworks/libswiftPhotos.dylib
copying file ./Frameworks/libswiftQuartzCore.dylib ... 
212208 bytes for ./Frameworks/libswiftQuartzCore.dylib
copying file ./Frameworks/libswiftsimd.dylib ... 
2017-10-18 13:56:14 +0000  1361248 bytes for ./Frameworks/libswiftsimd.dylib
copying file ./Frameworks/libswiftUIKit.dylib ... 
361488 bytes for ./Frameworks/libswiftUIKit.dylib
2017-10-18 13:56:14 +0000  copying file ./Frameworks/MasterpassQRCoreSDK.framework/_CodeSignature/CodeResources ... 
2017-10-18 13:56:14 +0000  2506 bytes for ./Frameworks/MasterpassQRCoreSDK.framework/_CodeSignature/CodeResources
2017-10-18 13:56:14 +0000  copying file ./Frameworks/MasterpassQRCoreSDK.framework/Info.plist ... 
2017-10-18 13:56:14 +0000  735 bytes for ./Frameworks/MasterpassQRCoreSDK.framework/Info.plist
2017-10-18 13:56:14 +0000  copying file ./Frameworks/MasterpassQRCoreSDK.framework/MasterpassQRCoreSDK ... 
2017-10-18 13:56:14 +0000  583888 bytes for ./Frameworks/MasterpassQRCoreSDK.framework/MasterpassQRCoreSDK
copying file ./Frameworks/MasterpassQRCoreSDK.framework/strip-frameworks.sh ... 
2017-10-18 13:56:14 +0000  3230 bytes for ./Frameworks/MasterpassQRCoreSDK.framework/strip-frameworks.sh
2017-10-18 13:56:14 +0000  copying file ./Frameworks/MasterpassQRScanSDK.framework/_CodeSignature/CodeResources ... 
2017-10-18 13:56:14 +0000  2202 bytes for ./Frameworks/MasterpassQRScanSDK.framework/_CodeSignature/CodeResources
2017-10-18 13:56:14 +0000  copying file ./Frameworks/MasterpassQRScanSDK.framework/Info.plist ... 
2017-10-18 13:56:14 +0000  735 bytes for ./Frameworks/MasterpassQRScanSDK.framework/Info.plist
copying file ./Frameworks/MasterpassQRScanSDK.framework/MasterpassQRScanSDK ... 
2017-10-18 13:56:14 +0000  271024 bytes for ./Frameworks/MasterpassQRScanSDK.framework/MasterpassQRScanSDK
2017-10-18 13:56:14 +0000  copying file ./Info.plist ... 
2017-10-18 13:56:14 +0000  1290 bytes for ./Info.plist
copying file ./MasterpassQR Demo ... 
2017-10-18 13:56:14 +0000  428752 bytes for ./MasterpassQR Demo
copying file ./PkgInfo ... 
2017-10-18 13:56:14 +0000  8 bytes for ./PkgInfo
2017-10-18 13:56:14 +0000  /usr/bin/ditto exited with 0
2017-10-18 13:56:14 +0000  Processing step: IDEDistributionEmbedProfileStep
2017-10-18 13:56:14 +0000  Skipping profile for item: <IDEDistributionItem: 0x7fd89dcddeb0 'com.mastercard.ios.MasterpassQRCoreSDK' '<DVTFilePath:0x7fd8962a7cc0:'/Users/amri/Library/Developer/Xcode/Archives/2017-10-18/MasterpassQR Demo 18-10-17, 9.40 PM.xcarchive/Products/Applications/MasterpassQR Demo.app/Frameworks/MasterpassQRCoreSDK.framework'>'>
2017-10-18 13:56:14 +0000  Skipping profile for item: <IDEDistributionItem: 0x7fd89d1c8590 'com.mastercard.ios.MasterpassQRScanSDK' '<DVTFilePath:0x7fd89da043c0:'/Users/amri/Library/Developer/Xcode/Archives/2017-10-18/MasterpassQR Demo 18-10-17, 9.40 PM.xcarchive/Products/Applications/MasterpassQR Demo.app/Frameworks/MasterpassQRScanSDK.framework'>'>
2017-10-18 13:56:14 +0000  Skipping profile for item: <IDEDistributionItem: 0x7fd89d763b70 'com.apple.dt.runtime.swiftAVFoundation' '<DVTFilePath:0x7fd8a2f89610:'/Users/amri/Library/Developer/Xcode/Archives/2017-10-18/MasterpassQR Demo 18-10-17, 9.40 PM.xcarchive/Products/Applications/MasterpassQR Demo.app/Frameworks/libswiftAVFoundation.dylib'>'>
2017-10-18 13:56:14 +0000  Skipping profile for item: <IDEDistributionItem: 0x7fd89cc20bd0 'com.apple.dt.runtime.swiftCore' '<DVTFilePath:0x7fd89cf68700:'/Users/amri/Library/Developer/Xcode/Archives/2017-10-18/MasterpassQR Demo 18-10-17, 9.40 PM.xcarchive/Products/Applications/MasterpassQR Demo.app/Frameworks/libswiftCore.dylib'>'>
2017-10-18 13:56:14 +0000  Skipping profile for item: <IDEDistributionItem: 0x7fd89d2d5f00 'com.apple.dt.runtime.swiftCoreAudio' '<DVTFilePath:0x7fd89ccecf20:'/Users/amri/Library/Developer/Xcode/Archives/2017-10-18/MasterpassQR Demo 18-10-17, 9.40 PM.xcarchive/Products/Applications/MasterpassQR Demo.app/Frameworks/libswiftCoreAudio.dylib'>'>
2017-10-18 13:56:14 +0000  Skipping profile for item: <IDEDistributionItem: 0x7fd89dbab8b0 'com.apple.dt.runtime.swiftCoreData' '<DVTFilePath:0x7fd89c056990:'/Users/amri/Library/Developer/Xcode/Archives/2017-10-18/MasterpassQR Demo 18-10-17, 9.40 PM.xcarchive/Products/Applications/MasterpassQR Demo.app/Frameworks/libswiftCoreData.dylib'>'>
2017-10-18 13:56:14 +0000  Skipping profile for item: <IDEDistributionItem: 0x7fd89dba01d0 'com.apple.dt.runtime.swiftCoreFoundation' '<DVTFilePath:0x7fd89b972010:'/Users/amri/Library/Developer/Xcode/Archives/2017-10-18/MasterpassQR Demo 18-10-17, 9.40 PM.xcarchive/Products/Applications/MasterpassQR Demo.app/Frameworks/libswiftCoreFoundation.dylib'>'>
2017-10-18 13:56:14 +0000  Skipping profile for item: <IDEDistributionItem: 0x7fd89dcd2110 'com.apple.dt.runtime.swiftCoreGraphics' '<DVTFilePath:0x7fd89b9ab840:'/Users/amri/Library/Developer/Xcode/Archives/2017-10-18/MasterpassQR Demo 18-10-17, 9.40 PM.xcarchive/Products/Applications/MasterpassQR Demo.app/Frameworks/libswiftCoreGraphics.dylib'>'>
2017-10-18 13:56:14 +0000  Skipping profile for item: <IDEDistributionItem: 0x7fd89dcd8850 'com.apple.dt.runtime.swiftCoreImage' '<DVTFilePath:0x7fd89cc9f310:'/Users/amri/Library/Developer/Xcode/Archives/2017-10-18/MasterpassQR Demo 18-10-17, 9.40 PM.xcarchive/Products/Applications/MasterpassQR Demo.app/Frameworks/libswiftCoreImage.dylib'>'>
2017-10-18 13:56:14 +0000  Skipping profile for item: <IDEDistributionItem: 0x7fd89cae14c0 'com.apple.dt.runtime.swiftCoreLocation' '<DVTFilePath:0x7fd89cc4d990:'/Users/amri/Library/Developer/Xcode/Archives/2017-10-18/MasterpassQR Demo 18-10-17, 9.40 PM.xcarchive/Products/Applications/MasterpassQR Demo.app/Frameworks/libswiftCoreLocation.dylib'>'>
2017-10-18 13:56:14 +0000  Skipping profile for item: <IDEDistributionItem: 0x7fd89dba3310 'com.apple.dt.runtime.swiftCoreMedia' '<DVTFilePath:0x7fd89c0b0ba0:'/Users/amri/Library/Developer/Xcode/Archives/2017-10-18/MasterpassQR Demo 18-10-17, 9.40 PM.xcarchive/Products/Applications/MasterpassQR Demo.app/Frameworks/libswiftCoreMedia.dylib'>'>
2017-10-18 13:56:14 +0000  Skipping profile for item: <IDEDistributionItem: 0x7fd89dcd9e60 'com.apple.dt.runtime.swiftDarwin' '<DVTFilePath:0x7fd89cc543f0:'/Users/amri/Library/Developer/Xcode/Archives/2017-10-18/MasterpassQR Demo 18-10-17, 9.40 PM.xcarchive/Products/Applications/MasterpassQR Demo.app/Frameworks/libswiftDarwin.dylib'>'>
2017-10-18 13:56:14 +0000  Skipping profile for item: <IDEDistributionItem: 0x7fd89dcdbd70 'com.apple.dt.runtime.swiftDispatch' '<DVTFilePath:0x7fd89d5cc060:'/Users/amri/Library/Developer/Xcode/Archives/2017-10-18/MasterpassQR Demo 18-10-17, 9.40 PM.xcarchive/Products/Applications/MasterpassQR Demo.app/Frameworks/libswiftDispatch.dylib'>'>
2017-10-18 13:56:14 +0000  Skipping profile for item: <IDEDistributionItem: 0x7fd89d18d820 'com.apple.dt.runtime.swiftFoundation' '<DVTFilePath:0x7fd89dcb8bd0:'/Users/amri/Library/Developer/Xcode/Archives/2017-10-18/MasterpassQR Demo 18-10-17, 9.40 PM.xcarchive/Products/Applications/MasterpassQR Demo.app/Frameworks/libswiftFoundation.dylib'>'>
2017-10-18 13:56:14 +0000  Skipping profile for item: <IDEDistributionItem: 0x7fd89dccbd60 'com.apple.dt.runtime.swiftMetal' '<DVTFilePath:0x7fd89d5cf6c0:'/Users/amri/Library/Developer/Xcode/Archives/2017-10-18/MasterpassQR Demo 18-10-17, 9.40 PM.xcarchive/Products/Applications/MasterpassQR Demo.app/Frameworks/libswiftMetal.dylib'>'>
2017-10-18 13:56:14 +0000  Skipping profile for item: <IDEDistributionItem: 0x7fd89d1ecd50 'com.apple.dt.runtime.swiftObjectiveC' '<DVTFilePath:0x7fd89d5d4120:'/Users/amri/Library/Developer/Xcode/Archives/2017-10-18/MasterpassQR Demo 18-10-17, 9.40 PM.xcarchive/Products/Applications/MasterpassQR Demo.app/Frameworks/libswiftObjectiveC.dylib'>'>
2017-10-18 13:56:14 +0000  Skipping profile for item: <IDEDistributionItem: 0x7fd89d7b4f00 'com.apple.dt.runtime.swiftPhotos' '<DVTFilePath:0x7fd89dc9b230:'/Users/amri/Library/Developer/Xcode/Archives/2017-10-18/MasterpassQR Demo 18-10-17, 9.40 PM.xcarchive/Products/Applications/MasterpassQR Demo.app/Frameworks/libswiftPhotos.dylib'>'>
2017-10-18 13:56:14 +0000  Skipping profile for item: <IDEDistributionItem: 0x7fd89dccfe00 'com.apple.dt.runtime.swiftQuartzCore' '<DVTFilePath:0x7fd89dca5c80:'/Users/amri/Library/Developer/Xcode/Archives/2017-10-18/MasterpassQR Demo 18-10-17, 9.40 PM.xcarchive/Products/Applications/MasterpassQR Demo.app/Frameworks/libswiftQuartzCore.dylib'>'>
2017-10-18 13:56:14 +0000  Skipping profile for item: <IDEDistributionItem: 0x7fd89d452d20 'com.apple.dt.runtime.swiftUIKit' '<DVTFilePath:0x7fd89dcb99f0:'/Users/amri/Library/Developer/Xcode/Archives/2017-10-18/MasterpassQR Demo 18-10-17, 9.40 PM.xcarchive/Products/Applications/MasterpassQR Demo.app/Frameworks/libswiftUIKit.dylib'>'>
2017-10-18 13:56:14 +0000  Skipping profile for item: <IDEDistributionItem: 0x7fd89dc9e450 'com.apple.dt.runtime.swiftos' '<DVTFilePath:0x7fd89bf29d50:'/Users/amri/Library/Developer/Xcode/Archives/2017-10-18/MasterpassQR Demo 18-10-17, 9.40 PM.xcarchive/Products/Applications/MasterpassQR Demo.app/Frameworks/libswiftos.dylib'>'>
2017-10-18 13:56:14 +0000  Skipping profile for item: <IDEDistributionItem: 0x7fd89dcce6c0 'com.apple.dt.runtime.swiftsimd' '<DVTFilePath:0x7fd89dcb3670:'/Users/amri/Library/Developer/Xcode/Archives/2017-10-18/MasterpassQR Demo 18-10-17, 9.40 PM.xcarchive/Products/Applications/MasterpassQR Demo.app/Frameworks/libswiftsimd.dylib'>'>
2017-10-18 13:56:14 +0000  Processing step: IDEDistributionAppThinningPlistStep
2017-10-18 13:56:14 +0000  Skipping step: IDEDistributionAppThinningPlistStep because it said so
2017-10-18 13:56:14 +0000  Processing step: IDEDistributionCompileBitcodeStep
2017-10-18 13:56:14 +0000  Skipping step: IDEDistributionCompileBitcodeStep because it said so
2017-10-18 13:56:14 +0000  Processing step: IDEDistributionCodeSlimmingStep
2017-10-18 13:56:14 +0000  Processing step: IDEDistributionCopyBCSymbolMapsStep
2017-10-18 13:56:14 +0000  Skipping step: IDEDistributionCopyBCSymbolMapsStep because it said so
2017-10-18 13:56:14 +0000  Skipping step: IDEDistributionCopyBCSymbolMapsStep because it said so
2017-10-18 13:56:14 +0000  Skipping step: IDEDistributionCopyBCSymbolMapsStep because it said so
2017-10-18 13:56:14 +0000  Skipping step: IDEDistributionCopyBCSymbolMapsStep because it said so
2017-10-18 13:56:14 +0000  Skipping step: IDEDistributionCopyBCSymbolMapsStep because it said so
2017-10-18 13:56:14 +0000  Skipping step: IDEDistributionCopyBCSymbolMapsStep because it said so
2017-10-18 13:56:14 +0000  Skipping step: IDEDistributionCopyBCSymbolMapsStep because it said so
2017-10-18 13:56:14 +0000  Skipping step: IDEDistributionCopyBCSymbolMapsStep because it said so
2017-10-18 13:56:14 +0000  Skipping step: IDEDistributionCopyBCSymbolMapsStep because it said so
2017-10-18 13:56:14 +0000  Skipping step: IDEDistributionCopyBCSymbolMapsStep because it said so
2017-10-18 13:56:14 +0000  Skipping step: IDEDistributionCopyBCSymbolMapsStep because it said so
2017-10-18 13:56:14 +0000  Skipping step: IDEDistributionCopyBCSymbolMapsStep because it said so
2017-10-18 13:56:14 +0000  Skipping step: IDEDistributionCopyBCSymbolMapsStep because it said so
2017-10-18 13:56:14 +0000  Skipping step: IDEDistributionCopyBCSymbolMapsStep because it said so
2017-10-18 13:56:14 +0000  Skipping step: IDEDistributionCopyBCSymbolMapsStep because it said so
2017-10-18 13:56:14 +0000  Skipping step: IDEDistributionCopyBCSymbolMapsStep because it said so
2017-10-18 13:56:14 +0000  Skipping step: IDEDistributionCopyBCSymbolMapsStep because it said so
2017-10-18 13:56:14 +0000  Skipping step: IDEDistributionCopyBCSymbolMapsStep because it said so
2017-10-18 13:56:14 +0000  Skipping step: IDEDistributionCopyBCSymbolMapsStep because it said so
2017-10-18 13:56:14 +0000  Skipping step: IDEDistributionCopyBCSymbolMapsStep because it said so
2017-10-18 13:56:14 +0000  Skipping step: IDEDistributionCopyBCSymbolMapsStep because it said so
2017-10-18 13:56:14 +0000  Skipping step: IDEDistributionCopyBCSymbolMapsStep because it said so
2017-10-18 13:56:14 +0000  Processing step: IDEDistributionSymbolsStep
2017-10-18 13:56:14 +0000  Skipping step: IDEDistributionSymbolsStep because it said so
2017-10-18 13:56:14 +0000  Skipping step: IDEDistributionSymbolsStep because it said so
2017-10-18 13:56:14 +0000  Skipping step: IDEDistributionSymbolsStep because it said so
2017-10-18 13:56:14 +0000  Skipping step: IDEDistributionSymbolsStep because it said so
2017-10-18 13:56:14 +0000  Skipping step: IDEDistributionSymbolsStep because it said so
2017-10-18 13:56:14 +0000  Skipping step: IDEDistributionSymbolsStep because it said so
2017-10-18 13:56:14 +0000  Skipping step: IDEDistributionSymbolsStep because it said so
2017-10-18 13:56:14 +0000  Skipping step: IDEDistributionSymbolsStep because it said so
2017-10-18 13:56:14 +0000  Skipping step: IDEDistributionSymbolsStep because it said so
2017-10-18 13:56:14 +0000  Skipping step: IDEDistributionSymbolsStep because it said so
2017-10-18 13:56:14 +0000  Skipping step: IDEDistributionSymbolsStep because it said so
2017-10-18 13:56:14 +0000  Skipping step: IDEDistributionSymbolsStep because it said so
2017-10-18 13:56:14 +0000  Skipping step: IDEDistributionSymbolsStep because it said so
2017-10-18 13:56:14 +0000  Skipping step: IDEDistributionSymbolsStep because it said so
2017-10-18 13:56:14 +0000  Skipping step: IDEDistributionSymbolsStep because it said so
2017-10-18 13:56:14 +0000  Skipping step: IDEDistributionSymbolsStep because it said so
2017-10-18 13:56:14 +0000  Skipping step: IDEDistributionSymbolsStep because it said so
2017-10-18 13:56:14 +0000  Skipping step: IDEDistributionSymbolsStep because it said so
2017-10-18 13:56:14 +0000  Skipping step: IDEDistributionSymbolsStep because it said so
2017-10-18 13:56:14 +0000  Skipping step: IDEDistributionSymbolsStep because it said so
2017-10-18 13:56:14 +0000  Skipping step: IDEDistributionSymbolsStep because it said so
2017-10-18 13:56:14 +0000  Skipping step: IDEDistributionSymbolsStep because it said so
2017-10-18 13:56:14 +0000  Processing step: IDEDistributionAppThinningStep
2017-10-18 13:56:14 +0000  Skipping step: IDEDistributionAppThinningStep because it said so
2017-10-18 13:56:14 +0000  Processing step: IDEDistributionODRStep
2017-10-18 13:56:14 +0000  Processing step: IDEDistributionStripXattrsStep
2017-10-18 13:56:14 +0000  Skipping stripping extended attributes of item: <IDEDistributionItem: 0x7fd89dcddeb0 'com.mastercard.ios.MasterpassQRCoreSDK' '<DVTFilePath:0x7fd8962a7cc0:'/Users/amri/Library/Developer/Xcode/Archives/2017-10-18/MasterpassQR Demo 18-10-17, 9.40 PM.xcarchive/Products/Applications/MasterpassQR Demo.app/Frameworks/MasterpassQRCoreSDK.framework'>'>
2017-10-18 13:56:14 +0000  Skipping stripping extended attributes of item: <IDEDistributionItem: 0x7fd89d1c8590 'com.mastercard.ios.MasterpassQRScanSDK' '<DVTFilePath:0x7fd89da043c0:'/Users/amri/Library/Developer/Xcode/Archives/2017-10-18/MasterpassQR Demo 18-10-17, 9.40 PM.xcarchive/Products/Applications/MasterpassQR Demo.app/Frameworks/MasterpassQRScanSDK.framework'>'>
2017-10-18 13:56:14 +0000  Skipping stripping extended attributes of item: <IDEDistributionItem: 0x7fd89d763b70 'com.apple.dt.runtime.swiftAVFoundation' '<DVTFilePath:0x7fd8a2f89610:'/Users/amri/Library/Developer/Xcode/Archives/2017-10-18/MasterpassQR Demo 18-10-17, 9.40 PM.xcarchive/Products/Applications/MasterpassQR Demo.app/Frameworks/libswiftAVFoundation.dylib'>'>
2017-10-18 13:56:14 +0000  Skipping stripping extended attributes of item: <IDEDistributionItem: 0x7fd89cc20bd0 'com.apple.dt.runtime.swiftCore' '<DVTFilePath:0x7fd89cf68700:'/Users/amri/Library/Developer/Xcode/Archives/2017-10-18/MasterpassQR Demo 18-10-17, 9.40 PM.xcarchive/Products/Applications/MasterpassQR Demo.app/Frameworks/libswiftCore.dylib'>'>
2017-10-18 13:56:14 +0000  Skipping stripping extended attributes of item: <IDEDistributionItem: 0x7fd89d2d5f00 'com.apple.dt.runtime.swiftCoreAudio' '<DVTFilePath:0x7fd89ccecf20:'/Users/amri/Library/Developer/Xcode/Archives/2017-10-18/MasterpassQR Demo 18-10-17, 9.40 PM.xcarchive/Products/Applications/MasterpassQR Demo.app/Frameworks/libswiftCoreAudio.dylib'>'>
2017-10-18 13:56:14 +0000  Skipping stripping extended attributes of item: <IDEDistributionItem: 0x7fd89dbab8b0 'com.apple.dt.runtime.swiftCoreData' '<DVTFilePath:0x7fd89c056990:'/Users/amri/Library/Developer/Xcode/Archives/2017-10-18/MasterpassQR Demo 18-10-17, 9.40 PM.xcarchive/Products/Applications/MasterpassQR Demo.app/Frameworks/libswiftCoreData.dylib'>'>
2017-10-18 13:56:14 +0000  Skipping stripping extended attributes of item: <IDEDistributionItem: 0x7fd89dba01d0 'com.apple.dt.runtime.swiftCoreFoundation' '<DVTFilePath:0x7fd89b972010:'/Users/amri/Library/Developer/Xcode/Archives/2017-10-18/MasterpassQR Demo 18-10-17, 9.40 PM.xcarchive/Products/Applications/MasterpassQR Demo.app/Frameworks/libswiftCoreFoundation.dylib'>'>
2017-10-18 13:56:14 +0000  Skipping stripping extended attributes of item: <IDEDistributionItem: 0x7fd89dcd2110 'com.apple.dt.runtime.swiftCoreGraphics' '<DVTFilePath:0x7fd89b9ab840:'/Users/amri/Library/Developer/Xcode/Archives/2017-10-18/MasterpassQR Demo 18-10-17, 9.40 PM.xcarchive/Products/Applications/MasterpassQR Demo.app/Frameworks/libswiftCoreGraphics.dylib'>'>
2017-10-18 13:56:14 +0000  Skipping stripping extended attributes of item: <IDEDistributionItem: 0x7fd89dcd8850 'com.apple.dt.runtime.swiftCoreImage' '<DVTFilePath:0x7fd89cc9f310:'/Users/amri/Library/Developer/Xcode/Archives/2017-10-18/MasterpassQR Demo 18-10-17, 9.40 PM.xcarchive/Products/Applications/MasterpassQR Demo.app/Frameworks/libswiftCoreImage.dylib'>'>
2017-10-18 13:56:14 +0000  Skipping stripping extended attributes of item: <IDEDistributionItem: 0x7fd89cae14c0 'com.apple.dt.runtime.swiftCoreLocation' '<DVTFilePath:0x7fd89cc4d990:'/Users/amri/Library/Developer/Xcode/Archives/2017-10-18/MasterpassQR Demo 18-10-17, 9.40 PM.xcarchive/Products/Applications/MasterpassQR Demo.app/Frameworks/libswiftCoreLocation.dylib'>'>
2017-10-18 13:56:14 +0000  Skipping stripping extended attributes of item: <IDEDistributionItem: 0x7fd89dba3310 'com.apple.dt.runtime.swiftCoreMedia' '<DVTFilePath:0x7fd89c0b0ba0:'/Users/amri/Library/Developer/Xcode/Archives/2017-10-18/MasterpassQR Demo 18-10-17, 9.40 PM.xcarchive/Products/Applications/MasterpassQR Demo.app/Frameworks/libswiftCoreMedia.dylib'>'>
2017-10-18 13:56:14 +0000  Skipping stripping extended attributes of item: <IDEDistributionItem: 0x7fd89dcd9e60 'com.apple.dt.runtime.swiftDarwin' '<DVTFilePath:0x7fd89cc543f0:'/Users/amri/Library/Developer/Xcode/Archives/2017-10-18/MasterpassQR Demo 18-10-17, 9.40 PM.xcarchive/Products/Applications/MasterpassQR Demo.app/Frameworks/libswiftDarwin.dylib'>'>
2017-10-18 13:56:14 +0000  Skipping stripping extended attributes of item: <IDEDistributionItem: 0x7fd89dcdbd70 'com.apple.dt.runtime.swiftDispatch' '<DVTFilePath:0x7fd89d5cc060:'/Users/amri/Library/Developer/Xcode/Archives/2017-10-18/MasterpassQR Demo 18-10-17, 9.40 PM.xcarchive/Products/Applications/MasterpassQR Demo.app/Frameworks/libswiftDispatch.dylib'>'>
2017-10-18 13:56:14 +0000  Skipping stripping extended attributes of item: <IDEDistributionItem: 0x7fd89d18d820 'com.apple.dt.runtime.swiftFoundation' '<DVTFilePath:0x7fd89dcb8bd0:'/Users/amri/Library/Developer/Xcode/Archives/2017-10-18/MasterpassQR Demo 18-10-17, 9.40 PM.xcarchive/Products/Applications/MasterpassQR Demo.app/Frameworks/libswiftFoundation.dylib'>'>
2017-10-18 13:56:14 +0000  Skipping stripping extended attributes of item: <IDEDistributionItem: 0x7fd89dccbd60 'com.apple.dt.runtime.swiftMetal' '<DVTFilePath:0x7fd89d5cf6c0:'/Users/amri/Library/Developer/Xcode/Archives/2017-10-18/MasterpassQR Demo 18-10-17, 9.40 PM.xcarchive/Products/Applications/MasterpassQR Demo.app/Frameworks/libswiftMetal.dylib'>'>
2017-10-18 13:56:14 +0000  Skipping stripping extended attributes of item: <IDEDistributionItem: 0x7fd89d1ecd50 'com.apple.dt.runtime.swiftObjectiveC' '<DVTFilePath:0x7fd89d5d4120:'/Users/amri/Library/Developer/Xcode/Archives/2017-10-18/MasterpassQR Demo 18-10-17, 9.40 PM.xcarchive/Products/Applications/MasterpassQR Demo.app/Frameworks/libswiftObjectiveC.dylib'>'>
2017-10-18 13:56:14 +0000  Skipping stripping extended attributes of item: <IDEDistributionItem: 0x7fd89d7b4f00 'com.apple.dt.runtime.swiftPhotos' '<DVTFilePath:0x7fd89dc9b230:'/Users/amri/Library/Developer/Xcode/Archives/2017-10-18/MasterpassQR Demo 18-10-17, 9.40 PM.xcarchive/Products/Applications/MasterpassQR Demo.app/Frameworks/libswiftPhotos.dylib'>'>
2017-10-18 13:56:14 +0000  Skipping stripping extended attributes of item: <IDEDistributionItem: 0x7fd89dccfe00 'com.apple.dt.runtime.swiftQuartzCore' '<DVTFilePath:0x7fd89dca5c80:'/Users/amri/Library/Developer/Xcode/Archives/2017-10-18/MasterpassQR Demo 18-10-17, 9.40 PM.xcarchive/Products/Applications/MasterpassQR Demo.app/Frameworks/libswiftQuartzCore.dylib'>'>
2017-10-18 13:56:14 +0000  Skipping stripping extended attributes of item: <IDEDistributionItem: 0x7fd89d452d20 'com.apple.dt.runtime.swiftUIKit' '<DVTFilePath:0x7fd89dcb99f0:'/Users/amri/Library/Developer/Xcode/Archives/2017-10-18/MasterpassQR Demo 18-10-17, 9.40 PM.xcarchive/Products/Applications/MasterpassQR Demo.app/Frameworks/libswiftUIKit.dylib'>'>
2017-10-18 13:56:14 +0000  Skipping stripping extended attributes of item: <IDEDistributionItem: 0x7fd89dc9e450 'com.apple.dt.runtime.swiftos' '<DVTFilePath:0x7fd89bf29d50:'/Users/amri/Library/Developer/Xcode/Archives/2017-10-18/MasterpassQR Demo 18-10-17, 9.40 PM.xcarchive/Products/Applications/MasterpassQR Demo.app/Frameworks/libswiftos.dylib'>'>
2017-10-18 13:56:14 +0000  Skipping stripping extended attributes of item: <IDEDistributionItem: 0x7fd89dcce6c0 'com.apple.dt.runtime.swiftsimd' '<DVTFilePath:0x7fd89dcb3670:'/Users/amri/Library/Developer/Xcode/Archives/2017-10-18/MasterpassQR Demo 18-10-17, 9.40 PM.xcarchive/Products/Applications/MasterpassQR Demo.app/Frameworks/libswiftsimd.dylib'>'>
2017-10-18 13:56:14 +0000  Running /usr/bin/xattr '-cr' '/var/folders/9k/16d2bz8x33g22q2dn3nc7nyr0000gn/T/XcodeDistPipeline.ssb/Root/Payload/MasterpassQR Demo.app'
2017-10-18 13:56:14 +0000  /usr/bin/xattr exited with 0
2017-10-18 13:56:14 +0000  Processing step: IDEDistributionCodesignStep
2017-10-18 13:56:14 +0000  Applying entitlements delta for <IDEDistributionItem: 0x7fd89dcddeb0 'com.mastercard.ios.MasterpassQRCoreSDK' '<DVTFilePath:0x7fd8962a7cc0:'/Users/amri/Library/Developer/Xcode/Archives/2017-10-18/MasterpassQR Demo 18-10-17, 9.40 PM.xcarchive/Products/Applications/MasterpassQR Demo.app/Frameworks/MasterpassQRCoreSDK.framework'>'> from <IDEiCloudEntitlementsProcessor: 0x7fd89d5ce230>: {
}
2017-10-18 13:56:14 +0000  Entitlements for <IDEDistributionItem: 0x7fd89dcddeb0 'com.mastercard.ios.MasterpassQRCoreSDK' '<DVTFilePath:0x7fd8962a7cc0:'/Users/amri/Library/Developer/Xcode/Archives/2017-10-18/MasterpassQR Demo 18-10-17, 9.40 PM.xcarchive/Products/Applications/MasterpassQR Demo.app/Frameworks/MasterpassQRCoreSDK.framework'>'>: {
}
2017-10-18 13:56:14 +0000  Writing entitlements for <IDEDistributionItem: 0x7fd89dcddeb0 'com.mastercard.ios.MasterpassQRCoreSDK' '<DVTFilePath:0x7fd8962a7cc0:'/Users/amri/Library/Developer/Xcode/Archives/2017-10-18/MasterpassQR Demo 18-10-17, 9.40 PM.xcarchive/Products/Applications/MasterpassQR Demo.app/Frameworks/MasterpassQRCoreSDK.framework'>'> to: /var/folders/9k/16d2bz8x33g22q2dn3nc7nyr0000gn/T/XcodeDistPipeline.ssb/entitlementsiGua4X
2017-10-18 13:56:14 +0000  Running /usr/bin/codesign '-vvv' '--force' '--sign' 'CB9884B82F3F83493389714E86E4CF3B13C269C9' '--preserve-metadata=identifier,flags' '--entitlements' '/var/folders/9k/16d2bz8x33g22q2dn3nc7nyr0000gn/T/XcodeDistPipeline.ssb/entitlementsiGua4X' '/var/folders/9k/16d2bz8x33g22q2dn3nc7nyr0000gn/T/XcodeDistPipeline.ssb/Root/Payload/MasterpassQR Demo.app/Frameworks/MasterpassQRCoreSDK.framework'
2017-10-18 13:56:14 +0000  /var/folders/9k/16d2bz8x33g22q2dn3nc7nyr0000gn/T/XcodeDistPipeline.ssb/Root/Payload/MasterpassQR Demo.app/Frameworks/MasterpassQRCoreSDK.framework: replacing existing signature
2017-10-18 13:56:14 +0000  /var/folders/9k/16d2bz8x33g22q2dn3nc7nyr0000gn/T/XcodeDistPipeline.ssb/Root/Payload/MasterpassQR Demo.app/Frameworks/MasterpassQRCoreSDK.framework: signed bundle with Mach-O universal (armv7 arm64) [com.mastercard.ios.MasterpassQRCoreSDK]
2017-10-18 13:56:14 +0000  /usr/bin/codesign exited with 0
2017-10-18 13:56:14 +0000  Applying entitlements delta for <IDEDistributionItem: 0x7fd89d1c8590 'com.mastercard.ios.MasterpassQRScanSDK' '<DVTFilePath:0x7fd89da043c0:'/Users/amri/Library/Developer/Xcode/Archives/2017-10-18/MasterpassQR Demo 18-10-17, 9.40 PM.xcarchive/Products/Applications/MasterpassQR Demo.app/Frameworks/MasterpassQRScanSDK.framework'>'> from <IDEiCloudEntitlementsProcessor: 0x7fd89d38fea0>: {
}
2017-10-18 13:56:14 +0000  Entitlements for <IDEDistributionItem: 0x7fd89d1c8590 'com.mastercard.ios.MasterpassQRScanSDK' '<DVTFilePath:0x7fd89da043c0:'/Users/amri/Library/Developer/Xcode/Archives/2017-10-18/MasterpassQR Demo 18-10-17, 9.40 PM.xcarchive/Products/Applications/MasterpassQR Demo.app/Frameworks/MasterpassQRScanSDK.framework'>'>: {
}
2017-10-18 13:56:14 +0000  Writing entitlements for <IDEDistributionItem: 0x7fd89d1c8590 'com.mastercard.ios.MasterpassQRScanSDK' '<DVTFilePath:0x7fd89da043c0:'/Users/amri/Library/Developer/Xcode/Archives/2017-10-18/MasterpassQR Demo 18-10-17, 9.40 PM.xcarchive/Products/Applications/MasterpassQR Demo.app/Frameworks/MasterpassQRScanSDK.framework'>'> to: /var/folders/9k/16d2bz8x33g22q2dn3nc7nyr0000gn/T/XcodeDistPipeline.ssb/entitlements65GBp8
2017-10-18 13:56:14 +0000  Running /usr/bin/codesign '-vvv' '--force' '--sign' 'CB9884B82F3F83493389714E86E4CF3B13C269C9' '--preserve-metadata=identifier,flags' '--entitlements' '/var/folders/9k/16d2bz8x33g22q2dn3nc7nyr0000gn/T/XcodeDistPipeline.ssb/entitlements65GBp8' '/var/folders/9k/16d2bz8x33g22q2dn3nc7nyr0000gn/T/XcodeDistPipeline.ssb/Root/Payload/MasterpassQR Demo.app/Frameworks/MasterpassQRScanSDK.framework'
2017-10-18 13:56:15 +0000  /var/folders/9k/16d2bz8x33g22q2dn3nc7nyr0000gn/T/XcodeDistPipeline.ssb/Root/Payload/MasterpassQR Demo.app/Frameworks/MasterpassQRScanSDK.framework: replacing existing signature
2017-10-18 13:56:15 +0000  /var/folders/9k/16d2bz8x33g22q2dn3nc7nyr0000gn/T/XcodeDistPipeline.ssb/Root/Payload/MasterpassQR Demo.app/Frameworks/MasterpassQRScanSDK.framework: signed bundle with Mach-O universal (armv7 arm64) [com.mastercard.ios.MasterpassQRScanSDK]
2017-10-18 13:56:15 +0000  /usr/bin/codesign exited with 0
2017-10-18 13:56:15 +0000  Applying entitlements delta for <IDEDistributionItem: 0x7fd89d763b70 'com.apple.dt.runtime.swiftAVFoundation' '<DVTFilePath:0x7fd8a2f89610:'/Users/amri/Library/Developer/Xcode/Archives/2017-10-18/MasterpassQR Demo 18-10-17, 9.40 PM.xcarchive/Products/Applications/MasterpassQR Demo.app/Frameworks/libswiftAVFoundation.dylib'>'> from <IDEiCloudEntitlementsProcessor: 0x7fd89cbe0d90>: {
}
2017-10-18 13:56:15 +0000  Entitlements for <IDEDistributionItem: 0x7fd89d763b70 'com.apple.dt.runtime.swiftAVFoundation' '<DVTFilePath:0x7fd8a2f89610:'/Users/amri/Library/Developer/Xcode/Archives/2017-10-18/MasterpassQR Demo 18-10-17, 9.40 PM.xcarchive/Products/Applications/MasterpassQR Demo.app/Frameworks/libswiftAVFoundation.dylib'>'>: {
}
2017-10-18 13:56:15 +0000  Writing entitlements for <IDEDistributionItem: 0x7fd89d763b70 'com.apple.dt.runtime.swiftAVFoundation' '<DVTFilePath:0x7fd8a2f89610:'/Users/amri/Library/Developer/Xcode/Archives/2017-10-18/MasterpassQR Demo 18-10-17, 9.40 PM.xcarchive/Products/Applications/MasterpassQR Demo.app/Frameworks/libswiftAVFoundation.dylib'>'> to: /var/folders/9k/16d2bz8x33g22q2dn3nc7nyr0000gn/T/XcodeDistPipeline.ssb/entitlementsbLweWR
2017-10-18 13:56:15 +0000  Running /usr/bin/codesign '-vvv' '--force' '--sign' 'CB9884B82F3F83493389714E86E4CF3B13C269C9' '--preserve-metadata=identifier,flags' '--entitlements' '/var/folders/9k/16d2bz8x33g22q2dn3nc7nyr0000gn/T/XcodeDistPipeline.ssb/entitlementsbLweWR' '/var/folders/9k/16d2bz8x33g22q2dn3nc7nyr0000gn/T/XcodeDistPipeline.ssb/Root/Payload/MasterpassQR Demo.app/Frameworks/libswiftAVFoundation.dylib'
2017-10-18 13:56:15 +0000  /var/folders/9k/16d2bz8x33g22q2dn3nc7nyr0000gn/T/XcodeDistPipeline.ssb/Root/Payload/MasterpassQR Demo.app/Frameworks/libswiftAVFoundation.dylib: replacing existing signature
2017-10-18 13:56:15 +0000  /var/folders/9k/16d2bz8x33g22q2dn3nc7nyr0000gn/T/XcodeDistPipeline.ssb/Root/Payload/MasterpassQR Demo.app/Frameworks/libswiftAVFoundation.dylib: signed Mach-O universal (armv7 armv7s arm64) [com.apple.dt.runtime.swiftAVFoundation]
2017-10-18 13:56:15 +0000  /usr/bin/codesign exited with 0
2017-10-18 13:56:15 +0000  Applying entitlements delta for <IDEDistributionItem: 0x7fd89cc20bd0 'com.apple.dt.runtime.swiftCore' '<DVTFilePath:0x7fd89cf68700:'/Users/amri/Library/Developer/Xcode/Archives/2017-10-18/MasterpassQR Demo 18-10-17, 9.40 PM.xcarchive/Products/Applications/MasterpassQR Demo.app/Frameworks/libswiftCore.dylib'>'> from <IDEiCloudEntitlementsProcessor: 0x7fd89dcd10b0>: {
}
2017-10-18 13:56:15 +0000  Entitlements for <IDEDistributionItem: 0x7fd89cc20bd0 'com.apple.dt.runtime.swiftCore' '<DVTFilePath:0x7fd89cf68700:'/Users/amri/Library/Developer/Xcode/Archives/2017-10-18/MasterpassQR Demo 18-10-17, 9.40 PM.xcarchive/Products/Applications/MasterpassQR Demo.app/Frameworks/libswiftCore.dylib'>'>: {
}
2017-10-18 13:56:15 +0000  Writing entitlements for <IDEDistributionItem: 0x7fd89cc20bd0 'com.apple.dt.runtime.swiftCore' '<DVTFilePath:0x7fd89cf68700:'/Users/amri/Library/Developer/Xcode/Archives/2017-10-18/MasterpassQR Demo 18-10-17, 9.40 PM.xcarchive/Products/Applications/MasterpassQR Demo.app/Frameworks/libswiftCore.dylib'>'> to: /var/folders/9k/16d2bz8x33g22q2dn3nc7nyr0000gn/T/XcodeDistPipeline.ssb/entitlementsrdUgj0
2017-10-18 13:56:15 +0000  Running /usr/bin/codesign '-vvv' '--force' '--sign' 'CB9884B82F3F83493389714E86E4CF3B13C269C9' '--preserve-metadata=identifier,flags' '--entitlements' '/var/folders/9k/16d2bz8x33g22q2dn3nc7nyr0000gn/T/XcodeDistPipeline.ssb/entitlementsrdUgj0' '/var/folders/9k/16d2bz8x33g22q2dn3nc7nyr0000gn/T/XcodeDistPipeline.ssb/Root/Payload/MasterpassQR Demo.app/Frameworks/libswiftCore.dylib'
2017-10-18 13:56:15 +0000  /var/folders/9k/16d2bz8x33g22q2dn3nc7nyr0000gn/T/XcodeDistPipeline.ssb/Root/Payload/MasterpassQR Demo.app/Frameworks/libswiftCore.dylib: replacing existing signature
2017-10-18 13:56:15 +0000  /var/folders/9k/16d2bz8x33g22q2dn3nc7nyr0000gn/T/XcodeDistPipeline.ssb/Root/Payload/MasterpassQR Demo.app/Frameworks/libswiftCore.dylib: signed Mach-O universal (armv7 armv7s arm64) [com.apple.dt.runtime.swiftCore]
2017-10-18 13:56:15 +0000  /usr/bin/codesign exited with 0
2017-10-18 13:56:15 +0000  Applying entitlements delta for <IDEDistributionItem: 0x7fd89d2d5f00 'com.apple.dt.runtime.swiftCoreAudio' '<DVTFilePath:0x7fd89ccecf20:'/Users/amri/Library/Developer/Xcode/Archives/2017-10-18/MasterpassQR Demo 18-10-17, 9.40 PM.xcarchive/Products/Applications/MasterpassQR Demo.app/Frameworks/libswiftCoreAudio.dylib'>'> from <IDEiCloudEntitlementsProcessor: 0x7fd89c2e3cb0>: {
}
2017-10-18 13:56:15 +0000  Entitlements for <IDEDistributionItem: 0x7fd89d2d5f00 'com.apple.dt.runtime.swiftCoreAudio' '<DVTFilePath:0x7fd89ccecf20:'/Users/amri/Library/Developer/Xcode/Archives/2017-10-18/MasterpassQR Demo 18-10-17, 9.40 PM.xcarchive/Products/Applications/MasterpassQR Demo.app/Frameworks/libswiftCoreAudio.dylib'>'>: {
}
2017-10-18 13:56:15 +0000  Writing entitlements for <IDEDistributionItem: 0x7fd89d2d5f00 'com.apple.dt.runtime.swiftCoreAudio' '<DVTFilePath:0x7fd89ccecf20:'/Users/amri/Library/Developer/Xcode/Archives/2017-10-18/MasterpassQR Demo 18-10-17, 9.40 PM.xcarchive/Products/Applications/MasterpassQR Demo.app/Frameworks/libswiftCoreAudio.dylib'>'> to: /var/folders/9k/16d2bz8x33g22q2dn3nc7nyr0000gn/T/XcodeDistPipeline.ssb/entitlementskFirY7
2017-10-18 13:56:15 +0000  Running /usr/bin/codesign '-vvv' '--force' '--sign' 'CB9884B82F3F83493389714E86E4CF3B13C269C9' '--preserve-metadata=identifier,flags' '--entitlements' '/var/folders/9k/16d2bz8x33g22q2dn3nc7nyr0000gn/T/XcodeDistPipeline.ssb/entitlementskFirY7' '/var/folders/9k/16d2bz8x33g22q2dn3nc7nyr0000gn/T/XcodeDistPipeline.ssb/Root/Payload/MasterpassQR Demo.app/Frameworks/libswiftCoreAudio.dylib'
2017-10-18 13:56:15 +0000  /var/folders/9k/16d2bz8x33g22q2dn3nc7nyr0000gn/T/XcodeDistPipeline.ssb/Root/Payload/MasterpassQR Demo.app/Frameworks/libswiftCoreAudio.dylib: replacing existing signature
2017-10-18 13:56:15 +0000  /var/folders/9k/16d2bz8x33g22q2dn3nc7nyr0000gn/T/XcodeDistPipeline.ssb/Root/Payload/MasterpassQR Demo.app/Frameworks/libswiftCoreAudio.dylib: signed Mach-O universal (armv7 armv7s arm64) [com.apple.dt.runtime.swiftCoreAudio]
2017-10-18 13:56:15 +0000  /usr/bin/codesign exited with 0
2017-10-18 13:56:15 +0000  Applying entitlements delta for <IDEDistributionItem: 0x7fd89dbab8b0 'com.apple.dt.runtime.swiftCoreData' '<DVTFilePath:0x7fd89c056990:'/Users/amri/Library/Developer/Xcode/Archives/2017-10-18/MasterpassQR Demo 18-10-17, 9.40 PM.xcarchive/Products/Applications/MasterpassQR Demo.app/Frameworks/libswiftCoreData.dylib'>'> from <IDEiCloudEntitlementsProcessor: 0x7fd89d34a1d0>: {
}
2017-10-18 13:56:15 +0000  Entitlements for <IDEDistributionItem: 0x7fd89dbab8b0 'com.apple.dt.runtime.swiftCoreData' '<DVTFilePath:0x7fd89c056990:'/Users/amri/Library/Developer/Xcode/Archives/2017-10-18/MasterpassQR Demo 18-10-17, 9.40 PM.xcarchive/Products/Applications/MasterpassQR Demo.app/Frameworks/libswiftCoreData.dylib'>'>: {
}
2017-10-18 13:56:15 +0000  Writing entitlements for <IDEDistributionItem: 0x7fd89dbab8b0 'com.apple.dt.runtime.swiftCoreData' '<DVTFilePath:0x7fd89c056990:'/Users/amri/Library/Developer/Xcode/Archives/2017-10-18/MasterpassQR Demo 18-10-17, 9.40 PM.xcarchive/Products/Applications/MasterpassQR Demo.app/Frameworks/libswiftCoreData.dylib'>'> to: /var/folders/9k/16d2bz8x33g22q2dn3nc7nyr0000gn/T/XcodeDistPipeline.ssb/entitlementsW2CU1T
2017-10-18 13:56:15 +0000  Running /usr/bin/codesign '-vvv' '--force' '--sign' 'CB9884B82F3F83493389714E86E4CF3B13C269C9' '--preserve-metadata=identifier,flags' '--entitlements' '/var/folders/9k/16d2bz8x33g22q2dn3nc7nyr0000gn/T/XcodeDistPipeline.ssb/entitlementsW2CU1T' '/var/folders/9k/16d2bz8x33g22q2dn3nc7nyr0000gn/T/XcodeDistPipeline.ssb/Root/Payload/MasterpassQR Demo.app/Frameworks/libswiftCoreData.dylib'
2017-10-18 13:56:15 +0000  /var/folders/9k/16d2bz8x33g22q2dn3nc7nyr0000gn/T/XcodeDistPipeline.ssb/Root/Payload/MasterpassQR Demo.app/Frameworks/libswiftCoreData.dylib: replacing existing signature
2017-10-18 13:56:15 +0000  /var/folders/9k/16d2bz8x33g22q2dn3nc7nyr0000gn/T/XcodeDistPipeline.ssb/Root/Payload/MasterpassQR Demo.app/Frameworks/libswiftCoreData.dylib: signed Mach-O universal (armv7 armv7s arm64) [com.apple.dt.runtime.swiftCoreData]
2017-10-18 13:56:15 +0000  /usr/bin/codesign exited with 0
2017-10-18 13:56:15 +0000  Applying entitlements delta for <IDEDistributionItem: 0x7fd89dba01d0 'com.apple.dt.runtime.swiftCoreFoundation' '<DVTFilePath:0x7fd89b972010:'/Users/amri/Library/Developer/Xcode/Archives/2017-10-18/MasterpassQR Demo 18-10-17, 9.40 PM.xcarchive/Products/Applications/MasterpassQR Demo.app/Frameworks/libswiftCoreFoundation.dylib'>'> from <IDEiCloudEntitlementsProcessor: 0x7fd89dcb4810>: {
}
2017-10-18 13:56:15 +0000  Entitlements for <IDEDistributionItem: 0x7fd89dba01d0 'com.apple.dt.runtime.swiftCoreFoundation' '<DVTFilePath:0x7fd89b972010:'/Users/amri/Library/Developer/Xcode/Archives/2017-10-18/MasterpassQR Demo 18-10-17, 9.40 PM.xcarchive/Products/Applications/MasterpassQR Demo.app/Frameworks/libswiftCoreFoundation.dylib'>'>: {
}
2017-10-18 13:56:15 +0000  Writing entitlements for <IDEDistributionItem: 0x7fd89dba01d0 'com.apple.dt.runtime.swiftCoreFoundation' '<DVTFilePath:0x7fd89b972010:'/Users/amri/Library/Developer/Xcode/Archives/2017-10-18/MasterpassQR Demo 18-10-17, 9.40 PM.xcarchive/Products/Applications/MasterpassQR Demo.app/Frameworks/libswiftCoreFoundation.dylib'>'> to: /var/folders/9k/16d2bz8x33g22q2dn3nc7nyr0000gn/T/XcodeDistPipeline.ssb/entitlementsLWVzOp
2017-10-18 13:56:15 +0000  Running /usr/bin/codesign '-vvv' '--force' '--sign' 'CB9884B82F3F83493389714E86E4CF3B13C269C9' '--preserve-metadata=identifier,flags' '--entitlements' '/var/folders/9k/16d2bz8x33g22q2dn3nc7nyr0000gn/T/XcodeDistPipeline.ssb/entitlementsLWVzOp' '/var/folders/9k/16d2bz8x33g22q2dn3nc7nyr0000gn/T/XcodeDistPipeline.ssb/Root/Payload/MasterpassQR Demo.app/Frameworks/libswiftCoreFoundation.dylib'
2017-10-18 13:56:16 +0000  /var/folders/9k/16d2bz8x33g22q2dn3nc7nyr0000gn/T/XcodeDistPipeline.ssb/Root/Payload/MasterpassQR Demo.app/Frameworks/libswiftCoreFoundation.dylib: replacing existing signature
2017-10-18 13:56:16 +0000  /var/folders/9k/16d2bz8x33g22q2dn3nc7nyr0000gn/T/XcodeDistPipeline.ssb/Root/Payload/MasterpassQR Demo.app/Frameworks/libswiftCoreFoundation.dylib: signed Mach-O universal (armv7 armv7s arm64) [com.apple.dt.runtime.swiftCoreFoundation]
2017-10-18 13:56:16 +0000  /usr/bin/codesign exited with 0
2017-10-18 13:56:16 +0000  Applying entitlements delta for <IDEDistributionItem: 0x7fd89dcd2110 'com.apple.dt.runtime.swiftCoreGraphics' '<DVTFilePath:0x7fd89b9ab840:'/Users/amri/Library/Developer/Xcode/Archives/2017-10-18/MasterpassQR Demo 18-10-17, 9.40 PM.xcarchive/Products/Applications/MasterpassQR Demo.app/Frameworks/libswiftCoreGraphics.dylib'>'> from <IDEiCloudEntitlementsProcessor: 0x7fd89d5e2440>: {
}
2017-10-18 13:56:16 +0000  Entitlements for <IDEDistributionItem: 0x7fd89dcd2110 'com.apple.dt.runtime.swiftCoreGraphics' '<DVTFilePath:0x7fd89b9ab840:'/Users/amri/Library/Developer/Xcode/Archives/2017-10-18/MasterpassQR Demo 18-10-17, 9.40 PM.xcarchive/Products/Applications/MasterpassQR Demo.app/Frameworks/libswiftCoreGraphics.dylib'>'>: {
}
2017-10-18 13:56:16 +0000  Writing entitlements for <IDEDistributionItem: 0x7fd89dcd2110 'com.apple.dt.runtime.swiftCoreGraphics' '<DVTFilePath:0x7fd89b9ab840:'/Users/amri/Library/Developer/Xcode/Archives/2017-10-18/MasterpassQR Demo 18-10-17, 9.40 PM.xcarchive/Products/Applications/MasterpassQR Demo.app/Frameworks/libswiftCoreGraphics.dylib'>'> to: /var/folders/9k/16d2bz8x33g22q2dn3nc7nyr0000gn/T/XcodeDistPipeline.ssb/entitlementsaXSI6D
2017-10-18 13:56:16 +0000  Running /usr/bin/codesign '-vvv' '--force' '--sign' 'CB9884B82F3F83493389714E86E4CF3B13C269C9' '--preserve-metadata=identifier,flags' '--entitlements' '/var/folders/9k/16d2bz8x33g22q2dn3nc7nyr0000gn/T/XcodeDistPipeline.ssb/entitlementsaXSI6D' '/var/folders/9k/16d2bz8x33g22q2dn3nc7nyr0000gn/T/XcodeDistPipeline.ssb/Root/Payload/MasterpassQR Demo.app/Frameworks/libswiftCoreGraphics.dylib'
2017-10-18 13:56:16 +0000  /var/folders/9k/16d2bz8x33g22q2dn3nc7nyr0000gn/T/XcodeDistPipeline.ssb/Root/Payload/MasterpassQR Demo.app/Frameworks/libswiftCoreGraphics.dylib: replacing existing signature
2017-10-18 13:56:16 +0000  /var/folders/9k/16d2bz8x33g22q2dn3nc7nyr0000gn/T/XcodeDistPipeline.ssb/Root/Payload/MasterpassQR Demo.app/Frameworks/libswiftCoreGraphics.dylib: signed Mach-O universal (armv7 armv7s arm64) [com.apple.dt.runtime.swiftCoreGraphics]
2017-10-18 13:56:16 +0000  /usr/bin/codesign exited with 0
2017-10-18 13:56:16 +0000  Applying entitlements delta for <IDEDistributionItem: 0x7fd89dcd8850 'com.apple.dt.runtime.swiftCoreImage' '<DVTFilePath:0x7fd89cc9f310:'/Users/amri/Library/Developer/Xcode/Archives/2017-10-18/MasterpassQR Demo 18-10-17, 9.40 PM.xcarchive/Products/Applications/MasterpassQR Demo.app/Frameworks/libswiftCoreImage.dylib'>'> from <IDEiCloudEntitlementsProcessor: 0x7fd896712120>: {
}
2017-10-18 13:56:16 +0000  Entitlements for <IDEDistributionItem: 0x7fd89dcd8850 'com.apple.dt.runtime.swiftCoreImage' '<DVTFilePath:0x7fd89cc9f310:'/Users/amri/Library/Developer/Xcode/Archives/2017-10-18/MasterpassQR Demo 18-10-17, 9.40 PM.xcarchive/Products/Applications/MasterpassQR Demo.app/Frameworks/libswiftCoreImage.dylib'>'>: {
}
2017-10-18 13:56:16 +0000  Writing entitlements for <IDEDistributionItem: 0x7fd89dcd8850 'com.apple.dt.runtime.swiftCoreImage' '<DVTFilePath:0x7fd89cc9f310:'/Users/amri/Library/Developer/Xcode/Archives/2017-10-18/MasterpassQR Demo 18-10-17, 9.40 PM.xcarchive/Products/Applications/MasterpassQR Demo.app/Frameworks/libswiftCoreImage.dylib'>'> to: /var/folders/9k/16d2bz8x33g22q2dn3nc7nyr0000gn/T/XcodeDistPipeline.ssb/entitlementsqdsU6i
2017-10-18 13:56:16 +0000  Running /usr/bin/codesign '-vvv' '--force' '--sign' 'CB9884B82F3F83493389714E86E4CF3B13C269C9' '--preserve-metadata=identifier,flags' '--entitlements' '/var/folders/9k/16d2bz8x33g22q2dn3nc7nyr0000gn/T/XcodeDistPipeline.ssb/entitlementsqdsU6i' '/var/folders/9k/16d2bz8x33g22q2dn3nc7nyr0000gn/T/XcodeDistPipeline.ssb/Root/Payload/MasterpassQR Demo.app/Frameworks/libswiftCoreImage.dylib'
2017-10-18 13:56:16 +0000  /var/folders/9k/16d2bz8x33g22q2dn3nc7nyr0000gn/T/XcodeDistPipeline.ssb/Root/Payload/MasterpassQR Demo.app/Frameworks/libswiftCoreImage.dylib: replacing existing signature
2017-10-18 13:56:16 +0000  /var/folders/9k/16d2bz8x33g22q2dn3nc7nyr0000gn/T/XcodeDistPipeline.ssb/Root/Payload/MasterpassQR Demo.app/Frameworks/libswiftCoreImage.dylib: signed Mach-O universal (armv7 armv7s arm64) [com.apple.dt.runtime.swiftCoreImage]
2017-10-18 13:56:16 +0000  /usr/bin/codesign exited with 0
2017-10-18 13:56:16 +0000  Applying entitlements delta for <IDEDistributionItem: 0x7fd89cae14c0 'com.apple.dt.runtime.swiftCoreLocation' '<DVTFilePath:0x7fd89cc4d990:'/Users/amri/Library/Developer/Xcode/Archives/2017-10-18/MasterpassQR Demo 18-10-17, 9.40 PM.xcarchive/Products/Applications/MasterpassQR Demo.app/Frameworks/libswiftCoreLocation.dylib'>'> from <IDEiCloudEntitlementsProcessor: 0x7fd89dcae2b0>: {
}
2017-10-18 13:56:16 +0000  Entitlements for <IDEDistributionItem: 0x7fd89cae14c0 'com.apple.dt.runtime.swiftCoreLocation' '<DVTFilePath:0x7fd89cc4d990:'/Users/amri/Library/Developer/Xcode/Archives/2017-10-18/MasterpassQR Demo 18-10-17, 9.40 PM.xcarchive/Products/Applications/MasterpassQR Demo.app/Frameworks/libswiftCoreLocation.dylib'>'>: {
}
2017-10-18 13:56:16 +0000  Writing entitlements for <IDEDistributionItem: 0x7fd89cae14c0 'com.apple.dt.runtime.swiftCoreLocation' '<DVTFilePath:0x7fd89cc4d990:'/Users/amri/Library/Developer/Xcode/Archives/2017-10-18/MasterpassQR Demo 18-10-17, 9.40 PM.xcarchive/Products/Applications/MasterpassQR Demo.app/Frameworks/libswiftCoreLocation.dylib'>'> to: /var/folders/9k/16d2bz8x33g22q2dn3nc7nyr0000gn/T/XcodeDistPipeline.ssb/entitlementsRUlYsP
2017-10-18 13:56:16 +0000  Running /usr/bin/codesign '-vvv' '--force' '--sign' 'CB9884B82F3F83493389714E86E4CF3B13C269C9' '--preserve-metadata=identifier,flags' '--entitlements' '/var/folders/9k/16d2bz8x33g22q2dn3nc7nyr0000gn/T/XcodeDistPipeline.ssb/entitlementsRUlYsP' '/var/folders/9k/16d2bz8x33g22q2dn3nc7nyr0000gn/T/XcodeDistPipeline.ssb/Root/Payload/MasterpassQR Demo.app/Frameworks/libswiftCoreLocation.dylib'
2017-10-18 13:56:16 +0000  /var/folders/9k/16d2bz8x33g22q2dn3nc7nyr0000gn/T/XcodeDistPipeline.ssb/Root/Payload/MasterpassQR Demo.app/Frameworks/libswiftCoreLocation.dylib: replacing existing signature
2017-10-18 13:56:16 +0000  /var/folders/9k/16d2bz8x33g22q2dn3nc7nyr0000gn/T/XcodeDistPipeline.ssb/Root/Payload/MasterpassQR Demo.app/Frameworks/libswiftCoreLocation.dylib: signed Mach-O universal (armv7 armv7s arm64) [com.apple.dt.runtime.swiftCoreLocation]
2017-10-18 13:56:16 +0000  /usr/bin/codesign exited with 0
2017-10-18 13:56:16 +0000  Applying entitlements delta for <IDEDistributionItem: 0x7fd89dba3310 'com.apple.dt.runtime.swiftCoreMedia' '<DVTFilePath:0x7fd89c0b0ba0:'/Users/amri/Library/Developer/Xcode/Archives/2017-10-18/MasterpassQR Demo 18-10-17, 9.40 PM.xcarchive/Products/Applications/MasterpassQR Demo.app/Frameworks/libswiftCoreMedia.dylib'>'> from <IDEiCloudEntitlementsProcessor: 0x7fd89dc3d460>: {
}
2017-10-18 13:56:16 +0000  Entitlements for <IDEDistributionItem: 0x7fd89dba3310 'com.apple.dt.runtime.swiftCoreMedia' '<DVTFilePath:0x7fd89c0b0ba0:'/Users/amri/Library/Developer/Xcode/Archives/2017-10-18/MasterpassQR Demo 18-10-17, 9.40 PM.xcarchive/Products/Applications/MasterpassQR Demo.app/Frameworks/libswiftCoreMedia.dylib'>'>: {
}
2017-10-18 13:56:16 +0000  Writing entitlements for <IDEDistributionItem: 0x7fd89dba3310 'com.apple.dt.runtime.swiftCoreMedia' '<DVTFilePath:0x7fd89c0b0ba0:'/Users/amri/Library/Developer/Xcode/Archives/2017-10-18/MasterpassQR Demo 18-10-17, 9.40 PM.xcarchive/Products/Applications/MasterpassQR Demo.app/Frameworks/libswiftCoreMedia.dylib'>'> to: /var/folders/9k/16d2bz8x33g22q2dn3nc7nyr0000gn/T/XcodeDistPipeline.ssb/entitlements9npQbu
2017-10-18 13:56:16 +0000  Running /usr/bin/codesign '-vvv' '--force' '--sign' 'CB9884B82F3F83493389714E86E4CF3B13C269C9' '--preserve-metadata=identifier,flags' '--entitlements' '/var/folders/9k/16d2bz8x33g22q2dn3nc7nyr0000gn/T/XcodeDistPipeline.ssb/entitlements9npQbu' '/var/folders/9k/16d2bz8x33g22q2dn3nc7nyr0000gn/T/XcodeDistPipeline.ssb/Root/Payload/MasterpassQR Demo.app/Frameworks/libswiftCoreMedia.dylib'
2017-10-18 13:56:16 +0000  /var/folders/9k/16d2bz8x33g22q2dn3nc7nyr0000gn/T/XcodeDistPipeline.ssb/Root/Payload/MasterpassQR Demo.app/Frameworks/libswiftCoreMedia.dylib: replacing existing signature
2017-10-18 13:56:16 +0000  /var/folders/9k/16d2bz8x33g22q2dn3nc7nyr0000gn/T/XcodeDistPipeline.ssb/Root/Payload/MasterpassQR Demo.app/Frameworks/libswiftCoreMedia.dylib: signed Mach-O universal (armv7 armv7s arm64) [com.apple.dt.runtime.swiftCoreMedia]
2017-10-18 13:56:16 +0000  /usr/bin/codesign exited with 0
2017-10-18 13:56:16 +0000  Applying entitlements delta for <IDEDistributionItem: 0x7fd89dcd9e60 'com.apple.dt.runtime.swiftDarwin' '<DVTFilePath:0x7fd89cc543f0:'/Users/amri/Library/Developer/Xcode/Archives/2017-10-18/MasterpassQR Demo 18-10-17, 9.40 PM.xcarchive/Products/Applications/MasterpassQR Demo.app/Frameworks/libswiftDarwin.dylib'>'> from <IDEiCloudEntitlementsProcessor: 0x7fd89d32f5e0>: {
}
2017-10-18 13:56:16 +0000  Entitlements for <IDEDistributionItem: 0x7fd89dcd9e60 'com.apple.dt.runtime.swiftDarwin' '<DVTFilePath:0x7fd89cc543f0:'/Users/amri/Library/Developer/Xcode/Archives/2017-10-18/MasterpassQR Demo 18-10-17, 9.40 PM.xcarchive/Products/Applications/MasterpassQR Demo.app/Frameworks/libswiftDarwin.dylib'>'>: {
}
2017-10-18 13:56:16 +0000  Writing entitlements for <IDEDistributionItem: 0x7fd89dcd9e60 'com.apple.dt.runtime.swiftDarwin' '<DVTFilePath:0x7fd89cc543f0:'/Users/amri/Library/Developer/Xcode/Archives/2017-10-18/MasterpassQR Demo 18-10-17, 9.40 PM.xcarchive/Products/Applications/MasterpassQR Demo.app/Frameworks/libswiftDarwin.dylib'>'> to: /var/folders/9k/16d2bz8x33g22q2dn3nc7nyr0000gn/T/XcodeDistPipeline.ssb/entitlements7wghhh
2017-10-18 13:56:16 +0000  Running /usr/bin/codesign '-vvv' '--force' '--sign' 'CB9884B82F3F83493389714E86E4CF3B13C269C9' '--preserve-metadata=identifier,flags' '--entitlements' '/var/folders/9k/16d2bz8x33g22q2dn3nc7nyr0000gn/T/XcodeDistPipeline.ssb/entitlements7wghhh' '/var/folders/9k/16d2bz8x33g22q2dn3nc7nyr0000gn/T/XcodeDistPipeline.ssb/Root/Payload/MasterpassQR Demo.app/Frameworks/libswiftDarwin.dylib'
2017-10-18 13:56:16 +0000  /var/folders/9k/16d2bz8x33g22q2dn3nc7nyr0000gn/T/XcodeDistPipeline.ssb/Root/Payload/MasterpassQR Demo.app/Frameworks/libswiftDarwin.dylib: replacing existing signature
2017-10-18 13:56:16 +0000  /var/folders/9k/16d2bz8x33g22q2dn3nc7nyr0000gn/T/XcodeDistPipeline.ssb/Root/Payload/MasterpassQR Demo.app/Frameworks/libswiftDarwin.dylib: signed Mach-O universal (armv7 armv7s arm64) [com.apple.dt.runtime.swiftDarwin]
2017-10-18 13:56:16 +0000  /usr/bin/codesign exited with 0
2017-10-18 13:56:16 +0000  Applying entitlements delta for <IDEDistributionItem: 0x7fd89dcdbd70 'com.apple.dt.runtime.swiftDispatch' '<DVTFilePath:0x7fd89d5cc060:'/Users/amri/Library/Developer/Xcode/Archives/2017-10-18/MasterpassQR Demo 18-10-17, 9.40 PM.xcarchive/Products/Applications/MasterpassQR Demo.app/Frameworks/libswiftDispatch.dylib'>'> from <IDEiCloudEntitlementsProcessor: 0x7fd89dc55860>: {
}
2017-10-18 13:56:16 +0000  Entitlements for <IDEDistributionItem: 0x7fd89dcdbd70 'com.apple.dt.runtime.swiftDispatch' '<DVTFilePath:0x7fd89d5cc060:'/Users/amri/Library/Developer/Xcode/Archives/2017-10-18/MasterpassQR Demo 18-10-17, 9.40 PM.xcarchive/Products/Applications/MasterpassQR Demo.app/Frameworks/libswiftDispatch.dylib'>'>: {
}
2017-10-18 13:56:16 +0000  Writing entitlements for <IDEDistributionItem: 0x7fd89dcdbd70 'com.apple.dt.runtime.swiftDispatch' '<DVTFilePath:0x7fd89d5cc060:'/Users/amri/Library/Developer/Xcode/Archives/2017-10-18/MasterpassQR Demo 18-10-17, 9.40 PM.xcarchive/Products/Applications/MasterpassQR Demo.app/Frameworks/libswiftDispatch.dylib'>'> to: /var/folders/9k/16d2bz8x33g22q2dn3nc7nyr0000gn/T/XcodeDistPipeline.ssb/entitlementsIu4lJg
2017-10-18 13:56:16 +0000  Running /usr/bin/codesign '-vvv' '--force' '--sign' 'CB9884B82F3F83493389714E86E4CF3B13C269C9' '--preserve-metadata=identifier,flags' '--entitlements' '/var/folders/9k/16d2bz8x33g22q2dn3nc7nyr0000gn/T/XcodeDistPipeline.ssb/entitlementsIu4lJg' '/var/folders/9k/16d2bz8x33g22q2dn3nc7nyr0000gn/T/XcodeDistPipeline.ssb/Root/Payload/MasterpassQR Demo.app/Frameworks/libswiftDispatch.dylib'
2017-10-18 13:56:16 +0000  /var/folders/9k/16d2bz8x33g22q2dn3nc7nyr0000gn/T/XcodeDistPipeline.ssb/Root/Payload/MasterpassQR Demo.app/Frameworks/libswiftDispatch.dylib: replacing existing signature
2017-10-18 13:56:17 +0000  /var/folders/9k/16d2bz8x33g22q2dn3nc7nyr0000gn/T/XcodeDistPipeline.ssb/Root/Payload/MasterpassQR Demo.app/Frameworks/libswiftDispatch.dylib: signed Mach-O universal (armv7 armv7s arm64) [com.apple.dt.runtime.swiftDispatch]
2017-10-18 13:56:17 +0000  /usr/bin/codesign exited with 0
2017-10-18 13:56:17 +0000  Applying entitlements delta for <IDEDistributionItem: 0x7fd89d18d820 'com.apple.dt.runtime.swiftFoundation' '<DVTFilePath:0x7fd89dcb8bd0:'/Users/amri/Library/Developer/Xcode/Archives/2017-10-18/MasterpassQR Demo 18-10-17, 9.40 PM.xcarchive/Products/Applications/MasterpassQR Demo.app/Frameworks/libswiftFoundation.dylib'>'> from <IDEiCloudEntitlementsProcessor: 0x7fd89dc20f10>: {
}
2017-10-18 13:56:17 +0000  Entitlements for <IDEDistributionItem: 0x7fd89d18d820 'com.apple.dt.runtime.swiftFoundation' '<DVTFilePath:0x7fd89dcb8bd0:'/Users/amri/Library/Developer/Xcode/Archives/2017-10-18/MasterpassQR Demo 18-10-17, 9.40 PM.xcarchive/Products/Applications/MasterpassQR Demo.app/Frameworks/libswiftFoundation.dylib'>'>: {
}
2017-10-18 13:56:17 +0000  Writing entitlements for <IDEDistributionItem: 0x7fd89d18d820 'com.apple.dt.runtime.swiftFoundation' '<DVTFilePath:0x7fd89dcb8bd0:'/Users/amri/Library/Developer/Xcode/Archives/2017-10-18/MasterpassQR Demo 18-10-17, 9.40 PM.xcarchive/Products/Applications/MasterpassQR Demo.app/Frameworks/libswiftFoundation.dylib'>'> to: /var/folders/9k/16d2bz8x33g22q2dn3nc7nyr0000gn/T/XcodeDistPipeline.ssb/entitlements1HwwCy
2017-10-18 13:56:17 +0000  Running /usr/bin/codesign '-vvv' '--force' '--sign' 'CB9884B82F3F83493389714E86E4CF3B13C269C9' '--preserve-metadata=identifier,flags' '--entitlements' '/var/folders/9k/16d2bz8x33g22q2dn3nc7nyr0000gn/T/XcodeDistPipeline.ssb/entitlements1HwwCy' '/var/folders/9k/16d2bz8x33g22q2dn3nc7nyr0000gn/T/XcodeDistPipeline.ssb/Root/Payload/MasterpassQR Demo.app/Frameworks/libswiftFoundation.dylib'
2017-10-18 13:56:17 +0000  /var/folders/9k/16d2bz8x33g22q2dn3nc7nyr0000gn/T/XcodeDistPipeline.ssb/Root/Payload/MasterpassQR Demo.app/Frameworks/libswiftFoundation.dylib: replacing existing signature
2017-10-18 13:56:17 +0000  /var/folders/9k/16d2bz8x33g22q2dn3nc7nyr0000gn/T/XcodeDistPipeline.ssb/Root/Payload/MasterpassQR Demo.app/Frameworks/libswiftFoundation.dylib: signed Mach-O universal (armv7 armv7s arm64) [com.apple.dt.runtime.swiftFoundation]
2017-10-18 13:56:17 +0000  /usr/bin/codesign exited with 0
2017-10-18 13:56:17 +0000  Applying entitlements delta for <IDEDistributionItem: 0x7fd89dccbd60 'com.apple.dt.runtime.swiftMetal' '<DVTFilePath:0x7fd89d5cf6c0:'/Users/amri/Library/Developer/Xcode/Archives/2017-10-18/MasterpassQR Demo 18-10-17, 9.40 PM.xcarchive/Products/Applications/MasterpassQR Demo.app/Frameworks/libswiftMetal.dylib'>'> from <IDEiCloudEntitlementsProcessor: 0x7fd89dca9b80>: {
}
2017-10-18 13:56:17 +0000  Entitlements for <IDEDistributionItem: 0x7fd89dccbd60 'com.apple.dt.runtime.swiftMetal' '<DVTFilePath:0x7fd89d5cf6c0:'/Users/amri/Library/Developer/Xcode/Archives/2017-10-18/MasterpassQR Demo 18-10-17, 9.40 PM.xcarchive/Products/Applications/MasterpassQR Demo.app/Frameworks/libswiftMetal.dylib'>'>: {
}
2017-10-18 13:56:17 +0000  Writing entitlements for <IDEDistributionItem: 0x7fd89dccbd60 'com.apple.dt.runtime.swiftMetal' '<DVTFilePath:0x7fd89d5cf6c0:'/Users/amri/Library/Developer/Xcode/Archives/2017-10-18/MasterpassQR Demo 18-10-17, 9.40 PM.xcarchive/Products/Applications/MasterpassQR Demo.app/Frameworks/libswiftMetal.dylib'>'> to: /var/folders/9k/16d2bz8x33g22q2dn3nc7nyr0000gn/T/XcodeDistPipeline.ssb/entitlementsBt3qOo
2017-10-18 13:56:17 +0000  Running /usr/bin/codesign '-vvv' '--force' '--sign' 'CB9884B82F3F83493389714E86E4CF3B13C269C9' '--preserve-metadata=identifier,flags' '--entitlements' '/var/folders/9k/16d2bz8x33g22q2dn3nc7nyr0000gn/T/XcodeDistPipeline.ssb/entitlementsBt3qOo' '/var/folders/9k/16d2bz8x33g22q2dn3nc7nyr0000gn/T/XcodeDistPipeline.ssb/Root/Payload/MasterpassQR Demo.app/Frameworks/libswiftMetal.dylib'
2017-10-18 13:56:17 +0000  /var/folders/9k/16d2bz8x33g22q2dn3nc7nyr0000gn/T/XcodeDistPipeline.ssb/Root/Payload/MasterpassQR Demo.app/Frameworks/libswiftMetal.dylib: replacing existing signature
2017-10-18 13:56:17 +0000  /var/folders/9k/16d2bz8x33g22q2dn3nc7nyr0000gn/T/XcodeDistPipeline.ssb/Root/Payload/MasterpassQR Demo.app/Frameworks/libswiftMetal.dylib: signed Mach-O universal (armv7 armv7s arm64) [com.apple.dt.runtime.swiftMetal]
2017-10-18 13:56:17 +0000  /usr/bin/codesign exited with 0
2017-10-18 13:56:17 +0000  Applying entitlements delta for <IDEDistributionItem: 0x7fd89d1ecd50 'com.apple.dt.runtime.swiftObjectiveC' '<DVTFilePath:0x7fd89d5d4120:'/Users/amri/Library/Developer/Xcode/Archives/2017-10-18/MasterpassQR Demo 18-10-17, 9.40 PM.xcarchive/Products/Applications/MasterpassQR Demo.app/Frameworks/libswiftObjectiveC.dylib'>'> from <IDEiCloudEntitlementsProcessor: 0x7fd89dc9bf70>: {
}
2017-10-18 13:56:17 +0000  Entitlements for <IDEDistributionItem: 0x7fd89d1ecd50 'com.apple.dt.runtime.swiftObjectiveC' '<DVTFilePath:0x7fd89d5d4120:'/Users/amri/Library/Developer/Xcode/Archives/2017-10-18/MasterpassQR Demo 18-10-17, 9.40 PM.xcarchive/Products/Applications/MasterpassQR Demo.app/Frameworks/libswiftObjectiveC.dylib'>'>: {
}
2017-10-18 13:56:17 +0000  Writing entitlements for <IDEDistributionItem: 0x7fd89d1ecd50 'com.apple.dt.runtime.swiftObjectiveC' '<DVTFilePath:0x7fd89d5d4120:'/Users/amri/Library/Developer/Xcode/Archives/2017-10-18/MasterpassQR Demo 18-10-17, 9.40 PM.xcarchive/Products/Applications/MasterpassQR Demo.app/Frameworks/libswiftObjectiveC.dylib'>'> to: /var/folders/9k/16d2bz8x33g22q2dn3nc7nyr0000gn/T/XcodeDistPipeline.ssb/entitlementsaccz2Q
2017-10-18 13:56:17 +0000  Running /usr/bin/codesign '-vvv' '--force' '--sign' 'CB9884B82F3F83493389714E86E4CF3B13C269C9' '--preserve-metadata=identifier,flags' '--entitlements' '/var/folders/9k/16d2bz8x33g22q2dn3nc7nyr0000gn/T/XcodeDistPipeline.ssb/entitlementsaccz2Q' '/var/folders/9k/16d2bz8x33g22q2dn3nc7nyr0000gn/T/XcodeDistPipeline.ssb/Root/Payload/MasterpassQR Demo.app/Frameworks/libswiftObjectiveC.dylib'
2017-10-18 13:56:17 +0000  /var/folders/9k/16d2bz8x33g22q2dn3nc7nyr0000gn/T/XcodeDistPipeline.ssb/Root/Payload/MasterpassQR Demo.app/Frameworks/libswiftObjectiveC.dylib: replacing existing signature
2017-10-18 13:56:17 +0000  /var/folders/9k/16d2bz8x33g22q2dn3nc7nyr0000gn/T/XcodeDistPipeline.ssb/Root/Payload/MasterpassQR Demo.app/Frameworks/libswiftObjectiveC.dylib: signed Mach-O universal (armv7 armv7s arm64) [com.apple.dt.runtime.swiftObjectiveC]
2017-10-18 13:56:17 +0000  /usr/bin/codesign exited with 0
2017-10-18 13:56:17 +0000  Applying entitlements delta for <IDEDistributionItem: 0x7fd89d7b4f00 'com.apple.dt.runtime.swiftPhotos' '<DVTFilePath:0x7fd89dc9b230:'/Users/amri/Library/Developer/Xcode/Archives/2017-10-18/MasterpassQR Demo 18-10-17, 9.40 PM.xcarchive/Products/Applications/MasterpassQR Demo.app/Frameworks/libswiftPhotos.dylib'>'> from <IDEiCloudEntitlementsProcessor: 0x7fd89dcdf810>: {
}
2017-10-18 13:56:17 +0000  Entitlements for <IDEDistributionItem: 0x7fd89d7b4f00 'com.apple.dt.runtime.swiftPhotos' '<DVTFilePath:0x7fd89dc9b230:'/Users/amri/Library/Developer/Xcode/Archives/2017-10-18/MasterpassQR Demo 18-10-17, 9.40 PM.xcarchive/Products/Applications/MasterpassQR Demo.app/Frameworks/libswiftPhotos.dylib'>'>: {
}
2017-10-18 13:56:17 +0000  Writing entitlements for <IDEDistributionItem: 0x7fd89d7b4f00 'com.apple.dt.runtime.swiftPhotos' '<DVTFilePath:0x7fd89dc9b230:'/Users/amri/Library/Developer/Xcode/Archives/2017-10-18/MasterpassQR Demo 18-10-17, 9.40 PM.xcarchive/Products/Applications/MasterpassQR Demo.app/Frameworks/libswiftPhotos.dylib'>'> to: /var/folders/9k/16d2bz8x33g22q2dn3nc7nyr0000gn/T/XcodeDistPipeline.ssb/entitlementsPIt4uc
2017-10-18 13:56:17 +0000  Running /usr/bin/codesign '-vvv' '--force' '--sign' 'CB9884B82F3F83493389714E86E4CF3B13C269C9' '--preserve-metadata=identifier,flags' '--entitlements' '/var/folders/9k/16d2bz8x33g22q2dn3nc7nyr0000gn/T/XcodeDistPipeline.ssb/entitlementsPIt4uc' '/var/folders/9k/16d2bz8x33g22q2dn3nc7nyr0000gn/T/XcodeDistPipeline.ssb/Root/Payload/MasterpassQR Demo.app/Frameworks/libswiftPhotos.dylib'
2017-10-18 13:56:17 +0000  /var/folders/9k/16d2bz8x33g22q2dn3nc7nyr0000gn/T/XcodeDistPipeline.ssb/Root/Payload/MasterpassQR Demo.app/Frameworks/libswiftPhotos.dylib: replacing existing signature
2017-10-18 13:56:17 +0000  /var/folders/9k/16d2bz8x33g22q2dn3nc7nyr0000gn/T/XcodeDistPipeline.ssb/Root/Payload/MasterpassQR Demo.app/Frameworks/libswiftPhotos.dylib: signed Mach-O universal (armv7 armv7s arm64) [com.apple.dt.runtime.swiftPhotos]
2017-10-18 13:56:17 +0000  /usr/bin/codesign exited with 0
2017-10-18 13:56:17 +0000  Applying entitlements delta for <IDEDistributionItem: 0x7fd89dccfe00 'com.apple.dt.runtime.swiftQuartzCore' '<DVTFilePath:0x7fd89dca5c80:'/Users/amri/Library/Developer/Xcode/Archives/2017-10-18/MasterpassQR Demo 18-10-17, 9.40 PM.xcarchive/Products/Applications/MasterpassQR Demo.app/Frameworks/libswiftQuartzCore.dylib'>'> from <IDEiCloudEntitlementsProcessor: 0x7fd89d515950>: {
}
2017-10-18 13:56:17 +0000  Entitlements for <IDEDistributionItem: 0x7fd89dccfe00 'com.apple.dt.runtime.swiftQuartzCore' '<DVTFilePath:0x7fd89dca5c80:'/Users/amri/Library/Developer/Xcode/Archives/2017-10-18/MasterpassQR Demo 18-10-17, 9.40 PM.xcarchive/Products/Applications/MasterpassQR Demo.app/Frameworks/libswiftQuartzCore.dylib'>'>: {
}
2017-10-18 13:56:17 +0000  Writing entitlements for <IDEDistributionItem: 0x7fd89dccfe00 'com.apple.dt.runtime.swiftQuartzCore' '<DVTFilePath:0x7fd89dca5c80:'/Users/amri/Library/Developer/Xcode/Archives/2017-10-18/MasterpassQR Demo 18-10-17, 9.40 PM.xcarchive/Products/Applications/MasterpassQR Demo.app/Frameworks/libswiftQuartzCore.dylib'>'> to: /var/folders/9k/16d2bz8x33g22q2dn3nc7nyr0000gn/T/XcodeDistPipeline.ssb/entitlementsazciMo
2017-10-18 13:56:17 +0000  Running /usr/bin/codesign '-vvv' '--force' '--sign' 'CB9884B82F3F83493389714E86E4CF3B13C269C9' '--preserve-metadata=identifier,flags' '--entitlements' '/var/folders/9k/16d2bz8x33g22q2dn3nc7nyr0000gn/T/XcodeDistPipeline.ssb/entitlementsazciMo' '/var/folders/9k/16d2bz8x33g22q2dn3nc7nyr0000gn/T/XcodeDistPipeline.ssb/Root/Payload/MasterpassQR Demo.app/Frameworks/libswiftQuartzCore.dylib'
2017-10-18 13:56:17 +0000  /var/folders/9k/16d2bz8x33g22q2dn3nc7nyr0000gn/T/XcodeDistPipeline.ssb/Root/Payload/MasterpassQR Demo.app/Frameworks/libswiftQuartzCore.dylib: replacing existing signature
2017-10-18 13:56:17 +0000  
2017-10-18 13:56:17 +0000  /var/folders/9k/16d2bz8x33g22q2dn3nc7nyr0000gn/T/XcodeDistPipeline.ssb/Root/Payload/MasterpassQR Demo.app/Frameworks/libswiftQuartzCore.dylib: signed Mach-O universal (armv7 armv7s arm64) [com.apple.dt.runtime.swiftQuartzCore]
2017-10-18 13:56:17 +0000  /usr/bin/codesign exited with 0
2017-10-18 13:56:17 +0000  Applying entitlements delta for <IDEDistributionItem: 0x7fd89d452d20 'com.apple.dt.runtime.swiftUIKit' '<DVTFilePath:0x7fd89dcb99f0:'/Users/amri/Library/Developer/Xcode/Archives/2017-10-18/MasterpassQR Demo 18-10-17, 9.40 PM.xcarchive/Products/Applications/MasterpassQR Demo.app/Frameworks/libswiftUIKit.dylib'>'> from <IDEiCloudEntitlementsProcessor: 0x7fd89dc9f360>: {
}
2017-10-18 13:56:17 +0000  Entitlements for <IDEDistributionItem: 0x7fd89d452d20 'com.apple.dt.runtime.swiftUIKit' '<DVTFilePath:0x7fd89dcb99f0:'/Users/amri/Library/Developer/Xcode/Archives/2017-10-18/MasterpassQR Demo 18-10-17, 9.40 PM.xcarchive/Products/Applications/MasterpassQR Demo.app/Frameworks/libswiftUIKit.dylib'>'>: {
}
2017-10-18 13:56:17 +0000  Writing entitlements for <IDEDistributionItem: 0x7fd89d452d20 'com.apple.dt.runtime.swiftUIKit' '<DVTFilePath:0x7fd89dcb99f0:'/Users/amri/Library/Developer/Xcode/Archives/2017-10-18/MasterpassQR Demo 18-10-17, 9.40 PM.xcarchive/Products/Applications/MasterpassQR Demo.app/Frameworks/libswiftUIKit.dylib'>'> to: /var/folders/9k/16d2bz8x33g22q2dn3nc7nyr0000gn/T/XcodeDistPipeline.ssb/entitlementsqNJc7C
2017-10-18 13:56:17 +0000  Running /usr/bin/codesign '-vvv' '--force' '--sign' 'CB9884B82F3F83493389714E86E4CF3B13C269C9' '--preserve-metadata=identifier,flags' '--entitlements' '/var/folders/9k/16d2bz8x33g22q2dn3nc7nyr0000gn/T/XcodeDistPipeline.ssb/entitlementsqNJc7C' '/var/folders/9k/16d2bz8x33g22q2dn3nc7nyr0000gn/T/XcodeDistPipeline.ssb/Root/Payload/MasterpassQR Demo.app/Frameworks/libswiftUIKit.dylib'
2017-10-18 13:56:17 +0000  /var/folders/9k/16d2bz8x33g22q2dn3nc7nyr0000gn/T/XcodeDistPipeline.ssb/Root/Payload/MasterpassQR Demo.app/Frameworks/libswiftUIKit.dylib: replacing existing signature
2017-10-18 13:56:17 +0000  /var/folders/9k/16d2bz8x33g22q2dn3nc7nyr0000gn/T/XcodeDistPipeline.ssb/Root/Payload/MasterpassQR Demo.app/Frameworks/libswiftUIKit.dylib: signed Mach-O universal (armv7 armv7s arm64) [com.apple.dt.runtime.swiftUIKit]
2017-10-18 13:56:18 +0000  /usr/bin/codesign exited with 0
2017-10-18 13:56:18 +0000  Applying entitlements delta for <IDEDistributionItem: 0x7fd89dc9e450 'com.apple.dt.runtime.swiftos' '<DVTFilePath:0x7fd89bf29d50:'/Users/amri/Library/Developer/Xcode/Archives/2017-10-18/MasterpassQR Demo 18-10-17, 9.40 PM.xcarchive/Products/Applications/MasterpassQR Demo.app/Frameworks/libswiftos.dylib'>'> from <IDEiCloudEntitlementsProcessor: 0x7fd89d3de700>: {
}
2017-10-18 13:56:18 +0000  Entitlements for <IDEDistributionItem: 0x7fd89dc9e450 'com.apple.dt.runtime.swiftos' '<DVTFilePath:0x7fd89bf29d50:'/Users/amri/Library/Developer/Xcode/Archives/2017-10-18/MasterpassQR Demo 18-10-17, 9.40 PM.xcarchive/Products/Applications/MasterpassQR Demo.app/Frameworks/libswiftos.dylib'>'>: {
}
2017-10-18 13:56:18 +0000  Writing entitlements for <IDEDistributionItem: 0x7fd89dc9e450 'com.apple.dt.runtime.swiftos' '<DVTFilePath:0x7fd89bf29d50:'/Users/amri/Library/Developer/Xcode/Archives/2017-10-18/MasterpassQR Demo 18-10-17, 9.40 PM.xcarchive/Products/Applications/MasterpassQR Demo.app/Frameworks/libswiftos.dylib'>'> to: /var/folders/9k/16d2bz8x33g22q2dn3nc7nyr0000gn/T/XcodeDistPipeline.ssb/entitlementshwoFo2
2017-10-18 13:56:18 +0000  Running /usr/bin/codesign '-vvv' '--force' '--sign' 'CB9884B82F3F83493389714E86E4CF3B13C269C9' '--preserve-metadata=identifier,flags' '--entitlements' '/var/folders/9k/16d2bz8x33g22q2dn3nc7nyr0000gn/T/XcodeDistPipeline.ssb/entitlementshwoFo2' '/var/folders/9k/16d2bz8x33g22q2dn3nc7nyr0000gn/T/XcodeDistPipeline.ssb/Root/Payload/MasterpassQR Demo.app/Frameworks/libswiftos.dylib'
2017-10-18 13:56:18 +0000  /var/folders/9k/16d2bz8x33g22q2dn3nc7nyr0000gn/T/XcodeDistPipeline.ssb/Root/Payload/MasterpassQR Demo.app/Frameworks/libswiftos.dylib: replacing existing signature
2017-10-18 13:56:18 +0000  /var/folders/9k/16d2bz8x33g22q2dn3nc7nyr0000gn/T/XcodeDistPipeline.ssb/Root/Payload/MasterpassQR Demo.app/Frameworks/libswiftos.dylib: signed Mach-O universal (armv7 armv7s arm64) [com.apple.dt.runtime.swiftos]
2017-10-18 13:56:18 +0000  /usr/bin/codesign exited with 0
2017-10-18 13:56:18 +0000  Applying entitlements delta for <IDEDistributionItem: 0x7fd89dcce6c0 'com.apple.dt.runtime.swiftsimd' '<DVTFilePath:0x7fd89dcb3670:'/Users/amri/Library/Developer/Xcode/Archives/2017-10-18/MasterpassQR Demo 18-10-17, 9.40 PM.xcarchive/Products/Applications/MasterpassQR Demo.app/Frameworks/libswiftsimd.dylib'>'> from <IDEiCloudEntitlementsProcessor: 0x7fd89d5eaa10>: {
}
2017-10-18 13:56:18 +0000  Entitlements for <IDEDistributionItem: 0x7fd89dcce6c0 'com.apple.dt.runtime.swiftsimd' '<DVTFilePath:0x7fd89dcb3670:'/Users/amri/Library/Developer/Xcode/Archives/2017-10-18/MasterpassQR Demo 18-10-17, 9.40 PM.xcarchive/Products/Applications/MasterpassQR Demo.app/Frameworks/libswiftsimd.dylib'>'>: {
}
2017-10-18 13:56:18 +0000  Writing entitlements for <IDEDistributionItem: 0x7fd89dcce6c0 'com.apple.dt.runtime.swiftsimd' '<DVTFilePath:0x7fd89dcb3670:'/Users/amri/Library/Developer/Xcode/Archives/2017-10-18/MasterpassQR Demo 18-10-17, 9.40 PM.xcarchive/Products/Applications/MasterpassQR Demo.app/Frameworks/libswiftsimd.dylib'>'> to: /var/folders/9k/16d2bz8x33g22q2dn3nc7nyr0000gn/T/XcodeDistPipeline.ssb/entitlements7Rm8Rr
2017-10-18 13:56:18 +0000  Running /usr/bin/codesign '-vvv' '--force' '--sign' 'CB9884B82F3F83493389714E86E4CF3B13C269C9' '--preserve-metadata=identifier,flags' '--entitlements' '/var/folders/9k/16d2bz8x33g22q2dn3nc7nyr0000gn/T/XcodeDistPipeline.ssb/entitlements7Rm8Rr' '/var/folders/9k/16d2bz8x33g22q2dn3nc7nyr0000gn/T/XcodeDistPipeline.ssb/Root/Payload/MasterpassQR Demo.app/Frameworks/libswiftsimd.dylib'
2017-10-18 13:56:18 +0000  /var/folders/9k/16d2bz8x33g22q2dn3nc7nyr0000gn/T/XcodeDistPipeline.ssb/Root/Payload/MasterpassQR Demo.app/Frameworks/libswiftsimd.dylib: replacing existing signature
2017-10-18 13:56:18 +0000  /var/folders/9k/16d2bz8x33g22q2dn3nc7nyr0000gn/T/XcodeDistPipeline.ssb/Root/Payload/MasterpassQR Demo.app/Frameworks/libswiftsimd.dylib: signed Mach-O universal (armv7 armv7s arm64) [com.apple.dt.runtime.swiftsimd]
2017-10-18 13:56:18 +0000  /usr/bin/codesign exited with 0
2017-10-18 13:56:18 +0000  Applying entitlements delta for <IDEDistributionItem: 0x7fd89d764ce0 'com.mastercard.ios.MasterpassQR-Demo' '<DVTFilePath:0x7fd89cf3c300:'/Users/amri/Library/Developer/Xcode/Archives/2017-10-18/MasterpassQR Demo 18-10-17, 9.40 PM.xcarchive/Products/Applications/MasterpassQR Demo.app'>'> from <IDEiCloudEntitlementsProcessor: 0x7fd89d5cd6c0>: {
}
2017-10-18 13:56:18 +0000  Entitlements for <IDEDistributionItem: 0x7fd89d764ce0 'com.mastercard.ios.MasterpassQR-Demo' '<DVTFilePath:0x7fd89cf3c300:'/Users/amri/Library/Developer/Xcode/Archives/2017-10-18/MasterpassQR Demo 18-10-17, 9.40 PM.xcarchive/Products/Applications/MasterpassQR Demo.app'>'>: {
    "application-identifier" = "FARWN7FEXX.com.mastercard.ios.MasterpassQR-Demo";
    "com.apple.developer.team-identifier" = FARWN7FEXX;
    "get-task-allow" = 0;
    "keychain-access-groups" =     (
        "FARWN7FEXX.com.mastercard.ios.MasterpassQR-Demo"
    );
}
2017-10-18 13:56:18 +0000  Writing entitlements for <IDEDistributionItem: 0x7fd89d764ce0 'com.mastercard.ios.MasterpassQR-Demo' '<DVTFilePath:0x7fd89cf3c300:'/Users/amri/Library/Developer/Xcode/Archives/2017-10-18/MasterpassQR Demo 18-10-17, 9.40 PM.xcarchive/Products/Applications/MasterpassQR Demo.app'>'> to: /var/folders/9k/16d2bz8x33g22q2dn3nc7nyr0000gn/T/XcodeDistPipeline.ssb/entitlementsahOrD2
2017-10-18 13:56:18 +0000  Running /usr/bin/codesign '-vvv' '--force' '--sign' 'CB9884B82F3F83493389714E86E4CF3B13C269C9' '--preserve-metadata=identifier,flags' '--entitlements' '/var/folders/9k/16d2bz8x33g22q2dn3nc7nyr0000gn/T/XcodeDistPipeline.ssb/entitlementsahOrD2' '/var/folders/9k/16d2bz8x33g22q2dn3nc7nyr0000gn/T/XcodeDistPipeline.ssb/Root/Payload/MasterpassQR Demo.app'
2017-10-18 13:56:18 +0000  /var/folders/9k/16d2bz8x33g22q2dn3nc7nyr0000gn/T/XcodeDistPipeline.ssb/Root/Payload/MasterpassQR Demo.app: replacing existing signature
2017-10-18 13:56:18 +0000  /var/folders/9k/16d2bz8x33g22q2dn3nc7nyr0000gn/T/XcodeDistPipeline.ssb/Root/Payload/MasterpassQR Demo.app: signed app bundle with Mach-O universal (armv7 arm64) [com.mastercard.ios.MasterpassQR-Demo]
2017-10-18 13:56:18 +0000  /usr/bin/codesign exited with 0
2017-10-18 13:56:18 +0000  Processing step: IDEDistributionStreamingZipItemStep
2017-10-18 13:56:18 +0000  Skipping step: IDEDistributionStreamingZipItemStep because it said so
2017-10-18 13:56:18 +0000  Skipping step: IDEDistributionStreamingZipItemStep because it said so
2017-10-18 13:56:18 +0000  Skipping step: IDEDistributionStreamingZipItemStep because it said so
2017-10-18 13:56:18 +0000  Skipping step: IDEDistributionStreamingZipItemStep because it said so
2017-10-18 13:56:18 +0000  Skipping step: IDEDistributionStreamingZipItemStep because it said so
2017-10-18 13:56:18 +0000  Skipping step: IDEDistributionStreamingZipItemStep because it said so
2017-10-18 13:56:18 +0000  Skipping step: IDEDistributionStreamingZipItemStep because it said so
2017-10-18 13:56:18 +0000  Skipping step: IDEDistributionStreamingZipItemStep because it said so
2017-10-18 13:56:18 +0000  Skipping step: IDEDistributionStreamingZipItemStep because it said so
2017-10-18 13:56:18 +0000  Skipping step: IDEDistributionStreamingZipItemStep because it said so
2017-10-18 13:56:18 +0000  Skipping step: IDEDistributionStreamingZipItemStep because it said so
2017-10-18 13:56:18 +0000  Skipping step: IDEDistributionStreamingZipItemStep because it said so
2017-10-18 13:56:18 +0000  Skipping step: IDEDistributionStreamingZipItemStep because it said so
2017-10-18 13:56:18 +0000  Skipping step: IDEDistributionStreamingZipItemStep because it said so
2017-10-18 13:56:18 +0000  Skipping step: IDEDistributionStreamingZipItemStep because it said so
2017-10-18 13:56:18 +0000  Skipping step: IDEDistributionStreamingZipItemStep because it said so
2017-10-18 13:56:18 +0000  Skipping step: IDEDistributionStreamingZipItemStep because it said so
2017-10-18 13:56:18 +0000  Skipping step: IDEDistributionStreamingZipItemStep because it said so
2017-10-18 13:56:18 +0000  Skipping step: IDEDistributionStreamingZipItemStep because it said so
2017-10-18 13:56:18 +0000  Skipping step: IDEDistributionStreamingZipItemStep because it said so
2017-10-18 13:56:18 +0000  Skipping step: IDEDistributionStreamingZipItemStep because it said so
2017-10-18 13:56:18 +0000  Skipping step: IDEDistributionStreamingZipItemStep because it said so
2017-10-18 13:56:18 +0000  Processing step: IDEDistributionCreateIPAStep
2017-10-18 13:56:18 +0000  Running /usr/bin/ditto '-V' '-c' '-k' '--norsrc' '/var/folders/9k/16d2bz8x33g22q2dn3nc7nyr0000gn/T/XcodeDistPipeline.ssb/Root' '/var/folders/9k/16d2bz8x33g22q2dn3nc7nyr0000gn/T/XcodeDistPipeline.ssb/Packages/MasterpassQR Demo.ipa'
2017-10-18 13:56:18 +0000  >>> Copying /var/folders/9k/16d2bz8x33g22q2dn3nc7nyr0000gn/T/XcodeDistPipeline.ssb/Root 
2017-10-18 13:56:18 +0000  copying file ./Payload/MasterpassQR Demo.app/_CodeSignature/CodeResources ... 
2017-10-18 13:56:18 +0000  18085 bytes for ./Payload/MasterpassQR Demo.app/_CodeSignature/CodeResources
2017-10-18 13:56:18 +0000  copying file ./Payload/MasterpassQR Demo.app/AppIcon20x20@2x.png ... 
2017-10-18 13:56:18 +0000  3081 bytes for ./Payload/MasterpassQR Demo.app/AppIcon20x20@2x.png
copying file ./Payload/MasterpassQR Demo.app/AppIcon20x20@3x.png ... 
2017-10-18 13:56:18 +0000  4429 bytes for ./Payload/MasterpassQR Demo.app/AppIcon20x20@3x.png
copying file ./Payload/MasterpassQR Demo.app/AppIcon29x29@2x.png ... 
2017-10-18 13:56:18 +0000  4241 bytes for ./Payload/MasterpassQR Demo.app/AppIcon29x29@2x.png
copying file ./Payload/MasterpassQR Demo.app/AppIcon29x29@3x.png ... 
2017-10-18 13:56:18 +0000  7561 bytes for ./Payload/MasterpassQR Demo.app/AppIcon29x29@3x.png
2017-10-18 13:56:18 +0000  copying file ./Payload/MasterpassQR Demo.app/AppIcon40x40@2x.png ... 
2017-10-18 13:56:18 +0000  6629 bytes for ./Payload/MasterpassQR Demo.app/AppIcon40x40@2x.png
copying file ./Payload/MasterpassQR Demo.app/AppIcon40x40@3x.png ... 
2017-10-18 13:56:18 +0000  9268 bytes for ./Payload/MasterpassQR Demo.app/AppIcon40x40@3x.png
copying file ./Payload/MasterpassQR Demo.app/AppIcon60x60@2x.png ... 
2017-10-18 13:56:18 +0000  6013 bytes for ./Payload/MasterpassQR Demo.app/AppIcon60x60@2x.png
copying file ./Payload/MasterpassQR Demo.app/AppIcon60x60@3x.png ... 
2017-10-18 13:56:18 +0000  9349 bytes for ./Payload/MasterpassQR Demo.app/AppIcon60x60@3x.png
copying file ./Payload/MasterpassQR Demo.app/archived-expanded-entitlements.xcent ... 
2017-10-18 13:56:18 +0000  410 bytes for ./Payload/MasterpassQR Demo.app/archived-expanded-entitlements.xcent
copying file ./Payload/MasterpassQR Demo.app/Assets.car ... 
2017-10-18 13:56:18 +0000  134008 bytes for ./Payload/MasterpassQR Demo.app/Assets.car
2017-10-18 13:56:18 +0000  copying file ./Payload/MasterpassQR Demo.app/Base.lproj/LaunchScreen.storyboardc/01J-lp-oVM-view-Ze5-6b-2t3.nib ... 
2017-10-18 13:56:18 +0000  1792 bytes for ./Payload/MasterpassQR Demo.app/Base.lproj/LaunchScreen.storyboardc/01J-lp-oVM-view-Ze5-6b-2t3.nib
copying file ./Payload/MasterpassQR Demo.app/Base.lproj/LaunchScreen.storyboardc/Info.plist ... 
2017-10-18 13:56:18 +0000  258 bytes for ./Payload/MasterpassQR Demo.app/Base.lproj/LaunchScreen.storyboardc/Info.plist
copying file ./Payload/MasterpassQR Demo.app/Base.lproj/LaunchScreen.storyboardc/UIViewController-01J-lp-oVM.nib ... 
2017-10-18 13:56:18 +0000  832 bytes for ./Payload/MasterpassQR Demo.app/Base.lproj/LaunchScreen.storyboardc/UIViewController-01J-lp-oVM.nib
copying file ./Payload/MasterpassQR Demo.app/Base.lproj/Main.storyboardc/BYZ-38-t0r-view-9fZ-FA-6Q7.nib ... 
2017-10-18 13:56:18 +0000  7800 bytes for ./Payload/MasterpassQR Demo.app/Base.lproj/Main.storyboardc/BYZ-38-t0r-view-9fZ-FA-6Q7.nib
copying file ./Payload/MasterpassQR Demo.app/Base.lproj/Main.storyboardc/FLa-MJ-yeU-view-IX7-LA-49i.nib ... 
2017-10-18 13:56:18 +0000  5304 bytes for ./Payload/MasterpassQR Demo.app/Base.lproj/Main.storyboardc/FLa-MJ-yeU-view-IX7-LA-49i.nib
copying file ./Payload/MasterpassQR Demo.app/Base.lproj/Main.storyboardc/hUj-tm-X23-view-s5M-Bq-OPM.nib ... 
2017-10-18 13:56:18 +0000  3904 bytes for ./Payload/MasterpassQR Demo.app/Base.lproj/Main.storyboardc/hUj-tm-X23-view-s5M-Bq-OPM.nib
2017-10-18 13:56:18 +0000  copying file ./Payload/MasterpassQR Demo.app/Base.lproj/Main.storyboardc/Info.plist ... 
2017-10-18 13:56:18 +0000  403 bytes for ./Payload/MasterpassQR Demo.app/Base.lproj/Main.storyboardc/Info.plist
copying file ./Payload/MasterpassQR Demo.app/Base.lproj/Main.storyboardc/ResultViewController.nib ... 
2017-10-18 13:56:18 +0000  1080 bytes for ./Payload/MasterpassQR Demo.app/Base.lproj/Main.storyboardc/ResultViewController.nib
2017-10-18 13:56:18 +0000  copying file ./Payload/MasterpassQR Demo.app/Base.lproj/Main.storyboardc/UINavigationController-if8-TP-3c4.nib ... 
2017-10-18 13:56:18 +0000  2044 bytes for ./Payload/MasterpassQR Demo.app/Base.lproj/Main.storyboardc/UINavigationController-if8-TP-3c4.nib
copying file ./Payload/MasterpassQR Demo.app/Base.lproj/Main.storyboardc/UIViewController-hUj-tm-X23.nib ... 
2017-10-18 13:56:18 +0000  1485 bytes for ./Payload/MasterpassQR Demo.app/Base.lproj/Main.storyboardc/UIViewController-hUj-tm-X23.nib
2017-10-18 13:56:18 +0000  copying file ./Payload/MasterpassQR Demo.app/embedded.mobileprovision ... 
2017-10-18 13:56:18 +0000  7390 bytes for ./Payload/MasterpassQR Demo.app/embedded.mobileprovision
2017-10-18 13:56:18 +0000  copying file ./Payload/MasterpassQR Demo.app/Frameworks/libswiftAVFoundation.dylib ... 
2017-10-18 13:56:18 +0000  482416 bytes for ./Payload/MasterpassQR Demo.app/Frameworks/libswiftAVFoundation.dylib
copying file ./Payload/MasterpassQR Demo.app/Frameworks/libswiftCore.dylib ... 
2017-10-18 13:56:19 +0000  21046064 bytes for ./Payload/MasterpassQR Demo.app/Frameworks/libswiftCore.dylib
copying file ./Payload/MasterpassQR Demo.app/Frameworks/libswiftCoreAudio.dylib ... 
2017-10-18 13:56:19 +0000  354208 bytes for ./Payload/MasterpassQR Demo.app/Frameworks/libswiftCoreAudio.dylib
copying file ./Payload/MasterpassQR Demo.app/Frameworks/libswiftCoreData.dylib ... 
2017-10-18 13:56:19 +0000  394704 bytes for ./Payload/MasterpassQR Demo.app/Frameworks/libswiftCoreData.dylib
copying file ./Payload/MasterpassQR Demo.app/Frameworks/libswiftCoreFoundation.dylib ... 
2017-10-18 13:56:19 +0000  208656 bytes for ./Payload/MasterpassQR Demo.app/Frameworks/libswiftCoreFoundation.dylib
copying file ./Payload/MasterpassQR Demo.app/Frameworks/libswiftCoreGraphics.dylib ... 
2017-10-18 13:56:19 +0000  578112 bytes for ./Payload/MasterpassQR Demo.app/Frameworks/libswiftCoreGraphics.dylib
copying file ./Payload/MasterpassQR Demo.app/Frameworks/libswiftCoreImage.dylib ... 
2017-10-18 13:56:19 +0000  209216 bytes for ./Payload/MasterpassQR Demo.app/Frameworks/libswiftCoreImage.dylib
2017-10-18 13:56:19 +0000  copying file ./Payload/MasterpassQR Demo.app/Frameworks/libswiftCoreLocation.dylib ... 
2017-10-18 13:56:19 +0000  253648 bytes for ./Payload/MasterpassQR Demo.app/Frameworks/libswiftCoreLocation.dylib
2017-10-18 13:56:19 +0000  copying file ./Payload/MasterpassQR Demo.app/Frameworks/libswiftCoreMedia.dylib ... 
2017-10-18 13:56:19 +0000  254000 bytes for ./Payload/MasterpassQR Demo.app/Frameworks/libswiftCoreMedia.dylib
copying file ./Payload/MasterpassQR Demo.app/Frameworks/libswiftDarwin.dylib ... 
2017-10-18 13:56:19 +0000  303424 bytes for ./Payload/MasterpassQR Demo.app/Frameworks/libswiftDarwin.dylib
copying file ./Payload/MasterpassQR Demo.app/Frameworks/libswiftDispatch.dylib ... 
2017-10-18 13:56:19 +0000  1009600 bytes for ./Payload/MasterpassQR Demo.app/Frameworks/libswiftDispatch.dylib
2017-10-18 13:56:19 +0000  copying file ./Payload/MasterpassQR Demo.app/Frameworks/libswiftFoundation.dylib ... 
2017-10-18 13:56:20 +0000  8526080 bytes for ./Payload/MasterpassQR Demo.app/Frameworks/libswiftFoundation.dylib
copying file ./Payload/MasterpassQR Demo.app/Frameworks/libswiftMetal.dylib ... 
2017-10-18 13:56:20 +0000  251600 bytes for ./Payload/MasterpassQR Demo.app/Frameworks/libswiftMetal.dylib
2017-10-18 13:56:20 +0000  copying file ./Payload/MasterpassQR Demo.app/Frameworks/libswiftObjectiveC.dylib ... 
2017-10-18 13:56:20 +0000  259296 bytes for ./Payload/MasterpassQR Demo.app/Frameworks/libswiftObjectiveC.dylib
copying file ./Payload/MasterpassQR Demo.app/Frameworks/libswiftos.dylib ... 
2017-10-18 13:56:20 +0000  249264 bytes for ./Payload/MasterpassQR Demo.app/Frameworks/libswiftos.dylib
copying file ./Payload/MasterpassQR Demo.app/Frameworks/libswiftPhotos.dylib ... 
2017-10-18 13:56:20 +0000  210992 bytes for ./Payload/MasterpassQR Demo.app/Frameworks/libswiftPhotos.dylib
copying file ./Payload/MasterpassQR Demo.app/Frameworks/libswiftQuartzCore.dylib ... 
2017-10-18 13:56:20 +0000  212560 bytes for ./Payload/MasterpassQR Demo.app/Frameworks/libswiftQuartzCore.dylib
copying file ./Payload/MasterpassQR Demo.app/Frameworks/libswiftsimd.dylib ... 
2017-10-18 13:56:20 +0000  1361600 bytes for ./Payload/MasterpassQR Demo.app/Frameworks/libswiftsimd.dylib
copying file ./Payload/MasterpassQR Demo.app/Frameworks/libswiftUIKit.dylib ... 
2017-10-18 13:56:20 +0000  361840 bytes for ./Payload/MasterpassQR Demo.app/Frameworks/libswiftUIKit.dylib
2017-10-18 13:56:20 +0000  copying file ./Payload/MasterpassQR Demo.app/Frameworks/MasterpassQRCoreSDK.framework/_CodeSignature/CodeResources ... 
2506 bytes for ./Payload/MasterpassQR Demo.app/Frameworks/MasterpassQRCoreSDK.framework/_CodeSignature/CodeResources
2017-10-18 13:56:20 +0000  copying file ./Payload/MasterpassQR Demo.app/Frameworks/MasterpassQRCoreSDK.framework/Info.plist ... 
735 bytes for ./Payload/MasterpassQR Demo.app/Frameworks/MasterpassQRCoreSDK.framework/Info.plist
copying file ./Payload/MasterpassQR Demo.app/Frameworks/MasterpassQRCoreSDK.framework/MasterpassQRCoreSDK ... 
2017-10-18 13:56:20 +0000  584192 bytes for ./Payload/MasterpassQR Demo.app/Frameworks/MasterpassQRCoreSDK.framework/MasterpassQRCoreSDK
2017-10-18 13:56:20 +0000  copying file ./Payload/MasterpassQR Demo.app/Frameworks/MasterpassQRCoreSDK.framework/strip-frameworks.sh ... 
3230 bytes for ./Payload/MasterpassQR Demo.app/Frameworks/MasterpassQRCoreSDK.framework/strip-frameworks.sh
copying file ./Payload/MasterpassQR Demo.app/Frameworks/MasterpassQRScanSDK.framework/_CodeSignature/CodeResources ... 
2202 bytes for ./Payload/MasterpassQR Demo.app/Frameworks/MasterpassQRScanSDK.framework/_CodeSignature/CodeResources
copying file ./Payload/MasterpassQR Demo.app/Frameworks/MasterpassQRScanSDK.framework/Info.plist ... 
735 bytes for ./Payload/MasterpassQR Demo.app/Frameworks/MasterpassQRScanSDK.framework/Info.plist
copying file ./Payload/MasterpassQR Demo.app/Frameworks/MasterpassQRScanSDK.framework/MasterpassQRScanSDK ... 
2017-10-18 13:56:20 +0000  271328 bytes for ./Payload/MasterpassQR Demo.app/Frameworks/MasterpassQRScanSDK.framework/MasterpassQRScanSDK
2017-10-18 13:56:20 +0000  copying file ./Payload/MasterpassQR Demo.app/Info.plist ... 
1290 bytes for ./Payload/MasterpassQR Demo.app/Info.plist
copying file ./Payload/MasterpassQR Demo.app/MasterpassQR Demo ... 
2017-10-18 13:56:20 +0000  428752 bytes for ./Payload/MasterpassQR Demo.app/MasterpassQR Demo
2017-10-18 13:56:20 +0000  copying file ./Payload/MasterpassQR Demo.app/PkgInfo ... 
8 bytes for ./Payload/MasterpassQR Demo.app/PkgInfo
2017-10-18 13:56:20 +0000  /usr/bin/ditto exited with 0
2017-10-18 13:56:20 +0000  Processing step: IDEDistributionCreateManifestStep
