2017-09-27 07:38:36 +0000  Initial pipeline context: <IDEDistributionProcessingPipelineContext: 0x7fc53ee10860; archive(resolved)='<IDEArchive: 0x7fc53d16b3d0>', distributionTask(resolved)='2', distributionMethod(resolved)='<IDEDistributionMethodiOSEnterprise: 0x7fc557e94890>', team(resolved)='<IDEProvisioningBasicTeam 0x7fc54f733640: teamID: FARWN7FEXX, teamName: MasterCard Worldwide>'>
	Chain (11, self inclusive):
	<IDEDistributionProcessingPipelineContext: 0x7fc53ee10860; archive = '<IDEArchive: 0x7fc53d16b3d0>', distributionMethod='<IDEDistributionMethodiOSEnterprise: 0x7fc557e94890>', team='<IDEProvisioningBasicTeam 0x7fc54f733640: teamID: FARWN7FEXX, teamName: MasterCard Worldwide>'>
	<IDEDistributionProcessingPipelineContext: 0x7fc53f712920; archive = '<IDEArchive: 0x7fc53d16b3d0>', distributionMethod='<IDEDistributionMethodiOSEnterprise: 0x7fc557e94890>', team='<IDEProvisioningBasicTeam 0x7fc54f733640: teamID: FARWN7FEXX, teamName: MasterCard Worldwide>'>
	<IDEDistributionContext: 0x7fc53f620cc0; archive = '<IDEArchive: 0x7fc53d16b3d0>', distributionMethod='<IDEDistributionMethodiOSEnterprise: 0x7fc557e94890>', team='<IDEProvisioningBasicTeam 0x7fc54f733640: teamID: FARWN7FEXX, teamName: MasterCard Worldwide>'>
	<IDEDistributionContext: 0x7fc53e647380; archive = '<IDEArchive: 0x7fc53d16b3d0>', distributionMethod='<IDEDistributionMethodiOSEnterprise: 0x7fc557e94890>', team='<IDEProvisioningBasicTeam 0x7fc54f733640: teamID: FARWN7FEXX, teamName: MasterCard Worldwide>'>
	<IDEDistributionContext: 0x7fc53d389d80; archive = '<IDEArchive: 0x7fc53d16b3d0>', distributionMethod='<IDEDistributionMethodiOSEnterprise: 0x7fc557e94890>', team='<IDEProvisioningBasicTeam 0x7fc54f733640: teamID: FARWN7FEXX, teamName: MasterCard Worldwide>'>
	<IDEDistributionContext: 0x7fc55a365c70; archive = '<IDEArchive: 0x7fc53d16b3d0>', distributionMethod='<IDEDistributionMethodiOSEnterprise: 0x7fc557e94890>', team='<IDEProvisioningBasicTeam 0x7fc54f733640: teamID: FARWN7FEXX, teamName: MasterCard Worldwide>'>
	<IDEDistributionContext: 0x7fc557e4a1d0; archive = '<IDEArchive: 0x7fc53d16b3d0>', distributionMethod='<IDEDistributionMethodiOSEnterprise: 0x7fc557e94890>', team='<IDEProvisioningBasicTeam 0x7fc54f733640: teamID: FARWN7FEXX, teamName: MasterCard Worldwide>'>
	<IDEDistributionContext: 0x7fc54f529cd0; archive = '<IDEArchive: 0x7fc53d16b3d0>', distributionMethod='<IDEDistributionMethodiOSEnterprise: 0x7fc557e94890>', team='<IDEProvisioningBasicTeam 0x7fc54f733640: teamID: FARWN7FEXX, teamName: MasterCard Worldwide>'>
	<IDEDistributionContext: 0x7fc551cc1560; archive = '<IDEArchive: 0x7fc53d16b3d0>', distributionMethod='<IDEDistributionMethodiOSEnterprise: 0x7fc557e94890>', team='<IDEProvisioningBasicTeam 0x7fc54f733640: teamID: FARWN7FEXX, teamName: MasterCard Worldwide>'>
	<IDEDistributionContext: 0x7fc53e3d2d80; archive = '<IDEArchive: 0x7fc53d16b3d0>', distributionMethod='<IDEDistributionMethodiOSEnterprise: 0x7fc557e94890>', team='(null)'>
	<IDEDistributionContext: 0x7fc53e3c24e0; archive = '<IDEArchive: 0x7fc53d16b3d0>', distributionMethod='(null)', team='(null)'>
</IDEDistributionProcessingPipelineContext: 0x7fc53ee10860>
2017-09-27 07:38:36 +0000  Processing step: IDEDistributionCreateDestRootStep
2017-09-27 07:38:36 +0000  Processing step: IDEDistributionCopyItemStep
2017-09-27 07:38:36 +0000  Running /usr/bin/ditto '-V' '/Users/amri/Library/Developer/Xcode/Archives/2017-09-27/MasterpassQR Demo 27-9-17, 3.37 PM.xcarchive/Products/Applications/MasterpassQR Demo.app' '/var/folders/9k/16d2bz8x33g22q2dn3nc7nyr0000gn/T/XcodeDistPipeline.thx/Root/Payload/MasterpassQR Demo.app'
2017-09-27 07:38:36 +0000  >>> Copying /Users/amri/Library/Developer/Xcode/Archives/2017-09-27/MasterpassQR Demo 27-9-17, 3.37 PM.xcarchive/Products/Applications/MasterpassQR Demo.app 
2017-09-27 07:38:36 +0000  copying file ./_CodeSignature/CodeResources ... 
2017-09-27 07:38:36 +0000  17725 bytes for ./_CodeSignature/CodeResources
2017-09-27 07:38:36 +0000  copying file ./AppIcon20x20@2x.png ... 
2017-09-27 07:38:36 +0000  3081 bytes for ./AppIcon20x20@2x.png
2017-09-27 07:38:36 +0000  copying file ./AppIcon20x20@3x.png ... 
2017-09-27 07:38:36 +0000  4429 bytes for ./AppIcon20x20@3x.png
copying file ./AppIcon29x29@2x.png ... 
2017-09-27 07:38:36 +0000  4241 bytes for ./AppIcon29x29@2x.png
2017-09-27 07:38:36 +0000  copying file ./AppIcon29x29@3x.png ... 
2017-09-27 07:38:36 +0000  7561 bytes for ./AppIcon29x29@3x.png
copying file ./AppIcon40x40@2x.png ... 
2017-09-27 07:38:36 +0000  6629 bytes for ./AppIcon40x40@2x.png
copying file ./AppIcon40x40@3x.png ... 
2017-09-27 07:38:36 +0000  9268 bytes for ./AppIcon40x40@3x.png
2017-09-27 07:38:36 +0000  copying file ./AppIcon60x60@2x.png ... 
2017-09-27 07:38:36 +0000  6013 bytes for ./AppIcon60x60@2x.png
copying file ./AppIcon60x60@3x.png ... 
2017-09-27 07:38:36 +0000  9349 bytes for ./AppIcon60x60@3x.png
copying file ./archived-expanded-entitlements.xcent ... 
2017-09-27 07:38:36 +0000  410 bytes for ./archived-expanded-entitlements.xcent
2017-09-27 07:38:36 +0000  copying file ./Assets.car ... 
2017-09-27 07:38:36 +0000  79784 bytes for ./Assets.car
2017-09-27 07:38:36 +0000  copying file ./Base.lproj/LaunchScreen.storyboardc/01J-lp-oVM-view-Ze5-6b-2t3.nib ... 
2017-09-27 07:38:36 +0000  1790 bytes for ./Base.lproj/LaunchScreen.storyboardc/01J-lp-oVM-view-Ze5-6b-2t3.nib
2017-09-27 07:38:36 +0000  copying file ./Base.lproj/LaunchScreen.storyboardc/Info.plist ... 
2017-09-27 07:38:36 +0000  258 bytes for ./Base.lproj/LaunchScreen.storyboardc/Info.plist
copying file ./Base.lproj/LaunchScreen.storyboardc/UIViewController-01J-lp-oVM.nib ... 
2017-09-27 07:38:36 +0000  832 bytes for ./Base.lproj/LaunchScreen.storyboardc/UIViewController-01J-lp-oVM.nib
2017-09-27 07:38:36 +0000  copying file ./Base.lproj/Main.storyboardc/BYZ-38-t0r-view-9fZ-FA-6Q7.nib ... 
2017-09-27 07:38:36 +0000  7493 bytes for ./Base.lproj/Main.storyboardc/BYZ-38-t0r-view-9fZ-FA-6Q7.nib
copying file ./Base.lproj/Main.storyboardc/hUj-tm-X23-view-s5M-Bq-OPM.nib ... 
2017-09-27 07:38:36 +0000  3915 bytes for ./Base.lproj/Main.storyboardc/hUj-tm-X23-view-s5M-Bq-OPM.nib
copying file ./Base.lproj/Main.storyboardc/Info.plist ... 
2017-09-27 07:38:36 +0000  351 bytes for ./Base.lproj/Main.storyboardc/Info.plist
2017-09-27 07:38:36 +0000  copying file ./Base.lproj/Main.storyboardc/UINavigationController-if8-TP-3c4.nib ... 
2017-09-27 07:38:36 +0000  2044 bytes for ./Base.lproj/Main.storyboardc/UINavigationController-if8-TP-3c4.nib
copying file ./Base.lproj/Main.storyboardc/UIViewController-hUj-tm-X23.nib ... 
2017-09-27 07:38:36 +0000  1485 bytes for ./Base.lproj/Main.storyboardc/UIViewController-hUj-tm-X23.nib
2017-09-27 07:38:36 +0000  copying file ./embedded.mobileprovision ... 
2017-09-27 07:38:36 +0000  236171 bytes for ./embedded.mobileprovision
2017-09-27 07:38:36 +0000  copying file ./Frameworks/libswiftAVFoundation.dylib ... 
2017-09-27 07:38:36 +0000  482064 bytes for ./Frameworks/libswiftAVFoundation.dylib
2017-09-27 07:38:36 +0000  copying file ./Frameworks/libswiftCore.dylib ... 
2017-09-27 07:38:36 +0000  21045712 bytes for ./Frameworks/libswiftCore.dylib
copying file ./Frameworks/libswiftCoreAudio.dylib ... 
2017-09-27 07:38:36 +0000  353856 bytes for ./Frameworks/libswiftCoreAudio.dylib
copying file ./Frameworks/libswiftCoreData.dylib ... 
361584 bytes for ./Frameworks/libswiftCoreData.dylib
copying file ./Frameworks/libswiftCoreFoundation.dylib ... 
2017-09-27 07:38:36 +0000  208288 bytes for ./Frameworks/libswiftCoreFoundation.dylib
copying file ./Frameworks/libswiftCoreGraphics.dylib ... 
2017-09-27 07:38:36 +0000  577760 bytes for ./Frameworks/libswiftCoreGraphics.dylib
2017-09-27 07:38:36 +0000  copying file ./Frameworks/libswiftCoreImage.dylib ... 
208864 bytes for ./Frameworks/libswiftCoreImage.dylib
copying file ./Frameworks/libswiftCoreLocation.dylib ... 
2017-09-27 07:38:36 +0000  253296 bytes for ./Frameworks/libswiftCoreLocation.dylib
copying file ./Frameworks/libswiftCoreMedia.dylib ... 
2017-09-27 07:38:36 +0000  253648 bytes for ./Frameworks/libswiftCoreMedia.dylib
copying file ./Frameworks/libswiftDarwin.dylib ... 
2017-09-27 07:38:36 +0000  303072 bytes for ./Frameworks/libswiftDarwin.dylib
2017-09-27 07:38:36 +0000  copying file ./Frameworks/libswiftDispatch.dylib ... 
2017-09-27 07:38:36 +0000  1009248 bytes for ./Frameworks/libswiftDispatch.dylib
copying file ./Frameworks/libswiftFoundation.dylib ... 
2017-09-27 07:38:36 +0000  8525728 bytes for ./Frameworks/libswiftFoundation.dylib
copying file ./Frameworks/libswiftMetal.dylib ... 
2017-09-27 07:38:36 +0000  251248 bytes for ./Frameworks/libswiftMetal.dylib
copying file ./Frameworks/libswiftObjectiveC.dylib ... 
258944 bytes for ./Frameworks/libswiftObjectiveC.dylib
copying file ./Frameworks/libswiftos.dylib ... 
248912 bytes for ./Frameworks/libswiftos.dylib
copying file ./Frameworks/libswiftPhotos.dylib ... 
210640 bytes for ./Frameworks/libswiftPhotos.dylib
copying file ./Frameworks/libswiftQuartzCore.dylib ... 
212208 bytes for ./Frameworks/libswiftQuartzCore.dylib
copying file ./Frameworks/libswiftsimd.dylib ... 
2017-09-27 07:38:36 +0000  1361248 bytes for ./Frameworks/libswiftsimd.dylib
copying file ./Frameworks/libswiftUIKit.dylib ... 
2017-09-27 07:38:36 +0000  361488 bytes for ./Frameworks/libswiftUIKit.dylib
copying file ./Frameworks/MasterpassQRCoreSDKV2.framework/_CodeSignature/CodeResources ... 
2202 bytes for ./Frameworks/MasterpassQRCoreSDKV2.framework/_CodeSignature/CodeResources
copying file ./Frameworks/MasterpassQRCoreSDKV2.framework/Info.plist ... 
737 bytes for ./Frameworks/MasterpassQRCoreSDKV2.framework/Info.plist
copying file ./Frameworks/MasterpassQRCoreSDKV2.framework/MasterpassQRCoreSDKV2 ... 
2017-09-27 07:38:36 +0000  1025968 bytes for ./Frameworks/MasterpassQRCoreSDKV2.framework/MasterpassQRCoreSDKV2
2017-09-27 07:38:36 +0000  copying file ./Frameworks/MasterpassQRScanSDK.framework/_CodeSignature/CodeResources ... 
2784 bytes for ./Frameworks/MasterpassQRScanSDK.framework/_CodeSignature/CodeResources
copying file ./Frameworks/MasterpassQRScanSDK.framework/Assets.car ... 
82504 bytes for ./Frameworks/MasterpassQRScanSDK.framework/Assets.car
copying file ./Frameworks/MasterpassQRScanSDK.framework/Info.plist ... 
735 bytes for ./Frameworks/MasterpassQRScanSDK.framework/Info.plist
copying file ./Frameworks/MasterpassQRScanSDK.framework/MasterpassQRScanSDK ... 
404160 bytes for ./Frameworks/MasterpassQRScanSDK.framework/MasterpassQRScanSDK
copying file ./Frameworks/MasterpassQRScanSDK.framework/strip-frameworks.sh ... 
3230 bytes for ./Frameworks/MasterpassQRScanSDK.framework/strip-frameworks.sh
copying file ./Info.plist ... 
2017-09-27 07:38:36 +0000  1284 bytes for ./Info.plist
copying file ./MasterpassQR Demo ... 
2017-09-27 07:38:36 +0000  383488 bytes for ./MasterpassQR Demo
copying file ./PkgInfo ... 
8 bytes for ./PkgInfo
2017-09-27 07:38:36 +0000  /usr/bin/ditto exited with 0
2017-09-27 07:38:36 +0000  Processing step: IDEDistributionEmbedProfileStep
2017-09-27 07:38:36 +0000  Skipping profile for item: <IDEDistributionItem: 0x7fc53d176910 'com.mastercard.ios.MasterpassQRCoreSDKV2' '<DVTFilePath:0x7fc551c05310:'/Users/amri/Library/Developer/Xcode/Archives/2017-09-27/MasterpassQR Demo 27-9-17, 3.37 PM.xcarchive/Products/Applications/MasterpassQR Demo.app/Frameworks/MasterpassQRCoreSDKV2.framework'>'>
2017-09-27 07:38:36 +0000  Skipping profile for item: <IDEDistributionItem: 0x7fc53d10e5e0 'com.mastercard.ios.MasterpassQRScanSDK' '<DVTFilePath:0x7fc53d21d690:'/Users/amri/Library/Developer/Xcode/Archives/2017-09-27/MasterpassQR Demo 27-9-17, 3.37 PM.xcarchive/Products/Applications/MasterpassQR Demo.app/Frameworks/MasterpassQRScanSDK.framework'>'>
2017-09-27 07:38:36 +0000  Skipping profile for item: <IDEDistributionItem: 0x7fc552cdc040 'com.apple.dt.runtime.swiftAVFoundation' '<DVTFilePath:0x7fc53e46e4c0:'/Users/amri/Library/Developer/Xcode/Archives/2017-09-27/MasterpassQR Demo 27-9-17, 3.37 PM.xcarchive/Products/Applications/MasterpassQR Demo.app/Frameworks/libswiftAVFoundation.dylib'>'>
2017-09-27 07:38:36 +0000  Skipping profile for item: <IDEDistributionItem: 0x7fc54ef9bc30 'com.apple.dt.runtime.swiftCore' '<DVTFilePath:0x7fc53e46f230:'/Users/amri/Library/Developer/Xcode/Archives/2017-09-27/MasterpassQR Demo 27-9-17, 3.37 PM.xcarchive/Products/Applications/MasterpassQR Demo.app/Frameworks/libswiftCore.dylib'>'>
2017-09-27 07:38:36 +0000  Skipping profile for item: <IDEDistributionItem: 0x7fc55a6af070 'com.apple.dt.runtime.swiftCoreAudio' '<DVTFilePath:0x7fc552cdb350:'/Users/amri/Library/Developer/Xcode/Archives/2017-09-27/MasterpassQR Demo 27-9-17, 3.37 PM.xcarchive/Products/Applications/MasterpassQR Demo.app/Frameworks/libswiftCoreAudio.dylib'>'>
2017-09-27 07:38:36 +0000  Skipping profile for item: <IDEDistributionItem: 0x7fc55205a540 'com.apple.dt.runtime.swiftCoreData' '<DVTFilePath:0x7fc557ede950:'/Users/amri/Library/Developer/Xcode/Archives/2017-09-27/MasterpassQR Demo 27-9-17, 3.37 PM.xcarchive/Products/Applications/MasterpassQR Demo.app/Frameworks/libswiftCoreData.dylib'>'>
2017-09-27 07:38:36 +0000  Skipping profile for item: <IDEDistributionItem: 0x7fc54f47b8b0 'com.apple.dt.runtime.swiftCoreFoundation' '<DVTFilePath:0x7fc53d17de00:'/Users/amri/Library/Developer/Xcode/Archives/2017-09-27/MasterpassQR Demo 27-9-17, 3.37 PM.xcarchive/Products/Applications/MasterpassQR Demo.app/Frameworks/libswiftCoreFoundation.dylib'>'>
2017-09-27 07:38:36 +0000  Skipping profile for item: <IDEDistributionItem: 0x7fc53e3d8c40 'com.apple.dt.runtime.swiftCoreGraphics' '<DVTFilePath:0x7fc557e82480:'/Users/amri/Library/Developer/Xcode/Archives/2017-09-27/MasterpassQR Demo 27-9-17, 3.37 PM.xcarchive/Products/Applications/MasterpassQR Demo.app/Frameworks/libswiftCoreGraphics.dylib'>'>
2017-09-27 07:38:36 +0000  Skipping profile for item: <IDEDistributionItem: 0x7fc551cb9dd0 'com.apple.dt.runtime.swiftCoreImage' '<DVTFilePath:0x7fc551c20f00:'/Users/amri/Library/Developer/Xcode/Archives/2017-09-27/MasterpassQR Demo 27-9-17, 3.37 PM.xcarchive/Products/Applications/MasterpassQR Demo.app/Frameworks/libswiftCoreImage.dylib'>'>
2017-09-27 07:38:36 +0000  Skipping profile for item: <IDEDistributionItem: 0x7fc53d18fd40 'com.apple.dt.runtime.swiftCoreLocation' '<DVTFilePath:0x7fc54bcb8870:'/Users/amri/Library/Developer/Xcode/Archives/2017-09-27/MasterpassQR Demo 27-9-17, 3.37 PM.xcarchive/Products/Applications/MasterpassQR Demo.app/Frameworks/libswiftCoreLocation.dylib'>'>
2017-09-27 07:38:36 +0000  Skipping profile for item: <IDEDistributionItem: 0x7fc53bd0ff30 'com.apple.dt.runtime.swiftCoreMedia' '<DVTFilePath:0x7fc551c277d0:'/Users/amri/Library/Developer/Xcode/Archives/2017-09-27/MasterpassQR Demo 27-9-17, 3.37 PM.xcarchive/Products/Applications/MasterpassQR Demo.app/Frameworks/libswiftCoreMedia.dylib'>'>
2017-09-27 07:38:36 +0000  Skipping profile for item: <IDEDistributionItem: 0x7fc557b051c0 'com.apple.dt.runtime.swiftDarwin' '<DVTFilePath:0x7fc551edfa90:'/Users/amri/Library/Developer/Xcode/Archives/2017-09-27/MasterpassQR Demo 27-9-17, 3.37 PM.xcarchive/Products/Applications/MasterpassQR Demo.app/Frameworks/libswiftDarwin.dylib'>'>
2017-09-27 07:38:36 +0000  Skipping profile for item: <IDEDistributionItem: 0x7fc551c325b0 'com.apple.dt.runtime.swiftDispatch' '<DVTFilePath:0x7fc551e28700:'/Users/amri/Library/Developer/Xcode/Archives/2017-09-27/MasterpassQR Demo 27-9-17, 3.37 PM.xcarchive/Products/Applications/MasterpassQR Demo.app/Frameworks/libswiftDispatch.dylib'>'>
2017-09-27 07:38:36 +0000  Skipping profile for item: <IDEDistributionItem: 0x7fc5579aeec0 'com.apple.dt.runtime.swiftFoundation' '<DVTFilePath:0x7fc53d2e0200:'/Users/amri/Library/Developer/Xcode/Archives/2017-09-27/MasterpassQR Demo 27-9-17, 3.37 PM.xcarchive/Products/Applications/MasterpassQR Demo.app/Frameworks/libswiftFoundation.dylib'>'>
2017-09-27 07:38:36 +0000  Skipping profile for item: <IDEDistributionItem: 0x7fc53d177650 'com.apple.dt.runtime.swiftMetal' '<DVTFilePath:0x7fc551e470e0:'/Users/amri/Library/Developer/Xcode/Archives/2017-09-27/MasterpassQR Demo 27-9-17, 3.37 PM.xcarchive/Products/Applications/MasterpassQR Demo.app/Frameworks/libswiftMetal.dylib'>'>
2017-09-27 07:38:36 +0000  Skipping profile for item: <IDEDistributionItem: 0x7fc552072a70 'com.apple.dt.runtime.swiftObjectiveC' '<DVTFilePath:0x7fc53e494a60:'/Users/amri/Library/Developer/Xcode/Archives/2017-09-27/MasterpassQR Demo 27-9-17, 3.37 PM.xcarchive/Products/Applications/MasterpassQR Demo.app/Frameworks/libswiftObjectiveC.dylib'>'>
2017-09-27 07:38:36 +0000  Skipping profile for item: <IDEDistributionItem: 0x7fc551c28d90 'com.apple.dt.runtime.swiftPhotos' '<DVTFilePath:0x7fc551c14d10:'/Users/amri/Library/Developer/Xcode/Archives/2017-09-27/MasterpassQR Demo 27-9-17, 3.37 PM.xcarchive/Products/Applications/MasterpassQR Demo.app/Frameworks/libswiftPhotos.dylib'>'>
2017-09-27 07:38:36 +0000  Skipping profile for item: <IDEDistributionItem: 0x7fc53bc76060 'com.apple.dt.runtime.swiftQuartzCore' '<DVTFilePath:0x7fc55a51fc10:'/Users/amri/Library/Developer/Xcode/Archives/2017-09-27/MasterpassQR Demo 27-9-17, 3.37 PM.xcarchive/Products/Applications/MasterpassQR Demo.app/Frameworks/libswiftQuartzCore.dylib'>'>
2017-09-27 07:38:36 +0000  Skipping profile for item: <IDEDistributionItem: 0x7fc53d2f44f0 'com.apple.dt.runtime.swiftUIKit' '<DVTFilePath:0x7fc53d1833c0:'/Users/amri/Library/Developer/Xcode/Archives/2017-09-27/MasterpassQR Demo 27-9-17, 3.37 PM.xcarchive/Products/Applications/MasterpassQR Demo.app/Frameworks/libswiftUIKit.dylib'>'>
2017-09-27 07:38:36 +0000  Skipping profile for item: <IDEDistributionItem: 0x7fc551c44570 'com.apple.dt.runtime.swiftos' '<DVTFilePath:0x7fc53e21c1c0:'/Users/amri/Library/Developer/Xcode/Archives/2017-09-27/MasterpassQR Demo 27-9-17, 3.37 PM.xcarchive/Products/Applications/MasterpassQR Demo.app/Frameworks/libswiftos.dylib'>'>
2017-09-27 07:38:36 +0000  Skipping profile for item: <IDEDistributionItem: 0x7fc551cfa6c0 'com.apple.dt.runtime.swiftsimd' '<DVTFilePath:0x7fc53e034b30:'/Users/amri/Library/Developer/Xcode/Archives/2017-09-27/MasterpassQR Demo 27-9-17, 3.37 PM.xcarchive/Products/Applications/MasterpassQR Demo.app/Frameworks/libswiftsimd.dylib'>'>
2017-09-27 07:38:36 +0000  Processing step: IDEDistributionAppThinningPlistStep
2017-09-27 07:38:36 +0000  Processing step: IDEDistributionCompileBitcodeStep
2017-09-27 07:38:36 +0000  Skipping step: IDEDistributionCompileBitcodeStep because it said so
2017-09-27 07:38:36 +0000  Processing step: IDEDistributionCodeSlimmingStep
2017-09-27 07:38:36 +0000  Processing step: IDEDistributionCopyBCSymbolMapsStep
2017-09-27 07:38:36 +0000  Skipping step: IDEDistributionCopyBCSymbolMapsStep because it said so
2017-09-27 07:38:36 +0000  Skipping step: IDEDistributionCopyBCSymbolMapsStep because it said so
2017-09-27 07:38:36 +0000  Skipping step: IDEDistributionCopyBCSymbolMapsStep because it said so
2017-09-27 07:38:36 +0000  Skipping step: IDEDistributionCopyBCSymbolMapsStep because it said so
2017-09-27 07:38:36 +0000  Skipping step: IDEDistributionCopyBCSymbolMapsStep because it said so
2017-09-27 07:38:36 +0000  Skipping step: IDEDistributionCopyBCSymbolMapsStep because it said so
2017-09-27 07:38:36 +0000  Skipping step: IDEDistributionCopyBCSymbolMapsStep because it said so
2017-09-27 07:38:36 +0000  Skipping step: IDEDistributionCopyBCSymbolMapsStep because it said so
2017-09-27 07:38:36 +0000  Skipping step: IDEDistributionCopyBCSymbolMapsStep because it said so
2017-09-27 07:38:36 +0000  Skipping step: IDEDistributionCopyBCSymbolMapsStep because it said so
2017-09-27 07:38:36 +0000  Skipping step: IDEDistributionCopyBCSymbolMapsStep because it said so
2017-09-27 07:38:36 +0000  Skipping step: IDEDistributionCopyBCSymbolMapsStep because it said so
2017-09-27 07:38:36 +0000  Skipping step: IDEDistributionCopyBCSymbolMapsStep because it said so
2017-09-27 07:38:36 +0000  Skipping step: IDEDistributionCopyBCSymbolMapsStep because it said so
2017-09-27 07:38:36 +0000  Skipping step: IDEDistributionCopyBCSymbolMapsStep because it said so
2017-09-27 07:38:36 +0000  Skipping step: IDEDistributionCopyBCSymbolMapsStep because it said so
2017-09-27 07:38:36 +0000  Skipping step: IDEDistributionCopyBCSymbolMapsStep because it said so
2017-09-27 07:38:36 +0000  Skipping step: IDEDistributionCopyBCSymbolMapsStep because it said so
2017-09-27 07:38:36 +0000  Skipping step: IDEDistributionCopyBCSymbolMapsStep because it said so
2017-09-27 07:38:36 +0000  Skipping step: IDEDistributionCopyBCSymbolMapsStep because it said so
2017-09-27 07:38:36 +0000  Skipping step: IDEDistributionCopyBCSymbolMapsStep because it said so
2017-09-27 07:38:36 +0000  Skipping step: IDEDistributionCopyBCSymbolMapsStep because it said so
2017-09-27 07:38:36 +0000  Processing step: IDEDistributionSymbolsStep
2017-09-27 07:38:36 +0000  Skipping step: IDEDistributionSymbolsStep because it said so
2017-09-27 07:38:36 +0000  Skipping step: IDEDistributionSymbolsStep because it said so
2017-09-27 07:38:36 +0000  Skipping step: IDEDistributionSymbolsStep because it said so
2017-09-27 07:38:36 +0000  Skipping step: IDEDistributionSymbolsStep because it said so
2017-09-27 07:38:36 +0000  Skipping step: IDEDistributionSymbolsStep because it said so
2017-09-27 07:38:36 +0000  Skipping step: IDEDistributionSymbolsStep because it said so
2017-09-27 07:38:36 +0000  Skipping step: IDEDistributionSymbolsStep because it said so
2017-09-27 07:38:36 +0000  Skipping step: IDEDistributionSymbolsStep because it said so
2017-09-27 07:38:36 +0000  Skipping step: IDEDistributionSymbolsStep because it said so
2017-09-27 07:38:36 +0000  Skipping step: IDEDistributionSymbolsStep because it said so
2017-09-27 07:38:36 +0000  Skipping step: IDEDistributionSymbolsStep because it said so
2017-09-27 07:38:36 +0000  Skipping step: IDEDistributionSymbolsStep because it said so
2017-09-27 07:38:36 +0000  Skipping step: IDEDistributionSymbolsStep because it said so
2017-09-27 07:38:36 +0000  Skipping step: IDEDistributionSymbolsStep because it said so
2017-09-27 07:38:36 +0000  Skipping step: IDEDistributionSymbolsStep because it said so
2017-09-27 07:38:36 +0000  Skipping step: IDEDistributionSymbolsStep because it said so
2017-09-27 07:38:36 +0000  Skipping step: IDEDistributionSymbolsStep because it said so
2017-09-27 07:38:36 +0000  Skipping step: IDEDistributionSymbolsStep because it said so
2017-09-27 07:38:36 +0000  Skipping step: IDEDistributionSymbolsStep because it said so
2017-09-27 07:38:36 +0000  Skipping step: IDEDistributionSymbolsStep because it said so
2017-09-27 07:38:36 +0000  Skipping step: IDEDistributionSymbolsStep because it said so
2017-09-27 07:38:36 +0000  Skipping step: IDEDistributionSymbolsStep because it said so
2017-09-27 07:38:36 +0000  Processing step: IDEDistributionAppThinningStep
2017-09-27 07:38:36 +0000  Skipping step: IDEDistributionAppThinningStep because it said so
2017-09-27 07:38:36 +0000  Processing step: IDEDistributionODRStep
2017-09-27 07:38:36 +0000  Processing step: IDEDistributionStripXattrsStep
2017-09-27 07:38:36 +0000  Skipping stripping extended attributes of item: <IDEDistributionItem: 0x7fc53d176910 'com.mastercard.ios.MasterpassQRCoreSDKV2' '<DVTFilePath:0x7fc551c05310:'/Users/amri/Library/Developer/Xcode/Archives/2017-09-27/MasterpassQR Demo 27-9-17, 3.37 PM.xcarchive/Products/Applications/MasterpassQR Demo.app/Frameworks/MasterpassQRCoreSDKV2.framework'>'>
2017-09-27 07:38:36 +0000  Skipping stripping extended attributes of item: <IDEDistributionItem: 0x7fc53d10e5e0 'com.mastercard.ios.MasterpassQRScanSDK' '<DVTFilePath:0x7fc53d21d690:'/Users/amri/Library/Developer/Xcode/Archives/2017-09-27/MasterpassQR Demo 27-9-17, 3.37 PM.xcarchive/Products/Applications/MasterpassQR Demo.app/Frameworks/MasterpassQRScanSDK.framework'>'>
2017-09-27 07:38:36 +0000  Skipping stripping extended attributes of item: <IDEDistributionItem: 0x7fc552cdc040 'com.apple.dt.runtime.swiftAVFoundation' '<DVTFilePath:0x7fc53e46e4c0:'/Users/amri/Library/Developer/Xcode/Archives/2017-09-27/MasterpassQR Demo 27-9-17, 3.37 PM.xcarchive/Products/Applications/MasterpassQR Demo.app/Frameworks/libswiftAVFoundation.dylib'>'>
2017-09-27 07:38:36 +0000  Skipping stripping extended attributes of item: <IDEDistributionItem: 0x7fc54ef9bc30 'com.apple.dt.runtime.swiftCore' '<DVTFilePath:0x7fc53e46f230:'/Users/amri/Library/Developer/Xcode/Archives/2017-09-27/MasterpassQR Demo 27-9-17, 3.37 PM.xcarchive/Products/Applications/MasterpassQR Demo.app/Frameworks/libswiftCore.dylib'>'>
2017-09-27 07:38:36 +0000  Skipping stripping extended attributes of item: <IDEDistributionItem: 0x7fc55a6af070 'com.apple.dt.runtime.swiftCoreAudio' '<DVTFilePath:0x7fc552cdb350:'/Users/amri/Library/Developer/Xcode/Archives/2017-09-27/MasterpassQR Demo 27-9-17, 3.37 PM.xcarchive/Products/Applications/MasterpassQR Demo.app/Frameworks/libswiftCoreAudio.dylib'>'>
2017-09-27 07:38:36 +0000  Skipping stripping extended attributes of item: <IDEDistributionItem: 0x7fc55205a540 'com.apple.dt.runtime.swiftCoreData' '<DVTFilePath:0x7fc557ede950:'/Users/amri/Library/Developer/Xcode/Archives/2017-09-27/MasterpassQR Demo 27-9-17, 3.37 PM.xcarchive/Products/Applications/MasterpassQR Demo.app/Frameworks/libswiftCoreData.dylib'>'>
2017-09-27 07:38:36 +0000  Skipping stripping extended attributes of item: <IDEDistributionItem: 0x7fc54f47b8b0 'com.apple.dt.runtime.swiftCoreFoundation' '<DVTFilePath:0x7fc53d17de00:'/Users/amri/Library/Developer/Xcode/Archives/2017-09-27/MasterpassQR Demo 27-9-17, 3.37 PM.xcarchive/Products/Applications/MasterpassQR Demo.app/Frameworks/libswiftCoreFoundation.dylib'>'>
2017-09-27 07:38:36 +0000  Skipping stripping extended attributes of item: <IDEDistributionItem: 0x7fc53e3d8c40 'com.apple.dt.runtime.swiftCoreGraphics' '<DVTFilePath:0x7fc557e82480:'/Users/amri/Library/Developer/Xcode/Archives/2017-09-27/MasterpassQR Demo 27-9-17, 3.37 PM.xcarchive/Products/Applications/MasterpassQR Demo.app/Frameworks/libswiftCoreGraphics.dylib'>'>
2017-09-27 07:38:36 +0000  Skipping stripping extended attributes of item: <IDEDistributionItem: 0x7fc551cb9dd0 'com.apple.dt.runtime.swiftCoreImage' '<DVTFilePath:0x7fc551c20f00:'/Users/amri/Library/Developer/Xcode/Archives/2017-09-27/MasterpassQR Demo 27-9-17, 3.37 PM.xcarchive/Products/Applications/MasterpassQR Demo.app/Frameworks/libswiftCoreImage.dylib'>'>
2017-09-27 07:38:36 +0000  Skipping stripping extended attributes of item: <IDEDistributionItem: 0x7fc53d18fd40 'com.apple.dt.runtime.swiftCoreLocation' '<DVTFilePath:0x7fc54bcb8870:'/Users/amri/Library/Developer/Xcode/Archives/2017-09-27/MasterpassQR Demo 27-9-17, 3.37 PM.xcarchive/Products/Applications/MasterpassQR Demo.app/Frameworks/libswiftCoreLocation.dylib'>'>
2017-09-27 07:38:36 +0000  Skipping stripping extended attributes of item: <IDEDistributionItem: 0x7fc53bd0ff30 'com.apple.dt.runtime.swiftCoreMedia' '<DVTFilePath:0x7fc551c277d0:'/Users/amri/Library/Developer/Xcode/Archives/2017-09-27/MasterpassQR Demo 27-9-17, 3.37 PM.xcarchive/Products/Applications/MasterpassQR Demo.app/Frameworks/libswiftCoreMedia.dylib'>'>
2017-09-27 07:38:36 +0000  Skipping stripping extended attributes of item: <IDEDistributionItem: 0x7fc557b051c0 'com.apple.dt.runtime.swiftDarwin' '<DVTFilePath:0x7fc551edfa90:'/Users/amri/Library/Developer/Xcode/Archives/2017-09-27/MasterpassQR Demo 27-9-17, 3.37 PM.xcarchive/Products/Applications/MasterpassQR Demo.app/Frameworks/libswiftDarwin.dylib'>'>
2017-09-27 07:38:36 +0000  Skipping stripping extended attributes of item: <IDEDistributionItem: 0x7fc551c325b0 'com.apple.dt.runtime.swiftDispatch' '<DVTFilePath:0x7fc551e28700:'/Users/amri/Library/Developer/Xcode/Archives/2017-09-27/MasterpassQR Demo 27-9-17, 3.37 PM.xcarchive/Products/Applications/MasterpassQR Demo.app/Frameworks/libswiftDispatch.dylib'>'>
2017-09-27 07:38:36 +0000  Skipping stripping extended attributes of item: <IDEDistributionItem: 0x7fc5579aeec0 'com.apple.dt.runtime.swiftFoundation' '<DVTFilePath:0x7fc53d2e0200:'/Users/amri/Library/Developer/Xcode/Archives/2017-09-27/MasterpassQR Demo 27-9-17, 3.37 PM.xcarchive/Products/Applications/MasterpassQR Demo.app/Frameworks/libswiftFoundation.dylib'>'>
2017-09-27 07:38:36 +0000  Skipping stripping extended attributes of item: <IDEDistributionItem: 0x7fc53d177650 'com.apple.dt.runtime.swiftMetal' '<DVTFilePath:0x7fc551e470e0:'/Users/amri/Library/Developer/Xcode/Archives/2017-09-27/MasterpassQR Demo 27-9-17, 3.37 PM.xcarchive/Products/Applications/MasterpassQR Demo.app/Frameworks/libswiftMetal.dylib'>'>
2017-09-27 07:38:36 +0000  Skipping stripping extended attributes of item: <IDEDistributionItem: 0x7fc552072a70 'com.apple.dt.runtime.swiftObjectiveC' '<DVTFilePath:0x7fc53e494a60:'/Users/amri/Library/Developer/Xcode/Archives/2017-09-27/MasterpassQR Demo 27-9-17, 3.37 PM.xcarchive/Products/Applications/MasterpassQR Demo.app/Frameworks/libswiftObjectiveC.dylib'>'>
2017-09-27 07:38:36 +0000  Skipping stripping extended attributes of item: <IDEDistributionItem: 0x7fc551c28d90 'com.apple.dt.runtime.swiftPhotos' '<DVTFilePath:0x7fc551c14d10:'/Users/amri/Library/Developer/Xcode/Archives/2017-09-27/MasterpassQR Demo 27-9-17, 3.37 PM.xcarchive/Products/Applications/MasterpassQR Demo.app/Frameworks/libswiftPhotos.dylib'>'>
2017-09-27 07:38:36 +0000  Skipping stripping extended attributes of item: <IDEDistributionItem: 0x7fc53bc76060 'com.apple.dt.runtime.swiftQuartzCore' '<DVTFilePath:0x7fc55a51fc10:'/Users/amri/Library/Developer/Xcode/Archives/2017-09-27/MasterpassQR Demo 27-9-17, 3.37 PM.xcarchive/Products/Applications/MasterpassQR Demo.app/Frameworks/libswiftQuartzCore.dylib'>'>
2017-09-27 07:38:36 +0000  Skipping stripping extended attributes of item: <IDEDistributionItem: 0x7fc53d2f44f0 'com.apple.dt.runtime.swiftUIKit' '<DVTFilePath:0x7fc53d1833c0:'/Users/amri/Library/Developer/Xcode/Archives/2017-09-27/MasterpassQR Demo 27-9-17, 3.37 PM.xcarchive/Products/Applications/MasterpassQR Demo.app/Frameworks/libswiftUIKit.dylib'>'>
2017-09-27 07:38:36 +0000  Skipping stripping extended attributes of item: <IDEDistributionItem: 0x7fc551c44570 'com.apple.dt.runtime.swiftos' '<DVTFilePath:0x7fc53e21c1c0:'/Users/amri/Library/Developer/Xcode/Archives/2017-09-27/MasterpassQR Demo 27-9-17, 3.37 PM.xcarchive/Products/Applications/MasterpassQR Demo.app/Frameworks/libswiftos.dylib'>'>
2017-09-27 07:38:36 +0000  Skipping stripping extended attributes of item: <IDEDistributionItem: 0x7fc551cfa6c0 'com.apple.dt.runtime.swiftsimd' '<DVTFilePath:0x7fc53e034b30:'/Users/amri/Library/Developer/Xcode/Archives/2017-09-27/MasterpassQR Demo 27-9-17, 3.37 PM.xcarchive/Products/Applications/MasterpassQR Demo.app/Frameworks/libswiftsimd.dylib'>'>
2017-09-27 07:38:36 +0000  Running /usr/bin/xattr '-cr' '/var/folders/9k/16d2bz8x33g22q2dn3nc7nyr0000gn/T/XcodeDistPipeline.thx/Root/Payload/MasterpassQR Demo.app'
2017-09-27 07:38:36 +0000  /usr/bin/xattr exited with 0
2017-09-27 07:38:36 +0000  Processing step: IDEDistributionCodesignStep
2017-09-27 07:38:36 +0000  Applying entitlements delta for <IDEDistributionItem: 0x7fc53d176910 'com.mastercard.ios.MasterpassQRCoreSDKV2' '<DVTFilePath:0x7fc551c05310:'/Users/amri/Library/Developer/Xcode/Archives/2017-09-27/MasterpassQR Demo 27-9-17, 3.37 PM.xcarchive/Products/Applications/MasterpassQR Demo.app/Frameworks/MasterpassQRCoreSDKV2.framework'>'> from <IDEiCloudEntitlementsProcessor: 0x7fc551cbc930>: {
}
2017-09-27 07:38:36 +0000  Entitlements for <IDEDistributionItem: 0x7fc53d176910 'com.mastercard.ios.MasterpassQRCoreSDKV2' '<DVTFilePath:0x7fc551c05310:'/Users/amri/Library/Developer/Xcode/Archives/2017-09-27/MasterpassQR Demo 27-9-17, 3.37 PM.xcarchive/Products/Applications/MasterpassQR Demo.app/Frameworks/MasterpassQRCoreSDKV2.framework'>'>: {
}
2017-09-27 07:38:36 +0000  Writing entitlements for <IDEDistributionItem: 0x7fc53d176910 'com.mastercard.ios.MasterpassQRCoreSDKV2' '<DVTFilePath:0x7fc551c05310:'/Users/amri/Library/Developer/Xcode/Archives/2017-09-27/MasterpassQR Demo 27-9-17, 3.37 PM.xcarchive/Products/Applications/MasterpassQR Demo.app/Frameworks/MasterpassQRCoreSDKV2.framework'>'> to: /var/folders/9k/16d2bz8x33g22q2dn3nc7nyr0000gn/T/XcodeDistPipeline.thx/entitlements8RiSBD
2017-09-27 07:38:36 +0000  Running /usr/bin/codesign '-vvv' '--force' '--sign' 'CB9884B82F3F83493389714E86E4CF3B13C269C9' '--preserve-metadata=identifier,flags' '--entitlements' '/var/folders/9k/16d2bz8x33g22q2dn3nc7nyr0000gn/T/XcodeDistPipeline.thx/entitlements8RiSBD' '/var/folders/9k/16d2bz8x33g22q2dn3nc7nyr0000gn/T/XcodeDistPipeline.thx/Root/Payload/MasterpassQR Demo.app/Frameworks/MasterpassQRCoreSDKV2.framework'
2017-09-27 07:38:36 +0000  /var/folders/9k/16d2bz8x33g22q2dn3nc7nyr0000gn/T/XcodeDistPipeline.thx/Root/Payload/MasterpassQR Demo.app/Frameworks/MasterpassQRCoreSDKV2.framework: replacing existing signature
2017-09-27 07:38:38 +0000  /var/folders/9k/16d2bz8x33g22q2dn3nc7nyr0000gn/T/XcodeDistPipeline.thx/Root/Payload/MasterpassQR Demo.app/Frameworks/MasterpassQRCoreSDKV2.framework: signed bundle with Mach-O universal (armv7 x86_64 arm64) [com.mastercard.ios.MasterpassQRCoreSDKV2]
2017-09-27 07:38:38 +0000  /usr/bin/codesign exited with 0
2017-09-27 07:38:38 +0000  Applying entitlements delta for <IDEDistributionItem: 0x7fc53d10e5e0 'com.mastercard.ios.MasterpassQRScanSDK' '<DVTFilePath:0x7fc53d21d690:'/Users/amri/Library/Developer/Xcode/Archives/2017-09-27/MasterpassQR Demo 27-9-17, 3.37 PM.xcarchive/Products/Applications/MasterpassQR Demo.app/Frameworks/MasterpassQRScanSDK.framework'>'> from <IDEiCloudEntitlementsProcessor: 0x7fc54e228580>: {
}
2017-09-27 07:38:38 +0000  Entitlements for <IDEDistributionItem: 0x7fc53d10e5e0 'com.mastercard.ios.MasterpassQRScanSDK' '<DVTFilePath:0x7fc53d21d690:'/Users/amri/Library/Developer/Xcode/Archives/2017-09-27/MasterpassQR Demo 27-9-17, 3.37 PM.xcarchive/Products/Applications/MasterpassQR Demo.app/Frameworks/MasterpassQRScanSDK.framework'>'>: {
}
2017-09-27 07:38:38 +0000  Writing entitlements for <IDEDistributionItem: 0x7fc53d10e5e0 'com.mastercard.ios.MasterpassQRScanSDK' '<DVTFilePath:0x7fc53d21d690:'/Users/amri/Library/Developer/Xcode/Archives/2017-09-27/MasterpassQR Demo 27-9-17, 3.37 PM.xcarchive/Products/Applications/MasterpassQR Demo.app/Frameworks/MasterpassQRScanSDK.framework'>'> to: /var/folders/9k/16d2bz8x33g22q2dn3nc7nyr0000gn/T/XcodeDistPipeline.thx/entitlements8mWsSQ
2017-09-27 07:38:38 +0000  Running /usr/bin/codesign '-vvv' '--force' '--sign' 'CB9884B82F3F83493389714E86E4CF3B13C269C9' '--preserve-metadata=identifier,flags' '--entitlements' '/var/folders/9k/16d2bz8x33g22q2dn3nc7nyr0000gn/T/XcodeDistPipeline.thx/entitlements8mWsSQ' '/var/folders/9k/16d2bz8x33g22q2dn3nc7nyr0000gn/T/XcodeDistPipeline.thx/Root/Payload/MasterpassQR Demo.app/Frameworks/MasterpassQRScanSDK.framework'
2017-09-27 07:38:38 +0000  /var/folders/9k/16d2bz8x33g22q2dn3nc7nyr0000gn/T/XcodeDistPipeline.thx/Root/Payload/MasterpassQR Demo.app/Frameworks/MasterpassQRScanSDK.framework: replacing existing signature
2017-09-27 07:38:38 +0000  /var/folders/9k/16d2bz8x33g22q2dn3nc7nyr0000gn/T/XcodeDistPipeline.thx/Root/Payload/MasterpassQR Demo.app/Frameworks/MasterpassQRScanSDK.framework: signed bundle with Mach-O universal (armv7 arm64) [com.mastercard.ios.MasterpassQRScanSDK]
2017-09-27 07:38:38 +0000  /usr/bin/codesign exited with 0
2017-09-27 07:38:38 +0000  Applying entitlements delta for <IDEDistributionItem: 0x7fc552cdc040 'com.apple.dt.runtime.swiftAVFoundation' '<DVTFilePath:0x7fc53e46e4c0:'/Users/amri/Library/Developer/Xcode/Archives/2017-09-27/MasterpassQR Demo 27-9-17, 3.37 PM.xcarchive/Products/Applications/MasterpassQR Demo.app/Frameworks/libswiftAVFoundation.dylib'>'> from <IDEiCloudEntitlementsProcessor: 0x7fc53d10eca0>: {
}
2017-09-27 07:38:38 +0000  Entitlements for <IDEDistributionItem: 0x7fc552cdc040 'com.apple.dt.runtime.swiftAVFoundation' '<DVTFilePath:0x7fc53e46e4c0:'/Users/amri/Library/Developer/Xcode/Archives/2017-09-27/MasterpassQR Demo 27-9-17, 3.37 PM.xcarchive/Products/Applications/MasterpassQR Demo.app/Frameworks/libswiftAVFoundation.dylib'>'>: {
}
2017-09-27 07:38:38 +0000  Writing entitlements for <IDEDistributionItem: 0x7fc552cdc040 'com.apple.dt.runtime.swiftAVFoundation' '<DVTFilePath:0x7fc53e46e4c0:'/Users/amri/Library/Developer/Xcode/Archives/2017-09-27/MasterpassQR Demo 27-9-17, 3.37 PM.xcarchive/Products/Applications/MasterpassQR Demo.app/Frameworks/libswiftAVFoundation.dylib'>'> to: /var/folders/9k/16d2bz8x33g22q2dn3nc7nyr0000gn/T/XcodeDistPipeline.thx/entitlementsKD8fi6
2017-09-27 07:38:38 +0000  Running /usr/bin/codesign '-vvv' '--force' '--sign' 'CB9884B82F3F83493389714E86E4CF3B13C269C9' '--preserve-metadata=identifier,flags' '--entitlements' '/var/folders/9k/16d2bz8x33g22q2dn3nc7nyr0000gn/T/XcodeDistPipeline.thx/entitlementsKD8fi6' '/var/folders/9k/16d2bz8x33g22q2dn3nc7nyr0000gn/T/XcodeDistPipeline.thx/Root/Payload/MasterpassQR Demo.app/Frameworks/libswiftAVFoundation.dylib'
2017-09-27 07:38:38 +0000  /var/folders/9k/16d2bz8x33g22q2dn3nc7nyr0000gn/T/XcodeDistPipeline.thx/Root/Payload/MasterpassQR Demo.app/Frameworks/libswiftAVFoundation.dylib: replacing existing signature
2017-09-27 07:38:38 +0000  /var/folders/9k/16d2bz8x33g22q2dn3nc7nyr0000gn/T/XcodeDistPipeline.thx/Root/Payload/MasterpassQR Demo.app/Frameworks/libswiftAVFoundation.dylib: signed Mach-O universal (armv7 armv7s arm64) [com.apple.dt.runtime.swiftAVFoundation]
2017-09-27 07:38:38 +0000  /usr/bin/codesign exited with 0
2017-09-27 07:38:38 +0000  Applying entitlements delta for <IDEDistributionItem: 0x7fc54ef9bc30 'com.apple.dt.runtime.swiftCore' '<DVTFilePath:0x7fc53e46f230:'/Users/amri/Library/Developer/Xcode/Archives/2017-09-27/MasterpassQR Demo 27-9-17, 3.37 PM.xcarchive/Products/Applications/MasterpassQR Demo.app/Frameworks/libswiftCore.dylib'>'> from <IDEiCloudEntitlementsProcessor: 0x7fc53d20d170>: {
}
2017-09-27 07:38:38 +0000  Entitlements for <IDEDistributionItem: 0x7fc54ef9bc30 'com.apple.dt.runtime.swiftCore' '<DVTFilePath:0x7fc53e46f230:'/Users/amri/Library/Developer/Xcode/Archives/2017-09-27/MasterpassQR Demo 27-9-17, 3.37 PM.xcarchive/Products/Applications/MasterpassQR Demo.app/Frameworks/libswiftCore.dylib'>'>: {
}
2017-09-27 07:38:38 +0000  Writing entitlements for <IDEDistributionItem: 0x7fc54ef9bc30 'com.apple.dt.runtime.swiftCore' '<DVTFilePath:0x7fc53e46f230:'/Users/amri/Library/Developer/Xcode/Archives/2017-09-27/MasterpassQR Demo 27-9-17, 3.37 PM.xcarchive/Products/Applications/MasterpassQR Demo.app/Frameworks/libswiftCore.dylib'>'> to: /var/folders/9k/16d2bz8x33g22q2dn3nc7nyr0000gn/T/XcodeDistPipeline.thx/entitlements3K4rjF
2017-09-27 07:38:38 +0000  Running /usr/bin/codesign '-vvv' '--force' '--sign' 'CB9884B82F3F83493389714E86E4CF3B13C269C9' '--preserve-metadata=identifier,flags' '--entitlements' '/var/folders/9k/16d2bz8x33g22q2dn3nc7nyr0000gn/T/XcodeDistPipeline.thx/entitlements3K4rjF' '/var/folders/9k/16d2bz8x33g22q2dn3nc7nyr0000gn/T/XcodeDistPipeline.thx/Root/Payload/MasterpassQR Demo.app/Frameworks/libswiftCore.dylib'
2017-09-27 07:38:38 +0000  /var/folders/9k/16d2bz8x33g22q2dn3nc7nyr0000gn/T/XcodeDistPipeline.thx/Root/Payload/MasterpassQR Demo.app/Frameworks/libswiftCore.dylib: replacing existing signature
2017-09-27 07:38:39 +0000  /var/folders/9k/16d2bz8x33g22q2dn3nc7nyr0000gn/T/XcodeDistPipeline.thx/Root/Payload/MasterpassQR Demo.app/Frameworks/libswiftCore.dylib: signed Mach-O universal (armv7 armv7s arm64) [com.apple.dt.runtime.swiftCore]
2017-09-27 07:38:39 +0000  /usr/bin/codesign exited with 0
2017-09-27 07:38:39 +0000  Applying entitlements delta for <IDEDistributionItem: 0x7fc55a6af070 'com.apple.dt.runtime.swiftCoreAudio' '<DVTFilePath:0x7fc552cdb350:'/Users/amri/Library/Developer/Xcode/Archives/2017-09-27/MasterpassQR Demo 27-9-17, 3.37 PM.xcarchive/Products/Applications/MasterpassQR Demo.app/Frameworks/libswiftCoreAudio.dylib'>'> from <IDEiCloudEntitlementsProcessor: 0x7fc557a67cb0>: {
}
2017-09-27 07:38:39 +0000  Entitlements for <IDEDistributionItem: 0x7fc55a6af070 'com.apple.dt.runtime.swiftCoreAudio' '<DVTFilePath:0x7fc552cdb350:'/Users/amri/Library/Developer/Xcode/Archives/2017-09-27/MasterpassQR Demo 27-9-17, 3.37 PM.xcarchive/Products/Applications/MasterpassQR Demo.app/Frameworks/libswiftCoreAudio.dylib'>'>: {
}
2017-09-27 07:38:39 +0000  Writing entitlements for <IDEDistributionItem: 0x7fc55a6af070 'com.apple.dt.runtime.swiftCoreAudio' '<DVTFilePath:0x7fc552cdb350:'/Users/amri/Library/Developer/Xcode/Archives/2017-09-27/MasterpassQR Demo 27-9-17, 3.37 PM.xcarchive/Products/Applications/MasterpassQR Demo.app/Frameworks/libswiftCoreAudio.dylib'>'> to: /var/folders/9k/16d2bz8x33g22q2dn3nc7nyr0000gn/T/XcodeDistPipeline.thx/entitlementsoYHIHJ
2017-09-27 07:38:39 +0000  Running /usr/bin/codesign '-vvv' '--force' '--sign' 'CB9884B82F3F83493389714E86E4CF3B13C269C9' '--preserve-metadata=identifier,flags' '--entitlements' '/var/folders/9k/16d2bz8x33g22q2dn3nc7nyr0000gn/T/XcodeDistPipeline.thx/entitlementsoYHIHJ' '/var/folders/9k/16d2bz8x33g22q2dn3nc7nyr0000gn/T/XcodeDistPipeline.thx/Root/Payload/MasterpassQR Demo.app/Frameworks/libswiftCoreAudio.dylib'
2017-09-27 07:38:39 +0000  /var/folders/9k/16d2bz8x33g22q2dn3nc7nyr0000gn/T/XcodeDistPipeline.thx/Root/Payload/MasterpassQR Demo.app/Frameworks/libswiftCoreAudio.dylib: replacing existing signature
2017-09-27 07:38:39 +0000  /var/folders/9k/16d2bz8x33g22q2dn3nc7nyr0000gn/T/XcodeDistPipeline.thx/Root/Payload/MasterpassQR Demo.app/Frameworks/libswiftCoreAudio.dylib: signed Mach-O universal (armv7 armv7s arm64) [com.apple.dt.runtime.swiftCoreAudio]
2017-09-27 07:38:39 +0000  /usr/bin/codesign exited with 0
2017-09-27 07:38:39 +0000  Applying entitlements delta for <IDEDistributionItem: 0x7fc55205a540 'com.apple.dt.runtime.swiftCoreData' '<DVTFilePath:0x7fc557ede950:'/Users/amri/Library/Developer/Xcode/Archives/2017-09-27/MasterpassQR Demo 27-9-17, 3.37 PM.xcarchive/Products/Applications/MasterpassQR Demo.app/Frameworks/libswiftCoreData.dylib'>'> from <IDEiCloudEntitlementsProcessor: 0x7fc551ceae10>: {
}
2017-09-27 07:38:39 +0000  Entitlements for <IDEDistributionItem: 0x7fc55205a540 'com.apple.dt.runtime.swiftCoreData' '<DVTFilePath:0x7fc557ede950:'/Users/amri/Library/Developer/Xcode/Archives/2017-09-27/MasterpassQR Demo 27-9-17, 3.37 PM.xcarchive/Products/Applications/MasterpassQR Demo.app/Frameworks/libswiftCoreData.dylib'>'>: {
}
2017-09-27 07:38:39 +0000  Writing entitlements for <IDEDistributionItem: 0x7fc55205a540 'com.apple.dt.runtime.swiftCoreData' '<DVTFilePath:0x7fc557ede950:'/Users/amri/Library/Developer/Xcode/Archives/2017-09-27/MasterpassQR Demo 27-9-17, 3.37 PM.xcarchive/Products/Applications/MasterpassQR Demo.app/Frameworks/libswiftCoreData.dylib'>'> to: /var/folders/9k/16d2bz8x33g22q2dn3nc7nyr0000gn/T/XcodeDistPipeline.thx/entitlementsbir9Gk
2017-09-27 07:38:39 +0000  Running /usr/bin/codesign '-vvv' '--force' '--sign' 'CB9884B82F3F83493389714E86E4CF3B13C269C9' '--preserve-metadata=identifier,flags' '--entitlements' '/var/folders/9k/16d2bz8x33g22q2dn3nc7nyr0000gn/T/XcodeDistPipeline.thx/entitlementsbir9Gk' '/var/folders/9k/16d2bz8x33g22q2dn3nc7nyr0000gn/T/XcodeDistPipeline.thx/Root/Payload/MasterpassQR Demo.app/Frameworks/libswiftCoreData.dylib'
2017-09-27 07:38:39 +0000  /var/folders/9k/16d2bz8x33g22q2dn3nc7nyr0000gn/T/XcodeDistPipeline.thx/Root/Payload/MasterpassQR Demo.app/Frameworks/libswiftCoreData.dylib: replacing existing signature
2017-09-27 07:38:39 +0000  /var/folders/9k/16d2bz8x33g22q2dn3nc7nyr0000gn/T/XcodeDistPipeline.thx/Root/Payload/MasterpassQR Demo.app/Frameworks/libswiftCoreData.dylib: signed Mach-O universal (armv7 armv7s arm64) [com.apple.dt.runtime.swiftCoreData]
2017-09-27 07:38:39 +0000  /usr/bin/codesign exited with 0
2017-09-27 07:38:39 +0000  Applying entitlements delta for <IDEDistributionItem: 0x7fc54f47b8b0 'com.apple.dt.runtime.swiftCoreFoundation' '<DVTFilePath:0x7fc53d17de00:'/Users/amri/Library/Developer/Xcode/Archives/2017-09-27/MasterpassQR Demo 27-9-17, 3.37 PM.xcarchive/Products/Applications/MasterpassQR Demo.app/Frameworks/libswiftCoreFoundation.dylib'>'> from <IDEiCloudEntitlementsProcessor: 0x7fc551c877d0>: {
}
2017-09-27 07:38:39 +0000  Entitlements for <IDEDistributionItem: 0x7fc54f47b8b0 'com.apple.dt.runtime.swiftCoreFoundation' '<DVTFilePath:0x7fc53d17de00:'/Users/amri/Library/Developer/Xcode/Archives/2017-09-27/MasterpassQR Demo 27-9-17, 3.37 PM.xcarchive/Products/Applications/MasterpassQR Demo.app/Frameworks/libswiftCoreFoundation.dylib'>'>: {
}
2017-09-27 07:38:39 +0000  Writing entitlements for <IDEDistributionItem: 0x7fc54f47b8b0 'com.apple.dt.runtime.swiftCoreFoundation' '<DVTFilePath:0x7fc53d17de00:'/Users/amri/Library/Developer/Xcode/Archives/2017-09-27/MasterpassQR Demo 27-9-17, 3.37 PM.xcarchive/Products/Applications/MasterpassQR Demo.app/Frameworks/libswiftCoreFoundation.dylib'>'> to: /var/folders/9k/16d2bz8x33g22q2dn3nc7nyr0000gn/T/XcodeDistPipeline.thx/entitlementsg0RUoQ
2017-09-27 07:38:39 +0000  Running /usr/bin/codesign '-vvv' '--force' '--sign' 'CB9884B82F3F83493389714E86E4CF3B13C269C9' '--preserve-metadata=identifier,flags' '--entitlements' '/var/folders/9k/16d2bz8x33g22q2dn3nc7nyr0000gn/T/XcodeDistPipeline.thx/entitlementsg0RUoQ' '/var/folders/9k/16d2bz8x33g22q2dn3nc7nyr0000gn/T/XcodeDistPipeline.thx/Root/Payload/MasterpassQR Demo.app/Frameworks/libswiftCoreFoundation.dylib'
2017-09-27 07:38:39 +0000  /var/folders/9k/16d2bz8x33g22q2dn3nc7nyr0000gn/T/XcodeDistPipeline.thx/Root/Payload/MasterpassQR Demo.app/Frameworks/libswiftCoreFoundation.dylib: replacing existing signature
2017-09-27 07:38:39 +0000  /var/folders/9k/16d2bz8x33g22q2dn3nc7nyr0000gn/T/XcodeDistPipeline.thx/Root/Payload/MasterpassQR Demo.app/Frameworks/libswiftCoreFoundation.dylib: signed Mach-O universal (armv7 armv7s arm64) [com.apple.dt.runtime.swiftCoreFoundation]
2017-09-27 07:38:39 +0000  /usr/bin/codesign exited with 0
2017-09-27 07:38:39 +0000  Applying entitlements delta for <IDEDistributionItem: 0x7fc53e3d8c40 'com.apple.dt.runtime.swiftCoreGraphics' '<DVTFilePath:0x7fc557e82480:'/Users/amri/Library/Developer/Xcode/Archives/2017-09-27/MasterpassQR Demo 27-9-17, 3.37 PM.xcarchive/Products/Applications/MasterpassQR Demo.app/Frameworks/libswiftCoreGraphics.dylib'>'> from <IDEiCloudEntitlementsProcessor: 0x7fc551e40520>: {
}
2017-09-27 07:38:39 +0000  Entitlements for <IDEDistributionItem: 0x7fc53e3d8c40 'com.apple.dt.runtime.swiftCoreGraphics' '<DVTFilePath:0x7fc557e82480:'/Users/amri/Library/Developer/Xcode/Archives/2017-09-27/MasterpassQR Demo 27-9-17, 3.37 PM.xcarchive/Products/Applications/MasterpassQR Demo.app/Frameworks/libswiftCoreGraphics.dylib'>'>: {
}
2017-09-27 07:38:39 +0000  Writing entitlements for <IDEDistributionItem: 0x7fc53e3d8c40 'com.apple.dt.runtime.swiftCoreGraphics' '<DVTFilePath:0x7fc557e82480:'/Users/amri/Library/Developer/Xcode/Archives/2017-09-27/MasterpassQR Demo 27-9-17, 3.37 PM.xcarchive/Products/Applications/MasterpassQR Demo.app/Frameworks/libswiftCoreGraphics.dylib'>'> to: /var/folders/9k/16d2bz8x33g22q2dn3nc7nyr0000gn/T/XcodeDistPipeline.thx/entitlements71HPaY
2017-09-27 07:38:39 +0000  Running /usr/bin/codesign '-vvv' '--force' '--sign' 'CB9884B82F3F83493389714E86E4CF3B13C269C9' '--preserve-metadata=identifier,flags' '--entitlements' '/var/folders/9k/16d2bz8x33g22q2dn3nc7nyr0000gn/T/XcodeDistPipeline.thx/entitlements71HPaY' '/var/folders/9k/16d2bz8x33g22q2dn3nc7nyr0000gn/T/XcodeDistPipeline.thx/Root/Payload/MasterpassQR Demo.app/Frameworks/libswiftCoreGraphics.dylib'
2017-09-27 07:38:39 +0000  /var/folders/9k/16d2bz8x33g22q2dn3nc7nyr0000gn/T/XcodeDistPipeline.thx/Root/Payload/MasterpassQR Demo.app/Frameworks/libswiftCoreGraphics.dylib: replacing existing signature
2017-09-27 07:38:39 +0000  /var/folders/9k/16d2bz8x33g22q2dn3nc7nyr0000gn/T/XcodeDistPipeline.thx/Root/Payload/MasterpassQR Demo.app/Frameworks/libswiftCoreGraphics.dylib: signed Mach-O universal (armv7 armv7s arm64) [com.apple.dt.runtime.swiftCoreGraphics]
2017-09-27 07:38:39 +0000  /usr/bin/codesign exited with 0
2017-09-27 07:38:39 +0000  Applying entitlements delta for <IDEDistributionItem: 0x7fc551cb9dd0 'com.apple.dt.runtime.swiftCoreImage' '<DVTFilePath:0x7fc551c20f00:'/Users/amri/Library/Developer/Xcode/Archives/2017-09-27/MasterpassQR Demo 27-9-17, 3.37 PM.xcarchive/Products/Applications/MasterpassQR Demo.app/Frameworks/libswiftCoreImage.dylib'>'> from <IDEiCloudEntitlementsProcessor: 0x7fc53d182850>: {
}
2017-09-27 07:38:39 +0000  Entitlements for <IDEDistributionItem: 0x7fc551cb9dd0 'com.apple.dt.runtime.swiftCoreImage' '<DVTFilePath:0x7fc551c20f00:'/Users/amri/Library/Developer/Xcode/Archives/2017-09-27/MasterpassQR Demo 27-9-17, 3.37 PM.xcarchive/Products/Applications/MasterpassQR Demo.app/Frameworks/libswiftCoreImage.dylib'>'>: {
}
2017-09-27 07:38:39 +0000  Writing entitlements for <IDEDistributionItem: 0x7fc551cb9dd0 'com.apple.dt.runtime.swiftCoreImage' '<DVTFilePath:0x7fc551c20f00:'/Users/amri/Library/Developer/Xcode/Archives/2017-09-27/MasterpassQR Demo 27-9-17, 3.37 PM.xcarchive/Products/Applications/MasterpassQR Demo.app/Frameworks/libswiftCoreImage.dylib'>'> to: /var/folders/9k/16d2bz8x33g22q2dn3nc7nyr0000gn/T/XcodeDistPipeline.thx/entitlementshw11ik
2017-09-27 07:38:39 +0000  Running /usr/bin/codesign '-vvv' '--force' '--sign' 'CB9884B82F3F83493389714E86E4CF3B13C269C9' '--preserve-metadata=identifier,flags' '--entitlements' '/var/folders/9k/16d2bz8x33g22q2dn3nc7nyr0000gn/T/XcodeDistPipeline.thx/entitlementshw11ik' '/var/folders/9k/16d2bz8x33g22q2dn3nc7nyr0000gn/T/XcodeDistPipeline.thx/Root/Payload/MasterpassQR Demo.app/Frameworks/libswiftCoreImage.dylib'
2017-09-27 07:38:39 +0000  /var/folders/9k/16d2bz8x33g22q2dn3nc7nyr0000gn/T/XcodeDistPipeline.thx/Root/Payload/MasterpassQR Demo.app/Frameworks/libswiftCoreImage.dylib: replacing existing signature
2017-09-27 07:38:39 +0000  /var/folders/9k/16d2bz8x33g22q2dn3nc7nyr0000gn/T/XcodeDistPipeline.thx/Root/Payload/MasterpassQR Demo.app/Frameworks/libswiftCoreImage.dylib: signed Mach-O universal (armv7 armv7s arm64) [com.apple.dt.runtime.swiftCoreImage]
2017-09-27 07:38:39 +0000  /usr/bin/codesign exited with 0
2017-09-27 07:38:39 +0000  Applying entitlements delta for <IDEDistributionItem: 0x7fc53d18fd40 'com.apple.dt.runtime.swiftCoreLocation' '<DVTFilePath:0x7fc54bcb8870:'/Users/amri/Library/Developer/Xcode/Archives/2017-09-27/MasterpassQR Demo 27-9-17, 3.37 PM.xcarchive/Products/Applications/MasterpassQR Demo.app/Frameworks/libswiftCoreLocation.dylib'>'> from <IDEiCloudEntitlementsProcessor: 0x7fc557e499f0>: {
}
2017-09-27 07:38:39 +0000  Entitlements for <IDEDistributionItem: 0x7fc53d18fd40 'com.apple.dt.runtime.swiftCoreLocation' '<DVTFilePath:0x7fc54bcb8870:'/Users/amri/Library/Developer/Xcode/Archives/2017-09-27/MasterpassQR Demo 27-9-17, 3.37 PM.xcarchive/Products/Applications/MasterpassQR Demo.app/Frameworks/libswiftCoreLocation.dylib'>'>: {
}
2017-09-27 07:38:39 +0000  Writing entitlements for <IDEDistributionItem: 0x7fc53d18fd40 'com.apple.dt.runtime.swiftCoreLocation' '<DVTFilePath:0x7fc54bcb8870:'/Users/amri/Library/Developer/Xcode/Archives/2017-09-27/MasterpassQR Demo 27-9-17, 3.37 PM.xcarchive/Products/Applications/MasterpassQR Demo.app/Frameworks/libswiftCoreLocation.dylib'>'> to: /var/folders/9k/16d2bz8x33g22q2dn3nc7nyr0000gn/T/XcodeDistPipeline.thx/entitlementsyKRtpV
2017-09-27 07:38:39 +0000  Running /usr/bin/codesign '-vvv' '--force' '--sign' 'CB9884B82F3F83493389714E86E4CF3B13C269C9' '--preserve-metadata=identifier,flags' '--entitlements' '/var/folders/9k/16d2bz8x33g22q2dn3nc7nyr0000gn/T/XcodeDistPipeline.thx/entitlementsyKRtpV' '/var/folders/9k/16d2bz8x33g22q2dn3nc7nyr0000gn/T/XcodeDistPipeline.thx/Root/Payload/MasterpassQR Demo.app/Frameworks/libswiftCoreLocation.dylib'
2017-09-27 07:38:39 +0000  /var/folders/9k/16d2bz8x33g22q2dn3nc7nyr0000gn/T/XcodeDistPipeline.thx/Root/Payload/MasterpassQR Demo.app/Frameworks/libswiftCoreLocation.dylib: replacing existing signature
2017-09-27 07:38:39 +0000  /var/folders/9k/16d2bz8x33g22q2dn3nc7nyr0000gn/T/XcodeDistPipeline.thx/Root/Payload/MasterpassQR Demo.app/Frameworks/libswiftCoreLocation.dylib: signed Mach-O universal (armv7 armv7s arm64) [com.apple.dt.runtime.swiftCoreLocation]
2017-09-27 07:38:39 +0000  /usr/bin/codesign exited with 0
2017-09-27 07:38:39 +0000  Applying entitlements delta for <IDEDistributionItem: 0x7fc53bd0ff30 'com.apple.dt.runtime.swiftCoreMedia' '<DVTFilePath:0x7fc551c277d0:'/Users/amri/Library/Developer/Xcode/Archives/2017-09-27/MasterpassQR Demo 27-9-17, 3.37 PM.xcarchive/Products/Applications/MasterpassQR Demo.app/Frameworks/libswiftCoreMedia.dylib'>'> from <IDEiCloudEntitlementsProcessor: 0x7fc54f530740>: {
}
2017-09-27 07:38:39 +0000  Entitlements for <IDEDistributionItem: 0x7fc53bd0ff30 'com.apple.dt.runtime.swiftCoreMedia' '<DVTFilePath:0x7fc551c277d0:'/Users/amri/Library/Developer/Xcode/Archives/2017-09-27/MasterpassQR Demo 27-9-17, 3.37 PM.xcarchive/Products/Applications/MasterpassQR Demo.app/Frameworks/libswiftCoreMedia.dylib'>'>: {
}
2017-09-27 07:38:39 +0000  Writing entitlements for <IDEDistributionItem: 0x7fc53bd0ff30 'com.apple.dt.runtime.swiftCoreMedia' '<DVTFilePath:0x7fc551c277d0:'/Users/amri/Library/Developer/Xcode/Archives/2017-09-27/MasterpassQR Demo 27-9-17, 3.37 PM.xcarchive/Products/Applications/MasterpassQR Demo.app/Frameworks/libswiftCoreMedia.dylib'>'> to: /var/folders/9k/16d2bz8x33g22q2dn3nc7nyr0000gn/T/XcodeDistPipeline.thx/entitlementswoo8eO
2017-09-27 07:38:39 +0000  Running /usr/bin/codesign '-vvv' '--force' '--sign' 'CB9884B82F3F83493389714E86E4CF3B13C269C9' '--preserve-metadata=identifier,flags' '--entitlements' '/var/folders/9k/16d2bz8x33g22q2dn3nc7nyr0000gn/T/XcodeDistPipeline.thx/entitlementswoo8eO' '/var/folders/9k/16d2bz8x33g22q2dn3nc7nyr0000gn/T/XcodeDistPipeline.thx/Root/Payload/MasterpassQR Demo.app/Frameworks/libswiftCoreMedia.dylib'
2017-09-27 07:38:39 +0000  /var/folders/9k/16d2bz8x33g22q2dn3nc7nyr0000gn/T/XcodeDistPipeline.thx/Root/Payload/MasterpassQR Demo.app/Frameworks/libswiftCoreMedia.dylib: replacing existing signature
2017-09-27 07:38:40 +0000  /var/folders/9k/16d2bz8x33g22q2dn3nc7nyr0000gn/T/XcodeDistPipeline.thx/Root/Payload/MasterpassQR Demo.app/Frameworks/libswiftCoreMedia.dylib: signed Mach-O universal (armv7 armv7s arm64) [com.apple.dt.runtime.swiftCoreMedia]
2017-09-27 07:38:40 +0000  /usr/bin/codesign exited with 0
2017-09-27 07:38:40 +0000  Applying entitlements delta for <IDEDistributionItem: 0x7fc557b051c0 'com.apple.dt.runtime.swiftDarwin' '<DVTFilePath:0x7fc551edfa90:'/Users/amri/Library/Developer/Xcode/Archives/2017-09-27/MasterpassQR Demo 27-9-17, 3.37 PM.xcarchive/Products/Applications/MasterpassQR Demo.app/Frameworks/libswiftDarwin.dylib'>'> from <IDEiCloudEntitlementsProcessor: 0x7fc53bc22ed0>: {
}
2017-09-27 07:38:40 +0000  Entitlements for <IDEDistributionItem: 0x7fc557b051c0 'com.apple.dt.runtime.swiftDarwin' '<DVTFilePath:0x7fc551edfa90:'/Users/amri/Library/Developer/Xcode/Archives/2017-09-27/MasterpassQR Demo 27-9-17, 3.37 PM.xcarchive/Products/Applications/MasterpassQR Demo.app/Frameworks/libswiftDarwin.dylib'>'>: {
}
2017-09-27 07:38:40 +0000  Writing entitlements for <IDEDistributionItem: 0x7fc557b051c0 'com.apple.dt.runtime.swiftDarwin' '<DVTFilePath:0x7fc551edfa90:'/Users/amri/Library/Developer/Xcode/Archives/2017-09-27/MasterpassQR Demo 27-9-17, 3.37 PM.xcarchive/Products/Applications/MasterpassQR Demo.app/Frameworks/libswiftDarwin.dylib'>'> to: /var/folders/9k/16d2bz8x33g22q2dn3nc7nyr0000gn/T/XcodeDistPipeline.thx/entitlementsxjc1Fj
2017-09-27 07:38:40 +0000  Running /usr/bin/codesign '-vvv' '--force' '--sign' 'CB9884B82F3F83493389714E86E4CF3B13C269C9' '--preserve-metadata=identifier,flags' '--entitlements' '/var/folders/9k/16d2bz8x33g22q2dn3nc7nyr0000gn/T/XcodeDistPipeline.thx/entitlementsxjc1Fj' '/var/folders/9k/16d2bz8x33g22q2dn3nc7nyr0000gn/T/XcodeDistPipeline.thx/Root/Payload/MasterpassQR Demo.app/Frameworks/libswiftDarwin.dylib'
2017-09-27 07:38:40 +0000  /var/folders/9k/16d2bz8x33g22q2dn3nc7nyr0000gn/T/XcodeDistPipeline.thx/Root/Payload/MasterpassQR Demo.app/Frameworks/libswiftDarwin.dylib: replacing existing signature
2017-09-27 07:38:40 +0000  /var/folders/9k/16d2bz8x33g22q2dn3nc7nyr0000gn/T/XcodeDistPipeline.thx/Root/Payload/MasterpassQR Demo.app/Frameworks/libswiftDarwin.dylib: signed Mach-O universal (armv7 armv7s arm64) [com.apple.dt.runtime.swiftDarwin]
2017-09-27 07:38:40 +0000  /usr/bin/codesign exited with 0
2017-09-27 07:38:40 +0000  Applying entitlements delta for <IDEDistributionItem: 0x7fc551c325b0 'com.apple.dt.runtime.swiftDispatch' '<DVTFilePath:0x7fc551e28700:'/Users/amri/Library/Developer/Xcode/Archives/2017-09-27/MasterpassQR Demo 27-9-17, 3.37 PM.xcarchive/Products/Applications/MasterpassQR Demo.app/Frameworks/libswiftDispatch.dylib'>'> from <IDEiCloudEntitlementsProcessor: 0x7fc551ab18c0>: {
}
2017-09-27 07:38:40 +0000  Entitlements for <IDEDistributionItem: 0x7fc551c325b0 'com.apple.dt.runtime.swiftDispatch' '<DVTFilePath:0x7fc551e28700:'/Users/amri/Library/Developer/Xcode/Archives/2017-09-27/MasterpassQR Demo 27-9-17, 3.37 PM.xcarchive/Products/Applications/MasterpassQR Demo.app/Frameworks/libswiftDispatch.dylib'>'>: {
}
2017-09-27 07:38:40 +0000  Writing entitlements for <IDEDistributionItem: 0x7fc551c325b0 'com.apple.dt.runtime.swiftDispatch' '<DVTFilePath:0x7fc551e28700:'/Users/amri/Library/Developer/Xcode/Archives/2017-09-27/MasterpassQR Demo 27-9-17, 3.37 PM.xcarchive/Products/Applications/MasterpassQR Demo.app/Frameworks/libswiftDispatch.dylib'>'> to: /var/folders/9k/16d2bz8x33g22q2dn3nc7nyr0000gn/T/XcodeDistPipeline.thx/entitlementsHZhvsJ
2017-09-27 07:38:40 +0000  Running /usr/bin/codesign '-vvv' '--force' '--sign' 'CB9884B82F3F83493389714E86E4CF3B13C269C9' '--preserve-metadata=identifier,flags' '--entitlements' '/var/folders/9k/16d2bz8x33g22q2dn3nc7nyr0000gn/T/XcodeDistPipeline.thx/entitlementsHZhvsJ' '/var/folders/9k/16d2bz8x33g22q2dn3nc7nyr0000gn/T/XcodeDistPipeline.thx/Root/Payload/MasterpassQR Demo.app/Frameworks/libswiftDispatch.dylib'
2017-09-27 07:38:40 +0000  /var/folders/9k/16d2bz8x33g22q2dn3nc7nyr0000gn/T/XcodeDistPipeline.thx/Root/Payload/MasterpassQR Demo.app/Frameworks/libswiftDispatch.dylib: replacing existing signature
2017-09-27 07:38:40 +0000  /var/folders/9k/16d2bz8x33g22q2dn3nc7nyr0000gn/T/XcodeDistPipeline.thx/Root/Payload/MasterpassQR Demo.app/Frameworks/libswiftDispatch.dylib: signed Mach-O universal (armv7 armv7s arm64) [com.apple.dt.runtime.swiftDispatch]
2017-09-27 07:38:40 +0000  /usr/bin/codesign exited with 0
2017-09-27 07:38:40 +0000  Applying entitlements delta for <IDEDistributionItem: 0x7fc5579aeec0 'com.apple.dt.runtime.swiftFoundation' '<DVTFilePath:0x7fc53d2e0200:'/Users/amri/Library/Developer/Xcode/Archives/2017-09-27/MasterpassQR Demo 27-9-17, 3.37 PM.xcarchive/Products/Applications/MasterpassQR Demo.app/Frameworks/libswiftFoundation.dylib'>'> from <IDEiCloudEntitlementsProcessor: 0x7fc551cd8820>: {
}
2017-09-27 07:38:40 +0000  Entitlements for <IDEDistributionItem: 0x7fc5579aeec0 'com.apple.dt.runtime.swiftFoundation' '<DVTFilePath:0x7fc53d2e0200:'/Users/amri/Library/Developer/Xcode/Archives/2017-09-27/MasterpassQR Demo 27-9-17, 3.37 PM.xcarchive/Products/Applications/MasterpassQR Demo.app/Frameworks/libswiftFoundation.dylib'>'>: {
}
2017-09-27 07:38:40 +0000  Writing entitlements for <IDEDistributionItem: 0x7fc5579aeec0 'com.apple.dt.runtime.swiftFoundation' '<DVTFilePath:0x7fc53d2e0200:'/Users/amri/Library/Developer/Xcode/Archives/2017-09-27/MasterpassQR Demo 27-9-17, 3.37 PM.xcarchive/Products/Applications/MasterpassQR Demo.app/Frameworks/libswiftFoundation.dylib'>'> to: /var/folders/9k/16d2bz8x33g22q2dn3nc7nyr0000gn/T/XcodeDistPipeline.thx/entitlementsXQqq38
2017-09-27 07:38:40 +0000  Running /usr/bin/codesign '-vvv' '--force' '--sign' 'CB9884B82F3F83493389714E86E4CF3B13C269C9' '--preserve-metadata=identifier,flags' '--entitlements' '/var/folders/9k/16d2bz8x33g22q2dn3nc7nyr0000gn/T/XcodeDistPipeline.thx/entitlementsXQqq38' '/var/folders/9k/16d2bz8x33g22q2dn3nc7nyr0000gn/T/XcodeDistPipeline.thx/Root/Payload/MasterpassQR Demo.app/Frameworks/libswiftFoundation.dylib'
2017-09-27 07:38:40 +0000  /var/folders/9k/16d2bz8x33g22q2dn3nc7nyr0000gn/T/XcodeDistPipeline.thx/Root/Payload/MasterpassQR Demo.app/Frameworks/libswiftFoundation.dylib: replacing existing signature
2017-09-27 07:38:40 +0000  /var/folders/9k/16d2bz8x33g22q2dn3nc7nyr0000gn/T/XcodeDistPipeline.thx/Root/Payload/MasterpassQR Demo.app/Frameworks/libswiftFoundation.dylib: signed Mach-O universal (armv7 armv7s arm64) [com.apple.dt.runtime.swiftFoundation]
2017-09-27 07:38:40 +0000  /usr/bin/codesign exited with 0
2017-09-27 07:38:40 +0000  Applying entitlements delta for <IDEDistributionItem: 0x7fc53d177650 'com.apple.dt.runtime.swiftMetal' '<DVTFilePath:0x7fc551e470e0:'/Users/amri/Library/Developer/Xcode/Archives/2017-09-27/MasterpassQR Demo 27-9-17, 3.37 PM.xcarchive/Products/Applications/MasterpassQR Demo.app/Frameworks/libswiftMetal.dylib'>'> from <IDEiCloudEntitlementsProcessor: 0x7fc557ef8240>: {
}
2017-09-27 07:38:40 +0000  Entitlements for <IDEDistributionItem: 0x7fc53d177650 'com.apple.dt.runtime.swiftMetal' '<DVTFilePath:0x7fc551e470e0:'/Users/amri/Library/Developer/Xcode/Archives/2017-09-27/MasterpassQR Demo 27-9-17, 3.37 PM.xcarchive/Products/Applications/MasterpassQR Demo.app/Frameworks/libswiftMetal.dylib'>'>: {
}
2017-09-27 07:38:40 +0000  Writing entitlements for <IDEDistributionItem: 0x7fc53d177650 'com.apple.dt.runtime.swiftMetal' '<DVTFilePath:0x7fc551e470e0:'/Users/amri/Library/Developer/Xcode/Archives/2017-09-27/MasterpassQR Demo 27-9-17, 3.37 PM.xcarchive/Products/Applications/MasterpassQR Demo.app/Frameworks/libswiftMetal.dylib'>'> to: /var/folders/9k/16d2bz8x33g22q2dn3nc7nyr0000gn/T/XcodeDistPipeline.thx/entitlementsDb5w76
2017-09-27 07:38:40 +0000  Running /usr/bin/codesign '-vvv' '--force' '--sign' 'CB9884B82F3F83493389714E86E4CF3B13C269C9' '--preserve-metadata=identifier,flags' '--entitlements' '/var/folders/9k/16d2bz8x33g22q2dn3nc7nyr0000gn/T/XcodeDistPipeline.thx/entitlementsDb5w76' '/var/folders/9k/16d2bz8x33g22q2dn3nc7nyr0000gn/T/XcodeDistPipeline.thx/Root/Payload/MasterpassQR Demo.app/Frameworks/libswiftMetal.dylib'
2017-09-27 07:38:40 +0000  /var/folders/9k/16d2bz8x33g22q2dn3nc7nyr0000gn/T/XcodeDistPipeline.thx/Root/Payload/MasterpassQR Demo.app/Frameworks/libswiftMetal.dylib: replacing existing signature
2017-09-27 07:38:40 +0000  /var/folders/9k/16d2bz8x33g22q2dn3nc7nyr0000gn/T/XcodeDistPipeline.thx/Root/Payload/MasterpassQR Demo.app/Frameworks/libswiftMetal.dylib: signed Mach-O universal (armv7 armv7s arm64) [com.apple.dt.runtime.swiftMetal]
2017-09-27 07:38:40 +0000  /usr/bin/codesign exited with 0
2017-09-27 07:38:40 +0000  Applying entitlements delta for <IDEDistributionItem: 0x7fc552072a70 'com.apple.dt.runtime.swiftObjectiveC' '<DVTFilePath:0x7fc53e494a60:'/Users/amri/Library/Developer/Xcode/Archives/2017-09-27/MasterpassQR Demo 27-9-17, 3.37 PM.xcarchive/Products/Applications/MasterpassQR Demo.app/Frameworks/libswiftObjectiveC.dylib'>'> from <IDEiCloudEntitlementsProcessor: 0x7fc53d1a52b0>: {
}
2017-09-27 07:38:40 +0000  Entitlements for <IDEDistributionItem: 0x7fc552072a70 'com.apple.dt.runtime.swiftObjectiveC' '<DVTFilePath:0x7fc53e494a60:'/Users/amri/Library/Developer/Xcode/Archives/2017-09-27/MasterpassQR Demo 27-9-17, 3.37 PM.xcarchive/Products/Applications/MasterpassQR Demo.app/Frameworks/libswiftObjectiveC.dylib'>'>: {
}
2017-09-27 07:38:40 +0000  Writing entitlements for <IDEDistributionItem: 0x7fc552072a70 'com.apple.dt.runtime.swiftObjectiveC' '<DVTFilePath:0x7fc53e494a60:'/Users/amri/Library/Developer/Xcode/Archives/2017-09-27/MasterpassQR Demo 27-9-17, 3.37 PM.xcarchive/Products/Applications/MasterpassQR Demo.app/Frameworks/libswiftObjectiveC.dylib'>'> to: /var/folders/9k/16d2bz8x33g22q2dn3nc7nyr0000gn/T/XcodeDistPipeline.thx/entitlementsmJShmf
2017-09-27 07:38:40 +0000  Running /usr/bin/codesign '-vvv' '--force' '--sign' 'CB9884B82F3F83493389714E86E4CF3B13C269C9' '--preserve-metadata=identifier,flags' '--entitlements' '/var/folders/9k/16d2bz8x33g22q2dn3nc7nyr0000gn/T/XcodeDistPipeline.thx/entitlementsmJShmf' '/var/folders/9k/16d2bz8x33g22q2dn3nc7nyr0000gn/T/XcodeDistPipeline.thx/Root/Payload/MasterpassQR Demo.app/Frameworks/libswiftObjectiveC.dylib'
2017-09-27 07:38:40 +0000  /var/folders/9k/16d2bz8x33g22q2dn3nc7nyr0000gn/T/XcodeDistPipeline.thx/Root/Payload/MasterpassQR Demo.app/Frameworks/libswiftObjectiveC.dylib: replacing existing signature
2017-09-27 07:38:40 +0000  /var/folders/9k/16d2bz8x33g22q2dn3nc7nyr0000gn/T/XcodeDistPipeline.thx/Root/Payload/MasterpassQR Demo.app/Frameworks/libswiftObjectiveC.dylib: signed Mach-O universal (armv7 armv7s arm64) [com.apple.dt.runtime.swiftObjectiveC]
2017-09-27 07:38:40 +0000  /usr/bin/codesign exited with 0
2017-09-27 07:38:40 +0000  Applying entitlements delta for <IDEDistributionItem: 0x7fc551c28d90 'com.apple.dt.runtime.swiftPhotos' '<DVTFilePath:0x7fc551c14d10:'/Users/amri/Library/Developer/Xcode/Archives/2017-09-27/MasterpassQR Demo 27-9-17, 3.37 PM.xcarchive/Products/Applications/MasterpassQR Demo.app/Frameworks/libswiftPhotos.dylib'>'> from <IDEiCloudEntitlementsProcessor: 0x7fc551e17ec0>: {
}
2017-09-27 07:38:40 +0000  Entitlements for <IDEDistributionItem: 0x7fc551c28d90 'com.apple.dt.runtime.swiftPhotos' '<DVTFilePath:0x7fc551c14d10:'/Users/amri/Library/Developer/Xcode/Archives/2017-09-27/MasterpassQR Demo 27-9-17, 3.37 PM.xcarchive/Products/Applications/MasterpassQR Demo.app/Frameworks/libswiftPhotos.dylib'>'>: {
}
2017-09-27 07:38:40 +0000  Writing entitlements for <IDEDistributionItem: 0x7fc551c28d90 'com.apple.dt.runtime.swiftPhotos' '<DVTFilePath:0x7fc551c14d10:'/Users/amri/Library/Developer/Xcode/Archives/2017-09-27/MasterpassQR Demo 27-9-17, 3.37 PM.xcarchive/Products/Applications/MasterpassQR Demo.app/Frameworks/libswiftPhotos.dylib'>'> to: /var/folders/9k/16d2bz8x33g22q2dn3nc7nyr0000gn/T/XcodeDistPipeline.thx/entitlements3j5L1l
2017-09-27 07:38:40 +0000  Running /usr/bin/codesign '-vvv' '--force' '--sign' 'CB9884B82F3F83493389714E86E4CF3B13C269C9' '--preserve-metadata=identifier,flags' '--entitlements' '/var/folders/9k/16d2bz8x33g22q2dn3nc7nyr0000gn/T/XcodeDistPipeline.thx/entitlements3j5L1l' '/var/folders/9k/16d2bz8x33g22q2dn3nc7nyr0000gn/T/XcodeDistPipeline.thx/Root/Payload/MasterpassQR Demo.app/Frameworks/libswiftPhotos.dylib'
2017-09-27 07:38:40 +0000  /var/folders/9k/16d2bz8x33g22q2dn3nc7nyr0000gn/T/XcodeDistPipeline.thx/Root/Payload/MasterpassQR Demo.app/Frameworks/libswiftPhotos.dylib: replacing existing signature
2017-09-27 07:38:40 +0000  /var/folders/9k/16d2bz8x33g22q2dn3nc7nyr0000gn/T/XcodeDistPipeline.thx/Root/Payload/MasterpassQR Demo.app/Frameworks/libswiftPhotos.dylib: signed Mach-O universal (armv7 armv7s arm64) [com.apple.dt.runtime.swiftPhotos]
2017-09-27 07:38:40 +0000  /usr/bin/codesign exited with 0
2017-09-27 07:38:40 +0000  Applying entitlements delta for <IDEDistributionItem: 0x7fc53bc76060 'com.apple.dt.runtime.swiftQuartzCore' '<DVTFilePath:0x7fc55a51fc10:'/Users/amri/Library/Developer/Xcode/Archives/2017-09-27/MasterpassQR Demo 27-9-17, 3.37 PM.xcarchive/Products/Applications/MasterpassQR Demo.app/Frameworks/libswiftQuartzCore.dylib'>'> from <IDEiCloudEntitlementsProcessor: 0x7fc53d15d580>: {
}
2017-09-27 07:38:40 +0000  Entitlements for <IDEDistributionItem: 0x7fc53bc76060 'com.apple.dt.runtime.swiftQuartzCore' '<DVTFilePath:0x7fc55a51fc10:'/Users/amri/Library/Developer/Xcode/Archives/2017-09-27/MasterpassQR Demo 27-9-17, 3.37 PM.xcarchive/Products/Applications/MasterpassQR Demo.app/Frameworks/libswiftQuartzCore.dylib'>'>: {
}
2017-09-27 07:38:40 +0000  Writing entitlements for <IDEDistributionItem: 0x7fc53bc76060 'com.apple.dt.runtime.swiftQuartzCore' '<DVTFilePath:0x7fc55a51fc10:'/Users/amri/Library/Developer/Xcode/Archives/2017-09-27/MasterpassQR Demo 27-9-17, 3.37 PM.xcarchive/Products/Applications/MasterpassQR Demo.app/Frameworks/libswiftQuartzCore.dylib'>'> to: /var/folders/9k/16d2bz8x33g22q2dn3nc7nyr0000gn/T/XcodeDistPipeline.thx/entitlements8znWWi
2017-09-27 07:38:40 +0000  Running /usr/bin/codesign '-vvv' '--force' '--sign' 'CB9884B82F3F83493389714E86E4CF3B13C269C9' '--preserve-metadata=identifier,flags' '--entitlements' '/var/folders/9k/16d2bz8x33g22q2dn3nc7nyr0000gn/T/XcodeDistPipeline.thx/entitlements8znWWi' '/var/folders/9k/16d2bz8x33g22q2dn3nc7nyr0000gn/T/XcodeDistPipeline.thx/Root/Payload/MasterpassQR Demo.app/Frameworks/libswiftQuartzCore.dylib'
2017-09-27 07:38:41 +0000  /var/folders/9k/16d2bz8x33g22q2dn3nc7nyr0000gn/T/XcodeDistPipeline.thx/Root/Payload/MasterpassQR Demo.app/Frameworks/libswiftQuartzCore.dylib: replacing existing signature
2017-09-27 07:38:41 +0000  /var/folders/9k/16d2bz8x33g22q2dn3nc7nyr0000gn/T/XcodeDistPipeline.thx/Root/Payload/MasterpassQR Demo.app/Frameworks/libswiftQuartzCore.dylib: signed Mach-O universal (armv7 armv7s arm64) [com.apple.dt.runtime.swiftQuartzCore]
2017-09-27 07:38:41 +0000  /usr/bin/codesign exited with 0
2017-09-27 07:38:41 +0000  Applying entitlements delta for <IDEDistributionItem: 0x7fc53d2f44f0 'com.apple.dt.runtime.swiftUIKit' '<DVTFilePath:0x7fc53d1833c0:'/Users/amri/Library/Developer/Xcode/Archives/2017-09-27/MasterpassQR Demo 27-9-17, 3.37 PM.xcarchive/Products/Applications/MasterpassQR Demo.app/Frameworks/libswiftUIKit.dylib'>'> from <IDEiCloudEntitlementsProcessor: 0x7fc54f52c9e0>: {
}
2017-09-27 07:38:41 +0000  Entitlements for <IDEDistributionItem: 0x7fc53d2f44f0 'com.apple.dt.runtime.swiftUIKit' '<DVTFilePath:0x7fc53d1833c0:'/Users/amri/Library/Developer/Xcode/Archives/2017-09-27/MasterpassQR Demo 27-9-17, 3.37 PM.xcarchive/Products/Applications/MasterpassQR Demo.app/Frameworks/libswiftUIKit.dylib'>'>: {
}
2017-09-27 07:38:41 +0000  Writing entitlements for <IDEDistributionItem: 0x7fc53d2f44f0 'com.apple.dt.runtime.swiftUIKit' '<DVTFilePath:0x7fc53d1833c0:'/Users/amri/Library/Developer/Xcode/Archives/2017-09-27/MasterpassQR Demo 27-9-17, 3.37 PM.xcarchive/Products/Applications/MasterpassQR Demo.app/Frameworks/libswiftUIKit.dylib'>'> to: /var/folders/9k/16d2bz8x33g22q2dn3nc7nyr0000gn/T/XcodeDistPipeline.thx/entitlementsE3gjaD
2017-09-27 07:38:41 +0000  Running /usr/bin/codesign '-vvv' '--force' '--sign' 'CB9884B82F3F83493389714E86E4CF3B13C269C9' '--preserve-metadata=identifier,flags' '--entitlements' '/var/folders/9k/16d2bz8x33g22q2dn3nc7nyr0000gn/T/XcodeDistPipeline.thx/entitlementsE3gjaD' '/var/folders/9k/16d2bz8x33g22q2dn3nc7nyr0000gn/T/XcodeDistPipeline.thx/Root/Payload/MasterpassQR Demo.app/Frameworks/libswiftUIKit.dylib'
2017-09-27 07:38:41 +0000  /var/folders/9k/16d2bz8x33g22q2dn3nc7nyr0000gn/T/XcodeDistPipeline.thx/Root/Payload/MasterpassQR Demo.app/Frameworks/libswiftUIKit.dylib: replacing existing signature
2017-09-27 07:38:41 +0000  /var/folders/9k/16d2bz8x33g22q2dn3nc7nyr0000gn/T/XcodeDistPipeline.thx/Root/Payload/MasterpassQR Demo.app/Frameworks/libswiftUIKit.dylib: signed Mach-O universal (armv7 armv7s arm64) [com.apple.dt.runtime.swiftUIKit]
2017-09-27 07:38:41 +0000  /usr/bin/codesign exited with 0
2017-09-27 07:38:41 +0000  Applying entitlements delta for <IDEDistributionItem: 0x7fc551c44570 'com.apple.dt.runtime.swiftos' '<DVTFilePath:0x7fc53e21c1c0:'/Users/amri/Library/Developer/Xcode/Archives/2017-09-27/MasterpassQR Demo 27-9-17, 3.37 PM.xcarchive/Products/Applications/MasterpassQR Demo.app/Frameworks/libswiftos.dylib'>'> from <IDEiCloudEntitlementsProcessor: 0x7fc551a26bb0>: {
}
2017-09-27 07:38:41 +0000  Entitlements for <IDEDistributionItem: 0x7fc551c44570 'com.apple.dt.runtime.swiftos' '<DVTFilePath:0x7fc53e21c1c0:'/Users/amri/Library/Developer/Xcode/Archives/2017-09-27/MasterpassQR Demo 27-9-17, 3.37 PM.xcarchive/Products/Applications/MasterpassQR Demo.app/Frameworks/libswiftos.dylib'>'>: {
}
2017-09-27 07:38:41 +0000  Writing entitlements for <IDEDistributionItem: 0x7fc551c44570 'com.apple.dt.runtime.swiftos' '<DVTFilePath:0x7fc53e21c1c0:'/Users/amri/Library/Developer/Xcode/Archives/2017-09-27/MasterpassQR Demo 27-9-17, 3.37 PM.xcarchive/Products/Applications/MasterpassQR Demo.app/Frameworks/libswiftos.dylib'>'> to: /var/folders/9k/16d2bz8x33g22q2dn3nc7nyr0000gn/T/XcodeDistPipeline.thx/entitlementsgdbcCn
2017-09-27 07:38:41 +0000  Running /usr/bin/codesign '-vvv' '--force' '--sign' 'CB9884B82F3F83493389714E86E4CF3B13C269C9' '--preserve-metadata=identifier,flags' '--entitlements' '/var/folders/9k/16d2bz8x33g22q2dn3nc7nyr0000gn/T/XcodeDistPipeline.thx/entitlementsgdbcCn' '/var/folders/9k/16d2bz8x33g22q2dn3nc7nyr0000gn/T/XcodeDistPipeline.thx/Root/Payload/MasterpassQR Demo.app/Frameworks/libswiftos.dylib'
2017-09-27 07:38:41 +0000  /var/folders/9k/16d2bz8x33g22q2dn3nc7nyr0000gn/T/XcodeDistPipeline.thx/Root/Payload/MasterpassQR Demo.app/Frameworks/libswiftos.dylib: replacing existing signature
2017-09-27 07:38:41 +0000  /var/folders/9k/16d2bz8x33g22q2dn3nc7nyr0000gn/T/XcodeDistPipeline.thx/Root/Payload/MasterpassQR Demo.app/Frameworks/libswiftos.dylib: signed Mach-O universal (armv7 armv7s arm64) [com.apple.dt.runtime.swiftos]
2017-09-27 07:38:41 +0000  /usr/bin/codesign exited with 0
2017-09-27 07:38:41 +0000  Applying entitlements delta for <IDEDistributionItem: 0x7fc551cfa6c0 'com.apple.dt.runtime.swiftsimd' '<DVTFilePath:0x7fc53e034b30:'/Users/amri/Library/Developer/Xcode/Archives/2017-09-27/MasterpassQR Demo 27-9-17, 3.37 PM.xcarchive/Products/Applications/MasterpassQR Demo.app/Frameworks/libswiftsimd.dylib'>'> from <IDEiCloudEntitlementsProcessor: 0x7fc5523e4750>: {
}
2017-09-27 07:38:41 +0000  Entitlements for <IDEDistributionItem: 0x7fc551cfa6c0 'com.apple.dt.runtime.swiftsimd' '<DVTFilePath:0x7fc53e034b30:'/Users/amri/Library/Developer/Xcode/Archives/2017-09-27/MasterpassQR Demo 27-9-17, 3.37 PM.xcarchive/Products/Applications/MasterpassQR Demo.app/Frameworks/libswiftsimd.dylib'>'>: {
}
2017-09-27 07:38:41 +0000  Writing entitlements for <IDEDistributionItem: 0x7fc551cfa6c0 'com.apple.dt.runtime.swiftsimd' '<DVTFilePath:0x7fc53e034b30:'/Users/amri/Library/Developer/Xcode/Archives/2017-09-27/MasterpassQR Demo 27-9-17, 3.37 PM.xcarchive/Products/Applications/MasterpassQR Demo.app/Frameworks/libswiftsimd.dylib'>'> to: /var/folders/9k/16d2bz8x33g22q2dn3nc7nyr0000gn/T/XcodeDistPipeline.thx/entitlementsGrowJ8
2017-09-27 07:38:41 +0000  Running /usr/bin/codesign '-vvv' '--force' '--sign' 'CB9884B82F3F83493389714E86E4CF3B13C269C9' '--preserve-metadata=identifier,flags' '--entitlements' '/var/folders/9k/16d2bz8x33g22q2dn3nc7nyr0000gn/T/XcodeDistPipeline.thx/entitlementsGrowJ8' '/var/folders/9k/16d2bz8x33g22q2dn3nc7nyr0000gn/T/XcodeDistPipeline.thx/Root/Payload/MasterpassQR Demo.app/Frameworks/libswiftsimd.dylib'
2017-09-27 07:38:41 +0000  /var/folders/9k/16d2bz8x33g22q2dn3nc7nyr0000gn/T/XcodeDistPipeline.thx/Root/Payload/MasterpassQR Demo.app/Frameworks/libswiftsimd.dylib: replacing existing signature
2017-09-27 07:38:41 +0000  /var/folders/9k/16d2bz8x33g22q2dn3nc7nyr0000gn/T/XcodeDistPipeline.thx/Root/Payload/MasterpassQR Demo.app/Frameworks/libswiftsimd.dylib: signed Mach-O universal (armv7 armv7s arm64) [com.apple.dt.runtime.swiftsimd]
2017-09-27 07:38:41 +0000  /usr/bin/codesign exited with 0
2017-09-27 07:38:41 +0000  Applying entitlements delta for <IDEDistributionItem: 0x7fc55793dd40 'com.mastercard.ios.MasterpassQR-Demo' '<DVTFilePath:0x7fc53e474560:'/Users/amri/Library/Developer/Xcode/Archives/2017-09-27/MasterpassQR Demo 27-9-17, 3.37 PM.xcarchive/Products/Applications/MasterpassQR Demo.app'>'> from <IDEiCloudEntitlementsProcessor: 0x7fc551edebf0>: {
}
2017-09-27 07:38:41 +0000  Entitlements for <IDEDistributionItem: 0x7fc55793dd40 'com.mastercard.ios.MasterpassQR-Demo' '<DVTFilePath:0x7fc53e474560:'/Users/amri/Library/Developer/Xcode/Archives/2017-09-27/MasterpassQR Demo 27-9-17, 3.37 PM.xcarchive/Products/Applications/MasterpassQR Demo.app'>'>: {
    "application-identifier" = "FARWN7FEXX.com.mastercard.ios.MasterpassQR-Demo";
    "com.apple.developer.team-identifier" = FARWN7FEXX;
    "get-task-allow" = 0;
    "keychain-access-groups" =     (
        "FARWN7FEXX.com.mastercard.ios.MasterpassQR-Demo"
    );
}
2017-09-27 07:38:41 +0000  Writing entitlements for <IDEDistributionItem: 0x7fc55793dd40 'com.mastercard.ios.MasterpassQR-Demo' '<DVTFilePath:0x7fc53e474560:'/Users/amri/Library/Developer/Xcode/Archives/2017-09-27/MasterpassQR Demo 27-9-17, 3.37 PM.xcarchive/Products/Applications/MasterpassQR Demo.app'>'> to: /var/folders/9k/16d2bz8x33g22q2dn3nc7nyr0000gn/T/XcodeDistPipeline.thx/entitlementsHS0mIX
2017-09-27 07:38:41 +0000  Running /usr/bin/codesign '-vvv' '--force' '--sign' 'CB9884B82F3F83493389714E86E4CF3B13C269C9' '--preserve-metadata=identifier,flags' '--entitlements' '/var/folders/9k/16d2bz8x33g22q2dn3nc7nyr0000gn/T/XcodeDistPipeline.thx/entitlementsHS0mIX' '/var/folders/9k/16d2bz8x33g22q2dn3nc7nyr0000gn/T/XcodeDistPipeline.thx/Root/Payload/MasterpassQR Demo.app'
2017-09-27 07:38:41 +0000  /var/folders/9k/16d2bz8x33g22q2dn3nc7nyr0000gn/T/XcodeDistPipeline.thx/Root/Payload/MasterpassQR Demo.app: replacing existing signature
2017-09-27 07:38:41 +0000  /var/folders/9k/16d2bz8x33g22q2dn3nc7nyr0000gn/T/XcodeDistPipeline.thx/Root/Payload/MasterpassQR Demo.app: signed app bundle with Mach-O universal (armv7 arm64) [com.mastercard.ios.MasterpassQR-Demo]
2017-09-27 07:38:41 +0000  /usr/bin/codesign exited with 0
2017-09-27 07:38:41 +0000  Processing step: IDEDistributionStreamingZipItemStep
2017-09-27 07:38:41 +0000  Skipping step: IDEDistributionStreamingZipItemStep because it said so
2017-09-27 07:38:41 +0000  Skipping step: IDEDistributionStreamingZipItemStep because it said so
2017-09-27 07:38:41 +0000  Skipping step: IDEDistributionStreamingZipItemStep because it said so
2017-09-27 07:38:41 +0000  Skipping step: IDEDistributionStreamingZipItemStep because it said so
2017-09-27 07:38:41 +0000  Skipping step: IDEDistributionStreamingZipItemStep because it said so
2017-09-27 07:38:41 +0000  Skipping step: IDEDistributionStreamingZipItemStep because it said so
2017-09-27 07:38:41 +0000  Skipping step: IDEDistributionStreamingZipItemStep because it said so
2017-09-27 07:38:41 +0000  Skipping step: IDEDistributionStreamingZipItemStep because it said so
2017-09-27 07:38:41 +0000  Skipping step: IDEDistributionStreamingZipItemStep because it said so
2017-09-27 07:38:41 +0000  Skipping step: IDEDistributionStreamingZipItemStep because it said so
2017-09-27 07:38:41 +0000  Skipping step: IDEDistributionStreamingZipItemStep because it said so
2017-09-27 07:38:41 +0000  Skipping step: IDEDistributionStreamingZipItemStep because it said so
2017-09-27 07:38:41 +0000  Skipping step: IDEDistributionStreamingZipItemStep because it said so
2017-09-27 07:38:41 +0000  Skipping step: IDEDistributionStreamingZipItemStep because it said so
2017-09-27 07:38:41 +0000  Skipping step: IDEDistributionStreamingZipItemStep because it said so
2017-09-27 07:38:41 +0000  Skipping step: IDEDistributionStreamingZipItemStep because it said so
2017-09-27 07:38:41 +0000  Skipping step: IDEDistributionStreamingZipItemStep because it said so
2017-09-27 07:38:41 +0000  Skipping step: IDEDistributionStreamingZipItemStep because it said so
2017-09-27 07:38:41 +0000  Skipping step: IDEDistributionStreamingZipItemStep because it said so
2017-09-27 07:38:41 +0000  Skipping step: IDEDistributionStreamingZipItemStep because it said so
2017-09-27 07:38:41 +0000  Skipping step: IDEDistributionStreamingZipItemStep because it said so
2017-09-27 07:38:41 +0000  Skipping step: IDEDistributionStreamingZipItemStep because it said so
2017-09-27 07:38:41 +0000  Processing step: IDEDistributionCreateIPAStep
2017-09-27 07:38:41 +0000  Running /usr/bin/ditto '-V' '-c' '-k' '--norsrc' '/var/folders/9k/16d2bz8x33g22q2dn3nc7nyr0000gn/T/XcodeDistPipeline.thx/Root' '/var/folders/9k/16d2bz8x33g22q2dn3nc7nyr0000gn/T/XcodeDistPipeline.thx/Packages/MasterpassQR Demo.ipa'
2017-09-27 07:38:41 +0000  >>> Copying /var/folders/9k/16d2bz8x33g22q2dn3nc7nyr0000gn/T/XcodeDistPipeline.thx/Root 
2017-09-27 07:38:41 +0000  
2017-09-27 07:38:41 +0000  copying file ./AppThinning.plist ... 
2017-09-27 07:38:41 +0000  228 bytes for ./AppThinning.plist
2017-09-27 07:38:41 +0000  copying file ./Payload/MasterpassQR Demo.app/_CodeSignature/CodeResources ... 
2017-09-27 07:38:41 +0000  17725 bytes for ./Payload/MasterpassQR Demo.app/_CodeSignature/CodeResources
2017-09-27 07:38:41 +0000  copying file ./Payload/MasterpassQR Demo.app/AppIcon20x20@2x.png ... 
2017-09-27 07:38:41 +0000  3081 bytes for ./Payload/MasterpassQR Demo.app/AppIcon20x20@2x.png
copying file ./Payload/MasterpassQR Demo.app/AppIcon20x20@3x.png ... 
2017-09-27 07:38:41 +0000  4429 bytes for ./Payload/MasterpassQR Demo.app/AppIcon20x20@3x.png
copying file ./Payload/MasterpassQR Demo.app/AppIcon29x29@2x.png ... 
2017-09-27 07:38:41 +0000  4241 bytes for ./Payload/MasterpassQR Demo.app/AppIcon29x29@2x.png
copying file ./Payload/MasterpassQR Demo.app/AppIcon29x29@3x.png ... 
2017-09-27 07:38:41 +0000  7561 bytes for ./Payload/MasterpassQR Demo.app/AppIcon29x29@3x.png
copying file ./Payload/MasterpassQR Demo.app/AppIcon40x40@2x.png ... 
2017-09-27 07:38:41 +0000  6629 bytes for ./Payload/MasterpassQR Demo.app/AppIcon40x40@2x.png
copying file ./Payload/MasterpassQR Demo.app/AppIcon40x40@3x.png ... 
2017-09-27 07:38:41 +0000  9268 bytes for ./Payload/MasterpassQR Demo.app/AppIcon40x40@3x.png
copying file ./Payload/MasterpassQR Demo.app/AppIcon60x60@2x.png ... 
2017-09-27 07:38:41 +0000  6013 bytes for ./Payload/MasterpassQR Demo.app/AppIcon60x60@2x.png
copying file ./Payload/MasterpassQR Demo.app/AppIcon60x60@3x.png ... 
2017-09-27 07:38:41 +0000  9349 bytes for ./Payload/MasterpassQR Demo.app/AppIcon60x60@3x.png
copying file ./Payload/MasterpassQR Demo.app/archived-expanded-entitlements.xcent ... 
2017-09-27 07:38:41 +0000  410 bytes for ./Payload/MasterpassQR Demo.app/archived-expanded-entitlements.xcent
copying file ./Payload/MasterpassQR Demo.app/Assets.car ... 
2017-09-27 07:38:41 +0000  79784 bytes for ./Payload/MasterpassQR Demo.app/Assets.car
2017-09-27 07:38:41 +0000  copying file ./Payload/MasterpassQR Demo.app/Base.lproj/LaunchScreen.storyboardc/01J-lp-oVM-view-Ze5-6b-2t3.nib ... 
2017-09-27 07:38:41 +0000  1790 bytes for ./Payload/MasterpassQR Demo.app/Base.lproj/LaunchScreen.storyboardc/01J-lp-oVM-view-Ze5-6b-2t3.nib
copying file ./Payload/MasterpassQR Demo.app/Base.lproj/LaunchScreen.storyboardc/Info.plist ... 
2017-09-27 07:38:41 +0000  258 bytes for ./Payload/MasterpassQR Demo.app/Base.lproj/LaunchScreen.storyboardc/Info.plist
copying file ./Payload/MasterpassQR Demo.app/Base.lproj/LaunchScreen.storyboardc/UIViewController-01J-lp-oVM.nib ... 
2017-09-27 07:38:41 +0000  832 bytes for ./Payload/MasterpassQR Demo.app/Base.lproj/LaunchScreen.storyboardc/UIViewController-01J-lp-oVM.nib
copying file ./Payload/MasterpassQR Demo.app/Base.lproj/Main.storyboardc/BYZ-38-t0r-view-9fZ-FA-6Q7.nib ... 
2017-09-27 07:38:41 +0000  7493 bytes for ./Payload/MasterpassQR Demo.app/Base.lproj/Main.storyboardc/BYZ-38-t0r-view-9fZ-FA-6Q7.nib
copying file ./Payload/MasterpassQR Demo.app/Base.lproj/Main.storyboardc/hUj-tm-X23-view-s5M-Bq-OPM.nib ... 
2017-09-27 07:38:41 +0000  3915 bytes for ./Payload/MasterpassQR Demo.app/Base.lproj/Main.storyboardc/hUj-tm-X23-view-s5M-Bq-OPM.nib
copying file ./Payload/MasterpassQR Demo.app/Base.lproj/Main.storyboardc/Info.plist ... 
2017-09-27 07:38:41 +0000  351 bytes for ./Payload/MasterpassQR Demo.app/Base.lproj/Main.storyboardc/Info.plist
copying file ./Payload/MasterpassQR Demo.app/Base.lproj/Main.storyboardc/UINavigationController-if8-TP-3c4.nib ... 
2017-09-27 07:38:41 +0000  2044 bytes for ./Payload/MasterpassQR Demo.app/Base.lproj/Main.storyboardc/UINavigationController-if8-TP-3c4.nib
copying file ./Payload/MasterpassQR Demo.app/Base.lproj/Main.storyboardc/UIViewController-hUj-tm-X23.nib ... 
2017-09-27 07:38:41 +0000  1485 bytes for ./Payload/MasterpassQR Demo.app/Base.lproj/Main.storyboardc/UIViewController-hUj-tm-X23.nib
2017-09-27 07:38:41 +0000  copying file ./Payload/MasterpassQR Demo.app/embedded.mobileprovision ... 
2017-09-27 07:38:41 +0000  7390 bytes for ./Payload/MasterpassQR Demo.app/embedded.mobileprovision
2017-09-27 07:38:41 +0000  copying file ./Payload/MasterpassQR Demo.app/Frameworks/libswiftAVFoundation.dylib ... 
2017-09-27 07:38:41 +0000  482416 bytes for ./Payload/MasterpassQR Demo.app/Frameworks/libswiftAVFoundation.dylib
copying file ./Payload/MasterpassQR Demo.app/Frameworks/libswiftCore.dylib ... 
2017-09-27 07:38:42 +0000  21046064 bytes for ./Payload/MasterpassQR Demo.app/Frameworks/libswiftCore.dylib
copying file ./Payload/MasterpassQR Demo.app/Frameworks/libswiftCoreAudio.dylib ... 
2017-09-27 07:38:42 +0000  354208 bytes for ./Payload/MasterpassQR Demo.app/Frameworks/libswiftCoreAudio.dylib
copying file ./Payload/MasterpassQR Demo.app/Frameworks/libswiftCoreData.dylib ... 
2017-09-27 07:38:42 +0000  394704 bytes for ./Payload/MasterpassQR Demo.app/Frameworks/libswiftCoreData.dylib
copying file ./Payload/MasterpassQR Demo.app/Frameworks/libswiftCoreFoundation.dylib ... 
2017-09-27 07:38:42 +0000  208656 bytes for ./Payload/MasterpassQR Demo.app/Frameworks/libswiftCoreFoundation.dylib
copying file ./Payload/MasterpassQR Demo.app/Frameworks/libswiftCoreGraphics.dylib ... 
2017-09-27 07:38:42 +0000  578112 bytes for ./Payload/MasterpassQR Demo.app/Frameworks/libswiftCoreGraphics.dylib
copying file ./Payload/MasterpassQR Demo.app/Frameworks/libswiftCoreImage.dylib ... 
2017-09-27 07:38:42 +0000  209216 bytes for ./Payload/MasterpassQR Demo.app/Frameworks/libswiftCoreImage.dylib
copying file ./Payload/MasterpassQR Demo.app/Frameworks/libswiftCoreLocation.dylib ... 
2017-09-27 07:38:42 +0000  253648 bytes for ./Payload/MasterpassQR Demo.app/Frameworks/libswiftCoreLocation.dylib
copying file ./Payload/MasterpassQR Demo.app/Frameworks/libswiftCoreMedia.dylib ... 
2017-09-27 07:38:42 +0000  254000 bytes for ./Payload/MasterpassQR Demo.app/Frameworks/libswiftCoreMedia.dylib
copying file ./Payload/MasterpassQR Demo.app/Frameworks/libswiftDarwin.dylib ... 
2017-09-27 07:38:42 +0000  303424 bytes for ./Payload/MasterpassQR Demo.app/Frameworks/libswiftDarwin.dylib
copying file ./Payload/MasterpassQR Demo.app/Frameworks/libswiftDispatch.dylib ... 
2017-09-27 07:38:42 +0000  1009600 bytes for ./Payload/MasterpassQR Demo.app/Frameworks/libswiftDispatch.dylib
copying file ./Payload/MasterpassQR Demo.app/Frameworks/libswiftFoundation.dylib ... 
2017-09-27 07:38:43 +0000  8526080 bytes for ./Payload/MasterpassQR Demo.app/Frameworks/libswiftFoundation.dylib
copying file ./Payload/MasterpassQR Demo.app/Frameworks/libswiftMetal.dylib ... 
2017-09-27 07:38:43 +0000  251600 bytes for ./Payload/MasterpassQR Demo.app/Frameworks/libswiftMetal.dylib
copying file ./Payload/MasterpassQR Demo.app/Frameworks/libswiftObjectiveC.dylib ... 
2017-09-27 07:38:43 +0000  259296 bytes for ./Payload/MasterpassQR Demo.app/Frameworks/libswiftObjectiveC.dylib
copying file ./Payload/MasterpassQR Demo.app/Frameworks/libswiftos.dylib ... 
2017-09-27 07:38:43 +0000  249264 bytes for ./Payload/MasterpassQR Demo.app/Frameworks/libswiftos.dylib
copying file ./Payload/MasterpassQR Demo.app/Frameworks/libswiftPhotos.dylib ... 
2017-09-27 07:38:43 +0000  210992 bytes for ./Payload/MasterpassQR Demo.app/Frameworks/libswiftPhotos.dylib
copying file ./Payload/MasterpassQR Demo.app/Frameworks/libswiftQuartzCore.dylib ... 
2017-09-27 07:38:43 +0000  212560 bytes for ./Payload/MasterpassQR Demo.app/Frameworks/libswiftQuartzCore.dylib
copying file ./Payload/MasterpassQR Demo.app/Frameworks/libswiftsimd.dylib ... 
2017-09-27 07:38:43 +0000  1361600 bytes for ./Payload/MasterpassQR Demo.app/Frameworks/libswiftsimd.dylib
copying file ./Payload/MasterpassQR Demo.app/Frameworks/libswiftUIKit.dylib ... 
2017-09-27 07:38:43 +0000  361840 bytes for ./Payload/MasterpassQR Demo.app/Frameworks/libswiftUIKit.dylib
2017-09-27 07:38:43 +0000  copying file ./Payload/MasterpassQR Demo.app/Frameworks/MasterpassQRCoreSDKV2.framework/_CodeSignature/CodeResources ... 
2017-09-27 07:38:43 +0000  2202 bytes for ./Payload/MasterpassQR Demo.app/Frameworks/MasterpassQRCoreSDKV2.framework/_CodeSignature/CodeResources
copying file ./Payload/MasterpassQR Demo.app/Frameworks/MasterpassQRCoreSDKV2.framework/Info.plist ... 
2017-09-27 07:38:43 +0000  737 bytes for ./Payload/MasterpassQR Demo.app/Frameworks/MasterpassQRCoreSDKV2.framework/Info.plist
copying file ./Payload/MasterpassQR Demo.app/Frameworks/MasterpassQRCoreSDKV2.framework/MasterpassQRCoreSDKV2 ... 
2017-09-27 07:38:43 +0000  1026272 bytes for ./Payload/MasterpassQR Demo.app/Frameworks/MasterpassQRCoreSDKV2.framework/MasterpassQRCoreSDKV2
2017-09-27 07:38:43 +0000  copying file ./Payload/MasterpassQR Demo.app/Frameworks/MasterpassQRScanSDK.framework/_CodeSignature/CodeResources ... 
2784 bytes for ./Payload/MasterpassQR Demo.app/Frameworks/MasterpassQRScanSDK.framework/_CodeSignature/CodeResources
2017-09-27 07:38:43 +0000  copying file ./Payload/MasterpassQR Demo.app/Frameworks/MasterpassQRScanSDK.framework/Assets.car ... 
2017-09-27 07:38:43 +0000  82504 bytes for ./Payload/MasterpassQR Demo.app/Frameworks/MasterpassQRScanSDK.framework/Assets.car
copying file ./Payload/MasterpassQR Demo.app/Frameworks/MasterpassQRScanSDK.framework/Info.plist ... 
2017-09-27 07:38:43 +0000  735 bytes for ./Payload/MasterpassQR Demo.app/Frameworks/MasterpassQRScanSDK.framework/Info.plist
copying file ./Payload/MasterpassQR Demo.app/Frameworks/MasterpassQRScanSDK.framework/MasterpassQRScanSDK ... 
2017-09-27 07:38:43 +0000  404464 bytes for ./Payload/MasterpassQR Demo.app/Frameworks/MasterpassQRScanSDK.framework/MasterpassQRScanSDK
copying file ./Payload/MasterpassQR Demo.app/Frameworks/MasterpassQRScanSDK.framework/strip-frameworks.sh ... 
2017-09-27 07:38:43 +0000  3230 bytes for ./Payload/MasterpassQR Demo.app/Frameworks/MasterpassQRScanSDK.framework/strip-frameworks.sh
2017-09-27 07:38:43 +0000  copying file ./Payload/MasterpassQR Demo.app/Info.plist ... 
2017-09-27 07:38:43 +0000  1284 bytes for ./Payload/MasterpassQR Demo.app/Info.plist
copying file ./Payload/MasterpassQR Demo.app/MasterpassQR Demo ... 
2017-09-27 07:38:43 +0000  383488 bytes for ./Payload/MasterpassQR Demo.app/MasterpassQR Demo
copying file ./Payload/MasterpassQR Demo.app/PkgInfo ... 
2017-09-27 07:38:43 +0000  8 bytes for ./Payload/MasterpassQR Demo.app/PkgInfo
2017-09-27 07:38:43 +0000  /usr/bin/ditto exited with 0
2017-09-27 07:38:43 +0000  Processing step: IDEDistributionCreateManifestStep
